[0m*** Removing excess controllers/ofprotocols/ofdatapaths/pings/noxes[0m
[0mkillall controller ofprotocol ofdatapath ping nox_corelt-nox_core ovs-openflowd ovs-controllerovs-testcontroller udpbwtest mnexec ivs ryu-manager 2> /dev/null[0m
[0mkillall -9 controller ofprotocol ofdatapath ping nox_corelt-nox_core ovs-openflowd ovs-controllerovs-testcontroller udpbwtest mnexec ivs ryu-manager 2> /dev/null[0m
[0mpkill -9 -f "sudo mnexec"[0m
[0m*** Removing junk from /tmp[0m
[0mrm -f /tmp/vconn* /tmp/vlogs* /tmp/*.out /tmp/*.log[0m
[0m*** Removing old X11 tunnels[0m
[0m*** Removing excess kernel datapaths[0m
[0mps ax | egrep -o 'dp[0-9]+' | sed 's/dp/nl:/'[0m
[0m***  Removing OVS datapaths[0m
[0movs-vsctl --timeout=1 list-br[0m
[0movs-vsctl --timeout=1 list-br[0m
[0m*** Removing all links of the pattern foo-ethX[0m
[0mip link show | egrep -o '([-_.[:alnum:]]+-eth[[:digit:]]+)'[0m
[0mip link show[0m
[0m*** Killing stale mininet node processes[0m
[0mpkill -9 -f mininet:[0m
[0m*** Shutting down stale tunnels[0m
[0mpkill -9 -f Tunnel=Ethernet[0m
[0mpkill -9 -f .ssh/mn[0m
[0mrm -f ~/.ssh/mn/*[0m
[0m*** Cleanup complete.[0m
[0mbrctl show | awk 'FNR > 1 {print $1}'[0m
[0mCompiling P4 files...[0m
[0m/home/p4/git/master_degree_p4_unipampa/Patcher_v0/p4src/fast_reroute.p4 compiled with warnings.[0m
[0m[0m[01m[93m/home/p4/git/master_degree_p4_unipampa/Patcher_v0/p4src/fast_reroute.p4(17): [--Wwarn=unused] warning: isFirstResponseReg: unused instance
register<bit<1>>(1) isFirstResponseReg;
                    ^^^^^^^^^^^^^^^^^^[0m
[01mP4 Files compiled![0m
[01mPort mapping:[0m
[01mh1:  [0m[01m1:s1	 [0m[01m[0m
[01mh2:  [0m[01m1:s1	 [0m[01m[0m
[01ms1:  [0m[01m1:s2	 [0m[01m2:s5	 [0m[01m3:s51	 [0m[01m4:h1	 [0m[01m5:h2	 [0m[01m6:s12	 [0m[01m7:s60	 [0m[01m[0m
[01ms2:  [0m[01m1:s1	 [0m[01m2:s12	 [0m[01m3:s23	 [0m[01m4:s3	 [0m[01m[0m
[01ms3:  [0m[01m1:s2	 [0m[01m2:s23	 [0m[01m3:s34	 [0m[01m4:s4	 [0m[01m[0m
[01ms4:  [0m[01m1:s5	 [0m[01m2:s3	 [0m[01m3:s34	 [0m[01m4:s45	 [0m[01m[0m
[01ms5:  [0m[01m1:s1	 [0m[01m2:s4	 [0m[01m3:s45	 [0m[01m4:s51	 [0m[01m[0m
[01ms12:  [0m[01m1:s1	 [0m[01m2:s2	 [0m[01m[0m
[01ms23:  [0m[01m1:s2	 [0m[01m2:s3	 [0m[01m[0m
[01ms34:  [0m[01m1:s3	 [0m[01m2:s4	 [0m[01m[0m
[01ms45:  [0m[01m1:s4	 [0m[01m2:s5	 [0m[01m[0m
[01ms51:  [0m[01m1:s1	 [0m[01m2:s5	 [0m[01m[0m
[01ms60:  [0m[01m1:s1	 [0m[01m[0m
[0mCreating network...[0m
[0m*** Creating network[0m
[0m*** Adding hosts:[0m
[0mh1 [0m[0mh2 [0m[0m
*** Adding switches:[0m
[0ms1 [0m[0ms2 [0m[0ms3 [0m[0ms4 [0m[0ms5 [0m[0ms12 [0m[0ms23 [0m[0ms34 [0m[0ms45 [0m[0ms51 [0m[0ms60 [0m[0m
*** Adding routers:[0m
[0m
*** Adding links:[0m
[0m(h1, s1) [0m[0m(h2, s1) [0m[0m(s1, s2) [0m[0m(s1, s12) [0m[0m(50ms delay) [0m[0m(50ms delay) [0m[0m(s1, s60) [0m[0m(s2, s3) [0m[0m(s2, s23) [0m[0m(s3, s4) [0m[0m(s3, s34) [0m[0m(s4, s5) [0m[0m(s4, s45) [0m[0m(s5, s1) [0m[0m(s5, s51) [0m[0m(s12, s2) [0m[0m(s23, s3) [0m[0m(s34, s4) [0m[0m(s45, s5) [0m[0m(s51, s1) [0m[0m[0m
[0m*** Configuring hosts[0m
[0mh1 [0m[0mh2 [0m[0m[0m
[01mNetwork created![0m
[0mStarting network...[0m
[0m*** Starting controller[0m
[0m[0m
[0m*** Starting 11 switches[0m
[0ms1 [0m[0mStarting P4 switch s1.[0m
[0msimple_switch -i 4@s1-eth4 -i 5@s1-eth5 -i 1@s1-eth1 -i 6@s1-eth6 -i 7@s1-eth7 -i 2@s1-eth2 -i 3@s1-eth3 --thrift-port 9090 --nanolog ipc:///tmp/bm-1-log.ipc --device-id 1 /home/p4/git/master_degree_p4_unipampa/Patcher_v0/p4src/fast_reroute.json[0m
[0mP4 switch s1 has been started.[0m
[0ms2 [0m[0mStarting P4 switch s2.[0m
[0msimple_switch -i 1@s2-eth1 -i 4@s2-eth4 -i 3@s2-eth3 -i 2@s2-eth2 --thrift-port 9091 --nanolog ipc:///tmp/bm-2-log.ipc --device-id 2 /home/p4/git/master_degree_p4_unipampa/Patcher_v0/p4src/fast_reroute.json[0m
[0mP4 switch s2 has been started.[0m
[0ms3 [0m[0mStarting P4 switch s3.[0m
[0msimple_switch -i 1@s3-eth1 -i 4@s3-eth4 -i 3@s3-eth3 -i 2@s3-eth2 --thrift-port 9092 --nanolog ipc:///tmp/bm-3-log.ipc --device-id 3 /home/p4/git/master_degree_p4_unipampa/Patcher_v0/p4src/fast_reroute.json[0m
[0mP4 switch s3 has been started.[0m
[0ms4 [0m[0mStarting P4 switch s4.[0m
[0msimple_switch -i 2@s4-eth2 -i 1@s4-eth1 -i 4@s4-eth4 -i 3@s4-eth3 --thrift-port 9093 --nanolog ipc:///tmp/bm-4-log.ipc --device-id 4 /home/p4/git/master_degree_p4_unipampa/Patcher_v0/p4src/fast_reroute.json[0m
[0mP4 switch s4 has been started.[0m
[0ms5 [0m[0mStarting P4 switch s5.[0m
[0msimple_switch -i 2@s5-eth2 -i 1@s5-eth1 -i 4@s5-eth4 -i 3@s5-eth3 --thrift-port 9094 --nanolog ipc:///tmp/bm-5-log.ipc --device-id 5 /home/p4/git/master_degree_p4_unipampa/Patcher_v0/p4src/fast_reroute.json[0m
[0mP4 switch s5 has been started.[0m
[0ms12 [0m[0mStarting P4 switch s12.[0m
[0msimple_switch -i 1@s12-eth1 -i 2@s12-eth2 --thrift-port 9095 --nanolog ipc:///tmp/bm-6-log.ipc --device-id 6 /home/p4/git/master_degree_p4_unipampa/Patcher_v0/p4src/fast_reroute.json[0m
[0mP4 switch s12 has been started.[0m
[0ms23 [0m[0mStarting P4 switch s23.[0m
[0msimple_switch -i 1@s23-eth1 -i 2@s23-eth2 --thrift-port 9096 --nanolog ipc:///tmp/bm-7-log.ipc --device-id 7 /home/p4/git/master_degree_p4_unipampa/Patcher_v0/p4src/fast_reroute.json[0m
[0mP4 switch s23 has been started.[0m
[0ms34 [0m[0mStarting P4 switch s34.[0m
[0msimple_switch -i 1@s34-eth1 -i 2@s34-eth2 --thrift-port 9097 --nanolog ipc:///tmp/bm-8-log.ipc --device-id 8 /home/p4/git/master_degree_p4_unipampa/Patcher_v0/p4src/fast_reroute.json[0m
[0mP4 switch s34 has been started.[0m
[0ms45 [0m[0mStarting P4 switch s45.[0m
[0msimple_switch -i 1@s45-eth1 -i 2@s45-eth2 --thrift-port 9098 --nanolog ipc:///tmp/bm-9-log.ipc --device-id 9 /home/p4/git/master_degree_p4_unipampa/Patcher_v0/p4src/fast_reroute.json[0m
[0mP4 switch s45 has been started.[0m
[0ms51 [0m[0mStarting P4 switch s51.[0m
[0msimple_switch -i 2@s51-eth2 -i 1@s51-eth1 --thrift-port 9099 --nanolog ipc:///tmp/bm-10-log.ipc --device-id 10 /home/p4/git/master_degree_p4_unipampa/Patcher_v0/p4src/fast_reroute.json[0m
[0mP4 switch s51 has been started.[0m
[0ms60 [0m[0mStarting P4 switch s60.[0m
[0msimple_switch -i 1@s60-eth1 --thrift-port 9100 --nanolog ipc:///tmp/bm-11-log.ipc --device-id 11 /home/p4/git/master_degree_p4_unipampa/Patcher_v0/p4src/fast_reroute.json[0m
[0mP4 switch s60 has been started.[0m
[0m[0m
[0m*** Starting 0 routers[0m
[0m[0m
[01mNetwork started![0m
[0mStarting schedulers...[0m
[01mSchedulers started correctly![0m
[0mSaving topology to disk...[0m
[0mSaving mininet topology to database: ./topology.json[0m
[01mTopology saved to disk![0m
[0mProgramming switches...[0m
[01mSwitches programmed correctly![0m
[0mProgramming hosts...[0m
[01mHosts programmed correctly![0m
[0mExecuting scripts...[0m
[01mAll scripts executed correctly![0m
[0mDistributing tasks...[0m
[01mAll tasks distributed correctly![0m
[01ms1 -> Thrift port: 9090[0m
[01ms2 -> Thrift port: 9091[0m
[01ms3 -> Thrift port: 9092[0m
[01ms4 -> Thrift port: 9093[0m
[01ms5 -> Thrift port: 9094[0m
[01ms12 -> Thrift port: 9095[0m
[01ms23 -> Thrift port: 9096[0m
[01ms34 -> Thrift port: 9097[0m
[01ms45 -> Thrift port: 9098[0m
[01ms51 -> Thrift port: 9099[0m
[01ms60 -> Thrift port: 9100[0m
[01m**********[0m
[01mNetwork configuration for: h1[0m
[01mDefault interface: h1-eth1	10.0.1.1	00:00:0a:00:01:01[0m
[01m**********[0m
[01m**********[0m
[01mNetwork configuration for: h2[0m
[01mDefault interface: h2-eth1	10.0.1.2	00:00:0a:00:01:02[0m
[01m**********[0m
[0mStarting mininet CLI...[0m
[01m[0m
[01m======================================================================[0m
[01mWelcome to the P4 Utils Mininet CLI![0m
[01m======================================================================[0m
[01mYour P4 program is installed into the BMV2 software switch[0m
[01mand your initial configuration is loaded. You can interact[0m
[01mwith the network using the mininet CLI below.[0m
[01m[0m
[01mTo inspect or change the switch configuration, connect to[0m
[01mits CLI from your host operating system using this command:[0m
[01m  simple_switch_CLI --thrift-port <switch thrift port>[0m
[01m[0m
[01mTo view a switch log, run this command from your host OS:[0m
[01m  tail -f <log_dir>/<switchname>.log[0m
[01mBy default log directory is "./log".[0m
[01m[0m
[01mTo view the switch output pcap, check the pcap files in <pcap_dir>:[0m
[01m  for example run:  sudo tcpdump -xxx -r s1-eth1.pcap[0m
[01mBy default pcap directory is "./pcap".[0m
[01m[0m
[0m*** Starting CLI:[0m
mininet> [01m[0m
[0mStopping network...[0m
[0m*** Stopping 0 controllers[0m
[0m[0m
[0m*** Stopping 18 links[0m
[0m.[0m[0m.[0m[0m.[0m[0m.[0m[0m.[0m[0m.[0m[0m.[0m[0m.[0m[0m.[0m[0m.[0m[0m.[0m[0m.[0m[0m.[0m[0m.[0m[0m.[0m[0m.[0m[0m.[0m[0m.[0m[0m[0m
[0m*** Stopping 0 routers[0m
[0m[0m
[0m*** Stopping 11 switches[0m
[0ms1 [0m[0ms2 [0m[0ms3 [0m[0ms4 [0m[0ms5 [0m[0ms12 [0m[0ms23 [0m[0ms34 [0m[0ms45 [0m[0ms51 [0m[0ms60 [0m[0m[0m
[0m*** Stopping 2 hosts[0m
[0mh1 [0m[0mh2 [0m[0m
*** Done[0m
[01mNetwork stopped![0m
