Warning: you requested the nanomsg event logger, but bmv2 was compiled without -DBMELOG, and the event logger cannot be activated
Calling target program-options parser
[16:03:21.335] [bmv2] [D] [thread 23256] Set default default entry for table 'MyIngress.ipv4_lpm': MyIngress.drop - 
[16:03:21.335] [bmv2] [D] [thread 23256] Set default default entry for table 'tbl_read_alternativePort': MyIngress.read_alternativePort - 
[16:03:21.335] [bmv2] [D] [thread 23256] Set default default entry for table 'tbl_fast_reroute97': fast_reroute97 - 
[16:03:21.335] [bmv2] [D] [thread 23256] Set default default entry for table 'MyIngress.rewrite_mac': MyIngress.drop - 
Adding interface s3-eth1 as port 1
[16:03:21.336] [bmv2] [D] [thread 23256] Adding interface s3-eth1 as port 1
Adding interface s3-eth2 as port 2
[16:03:21.372] [bmv2] [D] [thread 23256] Adding interface s3-eth2 as port 2
[16:03:21.412] [bmv2] [I] [thread 23256] Starting Thrift server on port 9092
[16:03:21.412] [bmv2] [I] [thread 23256] Thrift server was started
[16:03:21.413] [bmv2] [D] [thread 23262] [0.0] [cxt 0] Processing packet received on port 1
[16:03:21.413] [bmv2] [D] [thread 23262] [0.0] [cxt 0] Parser 'parser': start
[16:03:21.413] [bmv2] [D] [thread 23262] [0.0] [cxt 0] Parser 'parser' entering state 'start'
[16:03:21.413] [bmv2] [D] [thread 23262] [0.0] [cxt 0] Extracting header 'ethernet'
[16:03:21.413] [bmv2] [D] [thread 23262] [0.0] [cxt 0] Parser state 'start': key is 86dd
[16:03:21.413] [bmv2] [T] [thread 23262] [0.0] [cxt 0] Bytes parsed: 14
[16:03:21.413] [bmv2] [D] [thread 23262] [0.0] [cxt 0] Parser 'parser': end
[16:03:21.413] [bmv2] [D] [thread 23262] [0.0] [cxt 0] Pipeline 'ingress': start
[16:03:21.413] [bmv2] [T] [thread 23262] [0.0] [cxt 0] /home/p4/git/master_degree_p4_unipampa/FRR/p4src/fast_reroute.p4(88) Condition "hdr.ipv4.isValid()" (node_2) is false
[16:03:21.413] [bmv2] [D] [thread 23262] [0.0] [cxt 0] Pipeline 'ingress': end
[16:03:21.413] [bmv2] [D] [thread 23262] [0.0] [cxt 0] Egress port is 0
[16:03:21.413] [bmv2] [D] [thread 23263] [0.0] [cxt 0] Pipeline 'egress': start
[16:03:21.413] [bmv2] [D] [thread 23263] [0.0] [cxt 0] Pipeline 'egress': end
[16:03:21.413] [bmv2] [D] [thread 23263] [0.0] [cxt 0] Deparser 'deparser': start
[16:03:21.413] [bmv2] [T] [thread 23263] [0.0] [cxt 0] Skipping checksum 'cksum' update because condition not met
[16:03:21.413] [bmv2] [D] [thread 23263] [0.0] [cxt 0] Deparsing header 'ethernet'
[16:03:21.413] [bmv2] [D] [thread 23263] [0.0] [cxt 0] Deparser 'deparser': end
[16:03:21.413] [bmv2] [D] [thread 23267] [0.0] [cxt 0] Transmitting packet of size 90 out of port 0
[16:03:21.580] [bmv2] [D] [thread 23262] [1.0] [cxt 0] Processing packet received on port 2
[16:03:21.580] [bmv2] [D] [thread 23262] [1.0] [cxt 0] Parser 'parser': start
[16:03:21.580] [bmv2] [D] [thread 23262] [1.0] [cxt 0] Parser 'parser' entering state 'start'
[16:03:21.580] [bmv2] [D] [thread 23262] [1.0] [cxt 0] Extracting header 'ethernet'
[16:03:21.580] [bmv2] [D] [thread 23262] [1.0] [cxt 0] Parser state 'start': key is 86dd
[16:03:21.580] [bmv2] [T] [thread 23262] [1.0] [cxt 0] Bytes parsed: 14
[16:03:21.580] [bmv2] [D] [thread 23262] [1.0] [cxt 0] Parser 'parser': end
[16:03:21.580] [bmv2] [D] [thread 23262] [1.0] [cxt 0] Pipeline 'ingress': start
[16:03:21.580] [bmv2] [T] [thread 23262] [1.0] [cxt 0] /home/p4/git/master_degree_p4_unipampa/FRR/p4src/fast_reroute.p4(88) Condition "hdr.ipv4.isValid()" (node_2) is false
[16:03:21.580] [bmv2] [D] [thread 23262] [1.0] [cxt 0] Pipeline 'ingress': end
[16:03:21.580] [bmv2] [D] [thread 23262] [1.0] [cxt 0] Egress port is 0
[16:03:21.580] [bmv2] [D] [thread 23263] [1.0] [cxt 0] Pipeline 'egress': start
[16:03:21.580] [bmv2] [D] [thread 23263] [1.0] [cxt 0] Pipeline 'egress': end
[16:03:21.580] [bmv2] [D] [thread 23263] [1.0] [cxt 0] Deparser 'deparser': start
[16:03:21.580] [bmv2] [T] [thread 23263] [1.0] [cxt 0] Skipping checksum 'cksum' update because condition not met
[16:03:21.580] [bmv2] [D] [thread 23263] [1.0] [cxt 0] Deparsing header 'ethernet'
[16:03:21.580] [bmv2] [D] [thread 23263] [1.0] [cxt 0] Deparser 'deparser': end
[16:03:21.580] [bmv2] [D] [thread 23267] [1.0] [cxt 0] Transmitting packet of size 90 out of port 0
[16:03:21.768] [bmv2] [D] [thread 23262] [2.0] [cxt 0] Processing packet received on port 1
[16:03:21.768] [bmv2] [D] [thread 23262] [2.0] [cxt 0] Parser 'parser': start
[16:03:21.768] [bmv2] [D] [thread 23262] [2.0] [cxt 0] Parser 'parser' entering state 'start'
[16:03:21.768] [bmv2] [D] [thread 23262] [2.0] [cxt 0] Extracting header 'ethernet'
[16:03:21.769] [bmv2] [D] [thread 23262] [2.0] [cxt 0] Parser state 'start': key is 86dd
[16:03:21.769] [bmv2] [T] [thread 23262] [2.0] [cxt 0] Bytes parsed: 14
[16:03:21.769] [bmv2] [D] [thread 23262] [2.0] [cxt 0] Parser 'parser': end
[16:03:21.769] [bmv2] [D] [thread 23262] [2.0] [cxt 0] Pipeline 'ingress': start
[16:03:21.769] [bmv2] [T] [thread 23262] [2.0] [cxt 0] /home/p4/git/master_degree_p4_unipampa/FRR/p4src/fast_reroute.p4(88) Condition "hdr.ipv4.isValid()" (node_2) is false
[16:03:21.769] [bmv2] [D] [thread 23262] [2.0] [cxt 0] Pipeline 'ingress': end
[16:03:21.769] [bmv2] [D] [thread 23262] [2.0] [cxt 0] Egress port is 0
[16:03:21.769] [bmv2] [D] [thread 23263] [2.0] [cxt 0] Pipeline 'egress': start
[16:03:21.769] [bmv2] [D] [thread 23263] [2.0] [cxt 0] Pipeline 'egress': end
[16:03:21.769] [bmv2] [D] [thread 23263] [2.0] [cxt 0] Deparser 'deparser': start
[16:03:21.769] [bmv2] [T] [thread 23263] [2.0] [cxt 0] Skipping checksum 'cksum' update because condition not met
[16:03:21.769] [bmv2] [D] [thread 23263] [2.0] [cxt 0] Deparsing header 'ethernet'
[16:03:21.769] [bmv2] [D] [thread 23263] [2.0] [cxt 0] Deparser 'deparser': end
[16:03:21.769] [bmv2] [D] [thread 23267] [2.0] [cxt 0] Transmitting packet of size 86 out of port 0
[16:03:21.964] [bmv2] [D] [thread 23262] [3.0] [cxt 0] Processing packet received on port 2
[16:03:21.964] [bmv2] [D] [thread 23262] [3.0] [cxt 0] Parser 'parser': start
[16:03:21.964] [bmv2] [D] [thread 23262] [3.0] [cxt 0] Parser 'parser' entering state 'start'
[16:03:21.964] [bmv2] [D] [thread 23262] [3.0] [cxt 0] Extracting header 'ethernet'
[16:03:21.964] [bmv2] [D] [thread 23262] [3.0] [cxt 0] Parser state 'start': key is 86dd
[16:03:21.964] [bmv2] [T] [thread 23262] [3.0] [cxt 0] Bytes parsed: 14
[16:03:21.964] [bmv2] [D] [thread 23262] [3.0] [cxt 0] Parser 'parser': end
[16:03:21.964] [bmv2] [D] [thread 23262] [3.0] [cxt 0] Pipeline 'ingress': start
[16:03:21.964] [bmv2] [T] [thread 23262] [3.0] [cxt 0] /home/p4/git/master_degree_p4_unipampa/FRR/p4src/fast_reroute.p4(88) Condition "hdr.ipv4.isValid()" (node_2) is false
[16:03:21.964] [bmv2] [D] [thread 23262] [3.0] [cxt 0] Pipeline 'ingress': end
[16:03:21.964] [bmv2] [D] [thread 23262] [3.0] [cxt 0] Egress port is 0
[16:03:21.964] [bmv2] [D] [thread 23263] [3.0] [cxt 0] Pipeline 'egress': start
[16:03:21.964] [bmv2] [D] [thread 23263] [3.0] [cxt 0] Pipeline 'egress': end
[16:03:21.964] [bmv2] [D] [thread 23263] [3.0] [cxt 0] Deparser 'deparser': start
[16:03:21.964] [bmv2] [T] [thread 23263] [3.0] [cxt 0] Skipping checksum 'cksum' update because condition not met
[16:03:21.964] [bmv2] [D] [thread 23263] [3.0] [cxt 0] Deparsing header 'ethernet'
[16:03:21.964] [bmv2] [D] [thread 23263] [3.0] [cxt 0] Deparser 'deparser': end
[16:03:21.964] [bmv2] [D] [thread 23267] [3.0] [cxt 0] Transmitting packet of size 86 out of port 0
open: No such file or directory
open: No such file or directory
