Warning: you requested the nanomsg event logger, but bmv2 was compiled without -DBMELOG, and the event logger cannot be activated
Calling target program-options parser
[23:28:27.683] [bmv2] [D] [thread 28908] Set default default entry for table 'tbl_update_curr_path_size': MyIngress.update_curr_path_size - 
[23:28:27.683] [bmv2] [D] [thread 28908] Set default default entry for table 'tbl_fast_reroute146': fast_reroute146 - 
[23:28:27.683] [bmv2] [D] [thread 28908] Set default default entry for table 'MyIngress.len_primary_path': NoAction - 
[23:28:27.683] [bmv2] [D] [thread 28908] Set default default entry for table 'MyIngress.len_alternative_path': NoAction - 
[23:28:27.683] [bmv2] [D] [thread 28908] Set default default entry for table 'tbl_fast_reroute197': fast_reroute197 - 
[23:28:27.683] [bmv2] [D] [thread 28908] Set default default entry for table 'tbl_fast_reroute202': fast_reroute202 - 
[23:28:27.683] [bmv2] [D] [thread 28908] Set default default entry for table 'tbl_fast_reroute205': fast_reroute205 - 
[23:28:27.683] [bmv2] [D] [thread 28908] Set default default entry for table 'tbl_fast_reroute209': fast_reroute209 - 
[23:28:27.683] [bmv2] [D] [thread 28908] Set default default entry for table 'tbl_fast_reroute212': fast_reroute212 - 
[23:28:27.683] [bmv2] [D] [thread 28908] Set default default entry for table 'tbl_fast_reroute216': fast_reroute216 - 
[23:28:27.683] [bmv2] [D] [thread 28908] Set default default entry for table 'tbl_fast_reroute221': fast_reroute221 - 
[23:28:27.683] [bmv2] [D] [thread 28908] Set default default entry for table 'tbl_fast_reroute230': fast_reroute230 - 
[23:28:27.683] [bmv2] [D] [thread 28908] Set default default entry for table 'tbl_fast_reroute234': fast_reroute234 - 
[23:28:27.683] [bmv2] [D] [thread 28908] Set default default entry for table 'tbl_fast_reroute237': fast_reroute237 - 
[23:28:27.684] [bmv2] [D] [thread 28908] Set default default entry for table 'tbl_fast_reroute240': fast_reroute240 - 
[23:28:27.684] [bmv2] [D] [thread 28908] Set default default entry for table 'tbl_fast_reroute244': fast_reroute244 - 
[23:28:27.684] [bmv2] [D] [thread 28908] Set default default entry for table 'tbl_fast_reroute253': fast_reroute253 - 
[23:28:27.684] [bmv2] [D] [thread 28908] Set default default entry for table 'tbl_fast_reroute266': fast_reroute266 - 
[23:28:27.684] [bmv2] [D] [thread 28908] Set default default entry for table 'tbl_fast_reroute268': fast_reroute268 - 
[23:28:27.684] [bmv2] [D] [thread 28908] Set default default entry for table 'tbl_fast_reroute270': fast_reroute270 - 
[23:28:27.684] [bmv2] [D] [thread 28908] Set default default entry for table 'tbl_fast_reroute276': fast_reroute276 - 
[23:28:27.684] [bmv2] [D] [thread 28908] Set default default entry for table 'tbl_fast_reroute278': fast_reroute278 - 
[23:28:27.684] [bmv2] [D] [thread 28908] Set default default entry for table 'tbl_fast_reroute280': fast_reroute280 - 
[23:28:27.684] [bmv2] [D] [thread 28908] Set default default entry for table 'tbl_fast_reroute283': fast_reroute283 - 
[23:28:27.684] [bmv2] [D] [thread 28908] Set default default entry for table 'tbl_fast_reroute287': fast_reroute287 - 
[23:28:27.684] [bmv2] [D] [thread 28908] Set default default entry for table 'tbl_fast_reroute290': fast_reroute290 - 
[23:28:27.684] [bmv2] [D] [thread 28908] Set default default entry for table 'tbl_fast_reroute296': fast_reroute296 - 
[23:28:27.684] [bmv2] [D] [thread 28908] Set default default entry for table 'tbl_fast_reroute303': fast_reroute303 - 
[23:28:27.684] [bmv2] [D] [thread 28908] Set default default entry for table 'tbl_fast_reroute305': fast_reroute305 - 
[23:28:27.684] [bmv2] [D] [thread 28908] Set default default entry for table 'tbl_fast_reroute308': fast_reroute308 - 
[23:28:27.684] [bmv2] [D] [thread 28908] Set default default entry for table 'tbl_fast_reroute314': fast_reroute314 - 
[23:28:27.684] [bmv2] [D] [thread 28908] Set default default entry for table 'tbl_fast_reroute318': fast_reroute318 - 
[23:28:27.685] [bmv2] [D] [thread 28908] Set default default entry for table 'tbl_fast_reroute323': fast_reroute323 - 
[23:28:27.685] [bmv2] [D] [thread 28908] Set default default entry for table 'tbl_read_depot_port': MyIngress.read_depot_port - 
[23:28:27.691] [bmv2] [D] [thread 28908] Set default default entry for table 'tbl_fast_reroute329': fast_reroute329 - 
[23:28:27.691] [bmv2] [D] [thread 28908] Set default default entry for table 'tbl_reset_curr_path_size': MyIngress.reset_curr_path_size - 
Adding interface s12-eth1 as port 1
[23:28:27.700] [bmv2] [D] [thread 28908] Adding interface s12-eth1 as port 1
Adding interface s12-eth2 as port 2
[23:28:27.725] [bmv2] [D] [thread 28908] Adding interface s12-eth2 as port 2
[23:28:27.757] [bmv2] [I] [thread 28908] Starting Thrift server on port 9095
[23:28:27.757] [bmv2] [I] [thread 28908] Thrift server was started
[23:28:27.758] [bmv2] [D] [thread 28914] [0.0] [cxt 0] Processing packet received on port 1
[23:28:27.758] [bmv2] [D] [thread 28914] [0.0] [cxt 0] Parser 'parser': start
[23:28:27.758] [bmv2] [D] [thread 28914] [0.0] [cxt 0] Parser 'parser' entering state 'start'
[23:28:27.758] [bmv2] [D] [thread 28914] [0.0] [cxt 0] Extracting header 'ethernet'
[23:28:27.758] [bmv2] [D] [thread 28914] [0.0] [cxt 0] Parser state 'start': key is 86dd
[23:28:27.758] [bmv2] [T] [thread 28914] [0.0] [cxt 0] Bytes parsed: 14
[23:28:27.758] [bmv2] [D] [thread 28914] [0.0] [cxt 0] Parser 'parser': end
[23:28:27.758] [bmv2] [D] [thread 28914] [0.0] [cxt 0] Pipeline 'ingress': start
[23:28:27.758] [bmv2] [T] [thread 28914] [0.0] [cxt 0] /home/p4/git/master_degree_p4_unipampa/FRR/p4src/fast_reroute.p4(138) Condition "hdr.ipv4.isValid()" (node_2) is false
[23:28:27.758] [bmv2] [D] [thread 28914] [0.0] [cxt 0] Pipeline 'ingress': end
[23:28:27.758] [bmv2] [D] [thread 28914] [0.0] [cxt 0] Egress port is 0
[23:28:27.758] [bmv2] [D] [thread 28915] [0.0] [cxt 0] Pipeline 'egress': start
[23:28:27.758] [bmv2] [D] [thread 28915] [0.0] [cxt 0] Pipeline 'egress': end
[23:28:27.758] [bmv2] [D] [thread 28915] [0.0] [cxt 0] Deparser 'deparser': start
[23:28:27.759] [bmv2] [T] [thread 28915] [0.0] [cxt 0] Skipping checksum 'cksum' update because condition not met
[23:28:27.759] [bmv2] [D] [thread 28915] [0.0] [cxt 0] Deparsing header 'ethernet'
[23:28:27.759] [bmv2] [D] [thread 28915] [0.0] [cxt 0] Deparser 'deparser': end
[23:28:27.759] [bmv2] [D] [thread 28919] [0.0] [cxt 0] Transmitting packet of size 107 out of port 0
[23:28:27.842] [bmv2] [D] [thread 28914] [1.0] [cxt 0] Processing packet received on port 1
[23:28:27.842] [bmv2] [D] [thread 28914] [1.0] [cxt 0] Parser 'parser': start
[23:28:27.842] [bmv2] [D] [thread 28914] [1.0] [cxt 0] Parser 'parser' entering state 'start'
[23:28:27.842] [bmv2] [D] [thread 28914] [1.0] [cxt 0] Extracting header 'ethernet'
[23:28:27.842] [bmv2] [D] [thread 28914] [1.0] [cxt 0] Parser state 'start': key is 86dd
[23:28:27.842] [bmv2] [T] [thread 28914] [1.0] [cxt 0] Bytes parsed: 14
[23:28:27.842] [bmv2] [D] [thread 28914] [1.0] [cxt 0] Parser 'parser': end
[23:28:27.842] [bmv2] [D] [thread 28914] [1.0] [cxt 0] Pipeline 'ingress': start
[23:28:27.842] [bmv2] [T] [thread 28914] [1.0] [cxt 0] /home/p4/git/master_degree_p4_unipampa/FRR/p4src/fast_reroute.p4(138) Condition "hdr.ipv4.isValid()" (node_2) is false
[23:28:27.842] [bmv2] [D] [thread 28914] [1.0] [cxt 0] Pipeline 'ingress': end
[23:28:27.842] [bmv2] [D] [thread 28914] [1.0] [cxt 0] Egress port is 0
[23:28:27.842] [bmv2] [D] [thread 28915] [1.0] [cxt 0] Pipeline 'egress': start
[23:28:27.842] [bmv2] [D] [thread 28915] [1.0] [cxt 0] Pipeline 'egress': end
[23:28:27.842] [bmv2] [D] [thread 28915] [1.0] [cxt 0] Deparser 'deparser': start
[23:28:27.842] [bmv2] [T] [thread 28915] [1.0] [cxt 0] Skipping checksum 'cksum' update because condition not met
[23:28:27.842] [bmv2] [D] [thread 28915] [1.0] [cxt 0] Deparsing header 'ethernet'
[23:28:27.842] [bmv2] [D] [thread 28915] [1.0] [cxt 0] Deparser 'deparser': end
[23:28:27.842] [bmv2] [D] [thread 28919] [1.0] [cxt 0] Transmitting packet of size 210 out of port 0
[23:28:28.093] [bmv2] [D] [thread 28914] [2.0] [cxt 0] Processing packet received on port 1
[23:28:28.093] [bmv2] [D] [thread 28914] [2.0] [cxt 0] Parser 'parser': start
[23:28:28.093] [bmv2] [D] [thread 28914] [2.0] [cxt 0] Parser 'parser' entering state 'start'
[23:28:28.093] [bmv2] [D] [thread 28914] [2.0] [cxt 0] Extracting header 'ethernet'
[23:28:28.093] [bmv2] [D] [thread 28914] [2.0] [cxt 0] Parser state 'start': key is 86dd
[23:28:28.093] [bmv2] [T] [thread 28914] [2.0] [cxt 0] Bytes parsed: 14
[23:28:28.093] [bmv2] [D] [thread 28914] [2.0] [cxt 0] Parser 'parser': end
[23:28:28.093] [bmv2] [D] [thread 28914] [2.0] [cxt 0] Pipeline 'ingress': start
[23:28:28.093] [bmv2] [T] [thread 28914] [2.0] [cxt 0] /home/p4/git/master_degree_p4_unipampa/FRR/p4src/fast_reroute.p4(138) Condition "hdr.ipv4.isValid()" (node_2) is false
[23:28:28.093] [bmv2] [D] [thread 28914] [2.0] [cxt 0] Pipeline 'ingress': end
[23:28:28.093] [bmv2] [D] [thread 28914] [2.0] [cxt 0] Egress port is 0
[23:28:28.093] [bmv2] [D] [thread 28915] [2.0] [cxt 0] Pipeline 'egress': start
[23:28:28.094] [bmv2] [D] [thread 28915] [2.0] [cxt 0] Pipeline 'egress': end
[23:28:28.094] [bmv2] [D] [thread 28915] [2.0] [cxt 0] Deparser 'deparser': start
[23:28:28.094] [bmv2] [T] [thread 28915] [2.0] [cxt 0] Skipping checksum 'cksum' update because condition not met
[23:28:28.094] [bmv2] [D] [thread 28915] [2.0] [cxt 0] Deparsing header 'ethernet'
[23:28:28.094] [bmv2] [D] [thread 28915] [2.0] [cxt 0] Deparser 'deparser': end
[23:28:28.094] [bmv2] [D] [thread 28919] [2.0] [cxt 0] Transmitting packet of size 210 out of port 0
[23:28:28.101] [bmv2] [D] [thread 28914] [3.0] [cxt 0] Processing packet received on port 1
[23:28:28.101] [bmv2] [D] [thread 28914] [3.0] [cxt 0] Parser 'parser': start
[23:28:28.101] [bmv2] [D] [thread 28914] [3.0] [cxt 0] Parser 'parser' entering state 'start'
[23:28:28.101] [bmv2] [D] [thread 28914] [3.0] [cxt 0] Extracting header 'ethernet'
[23:28:28.101] [bmv2] [D] [thread 28914] [3.0] [cxt 0] Parser state 'start': key is 86dd
[23:28:28.101] [bmv2] [T] [thread 28914] [3.0] [cxt 0] Bytes parsed: 14
[23:28:28.101] [bmv2] [D] [thread 28914] [3.0] [cxt 0] Parser 'parser': end
[23:28:28.101] [bmv2] [D] [thread 28914] [3.0] [cxt 0] Pipeline 'ingress': start
[23:28:28.101] [bmv2] [T] [thread 28914] [3.0] [cxt 0] /home/p4/git/master_degree_p4_unipampa/FRR/p4src/fast_reroute.p4(138) Condition "hdr.ipv4.isValid()" (node_2) is false
[23:28:28.101] [bmv2] [D] [thread 28914] [3.0] [cxt 0] Pipeline 'ingress': end
[23:28:28.101] [bmv2] [D] [thread 28914] [3.0] [cxt 0] Egress port is 0
[23:28:28.101] [bmv2] [D] [thread 28915] [3.0] [cxt 0] Pipeline 'egress': start
[23:28:28.101] [bmv2] [D] [thread 28915] [3.0] [cxt 0] Pipeline 'egress': end
[23:28:28.101] [bmv2] [D] [thread 28915] [3.0] [cxt 0] Deparser 'deparser': start
[23:28:28.101] [bmv2] [T] [thread 28915] [3.0] [cxt 0] Skipping checksum 'cksum' update because condition not met
[23:28:28.101] [bmv2] [D] [thread 28915] [3.0] [cxt 0] Deparsing header 'ethernet'
[23:28:28.101] [bmv2] [D] [thread 28915] [3.0] [cxt 0] Deparser 'deparser': end
[23:28:28.101] [bmv2] [D] [thread 28919] [3.0] [cxt 0] Transmitting packet of size 90 out of port 0
[23:28:28.325] [bmv2] [D] [thread 28914] [4.0] [cxt 0] Processing packet received on port 2
[23:28:28.325] [bmv2] [D] [thread 28914] [4.0] [cxt 0] Parser 'parser': start
[23:28:28.325] [bmv2] [D] [thread 28914] [4.0] [cxt 0] Parser 'parser' entering state 'start'
[23:28:28.325] [bmv2] [D] [thread 28914] [4.0] [cxt 0] Extracting header 'ethernet'
[23:28:28.325] [bmv2] [D] [thread 28914] [4.0] [cxt 0] Parser state 'start': key is 86dd
[23:28:28.325] [bmv2] [T] [thread 28914] [4.0] [cxt 0] Bytes parsed: 14
[23:28:28.325] [bmv2] [D] [thread 28914] [4.0] [cxt 0] Parser 'parser': end
[23:28:28.325] [bmv2] [D] [thread 28914] [4.0] [cxt 0] Pipeline 'ingress': start
[23:28:28.325] [bmv2] [T] [thread 28914] [4.0] [cxt 0] /home/p4/git/master_degree_p4_unipampa/FRR/p4src/fast_reroute.p4(138) Condition "hdr.ipv4.isValid()" (node_2) is false
[23:28:28.325] [bmv2] [D] [thread 28914] [4.0] [cxt 0] Pipeline 'ingress': end
[23:28:28.325] [bmv2] [D] [thread 28914] [4.0] [cxt 0] Egress port is 0
[23:28:28.325] [bmv2] [D] [thread 28914] [5.0] [cxt 0] Processing packet received on port 2
[23:28:28.325] [bmv2] [D] [thread 28914] [5.0] [cxt 0] Parser 'parser': start
[23:28:28.325] [bmv2] [D] [thread 28914] [5.0] [cxt 0] Parser 'parser' entering state 'start'
[23:28:28.325] [bmv2] [D] [thread 28914] [5.0] [cxt 0] Extracting header 'ethernet'
[23:28:28.325] [bmv2] [D] [thread 28914] [5.0] [cxt 0] Parser state 'start': key is 86dd
[23:28:28.325] [bmv2] [T] [thread 28914] [5.0] [cxt 0] Bytes parsed: 14
[23:28:28.325] [bmv2] [D] [thread 28914] [5.0] [cxt 0] Parser 'parser': end
[23:28:28.325] [bmv2] [D] [thread 28914] [5.0] [cxt 0] Pipeline 'ingress': start
[23:28:28.325] [bmv2] [T] [thread 28914] [5.0] [cxt 0] /home/p4/git/master_degree_p4_unipampa/FRR/p4src/fast_reroute.p4(138) Condition "hdr.ipv4.isValid()" (node_2) is false
[23:28:28.325] [bmv2] [D] [thread 28914] [5.0] [cxt 0] Pipeline 'ingress': end
[23:28:28.325] [bmv2] [D] [thread 28914] [5.0] [cxt 0] Egress port is 0
[23:28:28.325] [bmv2] [D] [thread 28915] [4.0] [cxt 0] Pipeline 'egress': start
[23:28:28.325] [bmv2] [D] [thread 28915] [4.0] [cxt 0] Pipeline 'egress': end
[23:28:28.325] [bmv2] [D] [thread 28915] [4.0] [cxt 0] Deparser 'deparser': start
[23:28:28.325] [bmv2] [T] [thread 28915] [4.0] [cxt 0] Skipping checksum 'cksum' update because condition not met
[23:28:28.325] [bmv2] [D] [thread 28915] [4.0] [cxt 0] Deparsing header 'ethernet'
[23:28:28.325] [bmv2] [D] [thread 28915] [4.0] [cxt 0] Deparser 'deparser': end
[23:28:28.326] [bmv2] [D] [thread 28915] [5.0] [cxt 0] Pipeline 'egress': start
[23:28:28.326] [bmv2] [D] [thread 28915] [5.0] [cxt 0] Pipeline 'egress': end
[23:28:28.326] [bmv2] [D] [thread 28915] [5.0] [cxt 0] Deparser 'deparser': start
[23:28:28.326] [bmv2] [T] [thread 28915] [5.0] [cxt 0] Skipping checksum 'cksum' update because condition not met
[23:28:28.326] [bmv2] [D] [thread 28915] [5.0] [cxt 0] Deparsing header 'ethernet'
[23:28:28.326] [bmv2] [D] [thread 28915] [5.0] [cxt 0] Deparser 'deparser': end
[23:28:28.326] [bmv2] [D] [thread 28919] [4.0] [cxt 0] Transmitting packet of size 90 out of port 0
[23:28:28.326] [bmv2] [D] [thread 28919] [5.0] [cxt 0] Transmitting packet of size 70 out of port 0
[23:28:28.337] [bmv2] [D] [thread 28914] [6.0] [cxt 0] Processing packet received on port 2
[23:28:28.337] [bmv2] [D] [thread 28914] [6.0] [cxt 0] Parser 'parser': start
[23:28:28.337] [bmv2] [D] [thread 28914] [6.0] [cxt 0] Parser 'parser' entering state 'start'
[23:28:28.337] [bmv2] [D] [thread 28914] [6.0] [cxt 0] Extracting header 'ethernet'
[23:28:28.337] [bmv2] [D] [thread 28914] [6.0] [cxt 0] Parser state 'start': key is 86dd
[23:28:28.337] [bmv2] [T] [thread 28914] [6.0] [cxt 0] Bytes parsed: 14
[23:28:28.337] [bmv2] [D] [thread 28914] [6.0] [cxt 0] Parser 'parser': end
[23:28:28.337] [bmv2] [D] [thread 28914] [6.0] [cxt 0] Pipeline 'ingress': start
[23:28:28.337] [bmv2] [T] [thread 28914] [6.0] [cxt 0] /home/p4/git/master_degree_p4_unipampa/FRR/p4src/fast_reroute.p4(138) Condition "hdr.ipv4.isValid()" (node_2) is false
[23:28:28.337] [bmv2] [D] [thread 28914] [6.0] [cxt 0] Pipeline 'ingress': end
[23:28:28.337] [bmv2] [D] [thread 28914] [6.0] [cxt 0] Egress port is 0
[23:28:28.337] [bmv2] [D] [thread 28915] [6.0] [cxt 0] Pipeline 'egress': start
[23:28:28.337] [bmv2] [D] [thread 28915] [6.0] [cxt 0] Pipeline 'egress': end
[23:28:28.337] [bmv2] [D] [thread 28915] [6.0] [cxt 0] Deparser 'deparser': start
[23:28:28.337] [bmv2] [T] [thread 28915] [6.0] [cxt 0] Skipping checksum 'cksum' update because condition not met
[23:28:28.337] [bmv2] [D] [thread 28915] [6.0] [cxt 0] Deparsing header 'ethernet'
[23:28:28.337] [bmv2] [D] [thread 28915] [6.0] [cxt 0] Deparser 'deparser': end
[23:28:28.337] [bmv2] [D] [thread 28919] [6.0] [cxt 0] Transmitting packet of size 90 out of port 0
[23:28:28.357] [bmv2] [D] [thread 28914] [7.0] [cxt 0] Processing packet received on port 2
[23:28:28.357] [bmv2] [D] [thread 28914] [7.0] [cxt 0] Parser 'parser': start
[23:28:28.357] [bmv2] [D] [thread 28914] [7.0] [cxt 0] Parser 'parser' entering state 'start'
[23:28:28.357] [bmv2] [D] [thread 28914] [7.0] [cxt 0] Extracting header 'ethernet'
[23:28:28.357] [bmv2] [D] [thread 28914] [7.0] [cxt 0] Parser state 'start': key is 86dd
[23:28:28.357] [bmv2] [T] [thread 28914] [7.0] [cxt 0] Bytes parsed: 14
[23:28:28.357] [bmv2] [D] [thread 28914] [7.0] [cxt 0] Parser 'parser': end
[23:28:28.357] [bmv2] [D] [thread 28914] [7.0] [cxt 0] Pipeline 'ingress': start
[23:28:28.357] [bmv2] [T] [thread 28914] [7.0] [cxt 0] /home/p4/git/master_degree_p4_unipampa/FRR/p4src/fast_reroute.p4(138) Condition "hdr.ipv4.isValid()" (node_2) is false
[23:28:28.357] [bmv2] [D] [thread 28914] [7.0] [cxt 0] Pipeline 'ingress': end
[23:28:28.357] [bmv2] [D] [thread 28914] [7.0] [cxt 0] Egress port is 0
[23:28:28.357] [bmv2] [D] [thread 28914] [8.0] [cxt 0] Processing packet received on port 2
[23:28:28.357] [bmv2] [D] [thread 28914] [8.0] [cxt 0] Parser 'parser': start
[23:28:28.357] [bmv2] [D] [thread 28914] [8.0] [cxt 0] Parser 'parser' entering state 'start'
[23:28:28.357] [bmv2] [D] [thread 28914] [8.0] [cxt 0] Extracting header 'ethernet'
[23:28:28.357] [bmv2] [D] [thread 28914] [8.0] [cxt 0] Parser state 'start': key is 86dd
[23:28:28.357] [bmv2] [T] [thread 28914] [8.0] [cxt 0] Bytes parsed: 14
[23:28:28.357] [bmv2] [D] [thread 28914] [8.0] [cxt 0] Parser 'parser': end
[23:28:28.357] [bmv2] [D] [thread 28914] [8.0] [cxt 0] Pipeline 'ingress': start
[23:28:28.357] [bmv2] [T] [thread 28914] [8.0] [cxt 0] /home/p4/git/master_degree_p4_unipampa/FRR/p4src/fast_reroute.p4(138) Condition "hdr.ipv4.isValid()" (node_2) is false
[23:28:28.357] [bmv2] [D] [thread 28914] [8.0] [cxt 0] Pipeline 'ingress': end
[23:28:28.357] [bmv2] [D] [thread 28914] [8.0] [cxt 0] Egress port is 0
[23:28:28.357] [bmv2] [D] [thread 28915] [7.0] [cxt 0] Pipeline 'egress': start
[23:28:28.357] [bmv2] [D] [thread 28915] [7.0] [cxt 0] Pipeline 'egress': end
[23:28:28.357] [bmv2] [D] [thread 28915] [7.0] [cxt 0] Deparser 'deparser': start
[23:28:28.357] [bmv2] [T] [thread 28915] [7.0] [cxt 0] Skipping checksum 'cksum' update because condition not met
[23:28:28.357] [bmv2] [D] [thread 28915] [7.0] [cxt 0] Deparsing header 'ethernet'
[23:28:28.357] [bmv2] [D] [thread 28915] [7.0] [cxt 0] Deparser 'deparser': end
[23:28:28.357] [bmv2] [D] [thread 28915] [8.0] [cxt 0] Pipeline 'egress': start
[23:28:28.357] [bmv2] [D] [thread 28915] [8.0] [cxt 0] Pipeline 'egress': end
[23:28:28.357] [bmv2] [D] [thread 28915] [8.0] [cxt 0] Deparser 'deparser': start
[23:28:28.357] [bmv2] [T] [thread 28915] [8.0] [cxt 0] Skipping checksum 'cksum' update because condition not met
[23:28:28.357] [bmv2] [D] [thread 28915] [8.0] [cxt 0] Deparsing header 'ethernet'
[23:28:28.357] [bmv2] [D] [thread 28915] [8.0] [cxt 0] Deparser 'deparser': end
[23:28:28.357] [bmv2] [D] [thread 28919] [7.0] [cxt 0] Transmitting packet of size 90 out of port 0
[23:28:28.357] [bmv2] [D] [thread 28919] [8.0] [cxt 0] Transmitting packet of size 70 out of port 0
[23:28:28.369] [bmv2] [D] [thread 28914] [9.0] [cxt 0] Processing packet received on port 2
[23:28:28.369] [bmv2] [D] [thread 28914] [9.0] [cxt 0] Parser 'parser': start
[23:28:28.369] [bmv2] [D] [thread 28914] [9.0] [cxt 0] Parser 'parser' entering state 'start'
[23:28:28.369] [bmv2] [D] [thread 28914] [9.0] [cxt 0] Extracting header 'ethernet'
[23:28:28.369] [bmv2] [D] [thread 28914] [9.0] [cxt 0] Parser state 'start': key is 86dd
[23:28:28.369] [bmv2] [T] [thread 28914] [9.0] [cxt 0] Bytes parsed: 14
[23:28:28.369] [bmv2] [D] [thread 28914] [9.0] [cxt 0] Parser 'parser': end
[23:28:28.369] [bmv2] [D] [thread 28914] [9.0] [cxt 0] Pipeline 'ingress': start
[23:28:28.369] [bmv2] [T] [thread 28914] [9.0] [cxt 0] /home/p4/git/master_degree_p4_unipampa/FRR/p4src/fast_reroute.p4(138) Condition "hdr.ipv4.isValid()" (node_2) is false
[23:28:28.369] [bmv2] [D] [thread 28914] [9.0] [cxt 0] Pipeline 'ingress': end
[23:28:28.369] [bmv2] [D] [thread 28914] [9.0] [cxt 0] Egress port is 0
[23:28:28.369] [bmv2] [D] [thread 28915] [9.0] [cxt 0] Pipeline 'egress': start
[23:28:28.369] [bmv2] [D] [thread 28915] [9.0] [cxt 0] Pipeline 'egress': end
[23:28:28.369] [bmv2] [D] [thread 28915] [9.0] [cxt 0] Deparser 'deparser': start
[23:28:28.369] [bmv2] [T] [thread 28915] [9.0] [cxt 0] Skipping checksum 'cksum' update because condition not met
[23:28:28.369] [bmv2] [D] [thread 28915] [9.0] [cxt 0] Deparsing header 'ethernet'
[23:28:28.369] [bmv2] [D] [thread 28915] [9.0] [cxt 0] Deparser 'deparser': end
[23:28:28.369] [bmv2] [D] [thread 28919] [9.0] [cxt 0] Transmitting packet of size 90 out of port 0
[23:28:38.146] [bmv2] [T] [thread 29155] bm_get_config
[23:28:38.149] [bmv2] [T] [thread 29155] bm_mt_get_entries
[23:28:38.149] [bmv2] [T] [thread 29155] bm_mt_get_entries
[23:28:38.299] [bmv2] [T] [thread 29155] bm_reset_state
[23:28:38.309] [bmv2] [D] [thread 29155] Resetting simple_switch target-specific state
[23:28:38.309] [bmv2] [D] [thread 29155] resetting PRE state
[23:28:38.935] [bmv2] [T] [thread 29155] bm_register_write
[23:28:38.935] [bmv2] [T] [thread 29155] bm_register_write
[23:28:38.935] [bmv2] [T] [thread 29155] bm_register_write
[23:28:38.936] [bmv2] [T] [thread 29155] bm_register_write
[23:28:38.936] [bmv2] [T] [thread 29155] bm_register_write
[23:28:38.950] [bmv2] [T] [thread 29155] bm_register_write
[23:28:38.951] [bmv2] [T] [thread 29155] bm_register_write
[23:28:38.951] [bmv2] [T] [thread 29155] bm_register_write
[23:28:38.951] [bmv2] [T] [thread 29155] bm_register_write
[23:28:38.951] [bmv2] [T] [thread 29155] bm_register_write
[23:29:00.775] [bmv2] [D] [thread 28914] [10.0] [cxt 0] Processing packet received on port 1
[23:29:00.775] [bmv2] [D] [thread 28914] [10.0] [cxt 0] Parser 'parser': start
[23:29:00.775] [bmv2] [D] [thread 28914] [10.0] [cxt 0] Parser 'parser' entering state 'start'
[23:29:00.775] [bmv2] [D] [thread 28914] [10.0] [cxt 0] Extracting header 'ethernet'
[23:29:00.775] [bmv2] [D] [thread 28914] [10.0] [cxt 0] Parser state 'start': key is 0800
[23:29:00.775] [bmv2] [T] [thread 28914] [10.0] [cxt 0] Bytes parsed: 14
[23:29:00.775] [bmv2] [D] [thread 28914] [10.0] [cxt 0] Parser 'parser' entering state 'parse_ipv4'
[23:29:00.775] [bmv2] [D] [thread 28914] [10.0] [cxt 0] Extracting header 'ipv4'
[23:29:00.775] [bmv2] [D] [thread 28914] [10.0] [cxt 0] Extracting header 'pathHops'
[23:29:00.775] [bmv2] [D] [thread 28914] [10.0] [cxt 0] Parser state 'parse_ipv4' has no switch, going to default next state
[23:29:00.775] [bmv2] [T] [thread 28914] [10.0] [cxt 0] Bytes parsed: 63
[23:29:00.775] [bmv2] [D] [thread 28914] [10.0] [cxt 0] Parser 'parser': end
[23:29:00.775] [bmv2] [D] [thread 28914] [10.0] [cxt 0] Pipeline 'ingress': start
[23:29:00.775] [bmv2] [T] [thread 28914] [10.0] [cxt 0] /home/p4/git/master_degree_p4_unipampa/FRR/p4src/fast_reroute.p4(138) Condition "hdr.ipv4.isValid()" (node_2) is true
[23:29:00.775] [bmv2] [T] [thread 28914] [10.0] [cxt 0] Applying table 'tbl_update_curr_path_size'
[23:29:00.775] [bmv2] [D] [thread 28914] [10.0] [cxt 0] Looking up key:

[23:29:00.775] [bmv2] [D] [thread 28914] [10.0] [cxt 0] Table 'tbl_update_curr_path_size': miss
[23:29:00.775] [bmv2] [D] [thread 28914] [10.0] [cxt 0] Action entry is MyIngress.update_curr_path_size - 
[23:29:00.775] [bmv2] [T] [thread 28914] [10.0] [cxt 0] Action MyIngress.update_curr_path_size
[23:29:00.775] [bmv2] [T] [thread 28914] [10.0] [cxt 0] /home/p4/git/master_degree_p4_unipampa/FRR/p4src/fast_reroute.p4(96) Primitive hdr.pathHops.numHop = hdr.pathHops.numHop + 1
[23:29:00.775] [bmv2] [T] [thread 28914] [10.0] [cxt 0] Applying table 'tbl_fast_reroute146'
[23:29:00.775] [bmv2] [D] [thread 28914] [10.0] [cxt 0] Looking up key:

[23:29:00.775] [bmv2] [D] [thread 28914] [10.0] [cxt 0] Table 'tbl_fast_reroute146': miss
[23:29:00.775] [bmv2] [D] [thread 28914] [10.0] [cxt 0] Action entry is fast_reroute146 - 
[23:29:00.775] [bmv2] [T] [thread 28914] [10.0] [cxt 0] Action fast_reroute146
[23:29:00.775] [bmv2] [T] [thread 28914] [10.0] [cxt 0] /home/p4/git/master_degree_p4_unipampa/FRR/p4src/fast_reroute.p4(146) Primitive swIdReg.read(swId, 0)
[23:29:00.775] [bmv2] [T] [thread 28914] [10.0] [cxt 0] Read register 'MyIngress.swIdReg' at index 0 read value 12
[23:29:00.775] [bmv2] [T] [thread 28914] [10.0] [cxt 0] /home/p4/git/master_degree_p4_unipampa/FRR/p4src/fast_reroute.p4(161) Primitive depotIdReg.read(depotId, 0)
[23:29:00.775] [bmv2] [T] [thread 28914] [10.0] [cxt 0] Read register 'MyIngress.depotIdReg' at index 0 read value 0
[23:29:00.775] [bmv2] [T] [thread 28914] [10.0] [cxt 0] /home/p4/git/master_degree_p4_unipampa/FRR/p4src/fast_reroute.p4(165) Primitive last_seen_pkt_timestamp.read(last_seen, hdr.pathHops.path_id)
[23:29:00.775] [bmv2] [T] [thread 28914] [10.0] [cxt 0] Read register 'MyIngress.last_seen_pkt_timestamp' at index 0 read value 0
[23:29:00.775] [bmv2] [T] [thread 28914] [10.0] [cxt 0] /home/p4/git/master_degree_p4_unipampa/FRR/p4src/fast_reroute.p4(169) Primitive maxTimeOutDepotReg.read(threshold, 0)
[23:29:00.775] [bmv2] [T] [thread 28914] [10.0] [cxt 0] Read register 'MyIngress.maxTimeOutDepotReg' at index 0 read value 0
[23:29:00.775] [bmv2] [T] [thread 28914] [10.0] [cxt 0] /home/p4/git/master_degree_p4_unipampa/FRR/p4src/fast_reroute.p4(177) Primitive isAltReg.read(isAltVar, hdr.pathHops.path_id)
[23:29:00.775] [bmv2] [T] [thread 28914] [10.0] [cxt 0] Read register 'MyIngress.isAltReg' at index 0 read value 0
[23:29:00.775] [bmv2] [T] [thread 28914] [10.0] [cxt 0] /home/p4/git/master_degree_p4_unipampa/FRR/p4src/fast_reroute.p4(157) Primitive standard_metadata.ingress_global_timestamp; //for more flows, this should be an array (register) ...
[23:29:00.775] [bmv2] [T] [thread 28914] [10.0] [cxt 0] Applying table 'MyIngress.len_primary_path'
[23:29:00.775] [bmv2] [D] [thread 28914] [10.0] [cxt 0] Looking up key:
* hdr.pathHops.path_id: 00000000

[23:29:00.775] [bmv2] [D] [thread 28914] [10.0] [cxt 0] Table 'MyIngress.len_primary_path': miss
[23:29:00.775] [bmv2] [D] [thread 28914] [10.0] [cxt 0] Action entry is NoAction - 
[23:29:00.775] [bmv2] [T] [thread 28914] [10.0] [cxt 0] Action NoAction
[23:29:00.775] [bmv2] [T] [thread 28914] [10.0] [cxt 0] Applying table 'MyIngress.len_alternative_path'
[23:29:00.775] [bmv2] [D] [thread 28914] [10.0] [cxt 0] Looking up key:
* hdr.pathHops.path_id: 00000000

[23:29:00.775] [bmv2] [D] [thread 28914] [10.0] [cxt 0] Table 'MyIngress.len_alternative_path': miss
[23:29:00.775] [bmv2] [D] [thread 28914] [10.0] [cxt 0] Action entry is NoAction - 
[23:29:00.775] [bmv2] [T] [thread 28914] [10.0] [cxt 0] Action NoAction
[23:29:00.775] [bmv2] [T] [thread 28914] [10.0] [cxt 0] Applying table 'tbl_fast_reroute197'
[23:29:00.775] [bmv2] [D] [thread 28914] [10.0] [cxt 0] Looking up key:

[23:29:00.775] [bmv2] [D] [thread 28914] [10.0] [cxt 0] Table 'tbl_fast_reroute197': miss
[23:29:00.775] [bmv2] [D] [thread 28914] [10.0] [cxt 0] Action entry is fast_reroute197 - 
[23:29:00.775] [bmv2] [T] [thread 28914] [10.0] [cxt 0] Action fast_reroute197
[23:29:00.775] [bmv2] [T] [thread 28914] [10.0] [cxt 0] /home/p4/git/master_degree_p4_unipampa/FRR/p4src/fast_reroute.p4(197) Primitive lenHashPrimaryPathSize.read(meta.lenHashPrimaryPathSize, 0)
[23:29:00.775] [bmv2] [T] [thread 28914] [10.0] [cxt 0] Read register 'MyIngress.lenHashPrimaryPathSize' at index 0 read value 0
[23:29:00.775] [bmv2] [T] [thread 28914] [10.0] [cxt 0] /home/p4/git/master_degree_p4_unipampa/FRR/p4src/fast_reroute.p4(201) Condition "swId == depotId && hdr.pathHops.pkt_timestamp - last_seen >= threshold && hdr.pathHops.has_visited_depot == 0" (node_8) is false
[23:29:00.775] [bmv2] [T] [thread 28914] [10.0] [cxt 0] /home/p4/git/master_degree_p4_unipampa/FRR/p4src/fast_reroute.p4(252) Condition "swId == depotId && hdr.pathHops.is_tracker > 0 && hdr.pathHops.has_visited_depot > 0" (node_26) is false
[23:29:00.775] [bmv2] [T] [thread 28914] [10.0] [cxt 0] /home/p4/git/master_degree_p4_unipampa/FRR/p4src/fast_reroute.p4(265) Condition "hdr.pathHops.which_alt_switch == 0" (node_28) is false
[23:29:00.775] [bmv2] [T] [thread 28914] [10.0] [cxt 0] /home/p4/git/master_degree_p4_unipampa/FRR/p4src/fast_reroute.p4(275) Condition "hdr.pathHops.which_alt_switch > 0 && swId == (bit<8>)hdr.pathHops.which_alt_switch" (node_33) is false
[23:29:00.775] [bmv2] [T] [thread 28914] [10.0] [cxt 0] Applying table 'tbl_fast_reroute287'
[23:29:00.775] [bmv2] [D] [thread 28914] [10.0] [cxt 0] Looking up key:

[23:29:00.775] [bmv2] [D] [thread 28914] [10.0] [cxt 0] Table 'tbl_fast_reroute287': miss
[23:29:00.775] [bmv2] [D] [thread 28914] [10.0] [cxt 0] Action entry is fast_reroute287 - 
[23:29:00.775] [bmv2] [T] [thread 28914] [10.0] [cxt 0] Action fast_reroute287
[23:29:00.775] [bmv2] [T] [thread 28914] [10.0] [cxt 0] /home/p4/git/master_degree_p4_unipampa/FRR/p4src/fast_reroute.p4(287) Primitive hdr.pathHops.num_times_curr_switch = (hdr.pathHops.num_times_curr_switch & ~mask) | ((bit<64>)1 << swId)
[23:29:00.775] [bmv2] [T] [thread 28914] [10.0] [cxt 0] /home/p4/git/master_degree_p4_unipampa/FRR/p4src/fast_reroute.p4(288) Primitive primaryNH_1.read(meta.nextHop, hdr.pathHops.path_id)
[23:29:00.775] [bmv2] [T] [thread 28914] [10.0] [cxt 0] Read register 'MyIngress.primaryNH_1' at index 0 read value 2
[23:29:00.775] [bmv2] [T] [thread 28914] [10.0] [cxt 0] /home/p4/git/master_degree_p4_unipampa/FRR/p4src/fast_reroute.p4(289) Condition "meta.nextHop == 9999" (node_40) is false
[23:29:00.775] [bmv2] [T] [thread 28914] [10.0] [cxt 0] /home/p4/git/master_degree_p4_unipampa/FRR/p4src/fast_reroute.p4(295) Condition "swId == depotId && isAltVar > 0" (node_42) is false
[23:29:00.775] [bmv2] [T] [thread 28914] [10.0] [cxt 0] Applying table 'tbl_fast_reroute303'
[23:29:00.775] [bmv2] [D] [thread 28914] [10.0] [cxt 0] Looking up key:

[23:29:00.775] [bmv2] [D] [thread 28914] [10.0] [cxt 0] Table 'tbl_fast_reroute303': miss
[23:29:00.775] [bmv2] [D] [thread 28914] [10.0] [cxt 0] Action entry is fast_reroute303 - 
[23:29:00.775] [bmv2] [T] [thread 28914] [10.0] [cxt 0] Action fast_reroute303
[23:29:00.775] [bmv2] [T] [thread 28914] [10.0] [cxt 0] /home/p4/git/master_degree_p4_unipampa/FRR/p4src/fast_reroute.p4(303) Primitive forcePrimaryPathReg.read(forcePrimaryPathVar, hdr.pathHops.path_id)
[23:29:00.775] [bmv2] [T] [thread 28914] [10.0] [cxt 0] Read register 'MyIngress.forcePrimaryPathReg' at index 0 read value 0
[23:29:00.775] [bmv2] [T] [thread 28914] [10.0] [cxt 0] /home/p4/git/master_degree_p4_unipampa/FRR/p4src/fast_reroute.p4(304) Condition "hdr.pathHops.is_tracker > 0 || forcePrimaryPathVar > 0" (node_45) is false
[23:29:00.775] [bmv2] [T] [thread 28914] [10.0] [cxt 0] Applying table 'tbl_fast_reroute314'
[23:29:00.775] [bmv2] [D] [thread 28914] [10.0] [cxt 0] Looking up key:

[23:29:00.775] [bmv2] [D] [thread 28914] [10.0] [cxt 0] Table 'tbl_fast_reroute314': miss
[23:29:00.775] [bmv2] [D] [thread 28914] [10.0] [cxt 0] Action entry is fast_reroute314 - 
[23:29:00.775] [bmv2] [T] [thread 28914] [10.0] [cxt 0] Action fast_reroute314
[23:29:00.775] [bmv2] [T] [thread 28914] [10.0] [cxt 0] /home/p4/git/master_degree_p4_unipampa/FRR/p4src/fast_reroute.p4(314) Primitive standard_metadata.egress_spec = (bit<9>) meta.nextHop
[23:29:00.775] [bmv2] [T] [thread 28914] [10.0] [cxt 0] /home/p4/git/master_degree_p4_unipampa/FRR/p4src/fast_reroute.p4(317) Condition "swId == depotId && hdr.pathHops.has_visited_depot > 0" (node_50) is false
[23:29:00.775] [bmv2] [T] [thread 28914] [10.0] [cxt 0] /home/p4/git/master_degree_p4_unipampa/FRR/p4src/fast_reroute.p4(322) Condition "swId == depotId && hdr.pathHops.has_visited_depot == 0" (node_52) is false
[23:29:00.775] [bmv2] [T] [thread 28914] [10.0] [cxt 0] /home/p4/git/master_degree_p4_unipampa/FRR/p4src/fast_reroute.p4(327) Condition "swId == depotId && hdr.pathHops.numHop >= meta.lenPrimaryPathSize && hdr.pathHops.has_visited_depot > 0" (node_54) is false
[23:29:00.775] [bmv2] [D] [thread 28914] [10.0] [cxt 0] Pipeline 'ingress': end
[23:29:00.775] [bmv2] [D] [thread 28914] [10.0] [cxt 0] Egress port is 2
[23:29:00.775] [bmv2] [D] [thread 28917] [10.0] [cxt 0] Pipeline 'egress': start
[23:29:00.776] [bmv2] [D] [thread 28917] [10.0] [cxt 0] Pipeline 'egress': end
[23:29:00.776] [bmv2] [D] [thread 28917] [10.0] [cxt 0] Deparser 'deparser': start
[23:29:00.776] [bmv2] [D] [thread 28917] [10.0] [cxt 0] Updating checksum 'cksum'
[23:29:00.776] [bmv2] [D] [thread 28917] [10.0] [cxt 0] Deparsing header 'ethernet'
[23:29:00.776] [bmv2] [D] [thread 28917] [10.0] [cxt 0] Deparsing header 'ipv4'
[23:29:00.776] [bmv2] [D] [thread 28917] [10.0] [cxt 0] Deparsing header 'pathHops'
[23:29:00.776] [bmv2] [D] [thread 28917] [10.0] [cxt 0] Deparser 'deparser': end
[23:29:00.776] [bmv2] [D] [thread 28919] [10.0] [cxt 0] Transmitting packet of size 63 out of port 2
[23:29:54.619] [bmv2] [D] [thread 28914] [11.0] [cxt 0] Processing packet received on port 1
[23:29:54.619] [bmv2] [D] [thread 28914] [11.0] [cxt 0] Parser 'parser': start
[23:29:54.619] [bmv2] [D] [thread 28914] [11.0] [cxt 0] Parser 'parser' entering state 'start'
[23:29:54.619] [bmv2] [D] [thread 28914] [11.0] [cxt 0] Extracting header 'ethernet'
[23:29:54.619] [bmv2] [D] [thread 28914] [11.0] [cxt 0] Parser state 'start': key is 0800
[23:29:54.619] [bmv2] [T] [thread 28914] [11.0] [cxt 0] Bytes parsed: 14
[23:29:54.620] [bmv2] [D] [thread 28914] [11.0] [cxt 0] Parser 'parser' entering state 'parse_ipv4'
[23:29:54.620] [bmv2] [D] [thread 28914] [11.0] [cxt 0] Extracting header 'ipv4'
[23:29:54.620] [bmv2] [D] [thread 28914] [11.0] [cxt 0] Extracting header 'pathHops'
[23:29:54.620] [bmv2] [D] [thread 28914] [11.0] [cxt 0] Parser state 'parse_ipv4' has no switch, going to default next state
[23:29:54.620] [bmv2] [T] [thread 28914] [11.0] [cxt 0] Bytes parsed: 63
[23:29:54.620] [bmv2] [D] [thread 28914] [11.0] [cxt 0] Parser 'parser': end
[23:29:54.620] [bmv2] [D] [thread 28914] [11.0] [cxt 0] Pipeline 'ingress': start
[23:29:54.620] [bmv2] [T] [thread 28914] [11.0] [cxt 0] /home/p4/git/master_degree_p4_unipampa/FRR/p4src/fast_reroute.p4(138) Condition "hdr.ipv4.isValid()" (node_2) is true
[23:29:54.620] [bmv2] [T] [thread 28914] [11.0] [cxt 0] Applying table 'tbl_update_curr_path_size'
[23:29:54.620] [bmv2] [D] [thread 28914] [11.0] [cxt 0] Looking up key:

[23:29:54.620] [bmv2] [D] [thread 28914] [11.0] [cxt 0] Table 'tbl_update_curr_path_size': miss
[23:29:54.620] [bmv2] [D] [thread 28914] [11.0] [cxt 0] Action entry is MyIngress.update_curr_path_size - 
[23:29:54.620] [bmv2] [T] [thread 28914] [11.0] [cxt 0] Action MyIngress.update_curr_path_size
[23:29:54.620] [bmv2] [T] [thread 28914] [11.0] [cxt 0] /home/p4/git/master_degree_p4_unipampa/FRR/p4src/fast_reroute.p4(96) Primitive hdr.pathHops.numHop = hdr.pathHops.numHop + 1
[23:29:54.620] [bmv2] [T] [thread 28914] [11.0] [cxt 0] Applying table 'tbl_fast_reroute146'
[23:29:54.620] [bmv2] [D] [thread 28914] [11.0] [cxt 0] Looking up key:

[23:29:54.620] [bmv2] [D] [thread 28914] [11.0] [cxt 0] Table 'tbl_fast_reroute146': miss
[23:29:54.620] [bmv2] [D] [thread 28914] [11.0] [cxt 0] Action entry is fast_reroute146 - 
[23:29:54.620] [bmv2] [T] [thread 28914] [11.0] [cxt 0] Action fast_reroute146
[23:29:54.620] [bmv2] [T] [thread 28914] [11.0] [cxt 0] /home/p4/git/master_degree_p4_unipampa/FRR/p4src/fast_reroute.p4(146) Primitive swIdReg.read(swId, 0)
[23:29:54.620] [bmv2] [T] [thread 28914] [11.0] [cxt 0] Read register 'MyIngress.swIdReg' at index 0 read value 12
[23:29:54.620] [bmv2] [T] [thread 28914] [11.0] [cxt 0] /home/p4/git/master_degree_p4_unipampa/FRR/p4src/fast_reroute.p4(161) Primitive depotIdReg.read(depotId, 0)
[23:29:54.620] [bmv2] [T] [thread 28914] [11.0] [cxt 0] Read register 'MyIngress.depotIdReg' at index 0 read value 0
[23:29:54.620] [bmv2] [T] [thread 28914] [11.0] [cxt 0] /home/p4/git/master_degree_p4_unipampa/FRR/p4src/fast_reroute.p4(165) Primitive last_seen_pkt_timestamp.read(last_seen, hdr.pathHops.path_id)
[23:29:54.620] [bmv2] [T] [thread 28914] [11.0] [cxt 0] Read register 'MyIngress.last_seen_pkt_timestamp' at index 0 read value 0
[23:29:54.620] [bmv2] [T] [thread 28914] [11.0] [cxt 0] /home/p4/git/master_degree_p4_unipampa/FRR/p4src/fast_reroute.p4(169) Primitive maxTimeOutDepotReg.read(threshold, 0)
[23:29:54.620] [bmv2] [T] [thread 28914] [11.0] [cxt 0] Read register 'MyIngress.maxTimeOutDepotReg' at index 0 read value 0
[23:29:54.620] [bmv2] [T] [thread 28914] [11.0] [cxt 0] /home/p4/git/master_degree_p4_unipampa/FRR/p4src/fast_reroute.p4(177) Primitive isAltReg.read(isAltVar, hdr.pathHops.path_id)
[23:29:54.620] [bmv2] [T] [thread 28914] [11.0] [cxt 0] Read register 'MyIngress.isAltReg' at index 0 read value 0
[23:29:54.620] [bmv2] [T] [thread 28914] [11.0] [cxt 0] /home/p4/git/master_degree_p4_unipampa/FRR/p4src/fast_reroute.p4(157) Primitive standard_metadata.ingress_global_timestamp; //for more flows, this should be an array (register) ...
[23:29:54.620] [bmv2] [T] [thread 28914] [11.0] [cxt 0] Applying table 'MyIngress.len_primary_path'
[23:29:54.620] [bmv2] [D] [thread 28914] [11.0] [cxt 0] Looking up key:
* hdr.pathHops.path_id: 00000000

[23:29:54.620] [bmv2] [D] [thread 28914] [11.0] [cxt 0] Table 'MyIngress.len_primary_path': miss
[23:29:54.620] [bmv2] [D] [thread 28914] [11.0] [cxt 0] Action entry is NoAction - 
[23:29:54.620] [bmv2] [T] [thread 28914] [11.0] [cxt 0] Action NoAction
[23:29:54.620] [bmv2] [T] [thread 28914] [11.0] [cxt 0] Applying table 'MyIngress.len_alternative_path'
[23:29:54.620] [bmv2] [D] [thread 28914] [11.0] [cxt 0] Looking up key:
* hdr.pathHops.path_id: 00000000

[23:29:54.620] [bmv2] [D] [thread 28914] [11.0] [cxt 0] Table 'MyIngress.len_alternative_path': miss
[23:29:54.621] [bmv2] [D] [thread 28914] [11.0] [cxt 0] Action entry is NoAction - 
[23:29:54.621] [bmv2] [T] [thread 28914] [11.0] [cxt 0] Action NoAction
[23:29:54.621] [bmv2] [T] [thread 28914] [11.0] [cxt 0] Applying table 'tbl_fast_reroute197'
[23:29:54.621] [bmv2] [D] [thread 28914] [11.0] [cxt 0] Looking up key:

[23:29:54.621] [bmv2] [D] [thread 28914] [11.0] [cxt 0] Table 'tbl_fast_reroute197': miss
[23:29:54.621] [bmv2] [D] [thread 28914] [11.0] [cxt 0] Action entry is fast_reroute197 - 
[23:29:54.621] [bmv2] [T] [thread 28914] [11.0] [cxt 0] Action fast_reroute197
[23:29:54.621] [bmv2] [T] [thread 28914] [11.0] [cxt 0] /home/p4/git/master_degree_p4_unipampa/FRR/p4src/fast_reroute.p4(197) Primitive lenHashPrimaryPathSize.read(meta.lenHashPrimaryPathSize, 0)
[23:29:54.621] [bmv2] [T] [thread 28914] [11.0] [cxt 0] Read register 'MyIngress.lenHashPrimaryPathSize' at index 0 read value 0
[23:29:54.621] [bmv2] [T] [thread 28914] [11.0] [cxt 0] /home/p4/git/master_degree_p4_unipampa/FRR/p4src/fast_reroute.p4(201) Condition "swId == depotId && hdr.pathHops.pkt_timestamp - last_seen >= threshold && hdr.pathHops.has_visited_depot == 0" (node_8) is false
[23:29:54.621] [bmv2] [T] [thread 28914] [11.0] [cxt 0] /home/p4/git/master_degree_p4_unipampa/FRR/p4src/fast_reroute.p4(252) Condition "swId == depotId && hdr.pathHops.is_tracker > 0 && hdr.pathHops.has_visited_depot > 0" (node_26) is false
[23:29:54.621] [bmv2] [T] [thread 28914] [11.0] [cxt 0] /home/p4/git/master_degree_p4_unipampa/FRR/p4src/fast_reroute.p4(265) Condition "hdr.pathHops.which_alt_switch == 0" (node_28) is false
[23:29:54.621] [bmv2] [T] [thread 28914] [11.0] [cxt 0] /home/p4/git/master_degree_p4_unipampa/FRR/p4src/fast_reroute.p4(275) Condition "hdr.pathHops.which_alt_switch > 0 && swId == (bit<8>)hdr.pathHops.which_alt_switch" (node_33) is false
[23:29:54.621] [bmv2] [T] [thread 28914] [11.0] [cxt 0] Applying table 'tbl_fast_reroute287'
[23:29:54.621] [bmv2] [D] [thread 28914] [11.0] [cxt 0] Looking up key:

[23:29:54.621] [bmv2] [D] [thread 28914] [11.0] [cxt 0] Table 'tbl_fast_reroute287': miss
[23:29:54.621] [bmv2] [D] [thread 28914] [11.0] [cxt 0] Action entry is fast_reroute287 - 
[23:29:54.621] [bmv2] [T] [thread 28914] [11.0] [cxt 0] Action fast_reroute287
[23:29:54.621] [bmv2] [T] [thread 28914] [11.0] [cxt 0] /home/p4/git/master_degree_p4_unipampa/FRR/p4src/fast_reroute.p4(287) Primitive hdr.pathHops.num_times_curr_switch = (hdr.pathHops.num_times_curr_switch & ~mask) | ((bit<64>)1 << swId)
[23:29:54.621] [bmv2] [T] [thread 28914] [11.0] [cxt 0] /home/p4/git/master_degree_p4_unipampa/FRR/p4src/fast_reroute.p4(288) Primitive primaryNH_1.read(meta.nextHop, hdr.pathHops.path_id)
[23:29:54.621] [bmv2] [T] [thread 28914] [11.0] [cxt 0] Read register 'MyIngress.primaryNH_1' at index 0 read value 2
[23:29:54.621] [bmv2] [T] [thread 28914] [11.0] [cxt 0] /home/p4/git/master_degree_p4_unipampa/FRR/p4src/fast_reroute.p4(289) Condition "meta.nextHop == 9999" (node_40) is false
[23:29:54.621] [bmv2] [T] [thread 28914] [11.0] [cxt 0] /home/p4/git/master_degree_p4_unipampa/FRR/p4src/fast_reroute.p4(295) Condition "swId == depotId && isAltVar > 0" (node_42) is false
[23:29:54.621] [bmv2] [T] [thread 28914] [11.0] [cxt 0] Applying table 'tbl_fast_reroute303'
[23:29:54.621] [bmv2] [D] [thread 28914] [11.0] [cxt 0] Looking up key:

[23:29:54.621] [bmv2] [D] [thread 28914] [11.0] [cxt 0] Table 'tbl_fast_reroute303': miss
[23:29:54.621] [bmv2] [D] [thread 28914] [11.0] [cxt 0] Action entry is fast_reroute303 - 
[23:29:54.621] [bmv2] [T] [thread 28914] [11.0] [cxt 0] Action fast_reroute303
[23:29:54.621] [bmv2] [T] [thread 28914] [11.0] [cxt 0] /home/p4/git/master_degree_p4_unipampa/FRR/p4src/fast_reroute.p4(303) Primitive forcePrimaryPathReg.read(forcePrimaryPathVar, hdr.pathHops.path_id)
[23:29:54.621] [bmv2] [T] [thread 28914] [11.0] [cxt 0] Read register 'MyIngress.forcePrimaryPathReg' at index 0 read value 0
[23:29:54.621] [bmv2] [T] [thread 28914] [11.0] [cxt 0] /home/p4/git/master_degree_p4_unipampa/FRR/p4src/fast_reroute.p4(304) Condition "hdr.pathHops.is_tracker > 0 || forcePrimaryPathVar > 0" (node_45) is false
[23:29:54.621] [bmv2] [T] [thread 28914] [11.0] [cxt 0] Applying table 'tbl_fast_reroute314'
[23:29:54.621] [bmv2] [D] [thread 28914] [11.0] [cxt 0] Looking up key:

[23:29:54.621] [bmv2] [D] [thread 28914] [11.0] [cxt 0] Table 'tbl_fast_reroute314': miss
[23:29:54.621] [bmv2] [D] [thread 28914] [11.0] [cxt 0] Action entry is fast_reroute314 - 
[23:29:54.621] [bmv2] [T] [thread 28914] [11.0] [cxt 0] Action fast_reroute314
[23:29:54.621] [bmv2] [T] [thread 28914] [11.0] [cxt 0] /home/p4/git/master_degree_p4_unipampa/FRR/p4src/fast_reroute.p4(314) Primitive standard_metadata.egress_spec = (bit<9>) meta.nextHop
[23:29:54.621] [bmv2] [T] [thread 28914] [11.0] [cxt 0] /home/p4/git/master_degree_p4_unipampa/FRR/p4src/fast_reroute.p4(317) Condition "swId == depotId && hdr.pathHops.has_visited_depot > 0" (node_50) is false
[23:29:54.621] [bmv2] [T] [thread 28914] [11.0] [cxt 0] /home/p4/git/master_degree_p4_unipampa/FRR/p4src/fast_reroute.p4(322) Condition "swId == depotId && hdr.pathHops.has_visited_depot == 0" (node_52) is false
[23:29:54.621] [bmv2] [T] [thread 28914] [11.0] [cxt 0] /home/p4/git/master_degree_p4_unipampa/FRR/p4src/fast_reroute.p4(327) Condition "swId == depotId && hdr.pathHops.numHop >= meta.lenPrimaryPathSize && hdr.pathHops.has_visited_depot > 0" (node_54) is false
[23:29:54.621] [bmv2] [D] [thread 28914] [11.0] [cxt 0] Pipeline 'ingress': end
[23:29:54.621] [bmv2] [D] [thread 28914] [11.0] [cxt 0] Egress port is 2
[23:29:54.622] [bmv2] [D] [thread 28917] [11.0] [cxt 0] Pipeline 'egress': start
[23:29:54.622] [bmv2] [D] [thread 28917] [11.0] [cxt 0] Pipeline 'egress': end
[23:29:54.622] [bmv2] [D] [thread 28917] [11.0] [cxt 0] Deparser 'deparser': start
[23:29:54.622] [bmv2] [D] [thread 28917] [11.0] [cxt 0] Updating checksum 'cksum'
[23:29:54.622] [bmv2] [D] [thread 28917] [11.0] [cxt 0] Deparsing header 'ethernet'
[23:29:54.622] [bmv2] [D] [thread 28917] [11.0] [cxt 0] Deparsing header 'ipv4'
[23:29:54.622] [bmv2] [D] [thread 28917] [11.0] [cxt 0] Deparsing header 'pathHops'
[23:29:54.622] [bmv2] [D] [thread 28917] [11.0] [cxt 0] Deparser 'deparser': end
[23:29:54.622] [bmv2] [D] [thread 28919] [11.0] [cxt 0] Transmitting packet of size 63 out of port 2
open: No such file or directory
open: No such file or directory
