Warning: you requested the nanomsg event logger, but bmv2 was compiled without -DBMELOG, and the event logger cannot be activated
Calling target program-options parser
[17:23:21.806] [bmv2] [D] [thread 24321] Set default default entry for table 'tbl_update_curr_path_size': MyIngress.update_curr_path_size - 
[17:23:21.807] [bmv2] [D] [thread 24321] Set default default entry for table 'tbl_fast_reroute_controller144': fast_reroute_controller144 - 
[17:23:21.807] [bmv2] [D] [thread 24321] Set default default entry for table 'tbl_fast_reroute_controller179': fast_reroute_controller179 - 
[17:23:21.807] [bmv2] [D] [thread 24321] Set default default entry for table 'tbl_fast_reroute_controller181': fast_reroute_controller181 - 
[17:23:21.807] [bmv2] [D] [thread 24321] Set default default entry for table 'tbl_fast_reroute_controller184': fast_reroute_controller184 - 
[17:23:21.807] [bmv2] [D] [thread 24321] Set default default entry for table 'tbl_fast_reroute_controller186': fast_reroute_controller186 - 
[17:23:21.807] [bmv2] [D] [thread 24321] Set default default entry for table 'MyIngress.len_primary_path': NoAction - 
[17:23:21.807] [bmv2] [D] [thread 24321] Set default default entry for table 'MyIngress.len_alternative_path': NoAction - 
[17:23:21.807] [bmv2] [D] [thread 24321] Set default default entry for table 'tbl_fast_reroute_controller192': fast_reroute_controller192 - 
[17:23:21.807] [bmv2] [D] [thread 24321] Set default default entry for table 'tbl_fast_reroute_controller199': fast_reroute_controller199 - 
[17:23:21.807] [bmv2] [D] [thread 24321] Set default default entry for table 'tbl_fast_reroute_controller203': fast_reroute_controller203 - 
[17:23:21.807] [bmv2] [D] [thread 24321] Set default default entry for table 'tbl_fast_reroute_controller206': fast_reroute_controller206 - 
[17:23:21.807] [bmv2] [D] [thread 24321] Set default default entry for table 'tbl_fast_reroute_controller209': fast_reroute_controller209 - 
[17:23:21.807] [bmv2] [D] [thread 24321] Set default default entry for table 'tbl_fast_reroute_controller214': fast_reroute_controller214 - 
[17:23:21.807] [bmv2] [D] [thread 24321] Set default default entry for table 'tbl_fast_reroute_controller223': fast_reroute_controller223 - 
[17:23:21.807] [bmv2] [D] [thread 24321] Set default default entry for table 'tbl_fast_reroute_controller227': fast_reroute_controller227 - 
[17:23:21.807] [bmv2] [D] [thread 24321] Set default default entry for table 'tbl_fast_reroute_controller230': fast_reroute_controller230 - 
[17:23:21.807] [bmv2] [D] [thread 24321] Set default default entry for table 'tbl_fast_reroute_controller233': fast_reroute_controller233 - 
[17:23:21.807] [bmv2] [D] [thread 24321] Set default default entry for table 'tbl_fast_reroute_controller237': fast_reroute_controller237 - 
[17:23:21.807] [bmv2] [D] [thread 24321] Set default default entry for table 'tbl_fast_reroute_controller246': fast_reroute_controller246 - 
[17:23:21.807] [bmv2] [D] [thread 24321] Set default default entry for table 'tbl_fast_reroute_controller257': fast_reroute_controller257 - 
[17:23:21.807] [bmv2] [D] [thread 24321] Set default default entry for table 'tbl_fast_reroute_controller263': fast_reroute_controller263 - 
[17:23:21.807] [bmv2] [D] [thread 24321] Set default default entry for table 'tbl_fast_reroute_controller276': fast_reroute_controller276 - 
[17:23:21.807] [bmv2] [D] [thread 24321] Set default default entry for table 'tbl_fast_reroute_controller278': fast_reroute_controller278 - 
[17:23:21.807] [bmv2] [D] [thread 24321] Set default default entry for table 'tbl_fast_reroute_controller280': fast_reroute_controller280 - 
[17:23:21.807] [bmv2] [D] [thread 24321] Set default default entry for table 'tbl_fast_reroute_controller286': fast_reroute_controller286 - 
[17:23:21.807] [bmv2] [D] [thread 24321] Set default default entry for table 'tbl_fast_reroute_controller288': fast_reroute_controller288 - 
[17:23:21.807] [bmv2] [D] [thread 24321] Set default default entry for table 'tbl_fast_reroute_controller290': fast_reroute_controller290 - 
[17:23:21.808] [bmv2] [D] [thread 24321] Set default default entry for table 'tbl_fast_reroute_controller293': fast_reroute_controller293 - 
[17:23:21.808] [bmv2] [D] [thread 24321] Set default default entry for table 'tbl_fast_reroute_controller297': fast_reroute_controller297 - 
[17:23:21.808] [bmv2] [D] [thread 24321] Set default default entry for table 'tbl_fast_reroute_controller300': fast_reroute_controller300 - 
[17:23:21.808] [bmv2] [D] [thread 24321] Set default default entry for table 'tbl_fast_reroute_controller302': fast_reroute_controller302 - 
[17:23:21.808] [bmv2] [D] [thread 24321] Set default default entry for table 'tbl_fast_reroute_controller304': fast_reroute_controller304 - 
[17:23:21.808] [bmv2] [D] [thread 24321] Set default default entry for table 'tbl_fast_reroute_controller308': fast_reroute_controller308 - 
[17:23:21.808] [bmv2] [D] [thread 24321] Set default default entry for table 'tbl_fast_reroute_controller310': fast_reroute_controller310 - 
[17:23:21.808] [bmv2] [D] [thread 24321] Set default default entry for table 'tbl_fast_reroute_controller313': fast_reroute_controller313 - 
[17:23:21.808] [bmv2] [D] [thread 24321] Set default default entry for table 'tbl_fast_reroute_controller319': fast_reroute_controller319 - 
[17:23:21.808] [bmv2] [D] [thread 24321] Set default default entry for table 'tbl_read_depot_port': MyIngress.read_depot_port - 
[17:23:21.808] [bmv2] [D] [thread 24321] Set default default entry for table 'tbl_fast_reroute_controller325': fast_reroute_controller325 - 
[17:23:21.808] [bmv2] [D] [thread 24321] Set default default entry for table 'tbl_reset_curr_path_size': MyIngress.reset_curr_path_size - 
Adding interface s51-eth1 as port 1
[17:23:21.821] [bmv2] [D] [thread 24321] Adding interface s51-eth1 as port 1
Adding interface s51-eth2 as port 2
[17:23:21.855] [bmv2] [D] [thread 24321] Adding interface s51-eth2 as port 2
[17:23:21.887] [bmv2] [I] [thread 24321] Starting Thrift server on port 9099
[17:23:21.887] [bmv2] [I] [thread 24321] Thrift server was started
[17:23:21.932] [bmv2] [D] [thread 24327] [0.0] [cxt 0] Processing packet received on port 1
[17:23:21.932] [bmv2] [D] [thread 24327] [0.0] [cxt 0] Parser 'parser': start
[17:23:21.932] [bmv2] [D] [thread 24327] [0.0] [cxt 0] Parser 'parser' entering state 'start'
[17:23:21.932] [bmv2] [D] [thread 24327] [0.0] [cxt 0] Extracting header 'ethernet'
[17:23:21.932] [bmv2] [D] [thread 24327] [0.0] [cxt 0] Parser state 'start': key is 86dd
[17:23:21.932] [bmv2] [T] [thread 24327] [0.0] [cxt 0] Bytes parsed: 14
[17:23:21.932] [bmv2] [D] [thread 24327] [0.0] [cxt 0] Parser 'parser': end
[17:23:21.932] [bmv2] [D] [thread 24327] [0.0] [cxt 0] Pipeline 'ingress': start
[17:23:21.932] [bmv2] [T] [thread 24327] [0.0] [cxt 0] /home/p4/git/master_degree_p4_unipampa/FRR/p4src/fast_reroute_controller.p4(136) Condition "hdr.ipv4.isValid()" (node_2) is false
[17:23:21.932] [bmv2] [D] [thread 24327] [0.0] [cxt 0] Pipeline 'ingress': end
[17:23:21.932] [bmv2] [D] [thread 24327] [0.0] [cxt 0] Egress port is 0
[17:23:21.932] [bmv2] [D] [thread 24327] [1.0] [cxt 0] Processing packet received on port 1
[17:23:21.932] [bmv2] [D] [thread 24327] [1.0] [cxt 0] Parser 'parser': start
[17:23:21.932] [bmv2] [D] [thread 24327] [1.0] [cxt 0] Parser 'parser' entering state 'start'
[17:23:21.932] [bmv2] [D] [thread 24327] [1.0] [cxt 0] Extracting header 'ethernet'
[17:23:21.932] [bmv2] [D] [thread 24327] [1.0] [cxt 0] Parser state 'start': key is 86dd
[17:23:21.932] [bmv2] [T] [thread 24327] [1.0] [cxt 0] Bytes parsed: 14
[17:23:21.932] [bmv2] [D] [thread 24327] [1.0] [cxt 0] Parser 'parser': end
[17:23:21.932] [bmv2] [D] [thread 24327] [1.0] [cxt 0] Pipeline 'ingress': start
[17:23:21.932] [bmv2] [T] [thread 24327] [1.0] [cxt 0] /home/p4/git/master_degree_p4_unipampa/FRR/p4src/fast_reroute_controller.p4(136) Condition "hdr.ipv4.isValid()" (node_2) is false
[17:23:21.932] [bmv2] [D] [thread 24327] [1.0] [cxt 0] Pipeline 'ingress': end
[17:23:21.932] [bmv2] [D] [thread 24327] [1.0] [cxt 0] Egress port is 0
[17:23:21.932] [bmv2] [D] [thread 24328] [0.0] [cxt 0] Pipeline 'egress': start
[17:23:21.932] [bmv2] [D] [thread 24328] [0.0] [cxt 0] Pipeline 'egress': end
[17:23:21.932] [bmv2] [D] [thread 24328] [0.0] [cxt 0] Deparser 'deparser': start
[17:23:21.932] [bmv2] [T] [thread 24328] [0.0] [cxt 0] Skipping checksum 'cksum' update because condition not met
[17:23:21.932] [bmv2] [D] [thread 24328] [0.0] [cxt 0] Deparsing header 'ethernet'
[17:23:21.932] [bmv2] [D] [thread 24328] [0.0] [cxt 0] Deparser 'deparser': end
[17:23:21.932] [bmv2] [D] [thread 24328] [1.0] [cxt 0] Pipeline 'egress': start
[17:23:21.932] [bmv2] [D] [thread 24328] [1.0] [cxt 0] Pipeline 'egress': end
[17:23:21.932] [bmv2] [D] [thread 24328] [1.0] [cxt 0] Deparser 'deparser': start
[17:23:21.932] [bmv2] [T] [thread 24328] [1.0] [cxt 0] Skipping checksum 'cksum' update because condition not met
[17:23:21.932] [bmv2] [D] [thread 24328] [1.0] [cxt 0] Deparsing header 'ethernet'
[17:23:21.932] [bmv2] [D] [thread 24328] [1.0] [cxt 0] Deparser 'deparser': end
[17:23:21.932] [bmv2] [D] [thread 24332] [0.0] [cxt 0] Transmitting packet of size 90 out of port 0
[17:23:21.932] [bmv2] [D] [thread 24332] [1.0] [cxt 0] Transmitting packet of size 70 out of port 0
[17:23:21.940] [bmv2] [D] [thread 24327] [2.0] [cxt 0] Processing packet received on port 1
[17:23:21.940] [bmv2] [D] [thread 24327] [2.0] [cxt 0] Parser 'parser': start
[17:23:21.940] [bmv2] [D] [thread 24327] [2.0] [cxt 0] Parser 'parser' entering state 'start'
[17:23:21.940] [bmv2] [D] [thread 24327] [2.0] [cxt 0] Extracting header 'ethernet'
[17:23:21.940] [bmv2] [D] [thread 24327] [2.0] [cxt 0] Parser state 'start': key is 86dd
[17:23:21.940] [bmv2] [T] [thread 24327] [2.0] [cxt 0] Bytes parsed: 14
[17:23:21.940] [bmv2] [D] [thread 24327] [2.0] [cxt 0] Parser 'parser': end
[17:23:21.940] [bmv2] [D] [thread 24327] [2.0] [cxt 0] Pipeline 'ingress': start
[17:23:21.940] [bmv2] [T] [thread 24327] [2.0] [cxt 0] /home/p4/git/master_degree_p4_unipampa/FRR/p4src/fast_reroute_controller.p4(136) Condition "hdr.ipv4.isValid()" (node_2) is false
[17:23:21.940] [bmv2] [D] [thread 24327] [2.0] [cxt 0] Pipeline 'ingress': end
[17:23:21.940] [bmv2] [D] [thread 24327] [2.0] [cxt 0] Egress port is 0
[17:23:21.940] [bmv2] [D] [thread 24328] [2.0] [cxt 0] Pipeline 'egress': start
[17:23:21.940] [bmv2] [D] [thread 24328] [2.0] [cxt 0] Pipeline 'egress': end
[17:23:21.940] [bmv2] [D] [thread 24328] [2.0] [cxt 0] Deparser 'deparser': start
[17:23:21.940] [bmv2] [T] [thread 24328] [2.0] [cxt 0] Skipping checksum 'cksum' update because condition not met
[17:23:21.940] [bmv2] [D] [thread 24328] [2.0] [cxt 0] Deparsing header 'ethernet'
[17:23:21.940] [bmv2] [D] [thread 24328] [2.0] [cxt 0] Deparser 'deparser': end
[17:23:21.940] [bmv2] [D] [thread 24332] [2.0] [cxt 0] Transmitting packet of size 125 out of port 0
[17:23:21.943] [bmv2] [D] [thread 24327] [3.0] [cxt 0] Processing packet received on port 1
[17:23:21.943] [bmv2] [D] [thread 24327] [3.0] [cxt 0] Parser 'parser': start
[17:23:21.943] [bmv2] [D] [thread 24327] [3.0] [cxt 0] Parser 'parser' entering state 'start'
[17:23:21.943] [bmv2] [D] [thread 24327] [3.0] [cxt 0] Extracting header 'ethernet'
[17:23:21.943] [bmv2] [D] [thread 24327] [3.0] [cxt 0] Parser state 'start': key is 86dd
[17:23:21.943] [bmv2] [T] [thread 24327] [3.0] [cxt 0] Bytes parsed: 14
[17:23:21.943] [bmv2] [D] [thread 24327] [3.0] [cxt 0] Parser 'parser': end
[17:23:21.943] [bmv2] [D] [thread 24327] [3.0] [cxt 0] Pipeline 'ingress': start
[17:23:21.943] [bmv2] [T] [thread 24327] [3.0] [cxt 0] /home/p4/git/master_degree_p4_unipampa/FRR/p4src/fast_reroute_controller.p4(136) Condition "hdr.ipv4.isValid()" (node_2) is false
[17:23:21.943] [bmv2] [D] [thread 24327] [3.0] [cxt 0] Pipeline 'ingress': end
[17:23:21.943] [bmv2] [D] [thread 24327] [3.0] [cxt 0] Egress port is 0
[17:23:21.943] [bmv2] [D] [thread 24328] [3.0] [cxt 0] Pipeline 'egress': start
[17:23:21.943] [bmv2] [D] [thread 24328] [3.0] [cxt 0] Pipeline 'egress': end
[17:23:21.943] [bmv2] [D] [thread 24328] [3.0] [cxt 0] Deparser 'deparser': start
[17:23:21.943] [bmv2] [T] [thread 24328] [3.0] [cxt 0] Skipping checksum 'cksum' update because condition not met
[17:23:21.943] [bmv2] [D] [thread 24328] [3.0] [cxt 0] Deparsing header 'ethernet'
[17:23:21.943] [bmv2] [D] [thread 24328] [3.0] [cxt 0] Deparser 'deparser': end
[17:23:21.944] [bmv2] [D] [thread 24332] [3.0] [cxt 0] Transmitting packet of size 90 out of port 0
[17:23:21.963] [bmv2] [D] [thread 24327] [4.0] [cxt 0] Processing packet received on port 2
[17:23:21.963] [bmv2] [D] [thread 24327] [4.0] [cxt 0] Parser 'parser': start
[17:23:21.963] [bmv2] [D] [thread 24327] [4.0] [cxt 0] Parser 'parser' entering state 'start'
[17:23:21.963] [bmv2] [D] [thread 24327] [4.0] [cxt 0] Extracting header 'ethernet'
[17:23:21.963] [bmv2] [D] [thread 24327] [4.0] [cxt 0] Parser state 'start': key is 86dd
[17:23:21.963] [bmv2] [T] [thread 24327] [4.0] [cxt 0] Bytes parsed: 14
[17:23:21.963] [bmv2] [D] [thread 24327] [4.0] [cxt 0] Parser 'parser': end
[17:23:21.963] [bmv2] [D] [thread 24327] [4.0] [cxt 0] Pipeline 'ingress': start
[17:23:21.963] [bmv2] [T] [thread 24327] [4.0] [cxt 0] /home/p4/git/master_degree_p4_unipampa/FRR/p4src/fast_reroute_controller.p4(136) Condition "hdr.ipv4.isValid()" (node_2) is false
[17:23:21.963] [bmv2] [D] [thread 24327] [4.0] [cxt 0] Pipeline 'ingress': end
[17:23:21.963] [bmv2] [D] [thread 24327] [4.0] [cxt 0] Egress port is 0
[17:23:21.963] [bmv2] [D] [thread 24327] [5.0] [cxt 0] Processing packet received on port 2
[17:23:21.963] [bmv2] [D] [thread 24327] [5.0] [cxt 0] Parser 'parser': start
[17:23:21.963] [bmv2] [D] [thread 24327] [5.0] [cxt 0] Parser 'parser' entering state 'start'
[17:23:21.963] [bmv2] [D] [thread 24327] [5.0] [cxt 0] Extracting header 'ethernet'
[17:23:21.964] [bmv2] [D] [thread 24327] [5.0] [cxt 0] Parser state 'start': key is 86dd
[17:23:21.964] [bmv2] [T] [thread 24327] [5.0] [cxt 0] Bytes parsed: 14
[17:23:21.964] [bmv2] [D] [thread 24327] [5.0] [cxt 0] Parser 'parser': end
[17:23:21.964] [bmv2] [D] [thread 24327] [5.0] [cxt 0] Pipeline 'ingress': start
[17:23:21.964] [bmv2] [T] [thread 24327] [5.0] [cxt 0] /home/p4/git/master_degree_p4_unipampa/FRR/p4src/fast_reroute_controller.p4(136) Condition "hdr.ipv4.isValid()" (node_2) is false
[17:23:21.964] [bmv2] [D] [thread 24327] [5.0] [cxt 0] Pipeline 'ingress': end
[17:23:21.964] [bmv2] [D] [thread 24327] [5.0] [cxt 0] Egress port is 0
[17:23:21.964] [bmv2] [D] [thread 24328] [4.0] [cxt 0] Pipeline 'egress': start
[17:23:21.964] [bmv2] [D] [thread 24328] [4.0] [cxt 0] Pipeline 'egress': end
[17:23:21.964] [bmv2] [D] [thread 24328] [4.0] [cxt 0] Deparser 'deparser': start
[17:23:21.964] [bmv2] [T] [thread 24328] [4.0] [cxt 0] Skipping checksum 'cksum' update because condition not met
[17:23:21.964] [bmv2] [D] [thread 24328] [4.0] [cxt 0] Deparsing header 'ethernet'
[17:23:21.964] [bmv2] [D] [thread 24328] [4.0] [cxt 0] Deparser 'deparser': end
[17:23:21.964] [bmv2] [D] [thread 24328] [5.0] [cxt 0] Pipeline 'egress': start
[17:23:21.964] [bmv2] [D] [thread 24328] [5.0] [cxt 0] Pipeline 'egress': end
[17:23:21.964] [bmv2] [D] [thread 24328] [5.0] [cxt 0] Deparser 'deparser': start
[17:23:21.964] [bmv2] [T] [thread 24328] [5.0] [cxt 0] Skipping checksum 'cksum' update because condition not met
[17:23:21.964] [bmv2] [D] [thread 24328] [5.0] [cxt 0] Deparsing header 'ethernet'
[17:23:21.964] [bmv2] [D] [thread 24328] [5.0] [cxt 0] Deparser 'deparser': end
[17:23:21.964] [bmv2] [D] [thread 24332] [4.0] [cxt 0] Transmitting packet of size 90 out of port 0
[17:23:21.964] [bmv2] [D] [thread 24332] [5.0] [cxt 0] Transmitting packet of size 70 out of port 0
[17:23:21.975] [bmv2] [D] [thread 24327] [6.0] [cxt 0] Processing packet received on port 2
[17:23:21.975] [bmv2] [D] [thread 24327] [6.0] [cxt 0] Parser 'parser': start
[17:23:21.975] [bmv2] [D] [thread 24327] [6.0] [cxt 0] Parser 'parser' entering state 'start'
[17:23:21.975] [bmv2] [D] [thread 24327] [6.0] [cxt 0] Extracting header 'ethernet'
[17:23:21.975] [bmv2] [D] [thread 24327] [6.0] [cxt 0] Parser state 'start': key is 86dd
[17:23:21.975] [bmv2] [T] [thread 24327] [6.0] [cxt 0] Bytes parsed: 14
[17:23:21.975] [bmv2] [D] [thread 24327] [6.0] [cxt 0] Parser 'parser': end
[17:23:21.975] [bmv2] [D] [thread 24327] [6.0] [cxt 0] Pipeline 'ingress': start
[17:23:21.975] [bmv2] [T] [thread 24327] [6.0] [cxt 0] /home/p4/git/master_degree_p4_unipampa/FRR/p4src/fast_reroute_controller.p4(136) Condition "hdr.ipv4.isValid()" (node_2) is false
[17:23:21.975] [bmv2] [D] [thread 24327] [6.0] [cxt 0] Pipeline 'ingress': end
[17:23:21.975] [bmv2] [D] [thread 24327] [6.0] [cxt 0] Egress port is 0
[17:23:21.975] [bmv2] [D] [thread 24328] [6.0] [cxt 0] Pipeline 'egress': start
[17:23:21.975] [bmv2] [D] [thread 24328] [6.0] [cxt 0] Pipeline 'egress': end
[17:23:21.975] [bmv2] [D] [thread 24328] [6.0] [cxt 0] Deparser 'deparser': start
[17:23:21.975] [bmv2] [T] [thread 24328] [6.0] [cxt 0] Skipping checksum 'cksum' update because condition not met
[17:23:21.975] [bmv2] [D] [thread 24328] [6.0] [cxt 0] Deparsing header 'ethernet'
[17:23:21.975] [bmv2] [D] [thread 24328] [6.0] [cxt 0] Deparser 'deparser': end
[17:23:21.975] [bmv2] [D] [thread 24332] [6.0] [cxt 0] Transmitting packet of size 90 out of port 0
[17:23:22.014] [bmv2] [D] [thread 24327] [7.0] [cxt 0] Processing packet received on port 1
[17:23:22.014] [bmv2] [D] [thread 24327] [7.0] [cxt 0] Parser 'parser': start
[17:23:22.014] [bmv2] [D] [thread 24327] [7.0] [cxt 0] Parser 'parser' entering state 'start'
[17:23:22.014] [bmv2] [D] [thread 24327] [7.0] [cxt 0] Extracting header 'ethernet'
[17:23:22.014] [bmv2] [D] [thread 24327] [7.0] [cxt 0] Parser state 'start': key is 86dd
[17:23:22.014] [bmv2] [T] [thread 24327] [7.0] [cxt 0] Bytes parsed: 14
[17:23:22.014] [bmv2] [D] [thread 24327] [7.0] [cxt 0] Parser 'parser': end
[17:23:22.014] [bmv2] [D] [thread 24327] [7.0] [cxt 0] Pipeline 'ingress': start
[17:23:22.014] [bmv2] [T] [thread 24327] [7.0] [cxt 0] /home/p4/git/master_degree_p4_unipampa/FRR/p4src/fast_reroute_controller.p4(136) Condition "hdr.ipv4.isValid()" (node_2) is false
[17:23:22.014] [bmv2] [D] [thread 24327] [7.0] [cxt 0] Pipeline 'ingress': end
[17:23:22.014] [bmv2] [D] [thread 24327] [7.0] [cxt 0] Egress port is 0
[17:23:22.014] [bmv2] [D] [thread 24328] [7.0] [cxt 0] Pipeline 'egress': start
[17:23:22.014] [bmv2] [D] [thread 24328] [7.0] [cxt 0] Pipeline 'egress': end
[17:23:22.014] [bmv2] [D] [thread 24328] [7.0] [cxt 0] Deparser 'deparser': start
[17:23:22.014] [bmv2] [T] [thread 24328] [7.0] [cxt 0] Skipping checksum 'cksum' update because condition not met
[17:23:22.014] [bmv2] [D] [thread 24328] [7.0] [cxt 0] Deparsing header 'ethernet'
[17:23:22.014] [bmv2] [D] [thread 24328] [7.0] [cxt 0] Deparser 'deparser': end
[17:23:22.014] [bmv2] [D] [thread 24332] [7.0] [cxt 0] Transmitting packet of size 210 out of port 0
[17:23:31.754] [bmv2] [T] [thread 24522] bm_get_config
[17:23:31.756] [bmv2] [T] [thread 24522] bm_mt_get_entries
[17:23:31.757] [bmv2] [T] [thread 24522] bm_mt_get_entries
[17:23:31.992] [bmv2] [T] [thread 24522] bm_reset_state
[17:23:32.002] [bmv2] [D] [thread 24522] Resetting simple_switch target-specific state
[17:23:32.002] [bmv2] [D] [thread 24522] resetting PRE state
[17:23:32.049] [bmv2] [T] [thread 24522] bm_register_write
[17:23:32.049] [bmv2] [T] [thread 24522] bm_register_write
[17:23:32.049] [bmv2] [T] [thread 24522] bm_register_write
[17:23:32.049] [bmv2] [T] [thread 24522] bm_register_write
[17:23:32.049] [bmv2] [T] [thread 24522] bm_register_write
[17:23:32.050] [bmv2] [T] [thread 24522] bm_register_write
[17:23:32.050] [bmv2] [T] [thread 24522] bm_register_write
[17:23:32.050] [bmv2] [T] [thread 24522] bm_register_write
[17:23:32.050] [bmv2] [T] [thread 24522] bm_register_write
[17:23:32.050] [bmv2] [T] [thread 24522] bm_register_write
