Warning: you requested the nanomsg event logger, but bmv2 was compiled without -DBMELOG, and the event logger cannot be activated
Calling target program-options parser
[16:42:31.892] [bmv2] [D] [thread 14754] Set default default entry for table 'tbl_update_curr_path_size': MyIngress.update_curr_path_size - 
[16:42:31.892] [bmv2] [D] [thread 14754] Set default default entry for table 'tbl_fast_reroute201': fast_reroute201 - 
[16:42:31.892] [bmv2] [D] [thread 14754] Set default default entry for table 'tbl_fast_reroute226': fast_reroute226 - 
[16:42:31.892] [bmv2] [D] [thread 14754] Set default default entry for table 'tbl_fast_reroute228': fast_reroute228 - 
[16:42:31.892] [bmv2] [D] [thread 14754] Set default default entry for table 'tbl_fast_reroute231': fast_reroute231 - 
[16:42:31.892] [bmv2] [D] [thread 14754] Set default default entry for table 'tbl_fast_reroute233': fast_reroute233 - 
[16:42:31.892] [bmv2] [D] [thread 14754] Set default default entry for table 'MyIngress.len_primary_path': NoAction - 
[16:42:31.892] [bmv2] [D] [thread 14754] Set default default entry for table 'MyIngress.len_alternative_path': NoAction - 
[16:42:31.892] [bmv2] [D] [thread 14754] Set default default entry for table 'tbl_fast_reroute243': fast_reroute243 - 
[16:42:31.892] [bmv2] [D] [thread 14754] Set default default entry for table 'tbl_fast_reroute250': fast_reroute250 - 
[16:42:31.892] [bmv2] [D] [thread 14754] Set default default entry for table 'tbl_fast_reroute254': fast_reroute254 - 
[16:42:31.892] [bmv2] [D] [thread 14754] Set default default entry for table 'tbl_fast_reroute257': fast_reroute257 - 
[16:42:31.892] [bmv2] [D] [thread 14754] Set default default entry for table 'tbl_fast_reroute260': fast_reroute260 - 
[16:42:31.892] [bmv2] [D] [thread 14754] Set default default entry for table 'tbl_fast_reroute265': fast_reroute265 - 
[16:42:31.892] [bmv2] [D] [thread 14754] Set default default entry for table 'tbl_fast_reroute272': fast_reroute272 - 
[16:42:31.893] [bmv2] [D] [thread 14754] Set default default entry for table 'tbl_fast_reroute276': fast_reroute276 - 
[16:42:31.893] [bmv2] [D] [thread 14754] Set default default entry for table 'tbl_fast_reroute280': fast_reroute280 - 
[16:42:31.893] [bmv2] [D] [thread 14754] Set default default entry for table 'tbl_fast_reroute286': fast_reroute286 - 
[16:42:31.893] [bmv2] [D] [thread 14754] Set default default entry for table 'MyIngress.primary_path_exact_1': MyIngress.drop - 
[16:42:31.893] [bmv2] [D] [thread 14754] Set default default entry for table 'tbl_fast_reroute289': fast_reroute289 - 
[16:42:31.893] [bmv2] [D] [thread 14754] Set default default entry for table 'MyIngress.primary_path_exact_2': MyIngress.drop - 
[16:42:31.893] [bmv2] [D] [thread 14754] Set default default entry for table 'tbl_fast_reroute296': fast_reroute296 - 
[16:42:31.893] [bmv2] [D] [thread 14754] Set default default entry for table 'MyIngress.alternative_path_exact_1': MyIngress.drop - 
[16:42:31.893] [bmv2] [D] [thread 14754] Set default default entry for table 'tbl_fast_reroute299': fast_reroute299 - 
[16:42:31.893] [bmv2] [D] [thread 14754] Set default default entry for table 'MyIngress.alternative_path_exact_2': MyIngress.drop - 
[16:42:31.893] [bmv2] [D] [thread 14754] Set default default entry for table 'tbl_fast_reroute306': fast_reroute306 - 
[16:42:31.893] [bmv2] [D] [thread 14754] Set default default entry for table 'tbl_read_depot_port': MyIngress.read_depot_port - 
[16:42:31.893] [bmv2] [D] [thread 14754] Set default default entry for table 'tbl_fast_reroute312': fast_reroute312 - 
[16:42:31.893] [bmv2] [D] [thread 14754] Set default default entry for table 'tbl_reset_curr_path_size': MyIngress.reset_curr_path_size - 
[16:42:31.893] [bmv2] [D] [thread 14754] Set default default entry for table 'tbl_read_depot_port_0': MyIngress.read_depot_port - 
[16:42:31.893] [bmv2] [D] [thread 14754] Set default default entry for table 'tbl_fast_reroute317': fast_reroute317 - 
[16:42:31.893] [bmv2] [D] [thread 14754] Set default default entry for table 'tbl_reset_curr_path_size_0': MyIngress.reset_curr_path_size - 
Adding interface s7-eth1 as port 1
[16:42:31.899] [bmv2] [D] [thread 14754] Adding interface s7-eth1 as port 1
Adding interface s7-eth2 as port 2
[16:42:31.916] [bmv2] [D] [thread 14754] Adding interface s7-eth2 as port 2
[16:42:31.928] [bmv2] [I] [thread 14754] Starting Thrift server on port 9096
[16:42:31.928] [bmv2] [I] [thread 14754] Thrift server was started
[16:42:31.949] [bmv2] [D] [thread 14760] [0.0] [cxt 0] Processing packet received on port 1
[16:42:31.949] [bmv2] [D] [thread 14760] [0.0] [cxt 0] Parser 'parser': start
[16:42:31.949] [bmv2] [D] [thread 14760] [0.0] [cxt 0] Parser 'parser' entering state 'start'
[16:42:31.949] [bmv2] [D] [thread 14760] [0.0] [cxt 0] Extracting header 'ethernet'
[16:42:31.949] [bmv2] [D] [thread 14760] [0.0] [cxt 0] Parser state 'start': key is 86dd
[16:42:31.949] [bmv2] [T] [thread 14760] [0.0] [cxt 0] Bytes parsed: 14
[16:42:31.949] [bmv2] [D] [thread 14760] [0.0] [cxt 0] Parser 'parser': end
[16:42:31.949] [bmv2] [D] [thread 14760] [0.0] [cxt 0] Pipeline 'ingress': start
[16:42:31.949] [bmv2] [T] [thread 14760] [0.0] [cxt 0] /home/p4/git/master_degree_p4_unipampa/FRR/p4src/fast_reroute.p4(194) Condition "hdr.ipv4.isValid()" (node_2) is false
[16:42:31.949] [bmv2] [D] [thread 14760] [0.0] [cxt 0] Pipeline 'ingress': end
[16:42:31.949] [bmv2] [D] [thread 14760] [0.0] [cxt 0] Egress port is 0
[16:42:31.949] [bmv2] [D] [thread 14761] [0.0] [cxt 0] Pipeline 'egress': start
[16:42:31.949] [bmv2] [D] [thread 14761] [0.0] [cxt 0] Pipeline 'egress': end
[16:42:31.949] [bmv2] [D] [thread 14761] [0.0] [cxt 0] Deparser 'deparser': start
[16:42:31.949] [bmv2] [T] [thread 14761] [0.0] [cxt 0] Skipping checksum 'cksum' update because condition not met
[16:42:31.949] [bmv2] [D] [thread 14761] [0.0] [cxt 0] Deparsing header 'ethernet'
[16:42:31.949] [bmv2] [D] [thread 14761] [0.0] [cxt 0] Deparser 'deparser': end
[16:42:31.949] [bmv2] [D] [thread 14765] [0.0] [cxt 0] Transmitting packet of size 90 out of port 0
[16:42:31.949] [bmv2] [D] [thread 14760] [1.0] [cxt 0] Processing packet received on port 2
[16:42:31.949] [bmv2] [D] [thread 14760] [1.0] [cxt 0] Parser 'parser': start
[16:42:31.949] [bmv2] [D] [thread 14760] [1.0] [cxt 0] Parser 'parser' entering state 'start'
[16:42:31.949] [bmv2] [D] [thread 14760] [1.0] [cxt 0] Extracting header 'ethernet'
[16:42:31.949] [bmv2] [D] [thread 14760] [1.0] [cxt 0] Parser state 'start': key is 86dd
[16:42:31.949] [bmv2] [T] [thread 14760] [1.0] [cxt 0] Bytes parsed: 14
[16:42:31.949] [bmv2] [D] [thread 14760] [1.0] [cxt 0] Parser 'parser': end
[16:42:31.949] [bmv2] [D] [thread 14760] [1.0] [cxt 0] Pipeline 'ingress': start
[16:42:31.949] [bmv2] [T] [thread 14760] [1.0] [cxt 0] /home/p4/git/master_degree_p4_unipampa/FRR/p4src/fast_reroute.p4(194) Condition "hdr.ipv4.isValid()" (node_2) is false
[16:42:31.949] [bmv2] [D] [thread 14760] [1.0] [cxt 0] Pipeline 'ingress': end
[16:42:31.950] [bmv2] [D] [thread 14760] [1.0] [cxt 0] Egress port is 0
[16:42:31.950] [bmv2] [D] [thread 14761] [1.0] [cxt 0] Pipeline 'egress': start
[16:42:31.950] [bmv2] [D] [thread 14761] [1.0] [cxt 0] Pipeline 'egress': end
[16:42:31.950] [bmv2] [D] [thread 14761] [1.0] [cxt 0] Deparser 'deparser': start
[16:42:31.950] [bmv2] [T] [thread 14761] [1.0] [cxt 0] Skipping checksum 'cksum' update because condition not met
[16:42:31.950] [bmv2] [D] [thread 14761] [1.0] [cxt 0] Deparsing header 'ethernet'
[16:42:31.950] [bmv2] [D] [thread 14761] [1.0] [cxt 0] Deparser 'deparser': end
[16:42:31.950] [bmv2] [D] [thread 14765] [1.0] [cxt 0] Transmitting packet of size 86 out of port 0
[16:42:33.492] [bmv2] [T] [thread 14883] bm_get_config
[16:42:33.494] [bmv2] [T] [thread 14883] bm_mt_get_entries
[16:42:33.494] [bmv2] [T] [thread 14883] bm_mt_get_entries
[16:42:33.495] [bmv2] [T] [thread 14883] bm_mt_get_entries
[16:42:33.495] [bmv2] [T] [thread 14883] bm_mt_get_entries
[16:42:33.495] [bmv2] [T] [thread 14883] bm_mt_get_entries
[16:42:33.495] [bmv2] [T] [thread 14883] bm_mt_get_entries
[16:42:33.609] [bmv2] [T] [thread 14883] bm_reset_state
[16:42:33.618] [bmv2] [D] [thread 14883] Resetting simple_switch target-specific state
[16:42:33.618] [bmv2] [D] [thread 14883] resetting PRE state
[16:43:56.018] [bmv2] [T] [thread 14933] bm_get_config
[16:43:56.019] [bmv2] [T] [thread 14933] bm_mt_get_entries
[16:43:56.020] [bmv2] [T] [thread 14933] bm_mt_get_entries
[16:43:56.020] [bmv2] [T] [thread 14933] bm_mt_get_entries
[16:43:56.020] [bmv2] [T] [thread 14933] bm_mt_get_entries
[16:43:56.020] [bmv2] [T] [thread 14933] bm_mt_get_entries
[16:43:56.020] [bmv2] [T] [thread 14933] bm_mt_get_entries
[16:43:56.089] [bmv2] [T] [thread 14933] bm_reset_state
[16:43:56.109] [bmv2] [D] [thread 14933] Resetting simple_switch target-specific state
[16:43:56.109] [bmv2] [D] [thread 14933] resetting PRE state
[16:44:13.650] [bmv2] [T] [thread 14972] bm_get_config
[16:44:13.651] [bmv2] [T] [thread 14972] bm_mt_get_entries
[16:44:13.651] [bmv2] [T] [thread 14972] bm_mt_get_entries
[16:44:13.651] [bmv2] [T] [thread 14972] bm_mt_get_entries
[16:44:13.652] [bmv2] [T] [thread 14972] bm_mt_get_entries
[16:44:13.652] [bmv2] [T] [thread 14972] bm_mt_get_entries
[16:44:13.652] [bmv2] [T] [thread 14972] bm_mt_get_entries
[16:44:13.697] [bmv2] [T] [thread 14972] bm_reset_state
[16:44:13.704] [bmv2] [D] [thread 14972] Resetting simple_switch target-specific state
[16:44:13.704] [bmv2] [D] [thread 14972] resetting PRE state
[16:44:52.567] [bmv2] [T] [thread 15016] bm_get_config
[16:44:52.569] [bmv2] [T] [thread 15016] bm_mt_get_entries
[16:44:52.569] [bmv2] [T] [thread 15016] bm_mt_get_entries
[16:44:52.569] [bmv2] [T] [thread 15016] bm_mt_get_entries
[16:44:52.569] [bmv2] [T] [thread 15016] bm_mt_get_entries
[16:44:52.570] [bmv2] [T] [thread 15016] bm_mt_get_entries
[16:44:52.570] [bmv2] [T] [thread 15016] bm_mt_get_entries
[16:44:52.693] [bmv2] [T] [thread 15016] bm_reset_state
[16:44:52.702] [bmv2] [D] [thread 15016] Resetting simple_switch target-specific state
[16:44:52.702] [bmv2] [D] [thread 15016] resetting PRE state
open: No such file or directory
