Warning: you requested the nanomsg event logger, but bmv2 was compiled without -DBMELOG, and the event logger cannot be activated
Calling target program-options parser
[15:02:43.773] [bmv2] [D] [thread 18661] Set default default entry for table 'tbl_update_curr_path_size': MyIngress.update_curr_path_size - 
[15:02:43.773] [bmv2] [D] [thread 18661] Set default default entry for table 'tbl_fast_reroute187': fast_reroute187 - 
[15:02:43.773] [bmv2] [D] [thread 18661] Set default default entry for table 'tbl_fast_reroute212': fast_reroute212 - 
[15:02:43.773] [bmv2] [D] [thread 18661] Set default default entry for table 'tbl_fast_reroute214': fast_reroute214 - 
[15:02:43.773] [bmv2] [D] [thread 18661] Set default default entry for table 'tbl_fast_reroute217': fast_reroute217 - 
[15:02:43.773] [bmv2] [D] [thread 18661] Set default default entry for table 'tbl_fast_reroute219': fast_reroute219 - 
[15:02:43.773] [bmv2] [D] [thread 18661] Set default default entry for table 'tbl_fast_reroute225': fast_reroute225 - 
[15:02:43.773] [bmv2] [D] [thread 18661] Set default default entry for table 'tbl_fast_reroute228': fast_reroute228 - 
[15:02:43.773] [bmv2] [D] [thread 18661] Set default default entry for table 'tbl_fast_reroute233': fast_reroute233 - 
[15:02:43.773] [bmv2] [D] [thread 18661] Set default default entry for table 'tbl_fast_reroute237': fast_reroute237 - 
[15:02:43.773] [bmv2] [D] [thread 18661] Set default default entry for table 'tbl_fast_reroute243': fast_reroute243 - 
[15:02:43.773] [bmv2] [D] [thread 18661] Set default default entry for table 'MyIngress.primary_path_exact_1': MyIngress.drop - 
[15:02:43.773] [bmv2] [D] [thread 18661] Set default default entry for table 'tbl_fast_reroute246': fast_reroute246 - 
[15:02:43.773] [bmv2] [D] [thread 18661] Set default default entry for table 'MyIngress.primary_path_exact_2': MyIngress.drop - 
[15:02:43.773] [bmv2] [D] [thread 18661] Set default default entry for table 'MyIngress.alternative_path_exact_1': MyIngress.drop - 
[15:02:43.773] [bmv2] [D] [thread 18661] Set default default entry for table 'tbl_fast_reroute258': fast_reroute258 - 
[15:02:43.773] [bmv2] [D] [thread 18661] Set default default entry for table 'MyIngress.alternative_path_exact_2': MyIngress.drop - 
[15:02:43.773] [bmv2] [D] [thread 18661] Set default default entry for table 'tbl_fast_reroute265': fast_reroute265 - 
[15:02:43.773] [bmv2] [D] [thread 18661] Set default default entry for table 'MyIngress.len_primary_path': NoAction - 
[15:02:43.774] [bmv2] [D] [thread 18661] Set default default entry for table 'MyIngress.len_alternative_path': NoAction - 
[15:02:43.774] [bmv2] [D] [thread 18661] Set default default entry for table 'tbl_read_depot_port': MyIngress.read_depot_port - 
[15:02:43.774] [bmv2] [D] [thread 18661] Set default default entry for table 'tbl_fast_reroute277': fast_reroute277 - 
[15:02:43.774] [bmv2] [D] [thread 18661] Set default default entry for table 'tbl_reset_curr_path_size': MyIngress.reset_curr_path_size - 
[15:02:43.774] [bmv2] [D] [thread 18661] Set default default entry for table 'tbl_read_depot_port_0': MyIngress.read_depot_port - 
[15:02:43.774] [bmv2] [D] [thread 18661] Set default default entry for table 'tbl_fast_reroute282': fast_reroute282 - 
[15:02:43.774] [bmv2] [D] [thread 18661] Set default default entry for table 'tbl_reset_curr_path_size_0': MyIngress.reset_curr_path_size - 
Adding interface s1-eth1 as port 1
[15:02:43.805] [bmv2] [D] [thread 18661] Adding interface s1-eth1 as port 1
Adding interface s1-eth2 as port 2
[15:02:43.820] [bmv2] [D] [thread 18661] Adding interface s1-eth2 as port 2
Adding interface s1-eth3 as port 3
[15:02:43.840] [bmv2] [D] [thread 18661] Adding interface s1-eth3 as port 3
Adding interface s1-eth4 as port 4
[15:02:43.856] [bmv2] [D] [thread 18661] Adding interface s1-eth4 as port 4
Adding interface s1-eth5 as port 5
[15:02:43.872] [bmv2] [D] [thread 18661] Adding interface s1-eth5 as port 5
[15:02:43.884] [bmv2] [I] [thread 18661] Starting Thrift server on port 9090
[15:02:43.884] [bmv2] [I] [thread 18661] Thrift server was started
[15:02:43.927] [bmv2] [D] [thread 18791] [0.0] [cxt 0] Processing packet received on port 3
[15:02:43.927] [bmv2] [D] [thread 18791] [0.0] [cxt 0] Parser 'parser': start
[15:02:43.927] [bmv2] [D] [thread 18791] [0.0] [cxt 0] Parser 'parser' entering state 'start'
[15:02:43.927] [bmv2] [D] [thread 18791] [0.0] [cxt 0] Extracting header 'ethernet'
[15:02:43.927] [bmv2] [D] [thread 18791] [0.0] [cxt 0] Parser state 'start': key is 86dd
[15:02:43.927] [bmv2] [T] [thread 18791] [0.0] [cxt 0] Bytes parsed: 14
[15:02:43.927] [bmv2] [D] [thread 18791] [0.0] [cxt 0] Parser 'parser': end
[15:02:43.927] [bmv2] [D] [thread 18791] [0.0] [cxt 0] Pipeline 'ingress': start
[15:02:43.927] [bmv2] [T] [thread 18791] [0.0] [cxt 0] /home/p4/git/master_degree_p4_unipampa/FRR/p4src/fast_reroute.p4(180) Condition "hdr.ipv4.isValid()" (node_2) is false
[15:02:43.927] [bmv2] [D] [thread 18791] [0.0] [cxt 0] Pipeline 'ingress': end
[15:02:43.927] [bmv2] [D] [thread 18791] [0.0] [cxt 0] Egress port is 0
[15:02:43.927] [bmv2] [D] [thread 18792] [0.0] [cxt 0] Pipeline 'egress': start
[15:02:43.927] [bmv2] [D] [thread 18792] [0.0] [cxt 0] Pipeline 'egress': end
[15:02:43.927] [bmv2] [D] [thread 18792] [0.0] [cxt 0] Deparser 'deparser': start
[15:02:43.927] [bmv2] [T] [thread 18792] [0.0] [cxt 0] Skipping checksum 'cksum' update because condition not met
[15:02:43.927] [bmv2] [D] [thread 18792] [0.0] [cxt 0] Deparsing header 'ethernet'
[15:02:43.927] [bmv2] [D] [thread 18792] [0.0] [cxt 0] Deparser 'deparser': end
[15:02:43.928] [bmv2] [D] [thread 18796] [0.0] [cxt 0] Transmitting packet of size 90 out of port 0
[15:02:44.055] [bmv2] [D] [thread 18791] [1.0] [cxt 0] Processing packet received on port 2
[15:02:44.055] [bmv2] [D] [thread 18791] [1.0] [cxt 0] Parser 'parser': start
[15:02:44.055] [bmv2] [D] [thread 18791] [1.0] [cxt 0] Parser 'parser' entering state 'start'
[15:02:44.055] [bmv2] [D] [thread 18791] [1.0] [cxt 0] Extracting header 'ethernet'
[15:02:44.055] [bmv2] [D] [thread 18791] [1.0] [cxt 0] Parser state 'start': key is 86dd
[15:02:44.055] [bmv2] [T] [thread 18791] [1.0] [cxt 0] Bytes parsed: 14
[15:02:44.055] [bmv2] [D] [thread 18791] [1.0] [cxt 0] Parser 'parser': end
[15:02:44.055] [bmv2] [D] [thread 18791] [1.0] [cxt 0] Pipeline 'ingress': start
[15:02:44.055] [bmv2] [T] [thread 18791] [1.0] [cxt 0] /home/p4/git/master_degree_p4_unipampa/FRR/p4src/fast_reroute.p4(180) Condition "hdr.ipv4.isValid()" (node_2) is false
[15:02:44.055] [bmv2] [D] [thread 18791] [1.0] [cxt 0] Pipeline 'ingress': end
[15:02:44.055] [bmv2] [D] [thread 18791] [1.0] [cxt 0] Egress port is 0
[15:02:44.055] [bmv2] [D] [thread 18792] [1.0] [cxt 0] Pipeline 'egress': start
[15:02:44.055] [bmv2] [D] [thread 18792] [1.0] [cxt 0] Pipeline 'egress': end
[15:02:44.055] [bmv2] [D] [thread 18792] [1.0] [cxt 0] Deparser 'deparser': start
[15:02:44.055] [bmv2] [T] [thread 18792] [1.0] [cxt 0] Skipping checksum 'cksum' update because condition not met
[15:02:44.055] [bmv2] [D] [thread 18792] [1.0] [cxt 0] Deparsing header 'ethernet'
[15:02:44.055] [bmv2] [D] [thread 18792] [1.0] [cxt 0] Deparser 'deparser': end
[15:02:44.055] [bmv2] [D] [thread 18796] [1.0] [cxt 0] Transmitting packet of size 86 out of port 0
[15:02:44.151] [bmv2] [D] [thread 18791] [2.0] [cxt 0] Processing packet received on port 1
[15:02:44.151] [bmv2] [D] [thread 18791] [2.0] [cxt 0] Parser 'parser': start
[15:02:44.151] [bmv2] [D] [thread 18791] [2.0] [cxt 0] Parser 'parser' entering state 'start'
[15:02:44.151] [bmv2] [D] [thread 18791] [2.0] [cxt 0] Extracting header 'ethernet'
[15:02:44.151] [bmv2] [D] [thread 18791] [2.0] [cxt 0] Parser state 'start': key is 86dd
[15:02:44.151] [bmv2] [T] [thread 18791] [2.0] [cxt 0] Bytes parsed: 14
[15:02:44.151] [bmv2] [D] [thread 18791] [2.0] [cxt 0] Parser 'parser': end
[15:02:44.151] [bmv2] [D] [thread 18791] [2.0] [cxt 0] Pipeline 'ingress': start
[15:02:44.151] [bmv2] [T] [thread 18791] [2.0] [cxt 0] /home/p4/git/master_degree_p4_unipampa/FRR/p4src/fast_reroute.p4(180) Condition "hdr.ipv4.isValid()" (node_2) is false
[15:02:44.151] [bmv2] [D] [thread 18791] [2.0] [cxt 0] Pipeline 'ingress': end
[15:02:44.151] [bmv2] [D] [thread 18791] [2.0] [cxt 0] Egress port is 0
[15:02:44.151] [bmv2] [D] [thread 18792] [2.0] [cxt 0] Pipeline 'egress': start
[15:02:44.151] [bmv2] [D] [thread 18792] [2.0] [cxt 0] Pipeline 'egress': end
[15:02:44.151] [bmv2] [D] [thread 18792] [2.0] [cxt 0] Deparser 'deparser': start
[15:02:44.151] [bmv2] [T] [thread 18792] [2.0] [cxt 0] Skipping checksum 'cksum' update because condition not met
[15:02:44.151] [bmv2] [D] [thread 18792] [2.0] [cxt 0] Deparsing header 'ethernet'
[15:02:44.151] [bmv2] [D] [thread 18792] [2.0] [cxt 0] Deparser 'deparser': end
[15:02:44.151] [bmv2] [D] [thread 18796] [2.0] [cxt 0] Transmitting packet of size 90 out of port 0
[15:02:44.183] [bmv2] [D] [thread 18791] [3.0] [cxt 0] Processing packet received on port 4
[15:02:44.183] [bmv2] [D] [thread 18791] [3.0] [cxt 0] Parser 'parser': start
[15:02:44.183] [bmv2] [D] [thread 18791] [3.0] [cxt 0] Parser 'parser' entering state 'start'
[15:02:44.183] [bmv2] [D] [thread 18791] [3.0] [cxt 0] Extracting header 'ethernet'
[15:02:44.183] [bmv2] [D] [thread 18791] [3.0] [cxt 0] Parser state 'start': key is 86dd
[15:02:44.183] [bmv2] [T] [thread 18791] [3.0] [cxt 0] Bytes parsed: 14
[15:02:44.183] [bmv2] [D] [thread 18791] [3.0] [cxt 0] Parser 'parser': end
[15:02:44.183] [bmv2] [D] [thread 18791] [3.0] [cxt 0] Pipeline 'ingress': start
[15:02:44.183] [bmv2] [T] [thread 18791] [3.0] [cxt 0] /home/p4/git/master_degree_p4_unipampa/FRR/p4src/fast_reroute.p4(180) Condition "hdr.ipv4.isValid()" (node_2) is false
[15:02:44.183] [bmv2] [D] [thread 18791] [3.0] [cxt 0] Pipeline 'ingress': end
[15:02:44.183] [bmv2] [D] [thread 18791] [3.0] [cxt 0] Egress port is 0
[15:02:44.183] [bmv2] [D] [thread 18792] [3.0] [cxt 0] Pipeline 'egress': start
[15:02:44.183] [bmv2] [D] [thread 18792] [3.0] [cxt 0] Pipeline 'egress': end
[15:02:44.183] [bmv2] [D] [thread 18792] [3.0] [cxt 0] Deparser 'deparser': start
[15:02:44.183] [bmv2] [T] [thread 18792] [3.0] [cxt 0] Skipping checksum 'cksum' update because condition not met
[15:02:44.183] [bmv2] [D] [thread 18792] [3.0] [cxt 0] Deparsing header 'ethernet'
[15:02:44.183] [bmv2] [D] [thread 18792] [3.0] [cxt 0] Deparser 'deparser': end
[15:02:44.183] [bmv2] [D] [thread 18796] [3.0] [cxt 0] Transmitting packet of size 86 out of port 0
[15:02:44.187] [bmv2] [D] [thread 18791] [4.0] [cxt 0] Processing packet received on port 1
[15:02:44.187] [bmv2] [D] [thread 18791] [4.0] [cxt 0] Parser 'parser': start
[15:02:44.187] [bmv2] [D] [thread 18791] [4.0] [cxt 0] Parser 'parser' entering state 'start'
[15:02:44.187] [bmv2] [D] [thread 18791] [4.0] [cxt 0] Extracting header 'ethernet'
[15:02:44.187] [bmv2] [D] [thread 18791] [4.0] [cxt 0] Parser state 'start': key is 86dd
[15:02:44.187] [bmv2] [T] [thread 18791] [4.0] [cxt 0] Bytes parsed: 14
[15:02:44.187] [bmv2] [D] [thread 18791] [4.0] [cxt 0] Parser 'parser': end
[15:02:44.187] [bmv2] [D] [thread 18791] [4.0] [cxt 0] Pipeline 'ingress': start
[15:02:44.187] [bmv2] [T] [thread 18791] [4.0] [cxt 0] /home/p4/git/master_degree_p4_unipampa/FRR/p4src/fast_reroute.p4(180) Condition "hdr.ipv4.isValid()" (node_2) is false
[15:02:44.187] [bmv2] [D] [thread 18791] [4.0] [cxt 0] Pipeline 'ingress': end
[15:02:44.187] [bmv2] [D] [thread 18791] [4.0] [cxt 0] Egress port is 0
[15:02:44.187] [bmv2] [D] [thread 18792] [4.0] [cxt 0] Pipeline 'egress': start
[15:02:44.187] [bmv2] [D] [thread 18792] [4.0] [cxt 0] Pipeline 'egress': end
[15:02:44.187] [bmv2] [D] [thread 18792] [4.0] [cxt 0] Deparser 'deparser': start
[15:02:44.187] [bmv2] [T] [thread 18792] [4.0] [cxt 0] Skipping checksum 'cksum' update because condition not met
[15:02:44.187] [bmv2] [D] [thread 18792] [4.0] [cxt 0] Deparsing header 'ethernet'
[15:02:44.187] [bmv2] [D] [thread 18792] [4.0] [cxt 0] Deparser 'deparser': end
[15:02:44.187] [bmv2] [D] [thread 18796] [4.0] [cxt 0] Transmitting packet of size 86 out of port 0
[15:02:44.247] [bmv2] [D] [thread 18791] [5.0] [cxt 0] Processing packet received on port 5
[15:02:44.247] [bmv2] [D] [thread 18791] [5.0] [cxt 0] Parser 'parser': start
[15:02:44.247] [bmv2] [D] [thread 18791] [5.0] [cxt 0] Parser 'parser' entering state 'start'
[15:02:44.247] [bmv2] [D] [thread 18791] [5.0] [cxt 0] Extracting header 'ethernet'
[15:02:44.247] [bmv2] [D] [thread 18791] [5.0] [cxt 0] Parser state 'start': key is 86dd
[15:02:44.247] [bmv2] [T] [thread 18791] [5.0] [cxt 0] Bytes parsed: 14
[15:02:44.247] [bmv2] [D] [thread 18791] [5.0] [cxt 0] Parser 'parser': end
[15:02:44.247] [bmv2] [D] [thread 18791] [5.0] [cxt 0] Pipeline 'ingress': start
[15:02:44.247] [bmv2] [T] [thread 18791] [5.0] [cxt 0] /home/p4/git/master_degree_p4_unipampa/FRR/p4src/fast_reroute.p4(180) Condition "hdr.ipv4.isValid()" (node_2) is false
[15:02:44.247] [bmv2] [D] [thread 18791] [5.0] [cxt 0] Pipeline 'ingress': end
[15:02:44.247] [bmv2] [D] [thread 18791] [5.0] [cxt 0] Egress port is 0
[15:02:44.247] [bmv2] [D] [thread 18792] [5.0] [cxt 0] Pipeline 'egress': start
[15:02:44.247] [bmv2] [D] [thread 18792] [5.0] [cxt 0] Pipeline 'egress': end
[15:02:44.247] [bmv2] [D] [thread 18792] [5.0] [cxt 0] Deparser 'deparser': start
[15:02:44.247] [bmv2] [T] [thread 18792] [5.0] [cxt 0] Skipping checksum 'cksum' update because condition not met
[15:02:44.247] [bmv2] [D] [thread 18792] [5.0] [cxt 0] Deparsing header 'ethernet'
[15:02:44.247] [bmv2] [D] [thread 18792] [5.0] [cxt 0] Deparser 'deparser': end
[15:02:44.247] [bmv2] [D] [thread 18796] [5.0] [cxt 0] Transmitting packet of size 90 out of port 0
[15:02:44.248] [bmv2] [D] [thread 18791] [6.0] [cxt 0] Processing packet received on port 2
[15:02:44.248] [bmv2] [D] [thread 18791] [6.0] [cxt 0] Parser 'parser': start
[15:02:44.248] [bmv2] [D] [thread 18791] [6.0] [cxt 0] Parser 'parser' entering state 'start'
[15:02:44.248] [bmv2] [D] [thread 18791] [6.0] [cxt 0] Extracting header 'ethernet'
[15:02:44.248] [bmv2] [D] [thread 18791] [6.0] [cxt 0] Parser state 'start': key is 86dd
[15:02:44.248] [bmv2] [T] [thread 18791] [6.0] [cxt 0] Bytes parsed: 14
[15:02:44.248] [bmv2] [D] [thread 18791] [6.0] [cxt 0] Parser 'parser': end
[15:02:44.248] [bmv2] [D] [thread 18791] [6.0] [cxt 0] Pipeline 'ingress': start
[15:02:44.248] [bmv2] [T] [thread 18791] [6.0] [cxt 0] /home/p4/git/master_degree_p4_unipampa/FRR/p4src/fast_reroute.p4(180) Condition "hdr.ipv4.isValid()" (node_2) is false
[15:02:44.248] [bmv2] [D] [thread 18791] [6.0] [cxt 0] Pipeline 'ingress': end
[15:02:44.248] [bmv2] [D] [thread 18791] [6.0] [cxt 0] Egress port is 0
[15:02:44.248] [bmv2] [D] [thread 18792] [6.0] [cxt 0] Pipeline 'egress': start
[15:02:44.248] [bmv2] [D] [thread 18792] [6.0] [cxt 0] Pipeline 'egress': end
[15:02:44.248] [bmv2] [D] [thread 18792] [6.0] [cxt 0] Deparser 'deparser': start
[15:02:44.248] [bmv2] [T] [thread 18792] [6.0] [cxt 0] Skipping checksum 'cksum' update because condition not met
[15:02:44.248] [bmv2] [D] [thread 18792] [6.0] [cxt 0] Deparsing header 'ethernet'
[15:02:44.248] [bmv2] [D] [thread 18792] [6.0] [cxt 0] Deparser 'deparser': end
[15:02:44.250] [bmv2] [D] [thread 18796] [6.0] [cxt 0] Transmitting packet of size 90 out of port 0
[15:02:44.311] [bmv2] [D] [thread 18791] [7.0] [cxt 0] Processing packet received on port 3
[15:02:44.311] [bmv2] [D] [thread 18791] [7.0] [cxt 0] Parser 'parser': start
[15:02:44.311] [bmv2] [D] [thread 18791] [7.0] [cxt 0] Parser 'parser' entering state 'start'
[15:02:44.311] [bmv2] [D] [thread 18791] [7.0] [cxt 0] Extracting header 'ethernet'
[15:02:44.311] [bmv2] [D] [thread 18791] [7.0] [cxt 0] Parser state 'start': key is 86dd
[15:02:44.311] [bmv2] [T] [thread 18791] [7.0] [cxt 0] Bytes parsed: 14
[15:02:44.311] [bmv2] [D] [thread 18791] [7.0] [cxt 0] Parser 'parser': end
[15:02:44.311] [bmv2] [D] [thread 18791] [7.0] [cxt 0] Pipeline 'ingress': start
[15:02:44.311] [bmv2] [T] [thread 18791] [7.0] [cxt 0] /home/p4/git/master_degree_p4_unipampa/FRR/p4src/fast_reroute.p4(180) Condition "hdr.ipv4.isValid()" (node_2) is false
[15:02:44.311] [bmv2] [D] [thread 18791] [7.0] [cxt 0] Pipeline 'ingress': end
[15:02:44.311] [bmv2] [D] [thread 18791] [7.0] [cxt 0] Egress port is 0
[15:02:44.311] [bmv2] [D] [thread 18791] [8.0] [cxt 0] Processing packet received on port 4
[15:02:44.311] [bmv2] [D] [thread 18791] [8.0] [cxt 0] Parser 'parser': start
[15:02:44.311] [bmv2] [D] [thread 18791] [8.0] [cxt 0] Parser 'parser' entering state 'start'
[15:02:44.311] [bmv2] [D] [thread 18791] [8.0] [cxt 0] Extracting header 'ethernet'
[15:02:44.311] [bmv2] [D] [thread 18791] [8.0] [cxt 0] Parser state 'start': key is 86dd
[15:02:44.311] [bmv2] [T] [thread 18791] [8.0] [cxt 0] Bytes parsed: 14
[15:02:44.311] [bmv2] [D] [thread 18791] [8.0] [cxt 0] Parser 'parser': end
[15:02:44.311] [bmv2] [D] [thread 18791] [8.0] [cxt 0] Pipeline 'ingress': start
[15:02:44.311] [bmv2] [T] [thread 18791] [8.0] [cxt 0] /home/p4/git/master_degree_p4_unipampa/FRR/p4src/fast_reroute.p4(180) Condition "hdr.ipv4.isValid()" (node_2) is false
[15:02:44.311] [bmv2] [D] [thread 18791] [8.0] [cxt 0] Pipeline 'ingress': end
[15:02:44.311] [bmv2] [D] [thread 18791] [8.0] [cxt 0] Egress port is 0
[15:02:44.311] [bmv2] [D] [thread 18792] [7.0] [cxt 0] Pipeline 'egress': start
[15:02:44.311] [bmv2] [D] [thread 18792] [7.0] [cxt 0] Pipeline 'egress': end
[15:02:44.311] [bmv2] [D] [thread 18792] [7.0] [cxt 0] Deparser 'deparser': start
[15:02:44.311] [bmv2] [T] [thread 18792] [7.0] [cxt 0] Skipping checksum 'cksum' update because condition not met
[15:02:44.311] [bmv2] [D] [thread 18792] [7.0] [cxt 0] Deparsing header 'ethernet'
[15:02:44.312] [bmv2] [D] [thread 18792] [7.0] [cxt 0] Deparser 'deparser': end
[15:02:44.312] [bmv2] [D] [thread 18792] [8.0] [cxt 0] Pipeline 'egress': start
[15:02:44.312] [bmv2] [D] [thread 18792] [8.0] [cxt 0] Pipeline 'egress': end
[15:02:44.312] [bmv2] [D] [thread 18792] [8.0] [cxt 0] Deparser 'deparser': start
[15:02:44.312] [bmv2] [T] [thread 18792] [8.0] [cxt 0] Skipping checksum 'cksum' update because condition not met
[15:02:44.312] [bmv2] [D] [thread 18792] [8.0] [cxt 0] Deparsing header 'ethernet'
[15:02:44.312] [bmv2] [D] [thread 18792] [8.0] [cxt 0] Deparser 'deparser': end
[15:02:44.315] [bmv2] [D] [thread 18796] [7.0] [cxt 0] Transmitting packet of size 90 out of port 0
[15:02:44.315] [bmv2] [D] [thread 18796] [8.0] [cxt 0] Transmitting packet of size 90 out of port 0
[15:02:44.439] [bmv2] [D] [thread 18791] [9.0] [cxt 0] Processing packet received on port 4
[15:02:44.439] [bmv2] [D] [thread 18791] [9.0] [cxt 0] Parser 'parser': start
[15:02:44.439] [bmv2] [D] [thread 18791] [9.0] [cxt 0] Parser 'parser' entering state 'start'
[15:02:44.439] [bmv2] [D] [thread 18791] [9.0] [cxt 0] Extracting header 'ethernet'
[15:02:44.439] [bmv2] [D] [thread 18791] [9.0] [cxt 0] Parser state 'start': key is 86dd
[15:02:44.439] [bmv2] [T] [thread 18791] [9.0] [cxt 0] Bytes parsed: 14
[15:02:44.439] [bmv2] [D] [thread 18791] [9.0] [cxt 0] Parser 'parser': end
[15:02:44.439] [bmv2] [D] [thread 18791] [9.0] [cxt 0] Pipeline 'ingress': start
[15:02:44.439] [bmv2] [T] [thread 18791] [9.0] [cxt 0] /home/p4/git/master_degree_p4_unipampa/FRR/p4src/fast_reroute.p4(180) Condition "hdr.ipv4.isValid()" (node_2) is false
[15:02:44.439] [bmv2] [D] [thread 18791] [9.0] [cxt 0] Pipeline 'ingress': end
[15:02:44.439] [bmv2] [D] [thread 18791] [9.0] [cxt 0] Egress port is 0
[15:02:44.439] [bmv2] [D] [thread 18792] [9.0] [cxt 0] Pipeline 'egress': start
[15:02:44.439] [bmv2] [D] [thread 18792] [9.0] [cxt 0] Pipeline 'egress': end
[15:02:44.439] [bmv2] [D] [thread 18792] [9.0] [cxt 0] Deparser 'deparser': start
[15:02:44.439] [bmv2] [T] [thread 18792] [9.0] [cxt 0] Skipping checksum 'cksum' update because condition not met
[15:02:44.439] [bmv2] [D] [thread 18792] [9.0] [cxt 0] Deparsing header 'ethernet'
[15:02:44.439] [bmv2] [D] [thread 18792] [9.0] [cxt 0] Deparser 'deparser': end
[15:02:44.439] [bmv2] [D] [thread 18796] [9.0] [cxt 0] Transmitting packet of size 86 out of port 0
[15:02:44.471] [bmv2] [D] [thread 18791] [10.0] [cxt 0] Processing packet received on port 3
[15:02:44.471] [bmv2] [D] [thread 18791] [10.0] [cxt 0] Parser 'parser': start
[15:02:44.471] [bmv2] [D] [thread 18791] [10.0] [cxt 0] Parser 'parser' entering state 'start'
[15:02:44.471] [bmv2] [D] [thread 18791] [10.0] [cxt 0] Extracting header 'ethernet'
[15:02:44.471] [bmv2] [D] [thread 18791] [10.0] [cxt 0] Parser state 'start': key is 86dd
[15:02:44.471] [bmv2] [T] [thread 18791] [10.0] [cxt 0] Bytes parsed: 14
[15:02:44.471] [bmv2] [D] [thread 18791] [10.0] [cxt 0] Parser 'parser': end
[15:02:44.471] [bmv2] [D] [thread 18791] [10.0] [cxt 0] Pipeline 'ingress': start
[15:02:44.471] [bmv2] [T] [thread 18791] [10.0] [cxt 0] /home/p4/git/master_degree_p4_unipampa/FRR/p4src/fast_reroute.p4(180) Condition "hdr.ipv4.isValid()" (node_2) is false
[15:02:44.471] [bmv2] [D] [thread 18791] [10.0] [cxt 0] Pipeline 'ingress': end
[15:02:44.471] [bmv2] [D] [thread 18791] [10.0] [cxt 0] Egress port is 0
[15:02:44.471] [bmv2] [D] [thread 18792] [10.0] [cxt 0] Pipeline 'egress': start
[15:02:44.471] [bmv2] [D] [thread 18792] [10.0] [cxt 0] Pipeline 'egress': end
[15:02:44.471] [bmv2] [D] [thread 18792] [10.0] [cxt 0] Deparser 'deparser': start
[15:02:44.471] [bmv2] [T] [thread 18792] [10.0] [cxt 0] Skipping checksum 'cksum' update because condition not met
[15:02:44.471] [bmv2] [D] [thread 18792] [10.0] [cxt 0] Deparsing header 'ethernet'
[15:02:44.471] [bmv2] [D] [thread 18792] [10.0] [cxt 0] Deparser 'deparser': end
[15:02:44.472] [bmv2] [D] [thread 18796] [10.0] [cxt 0] Transmitting packet of size 86 out of port 0
[15:02:44.825] [bmv2] [D] [thread 18791] [11.0] [cxt 0] Processing packet received on port 3
[15:02:44.825] [bmv2] [D] [thread 18791] [11.0] [cxt 0] Parser 'parser': start
[15:02:44.825] [bmv2] [D] [thread 18791] [11.0] [cxt 0] Parser 'parser' entering state 'start'
[15:02:44.825] [bmv2] [D] [thread 18791] [11.0] [cxt 0] Extracting header 'ethernet'
[15:02:44.825] [bmv2] [D] [thread 18791] [11.0] [cxt 0] Parser state 'start': key is 86dd
[15:02:44.825] [bmv2] [T] [thread 18791] [11.0] [cxt 0] Bytes parsed: 14
[15:02:44.825] [bmv2] [D] [thread 18791] [11.0] [cxt 0] Parser 'parser': end
[15:02:44.825] [bmv2] [D] [thread 18791] [11.0] [cxt 0] Pipeline 'ingress': start
[15:02:44.825] [bmv2] [T] [thread 18791] [11.0] [cxt 0] /home/p4/git/master_degree_p4_unipampa/FRR/p4src/fast_reroute.p4(180) Condition "hdr.ipv4.isValid()" (node_2) is false
[15:02:44.825] [bmv2] [D] [thread 18791] [11.0] [cxt 0] Pipeline 'ingress': end
[15:02:44.825] [bmv2] [D] [thread 18791] [11.0] [cxt 0] Egress port is 0
[15:02:44.826] [bmv2] [D] [thread 18791] [12.0] [cxt 0] Processing packet received on port 3
[15:02:44.826] [bmv2] [D] [thread 18791] [12.0] [cxt 0] Parser 'parser': start
[15:02:44.826] [bmv2] [D] [thread 18791] [12.0] [cxt 0] Parser 'parser' entering state 'start'
[15:02:44.826] [bmv2] [D] [thread 18791] [12.0] [cxt 0] Extracting header 'ethernet'
[15:02:44.826] [bmv2] [D] [thread 18791] [12.0] [cxt 0] Parser state 'start': key is 86dd
[15:02:44.826] [bmv2] [T] [thread 18791] [12.0] [cxt 0] Bytes parsed: 14
[15:02:44.826] [bmv2] [D] [thread 18791] [12.0] [cxt 0] Parser 'parser': end
[15:02:44.826] [bmv2] [D] [thread 18791] [12.0] [cxt 0] Pipeline 'ingress': start
[15:02:44.826] [bmv2] [T] [thread 18791] [12.0] [cxt 0] /home/p4/git/master_degree_p4_unipampa/FRR/p4src/fast_reroute.p4(180) Condition "hdr.ipv4.isValid()" (node_2) is false
[15:02:44.826] [bmv2] [D] [thread 18791] [12.0] [cxt 0] Pipeline 'ingress': end
[15:02:44.826] [bmv2] [D] [thread 18791] [12.0] [cxt 0] Egress port is 0
[15:02:44.826] [bmv2] [D] [thread 18792] [11.0] [cxt 0] Pipeline 'egress': start
[15:02:44.826] [bmv2] [D] [thread 18792] [11.0] [cxt 0] Pipeline 'egress': end
[15:02:44.826] [bmv2] [D] [thread 18792] [11.0] [cxt 0] Deparser 'deparser': start
[15:02:44.826] [bmv2] [T] [thread 18792] [11.0] [cxt 0] Skipping checksum 'cksum' update because condition not met
[15:02:44.826] [bmv2] [D] [thread 18792] [11.0] [cxt 0] Deparsing header 'ethernet'
[15:02:44.826] [bmv2] [D] [thread 18792] [11.0] [cxt 0] Deparser 'deparser': end
[15:02:44.826] [bmv2] [D] [thread 18792] [12.0] [cxt 0] Pipeline 'egress': start
[15:02:44.826] [bmv2] [D] [thread 18792] [12.0] [cxt 0] Pipeline 'egress': end
[15:02:44.826] [bmv2] [D] [thread 18792] [12.0] [cxt 0] Deparser 'deparser': start
[15:02:44.826] [bmv2] [T] [thread 18792] [12.0] [cxt 0] Skipping checksum 'cksum' update because condition not met
[15:02:44.826] [bmv2] [D] [thread 18792] [12.0] [cxt 0] Deparsing header 'ethernet'
[15:02:44.826] [bmv2] [D] [thread 18792] [12.0] [cxt 0] Deparser 'deparser': end
[15:02:44.827] [bmv2] [D] [thread 18796] [11.0] [cxt 0] Transmitting packet of size 90 out of port 0
[15:02:44.827] [bmv2] [D] [thread 18796] [12.0] [cxt 0] Transmitting packet of size 70 out of port 0
[15:02:44.835] [bmv2] [D] [thread 18791] [13.0] [cxt 0] Processing packet received on port 3
[15:02:44.835] [bmv2] [D] [thread 18791] [13.0] [cxt 0] Parser 'parser': start
[15:02:44.835] [bmv2] [D] [thread 18791] [13.0] [cxt 0] Parser 'parser' entering state 'start'
[15:02:44.835] [bmv2] [D] [thread 18791] [13.0] [cxt 0] Extracting header 'ethernet'
[15:02:44.835] [bmv2] [D] [thread 18791] [13.0] [cxt 0] Parser state 'start': key is 86dd
[15:02:44.835] [bmv2] [T] [thread 18791] [13.0] [cxt 0] Bytes parsed: 14
[15:02:44.835] [bmv2] [D] [thread 18791] [13.0] [cxt 0] Parser 'parser': end
[15:02:44.835] [bmv2] [D] [thread 18791] [13.0] [cxt 0] Pipeline 'ingress': start
[15:02:44.835] [bmv2] [T] [thread 18791] [13.0] [cxt 0] /home/p4/git/master_degree_p4_unipampa/FRR/p4src/fast_reroute.p4(180) Condition "hdr.ipv4.isValid()" (node_2) is false
[15:02:44.835] [bmv2] [D] [thread 18791] [13.0] [cxt 0] Pipeline 'ingress': end
[15:02:44.835] [bmv2] [D] [thread 18791] [13.0] [cxt 0] Egress port is 0
[15:02:44.836] [bmv2] [D] [thread 18792] [13.0] [cxt 0] Pipeline 'egress': start
[15:02:44.836] [bmv2] [D] [thread 18792] [13.0] [cxt 0] Pipeline 'egress': end
[15:02:44.836] [bmv2] [D] [thread 18792] [13.0] [cxt 0] Deparser 'deparser': start
[15:02:44.836] [bmv2] [T] [thread 18792] [13.0] [cxt 0] Skipping checksum 'cksum' update because condition not met
[15:02:44.836] [bmv2] [D] [thread 18792] [13.0] [cxt 0] Deparsing header 'ethernet'
[15:02:44.836] [bmv2] [D] [thread 18792] [13.0] [cxt 0] Deparser 'deparser': end
[15:02:44.836] [bmv2] [D] [thread 18796] [13.0] [cxt 0] Transmitting packet of size 90 out of port 0
[15:02:44.857] [bmv2] [D] [thread 18791] [14.0] [cxt 0] Processing packet received on port 2
[15:02:44.857] [bmv2] [D] [thread 18791] [14.0] [cxt 0] Parser 'parser': start
[15:02:44.857] [bmv2] [D] [thread 18791] [14.0] [cxt 0] Parser 'parser' entering state 'start'
[15:02:44.857] [bmv2] [D] [thread 18791] [14.0] [cxt 0] Extracting header 'ethernet'
[15:02:44.857] [bmv2] [D] [thread 18791] [14.0] [cxt 0] Parser state 'start': key is 86dd
[15:02:44.857] [bmv2] [T] [thread 18791] [14.0] [cxt 0] Bytes parsed: 14
[15:02:44.857] [bmv2] [D] [thread 18791] [14.0] [cxt 0] Parser 'parser': end
[15:02:44.857] [bmv2] [D] [thread 18791] [14.0] [cxt 0] Pipeline 'ingress': start
[15:02:44.857] [bmv2] [T] [thread 18791] [14.0] [cxt 0] /home/p4/git/master_degree_p4_unipampa/FRR/p4src/fast_reroute.p4(180) Condition "hdr.ipv4.isValid()" (node_2) is false
[15:02:44.857] [bmv2] [D] [thread 18791] [14.0] [cxt 0] Pipeline 'ingress': end
[15:02:44.857] [bmv2] [D] [thread 18791] [14.0] [cxt 0] Egress port is 0
[15:02:44.857] [bmv2] [D] [thread 18792] [14.0] [cxt 0] Pipeline 'egress': start
[15:02:44.857] [bmv2] [D] [thread 18792] [14.0] [cxt 0] Pipeline 'egress': end
[15:02:44.857] [bmv2] [D] [thread 18792] [14.0] [cxt 0] Deparser 'deparser': start
[15:02:44.857] [bmv2] [T] [thread 18792] [14.0] [cxt 0] Skipping checksum 'cksum' update because condition not met
[15:02:44.857] [bmv2] [D] [thread 18792] [14.0] [cxt 0] Deparsing header 'ethernet'
[15:02:44.857] [bmv2] [D] [thread 18792] [14.0] [cxt 0] Deparser 'deparser': end
[15:02:44.857] [bmv2] [D] [thread 18791] [15.0] [cxt 0] Processing packet received on port 2
[15:02:44.857] [bmv2] [D] [thread 18791] [15.0] [cxt 0] Parser 'parser': start
[15:02:44.857] [bmv2] [D] [thread 18791] [15.0] [cxt 0] Parser 'parser' entering state 'start'
[15:02:44.857] [bmv2] [D] [thread 18791] [15.0] [cxt 0] Extracting header 'ethernet'
[15:02:44.857] [bmv2] [D] [thread 18791] [15.0] [cxt 0] Parser state 'start': key is 86dd
[15:02:44.857] [bmv2] [T] [thread 18791] [15.0] [cxt 0] Bytes parsed: 14
[15:02:44.857] [bmv2] [D] [thread 18791] [15.0] [cxt 0] Parser 'parser': end
[15:02:44.857] [bmv2] [D] [thread 18791] [15.0] [cxt 0] Pipeline 'ingress': start
[15:02:44.858] [bmv2] [T] [thread 18791] [15.0] [cxt 0] /home/p4/git/master_degree_p4_unipampa/FRR/p4src/fast_reroute.p4(180) Condition "hdr.ipv4.isValid()" (node_2) is false
[15:02:44.858] [bmv2] [D] [thread 18791] [15.0] [cxt 0] Pipeline 'ingress': end
[15:02:44.858] [bmv2] [D] [thread 18791] [15.0] [cxt 0] Egress port is 0
[15:02:44.858] [bmv2] [D] [thread 18796] [14.0] [cxt 0] Transmitting packet of size 90 out of port 0
[15:02:44.858] [bmv2] [D] [thread 18792] [15.0] [cxt 0] Pipeline 'egress': start
[15:02:44.858] [bmv2] [D] [thread 18792] [15.0] [cxt 0] Pipeline 'egress': end
[15:02:44.858] [bmv2] [D] [thread 18792] [15.0] [cxt 0] Deparser 'deparser': start
[15:02:44.858] [bmv2] [T] [thread 18792] [15.0] [cxt 0] Skipping checksum 'cksum' update because condition not met
[15:02:44.858] [bmv2] [D] [thread 18792] [15.0] [cxt 0] Deparsing header 'ethernet'
[15:02:44.858] [bmv2] [D] [thread 18792] [15.0] [cxt 0] Deparser 'deparser': end
[15:02:44.858] [bmv2] [D] [thread 18796] [15.0] [cxt 0] Transmitting packet of size 70 out of port 0
[15:02:44.867] [bmv2] [D] [thread 18791] [16.0] [cxt 0] Processing packet received on port 2
[15:02:44.867] [bmv2] [D] [thread 18791] [16.0] [cxt 0] Parser 'parser': start
[15:02:44.867] [bmv2] [D] [thread 18791] [16.0] [cxt 0] Parser 'parser' entering state 'start'
[15:02:44.867] [bmv2] [D] [thread 18791] [16.0] [cxt 0] Extracting header 'ethernet'
[15:02:44.867] [bmv2] [D] [thread 18791] [16.0] [cxt 0] Parser state 'start': key is 86dd
[15:02:44.867] [bmv2] [T] [thread 18791] [16.0] [cxt 0] Bytes parsed: 14
[15:02:44.867] [bmv2] [D] [thread 18791] [16.0] [cxt 0] Parser 'parser': end
[15:02:44.867] [bmv2] [D] [thread 18791] [16.0] [cxt 0] Pipeline 'ingress': start
[15:02:44.867] [bmv2] [T] [thread 18791] [16.0] [cxt 0] /home/p4/git/master_degree_p4_unipampa/FRR/p4src/fast_reroute.p4(180) Condition "hdr.ipv4.isValid()" (node_2) is false
[15:02:44.867] [bmv2] [D] [thread 18791] [16.0] [cxt 0] Pipeline 'ingress': end
[15:02:44.867] [bmv2] [D] [thread 18791] [16.0] [cxt 0] Egress port is 0
[15:02:44.867] [bmv2] [D] [thread 18792] [16.0] [cxt 0] Pipeline 'egress': start
[15:02:44.867] [bmv2] [D] [thread 18792] [16.0] [cxt 0] Pipeline 'egress': end
[15:02:44.867] [bmv2] [D] [thread 18792] [16.0] [cxt 0] Deparser 'deparser': start
[15:02:44.867] [bmv2] [T] [thread 18792] [16.0] [cxt 0] Skipping checksum 'cksum' update because condition not met
[15:02:44.867] [bmv2] [D] [thread 18792] [16.0] [cxt 0] Deparsing header 'ethernet'
[15:02:44.867] [bmv2] [D] [thread 18792] [16.0] [cxt 0] Deparser 'deparser': end
[15:02:44.867] [bmv2] [D] [thread 18796] [16.0] [cxt 0] Transmitting packet of size 90 out of port 0
[15:02:44.891] [bmv2] [D] [thread 18791] [17.0] [cxt 0] Processing packet received on port 5
[15:02:44.891] [bmv2] [D] [thread 18791] [17.0] [cxt 0] Parser 'parser': start
[15:02:44.891] [bmv2] [D] [thread 18791] [17.0] [cxt 0] Parser 'parser' entering state 'start'
[15:02:44.891] [bmv2] [D] [thread 18791] [17.0] [cxt 0] Extracting header 'ethernet'
[15:02:44.891] [bmv2] [D] [thread 18791] [17.0] [cxt 0] Parser state 'start': key is 86dd
[15:02:44.891] [bmv2] [T] [thread 18791] [17.0] [cxt 0] Bytes parsed: 14
[15:02:44.891] [bmv2] [D] [thread 18791] [17.0] [cxt 0] Parser 'parser': end
[15:02:44.891] [bmv2] [D] [thread 18791] [17.0] [cxt 0] Pipeline 'ingress': start
[15:02:44.891] [bmv2] [T] [thread 18791] [17.0] [cxt 0] /home/p4/git/master_degree_p4_unipampa/FRR/p4src/fast_reroute.p4(180) Condition "hdr.ipv4.isValid()" (node_2) is false
[15:02:44.891] [bmv2] [D] [thread 18791] [17.0] [cxt 0] Pipeline 'ingress': end
[15:02:44.891] [bmv2] [D] [thread 18791] [17.0] [cxt 0] Egress port is 0
[15:02:44.891] [bmv2] [D] [thread 18791] [18.0] [cxt 0] Processing packet received on port 5
[15:02:44.891] [bmv2] [D] [thread 18791] [18.0] [cxt 0] Parser 'parser': start
[15:02:44.891] [bmv2] [D] [thread 18791] [18.0] [cxt 0] Parser 'parser' entering state 'start'
[15:02:44.891] [bmv2] [D] [thread 18791] [18.0] [cxt 0] Extracting header 'ethernet'
[15:02:44.891] [bmv2] [D] [thread 18791] [18.0] [cxt 0] Parser state 'start': key is 86dd
[15:02:44.891] [bmv2] [T] [thread 18791] [18.0] [cxt 0] Bytes parsed: 14
[15:02:44.891] [bmv2] [D] [thread 18791] [18.0] [cxt 0] Parser 'parser': end
[15:02:44.891] [bmv2] [D] [thread 18791] [18.0] [cxt 0] Pipeline 'ingress': start
[15:02:44.891] [bmv2] [T] [thread 18791] [18.0] [cxt 0] /home/p4/git/master_degree_p4_unipampa/FRR/p4src/fast_reroute.p4(180) Condition "hdr.ipv4.isValid()" (node_2) is false
[15:02:44.891] [bmv2] [D] [thread 18791] [18.0] [cxt 0] Pipeline 'ingress': end
[15:02:44.891] [bmv2] [D] [thread 18791] [18.0] [cxt 0] Egress port is 0
[15:02:44.891] [bmv2] [D] [thread 18792] [17.0] [cxt 0] Pipeline 'egress': start
[15:02:44.891] [bmv2] [D] [thread 18792] [17.0] [cxt 0] Pipeline 'egress': end
[15:02:44.891] [bmv2] [D] [thread 18792] [17.0] [cxt 0] Deparser 'deparser': start
[15:02:44.891] [bmv2] [T] [thread 18792] [17.0] [cxt 0] Skipping checksum 'cksum' update because condition not met
[15:02:44.891] [bmv2] [D] [thread 18792] [17.0] [cxt 0] Deparsing header 'ethernet'
[15:02:44.891] [bmv2] [D] [thread 18792] [17.0] [cxt 0] Deparser 'deparser': end
[15:02:44.891] [bmv2] [D] [thread 18792] [18.0] [cxt 0] Pipeline 'egress': start
[15:02:44.891] [bmv2] [D] [thread 18792] [18.0] [cxt 0] Pipeline 'egress': end
[15:02:44.891] [bmv2] [D] [thread 18792] [18.0] [cxt 0] Deparser 'deparser': start
[15:02:44.891] [bmv2] [T] [thread 18792] [18.0] [cxt 0] Skipping checksum 'cksum' update because condition not met
[15:02:44.891] [bmv2] [D] [thread 18792] [18.0] [cxt 0] Deparsing header 'ethernet'
[15:02:44.891] [bmv2] [D] [thread 18792] [18.0] [cxt 0] Deparser 'deparser': end
[15:02:44.895] [bmv2] [D] [thread 18796] [17.0] [cxt 0] Transmitting packet of size 90 out of port 0
[15:02:44.895] [bmv2] [D] [thread 18796] [18.0] [cxt 0] Transmitting packet of size 70 out of port 0
[15:02:44.902] [bmv2] [D] [thread 18791] [19.0] [cxt 0] Processing packet received on port 5
[15:02:44.902] [bmv2] [D] [thread 18791] [19.0] [cxt 0] Parser 'parser': start
[15:02:44.902] [bmv2] [D] [thread 18791] [19.0] [cxt 0] Parser 'parser' entering state 'start'
[15:02:44.902] [bmv2] [D] [thread 18791] [19.0] [cxt 0] Extracting header 'ethernet'
[15:02:44.902] [bmv2] [D] [thread 18791] [19.0] [cxt 0] Parser state 'start': key is 86dd
[15:02:44.902] [bmv2] [T] [thread 18791] [19.0] [cxt 0] Bytes parsed: 14
[15:02:44.902] [bmv2] [D] [thread 18791] [19.0] [cxt 0] Parser 'parser': end
[15:02:44.902] [bmv2] [D] [thread 18791] [19.0] [cxt 0] Pipeline 'ingress': start
[15:02:44.902] [bmv2] [T] [thread 18791] [19.0] [cxt 0] /home/p4/git/master_degree_p4_unipampa/FRR/p4src/fast_reroute.p4(180) Condition "hdr.ipv4.isValid()" (node_2) is false
[15:02:44.902] [bmv2] [D] [thread 18791] [19.0] [cxt 0] Pipeline 'ingress': end
[15:02:44.902] [bmv2] [D] [thread 18791] [19.0] [cxt 0] Egress port is 0
[15:02:44.902] [bmv2] [D] [thread 18792] [19.0] [cxt 0] Pipeline 'egress': start
[15:02:44.902] [bmv2] [D] [thread 18792] [19.0] [cxt 0] Pipeline 'egress': end
[15:02:44.902] [bmv2] [D] [thread 18792] [19.0] [cxt 0] Deparser 'deparser': start
[15:02:44.902] [bmv2] [T] [thread 18792] [19.0] [cxt 0] Skipping checksum 'cksum' update because condition not met
[15:02:44.902] [bmv2] [D] [thread 18792] [19.0] [cxt 0] Deparsing header 'ethernet'
[15:02:44.902] [bmv2] [D] [thread 18792] [19.0] [cxt 0] Deparser 'deparser': end
[15:02:44.902] [bmv2] [D] [thread 18796] [19.0] [cxt 0] Transmitting packet of size 90 out of port 0
[15:02:44.916] [bmv2] [D] [thread 18791] [20.0] [cxt 0] Processing packet received on port 3
[15:02:44.916] [bmv2] [D] [thread 18791] [20.0] [cxt 0] Parser 'parser': start
[15:02:44.916] [bmv2] [D] [thread 18791] [20.0] [cxt 0] Parser 'parser' entering state 'start'
[15:02:44.916] [bmv2] [D] [thread 18791] [20.0] [cxt 0] Extracting header 'ethernet'
[15:02:44.916] [bmv2] [D] [thread 18791] [20.0] [cxt 0] Parser state 'start': key is 86dd
[15:02:44.916] [bmv2] [T] [thread 18791] [20.0] [cxt 0] Bytes parsed: 14
[15:02:44.916] [bmv2] [D] [thread 18791] [20.0] [cxt 0] Parser 'parser': end
[15:02:44.916] [bmv2] [D] [thread 18791] [20.0] [cxt 0] Pipeline 'ingress': start
[15:02:44.916] [bmv2] [T] [thread 18791] [20.0] [cxt 0] /home/p4/git/master_degree_p4_unipampa/FRR/p4src/fast_reroute.p4(180) Condition "hdr.ipv4.isValid()" (node_2) is false
[15:02:44.916] [bmv2] [D] [thread 18791] [20.0] [cxt 0] Pipeline 'ingress': end
[15:02:44.916] [bmv2] [D] [thread 18791] [20.0] [cxt 0] Egress port is 0
[15:02:44.916] [bmv2] [D] [thread 18792] [20.0] [cxt 0] Pipeline 'egress': start
[15:02:44.916] [bmv2] [D] [thread 18792] [20.0] [cxt 0] Pipeline 'egress': end
[15:02:44.916] [bmv2] [D] [thread 18792] [20.0] [cxt 0] Deparser 'deparser': start
[15:02:44.916] [bmv2] [T] [thread 18792] [20.0] [cxt 0] Skipping checksum 'cksum' update because condition not met
[15:02:44.916] [bmv2] [D] [thread 18792] [20.0] [cxt 0] Deparsing header 'ethernet'
[15:02:44.916] [bmv2] [D] [thread 18792] [20.0] [cxt 0] Deparser 'deparser': end
[15:02:44.916] [bmv2] [D] [thread 18796] [20.0] [cxt 0] Transmitting packet of size 90 out of port 0
[15:02:44.926] [bmv2] [D] [thread 18791] [21.0] [cxt 0] Processing packet received on port 3
[15:02:44.926] [bmv2] [D] [thread 18791] [21.0] [cxt 0] Parser 'parser': start
[15:02:44.926] [bmv2] [D] [thread 18791] [21.0] [cxt 0] Parser 'parser' entering state 'start'
[15:02:44.926] [bmv2] [D] [thread 18791] [21.0] [cxt 0] Extracting header 'ethernet'
[15:02:44.926] [bmv2] [D] [thread 18791] [21.0] [cxt 0] Parser state 'start': key is 86dd
[15:02:44.926] [bmv2] [T] [thread 18791] [21.0] [cxt 0] Bytes parsed: 14
[15:02:44.926] [bmv2] [D] [thread 18791] [21.0] [cxt 0] Parser 'parser': end
[15:02:44.926] [bmv2] [D] [thread 18791] [21.0] [cxt 0] Pipeline 'ingress': start
[15:02:44.926] [bmv2] [T] [thread 18791] [21.0] [cxt 0] /home/p4/git/master_degree_p4_unipampa/FRR/p4src/fast_reroute.p4(180) Condition "hdr.ipv4.isValid()" (node_2) is false
[15:02:44.926] [bmv2] [D] [thread 18791] [21.0] [cxt 0] Pipeline 'ingress': end
[15:02:44.926] [bmv2] [D] [thread 18791] [21.0] [cxt 0] Egress port is 0
[15:02:44.926] [bmv2] [D] [thread 18792] [21.0] [cxt 0] Pipeline 'egress': start
[15:02:44.926] [bmv2] [D] [thread 18792] [21.0] [cxt 0] Pipeline 'egress': end
[15:02:44.926] [bmv2] [D] [thread 18792] [21.0] [cxt 0] Deparser 'deparser': start
[15:02:44.926] [bmv2] [T] [thread 18792] [21.0] [cxt 0] Skipping checksum 'cksum' update because condition not met
[15:02:44.926] [bmv2] [D] [thread 18792] [21.0] [cxt 0] Deparsing header 'ethernet'
[15:02:44.926] [bmv2] [D] [thread 18792] [21.0] [cxt 0] Deparser 'deparser': end
[15:02:44.926] [bmv2] [D] [thread 18796] [21.0] [cxt 0] Transmitting packet of size 203 out of port 0
[15:02:52.700] [bmv2] [T] [thread 19065] bm_get_config
[15:02:52.703] [bmv2] [T] [thread 19065] bm_mt_get_entries
[15:02:52.703] [bmv2] [T] [thread 19065] bm_mt_get_entries
[15:02:52.703] [bmv2] [T] [thread 19065] bm_mt_get_entries
[15:02:52.704] [bmv2] [T] [thread 19065] bm_mt_get_entries
[15:02:52.704] [bmv2] [T] [thread 19065] bm_mt_get_entries
[15:02:52.704] [bmv2] [T] [thread 19065] bm_mt_get_entries
[15:02:52.736] [bmv2] [T] [thread 19065] bm_reset_state
[15:02:52.754] [bmv2] [D] [thread 19065] Resetting simple_switch target-specific state
[15:02:52.754] [bmv2] [D] [thread 19065] resetting PRE state
[15:02:52.872] [bmv2] [T] [thread 19065] bm_register_write
[15:02:52.873] [bmv2] [T] [thread 19065] bm_register_write
[15:02:52.873] [bmv2] [T] [thread 19065] bm_register_write
[15:02:52.874] [bmv2] [T] [thread 19065] bm_register_write
[15:02:52.875] [bmv2] [T] [thread 19065] bm_table_add_entry
[15:02:52.875] [bmv2] [D] [thread 19065] Entry 0 added to table 'MyIngress.len_primary_path'
[15:02:52.875] [bmv2] [D] [thread 19065] Dumping entry 0
Match key:
* hdr.pathHops.path_id: EXACT     00000000
Action entry: MyIngress.read_len_primary_path - 0,

[15:02:52.876] [bmv2] [T] [thread 19065] bm_register_write
[15:02:52.877] [bmv2] [T] [thread 19065] bm_register_write
[15:02:52.911] [bmv2] [T] [thread 19065] bm_register_write
[15:02:52.911] [bmv2] [T] [thread 19065] bm_register_write
[15:02:52.912] [bmv2] [T] [thread 19065] bm_register_write
[15:02:52.912] [bmv2] [T] [thread 19065] bm_register_write
[15:02:52.913] [bmv2] [T] [thread 19065] bm_table_add_entry
[15:02:52.913] [bmv2] [D] [thread 19065] Entry 0 added to table 'MyIngress.primary_path_exact_1'
[15:02:52.913] [bmv2] [D] [thread 19065] Dumping entry 0
Match key:
* hdr.pathHops.numHop : EXACT     00000001
Action entry: MyIngress.read_primary_port_1 - 0,

[15:02:52.913] [bmv2] [T] [thread 19065] bm_register_write
[15:02:52.928] [bmv2] [T] [thread 19065] bm_register_write
[15:02:52.929] [bmv2] [T] [thread 19065] bm_table_add_entry
[15:02:52.929] [bmv2] [D] [thread 19065] Entry 0 added to table 'MyIngress.len_alternative_path'
[15:02:52.929] [bmv2] [D] [thread 19065] Dumping entry 0
Match key:
* hdr.pathHops.path_id: EXACT     00000000
Action entry: MyIngress.read_len_alternative_path - 0,

[15:02:52.930] [bmv2] [T] [thread 19065] bm_register_write
[15:02:52.930] [bmv2] [T] [thread 19065] bm_register_write
[15:02:52.949] [bmv2] [T] [thread 19065] bm_register_write
[15:02:52.950] [bmv2] [T] [thread 19065] bm_register_write
[15:02:52.950] [bmv2] [T] [thread 19065] bm_register_write
[15:02:52.951] [bmv2] [T] [thread 19065] bm_register_write
[15:02:52.951] [bmv2] [T] [thread 19065] bm_table_add_entry
[15:02:52.952] [bmv2] [D] [thread 19065] Entry 0 added to table 'MyIngress.alternative_path_exact_1'
[15:02:52.952] [bmv2] [D] [thread 19065] Dumping entry 0
Match key:
* hdr.pathHops.numHop : EXACT     00000001
Action entry: MyIngress.read_alternative_port_1 - 0,

[15:02:59.405] [bmv2] [D] [thread 18791] [22.0] [cxt 0] Processing packet received on port 1
[15:02:59.405] [bmv2] [D] [thread 18791] [22.0] [cxt 0] Parser 'parser': start
[15:02:59.405] [bmv2] [D] [thread 18791] [22.0] [cxt 0] Parser 'parser' entering state 'start'
[15:02:59.405] [bmv2] [D] [thread 18791] [22.0] [cxt 0] Extracting header 'ethernet'
[15:02:59.405] [bmv2] [D] [thread 18791] [22.0] [cxt 0] Parser state 'start': key is 0800
[15:02:59.405] [bmv2] [T] [thread 18791] [22.0] [cxt 0] Bytes parsed: 14
[15:02:59.405] [bmv2] [D] [thread 18791] [22.0] [cxt 0] Parser 'parser' entering state 'parse_ipv4'
[15:02:59.405] [bmv2] [D] [thread 18791] [22.0] [cxt 0] Extracting header 'ipv4'
[15:02:59.405] [bmv2] [D] [thread 18791] [22.0] [cxt 0] Extracting header 'pathHops'
[15:02:59.405] [bmv2] [D] [thread 18791] [22.0] [cxt 0] Parser state 'parse_ipv4' has no switch, going to default next state
[15:02:59.405] [bmv2] [T] [thread 18791] [22.0] [cxt 0] Bytes parsed: 58
[15:02:59.405] [bmv2] [D] [thread 18791] [22.0] [cxt 0] Parser 'parser': end
[15:02:59.405] [bmv2] [D] [thread 18791] [22.0] [cxt 0] Pipeline 'ingress': start
[15:02:59.405] [bmv2] [T] [thread 18791] [22.0] [cxt 0] /home/p4/git/master_degree_p4_unipampa/FRR/p4src/fast_reroute.p4(180) Condition "hdr.ipv4.isValid()" (node_2) is true
[15:02:59.405] [bmv2] [T] [thread 18791] [22.0] [cxt 0] Applying table 'tbl_update_curr_path_size'
[15:02:59.405] [bmv2] [D] [thread 18791] [22.0] [cxt 0] Looking up key:

[15:02:59.405] [bmv2] [D] [thread 18791] [22.0] [cxt 0] Table 'tbl_update_curr_path_size': miss
[15:02:59.405] [bmv2] [D] [thread 18791] [22.0] [cxt 0] Action entry is MyIngress.update_curr_path_size - 
[15:02:59.406] [bmv2] [T] [thread 18791] [22.0] [cxt 0] Action MyIngress.update_curr_path_size
[15:02:59.406] [bmv2] [T] [thread 18791] [22.0] [cxt 0] /home/p4/git/master_degree_p4_unipampa/FRR/p4src/fast_reroute.p4(91) Primitive hdr.pathHops.numHop = hdr.pathHops.numHop + 1
[15:02:59.406] [bmv2] [T] [thread 18791] [22.0] [cxt 0] Applying table 'tbl_fast_reroute187'
[15:02:59.406] [bmv2] [D] [thread 18791] [22.0] [cxt 0] Looking up key:

[15:02:59.406] [bmv2] [D] [thread 18791] [22.0] [cxt 0] Table 'tbl_fast_reroute187': miss
[15:02:59.406] [bmv2] [D] [thread 18791] [22.0] [cxt 0] Action entry is fast_reroute187 - 
[15:02:59.406] [bmv2] [T] [thread 18791] [22.0] [cxt 0] Action fast_reroute187
[15:02:59.406] [bmv2] [T] [thread 18791] [22.0] [cxt 0] /home/p4/git/master_degree_p4_unipampa/FRR/p4src/fast_reroute.p4(187) Primitive swIdReg.read(swId, 0)
[15:02:59.406] [bmv2] [T] [thread 18791] [22.0] [cxt 0] Read register 'MyIngress.swIdReg' at index 0 read value 1
[15:02:59.406] [bmv2] [T] [thread 18791] [22.0] [cxt 0] /home/p4/git/master_degree_p4_unipampa/FRR/p4src/fast_reroute.p4(191) Primitive mask << swId
[15:02:59.406] [bmv2] [T] [thread 18791] [22.0] [cxt 0] /home/p4/git/master_degree_p4_unipampa/FRR/p4src/fast_reroute.p4(192) Primitive debugReg.write(0, mask)
[15:02:59.406] [bmv2] [T] [thread 18791] [22.0] [cxt 0] Wrote register 'MyIngress.debugReg' at index 0 with value 2
[15:02:59.406] [bmv2] [T] [thread 18791] [22.0] [cxt 0] /home/p4/git/master_degree_p4_unipampa/FRR/p4src/fast_reroute.p4(200) Primitive depotIdReg.read(depotId, 0)
[15:02:59.406] [bmv2] [T] [thread 18791] [22.0] [cxt 0] Read register 'MyIngress.depotIdReg' at index 0 read value 1
[15:02:59.406] [bmv2] [T] [thread 18791] [22.0] [cxt 0] /home/p4/git/master_degree_p4_unipampa/FRR/p4src/fast_reroute.p4(204) Primitive last_seen_pkt_timestamp.read(last_seen, 0)
[15:02:59.406] [bmv2] [T] [thread 18791] [22.0] [cxt 0] Read register 'MyIngress.last_seen_pkt_timestamp' at index 0 read value 0
[15:02:59.406] [bmv2] [T] [thread 18791] [22.0] [cxt 0] /home/p4/git/master_degree_p4_unipampa/FRR/p4src/fast_reroute.p4(208) Primitive maxTimeOutDepotReg.read(threshold, 0)
[15:02:59.406] [bmv2] [T] [thread 18791] [22.0] [cxt 0] Read register 'MyIngress.maxTimeOutDepotReg' at index 0 read value 3000000
[15:02:59.406] [bmv2] [T] [thread 18791] [22.0] [cxt 0] /home/p4/git/master_degree_p4_unipampa/FRR/p4src/fast_reroute.p4(211) Condition "swId == depotId && hdr.pathHops.has_visited_depot == 0" (node_5) is true
[15:02:59.406] [bmv2] [T] [thread 18791] [22.0] [cxt 0] Applying table 'tbl_fast_reroute212'
[15:02:59.406] [bmv2] [D] [thread 18791] [22.0] [cxt 0] Looking up key:

[15:02:59.406] [bmv2] [D] [thread 18791] [22.0] [cxt 0] Table 'tbl_fast_reroute212': miss
[15:02:59.406] [bmv2] [D] [thread 18791] [22.0] [cxt 0] Action entry is fast_reroute212 - 
[15:02:59.406] [bmv2] [T] [thread 18791] [22.0] [cxt 0] Action fast_reroute212
[15:02:59.406] [bmv2] [T] [thread 18791] [22.0] [cxt 0] /home/p4/git/master_degree_p4_unipampa/FRR/p4src/fast_reroute.p4(196) Primitive standard_metadata.ingress_global_timestamp; ...
[15:02:59.406] [bmv2] [T] [thread 18791] [22.0] [cxt 0] /home/p4/git/master_degree_p4_unipampa/FRR/p4src/fast_reroute.p4(213) Condition "last_seen == 0" (node_7) is true
[15:02:59.406] [bmv2] [T] [thread 18791] [22.0] [cxt 0] Applying table 'tbl_fast_reroute214'
[15:02:59.406] [bmv2] [D] [thread 18791] [22.0] [cxt 0] Looking up key:

[15:02:59.406] [bmv2] [D] [thread 18791] [22.0] [cxt 0] Table 'tbl_fast_reroute214': miss
[15:02:59.406] [bmv2] [D] [thread 18791] [22.0] [cxt 0] Action entry is fast_reroute214 - 
[15:02:59.406] [bmv2] [T] [thread 18791] [22.0] [cxt 0] Action fast_reroute214
[15:02:59.406] [bmv2] [T] [thread 18791] [22.0] [cxt 0] /home/p4/git/master_degree_p4_unipampa/FRR/p4src/fast_reroute.p4(214) Primitive last_seen_pkt_timestamp.write(0, curr_time)
[15:02:59.406] [bmv2] [T] [thread 18791] [22.0] [cxt 0] Wrote register 'MyIngress.last_seen_pkt_timestamp' at index 0 with value 15720081
[15:02:59.406] [bmv2] [T] [thread 18791] [22.0] [cxt 0] /home/p4/git/master_degree_p4_unipampa/FRR/p4src/fast_reroute.p4(215) Primitive last_seen_pkt_timestamp.read(last_seen, 0)
[15:02:59.406] [bmv2] [T] [thread 18791] [22.0] [cxt 0] Read register 'MyIngress.last_seen_pkt_timestamp' at index 0 read value 15720081
[15:02:59.406] [bmv2] [T] [thread 18791] [22.0] [cxt 0] Applying table 'tbl_fast_reroute217'
[15:02:59.406] [bmv2] [D] [thread 18791] [22.0] [cxt 0] Looking up key:

[15:02:59.406] [bmv2] [D] [thread 18791] [22.0] [cxt 0] Table 'tbl_fast_reroute217': miss
[15:02:59.406] [bmv2] [D] [thread 18791] [22.0] [cxt 0] Action entry is fast_reroute217 - 
[15:02:59.406] [bmv2] [T] [thread 18791] [22.0] [cxt 0] Action fast_reroute217
[15:02:59.406] [bmv2] [T] [thread 18791] [22.0] [cxt 0] /home/p4/git/master_degree_p4_unipampa/FRR/p4src/fast_reroute.p4(217) Primitive hdr.pathHops.has_visited_depot = 1
[15:02:59.406] [bmv2] [T] [thread 18791] [22.0] [cxt 0] /home/p4/git/master_degree_p4_unipampa/FRR/p4src/fast_reroute.p4(223) Condition "swId == depotId && hdr.pathHops.is_alt == 0 && hdr.pathHops.pkt_timestamp - last_seen < threshold && hdr.pathHops.has_visited_depot > 0" (node_11) is true
[15:02:59.406] [bmv2] [T] [thread 18791] [22.0] [cxt 0] Applying table 'tbl_fast_reroute225'
[15:02:59.406] [bmv2] [D] [thread 18791] [22.0] [cxt 0] Looking up key:

[15:02:59.406] [bmv2] [D] [thread 18791] [22.0] [cxt 0] Table 'tbl_fast_reroute225': miss
[15:02:59.406] [bmv2] [D] [thread 18791] [22.0] [cxt 0] Action entry is fast_reroute225 - 
[15:02:59.406] [bmv2] [T] [thread 18791] [22.0] [cxt 0] Action fast_reroute225
[15:02:59.406] [bmv2] [T] [thread 18791] [22.0] [cxt 0] /home/p4/git/master_degree_p4_unipampa/FRR/p4src/fast_reroute.p4(225) Primitive last_seen_pkt_timestamp.write(0, curr_time)
[15:02:59.407] [bmv2] [T] [thread 18791] [22.0] [cxt 0] Wrote register 'MyIngress.last_seen_pkt_timestamp' at index 0 with value 15720081
[15:02:59.407] [bmv2] [T] [thread 18791] [22.0] [cxt 0] /home/p4/git/master_degree_p4_unipampa/FRR/p4src/fast_reroute.p4(242) Condition "hdr.pathHops.is_alt == 0" (node_19) is true
[15:02:59.407] [bmv2] [T] [thread 18791] [22.0] [cxt 0] Applying table 'tbl_fast_reroute243'
[15:02:59.407] [bmv2] [D] [thread 18791] [22.0] [cxt 0] Looking up key:

[15:02:59.407] [bmv2] [D] [thread 18791] [22.0] [cxt 0] Table 'tbl_fast_reroute243': miss
[15:02:59.407] [bmv2] [D] [thread 18791] [22.0] [cxt 0] Action entry is fast_reroute243 - 
[15:02:59.407] [bmv2] [T] [thread 18791] [22.0] [cxt 0] Action fast_reroute243
[15:02:59.407] [bmv2] [T] [thread 18791] [22.0] [cxt 0] /home/p4/git/master_degree_p4_unipampa/FRR/p4src/fast_reroute.p4(243) Primitive primaryNH_1.read(meta.nextHop, hdr.pathHops.path_id)
[15:02:59.407] [bmv2] [T] [thread 18791] [22.0] [cxt 0] Read register 'MyIngress.primaryNH_1' at index 0 read value 2
[15:02:59.407] [bmv2] [T] [thread 18791] [22.0] [cxt 0] /home/p4/git/master_degree_p4_unipampa/FRR/p4src/fast_reroute.p4(244) Condition "(hdr.pathHops.num_times_curr_switch_primary & mask == 0) && (meta.nextHop != 9999)" (node_21) is true
[15:02:59.407] [bmv2] [T] [thread 18791] [22.0] [cxt 0] Applying table 'MyIngress.primary_path_exact_1'
[15:02:59.407] [bmv2] [D] [thread 18791] [22.0] [cxt 0] Looking up key:
* hdr.pathHops.numHop : 00000001

[15:02:59.407] [bmv2] [D] [thread 18791] [22.0] [cxt 0] Table 'MyIngress.primary_path_exact_1': hit with handle 0
[15:02:59.407] [bmv2] [D] [thread 18791] [22.0] [cxt 0] Dumping entry 0
Match key:
* hdr.pathHops.numHop : EXACT     00000001
Action entry: MyIngress.read_primary_port_1 - 0,

[15:02:59.407] [bmv2] [D] [thread 18791] [22.0] [cxt 0] Action entry is MyIngress.read_primary_port_1 - 0,
[15:02:59.407] [bmv2] [T] [thread 18791] [22.0] [cxt 0] Action MyIngress.read_primary_port_1
[15:02:59.407] [bmv2] [T] [thread 18791] [22.0] [cxt 0] /home/p4/git/master_degree_p4_unipampa/FRR/p4src/fast_reroute.p4(61) Primitive meta.indexPath = indexPath
[15:02:59.407] [bmv2] [T] [thread 18791] [22.0] [cxt 0] /home/p4/git/master_degree_p4_unipampa/FRR/p4src/fast_reroute.p4(62) Primitive primaryNH_1.read(meta.nextHop, meta.indexPath)
[15:02:59.407] [bmv2] [T] [thread 18791] [22.0] [cxt 0] Read register 'MyIngress.primaryNH_1' at index 0 read value 2
[15:02:59.407] [bmv2] [T] [thread 18791] [22.0] [cxt 0] Applying table 'tbl_fast_reroute246'
[15:02:59.407] [bmv2] [D] [thread 18791] [22.0] [cxt 0] Looking up key:

[15:02:59.407] [bmv2] [D] [thread 18791] [22.0] [cxt 0] Table 'tbl_fast_reroute246': miss
[15:02:59.407] [bmv2] [D] [thread 18791] [22.0] [cxt 0] Action entry is fast_reroute246 - 
[15:02:59.407] [bmv2] [T] [thread 18791] [22.0] [cxt 0] Action fast_reroute246
[15:02:59.407] [bmv2] [T] [thread 18791] [22.0] [cxt 0] /home/p4/git/master_degree_p4_unipampa/FRR/p4src/fast_reroute.p4(246) Primitive hdr.pathHops.num_times_curr_switch_primary = (hdr.pathHops.num_times_curr_switch_primary & ~mask) | ((bit<32>)1 << swId)
[15:02:59.407] [bmv2] [T] [thread 18791] [22.0] [cxt 0] Applying table 'tbl_fast_reroute265'
[15:02:59.407] [bmv2] [D] [thread 18791] [22.0] [cxt 0] Looking up key:

[15:02:59.407] [bmv2] [D] [thread 18791] [22.0] [cxt 0] Table 'tbl_fast_reroute265': miss
[15:02:59.407] [bmv2] [D] [thread 18791] [22.0] [cxt 0] Action entry is fast_reroute265 - 
[15:02:59.407] [bmv2] [T] [thread 18791] [22.0] [cxt 0] Action fast_reroute265
[15:02:59.407] [bmv2] [T] [thread 18791] [22.0] [cxt 0] /home/p4/git/master_degree_p4_unipampa/FRR/p4src/fast_reroute.p4(265) Primitive standard_metadata.egress_spec = (bit<9>) meta.nextHop
[15:02:59.407] [bmv2] [T] [thread 18791] [22.0] [cxt 0] /home/p4/git/master_degree_p4_unipampa/FRR/p4src/fast_reroute.p4(268) Primitive isAltReg.write(0, hdr.pathHops.is_alt)
[15:02:59.407] [bmv2] [T] [thread 18791] [22.0] [cxt 0] Wrote register 'MyIngress.isAltReg' at index 0 with value 0
[15:02:59.407] [bmv2] [T] [thread 18791] [22.0] [cxt 0] /home/p4/git/master_degree_p4_unipampa/FRR/p4src/fast_reroute.p4(269) Primitive numHopReg.write(0, hdr.pathHops.numHop)
[15:02:59.407] [bmv2] [T] [thread 18791] [22.0] [cxt 0] Wrote register 'MyIngress.numHopReg' at index 0 with value 1
[15:02:59.407] [bmv2] [T] [thread 18791] [22.0] [cxt 0] Applying table 'MyIngress.len_primary_path'
[15:02:59.407] [bmv2] [D] [thread 18791] [22.0] [cxt 0] Looking up key:
* hdr.pathHops.path_id: 00000000

[15:02:59.407] [bmv2] [D] [thread 18791] [22.0] [cxt 0] Table 'MyIngress.len_primary_path': hit with handle 0
[15:02:59.407] [bmv2] [D] [thread 18791] [22.0] [cxt 0] Dumping entry 0
Match key:
* hdr.pathHops.path_id: EXACT     00000000
Action entry: MyIngress.read_len_primary_path - 0,

[15:02:59.407] [bmv2] [D] [thread 18791] [22.0] [cxt 0] Action entry is MyIngress.read_len_primary_path - 0,
[15:02:59.407] [bmv2] [T] [thread 18791] [22.0] [cxt 0] Action MyIngress.read_len_primary_path
[15:02:59.407] [bmv2] [T] [thread 18791] [22.0] [cxt 0] /home/p4/git/master_degree_p4_unipampa/FRR/p4src/fast_reroute.p4(81) Primitive meta.indexPath = indexPath
[15:02:59.407] [bmv2] [T] [thread 18791] [22.0] [cxt 0] /home/p4/git/master_degree_p4_unipampa/FRR/p4src/fast_reroute.p4(82) Primitive lenPrimaryPathSize.read(meta.lenPrimaryPathSize, meta.indexPath)
[15:02:59.407] [bmv2] [T] [thread 18791] [22.0] [cxt 0] Read register 'MyIngress.lenPrimaryPathSize' at index 0 read value 7
[15:02:59.407] [bmv2] [T] [thread 18791] [22.0] [cxt 0] Applying table 'MyIngress.len_alternative_path'
[15:02:59.408] [bmv2] [D] [thread 18791] [22.0] [cxt 0] Looking up key:
* hdr.pathHops.path_id: 00000000

[15:02:59.408] [bmv2] [D] [thread 18791] [22.0] [cxt 0] Table 'MyIngress.len_alternative_path': hit with handle 0
[15:02:59.408] [bmv2] [D] [thread 18791] [22.0] [cxt 0] Dumping entry 0
Match key:
* hdr.pathHops.path_id: EXACT     00000000
Action entry: MyIngress.read_len_alternative_path - 0,

[15:02:59.408] [bmv2] [D] [thread 18791] [22.0] [cxt 0] Action entry is MyIngress.read_len_alternative_path - 0,
[15:02:59.408] [bmv2] [T] [thread 18791] [22.0] [cxt 0] Action MyIngress.read_len_alternative_path
[15:02:59.408] [bmv2] [T] [thread 18791] [22.0] [cxt 0] /home/p4/git/master_degree_p4_unipampa/FRR/p4src/fast_reroute.p4(86) Primitive meta.indexPath = indexPath
[15:02:59.408] [bmv2] [T] [thread 18791] [22.0] [cxt 0] /home/p4/git/master_degree_p4_unipampa/FRR/p4src/fast_reroute.p4(87) Primitive lenAlternativePathSize.read(meta.lenAlternativePathSize, meta.indexPath)
[15:02:59.408] [bmv2] [T] [thread 18791] [22.0] [cxt 0] Read register 'MyIngress.lenAlternativePathSize' at index 0 read value 8
[15:02:59.408] [bmv2] [T] [thread 18791] [22.0] [cxt 0] /home/p4/git/master_degree_p4_unipampa/FRR/p4src/fast_reroute.p4(275) Condition "hdr.pathHops.is_alt == 0 && hdr.pathHops.numHop == meta.lenPrimaryPathSize && hdr.pathHops.has_visited_depot > 0" (node_33) is false
[15:02:59.408] [bmv2] [T] [thread 18791] [22.0] [cxt 0] /home/p4/git/master_degree_p4_unipampa/FRR/p4src/fast_reroute.p4(280) Condition "hdr.pathHops.is_alt == 1 && hdr.pathHops.numHop == meta.lenAlternativePathSize && hdr.pathHops.has_visited_depot > 0" (node_37) is false
[15:02:59.408] [bmv2] [D] [thread 18791] [22.0] [cxt 0] Pipeline 'ingress': end
[15:02:59.408] [bmv2] [D] [thread 18791] [22.0] [cxt 0] Egress port is 2
[15:02:59.408] [bmv2] [D] [thread 18794] [22.0] [cxt 0] Pipeline 'egress': start
[15:02:59.408] [bmv2] [D] [thread 18794] [22.0] [cxt 0] Pipeline 'egress': end
[15:02:59.408] [bmv2] [D] [thread 18794] [22.0] [cxt 0] Deparser 'deparser': start
[15:02:59.408] [bmv2] [D] [thread 18794] [22.0] [cxt 0] Updating checksum 'cksum'
[15:02:59.408] [bmv2] [D] [thread 18794] [22.0] [cxt 0] Deparsing header 'ethernet'
[15:02:59.408] [bmv2] [D] [thread 18794] [22.0] [cxt 0] Deparsing header 'ipv4'
[15:02:59.408] [bmv2] [D] [thread 18794] [22.0] [cxt 0] Deparsing header 'pathHops'
[15:02:59.408] [bmv2] [D] [thread 18794] [22.0] [cxt 0] Deparser 'deparser': end
[15:02:59.408] [bmv2] [D] [thread 18796] [22.0] [cxt 0] Transmitting packet of size 58 out of port 2
[15:03:04.505] [bmv2] [D] [thread 18791] [23.0] [cxt 0] Processing packet received on port 1
[15:03:04.505] [bmv2] [D] [thread 18791] [23.0] [cxt 0] Parser 'parser': start
[15:03:04.505] [bmv2] [D] [thread 18791] [23.0] [cxt 0] Parser 'parser' entering state 'start'
[15:03:04.505] [bmv2] [D] [thread 18791] [23.0] [cxt 0] Extracting header 'ethernet'
[15:03:04.505] [bmv2] [D] [thread 18791] [23.0] [cxt 0] Parser state 'start': key is 0800
[15:03:04.505] [bmv2] [T] [thread 18791] [23.0] [cxt 0] Bytes parsed: 14
[15:03:04.505] [bmv2] [D] [thread 18791] [23.0] [cxt 0] Parser 'parser' entering state 'parse_ipv4'
[15:03:04.505] [bmv2] [D] [thread 18791] [23.0] [cxt 0] Extracting header 'ipv4'
[15:03:04.505] [bmv2] [D] [thread 18791] [23.0] [cxt 0] Extracting header 'pathHops'
[15:03:04.505] [bmv2] [D] [thread 18791] [23.0] [cxt 0] Parser state 'parse_ipv4' has no switch, going to default next state
[15:03:04.505] [bmv2] [T] [thread 18791] [23.0] [cxt 0] Bytes parsed: 58
[15:03:04.505] [bmv2] [D] [thread 18791] [23.0] [cxt 0] Parser 'parser': end
[15:03:04.505] [bmv2] [D] [thread 18791] [23.0] [cxt 0] Pipeline 'ingress': start
[15:03:04.505] [bmv2] [T] [thread 18791] [23.0] [cxt 0] /home/p4/git/master_degree_p4_unipampa/FRR/p4src/fast_reroute.p4(180) Condition "hdr.ipv4.isValid()" (node_2) is true
[15:03:04.505] [bmv2] [T] [thread 18791] [23.0] [cxt 0] Applying table 'tbl_update_curr_path_size'
[15:03:04.505] [bmv2] [D] [thread 18791] [23.0] [cxt 0] Looking up key:

[15:03:04.505] [bmv2] [D] [thread 18791] [23.0] [cxt 0] Table 'tbl_update_curr_path_size': miss
[15:03:04.505] [bmv2] [D] [thread 18791] [23.0] [cxt 0] Action entry is MyIngress.update_curr_path_size - 
[15:03:04.505] [bmv2] [T] [thread 18791] [23.0] [cxt 0] Action MyIngress.update_curr_path_size
[15:03:04.505] [bmv2] [T] [thread 18791] [23.0] [cxt 0] /home/p4/git/master_degree_p4_unipampa/FRR/p4src/fast_reroute.p4(91) Primitive hdr.pathHops.numHop = hdr.pathHops.numHop + 1
[15:03:04.505] [bmv2] [T] [thread 18791] [23.0] [cxt 0] Applying table 'tbl_fast_reroute187'
[15:03:04.505] [bmv2] [D] [thread 18791] [23.0] [cxt 0] Looking up key:

[15:03:04.505] [bmv2] [D] [thread 18791] [23.0] [cxt 0] Table 'tbl_fast_reroute187': miss
[15:03:04.505] [bmv2] [D] [thread 18791] [23.0] [cxt 0] Action entry is fast_reroute187 - 
[15:03:04.505] [bmv2] [T] [thread 18791] [23.0] [cxt 0] Action fast_reroute187
[15:03:04.505] [bmv2] [T] [thread 18791] [23.0] [cxt 0] /home/p4/git/master_degree_p4_unipampa/FRR/p4src/fast_reroute.p4(187) Primitive swIdReg.read(swId, 0)
[15:03:04.505] [bmv2] [T] [thread 18791] [23.0] [cxt 0] Read register 'MyIngress.swIdReg' at index 0 read value 1
[15:03:04.505] [bmv2] [T] [thread 18791] [23.0] [cxt 0] /home/p4/git/master_degree_p4_unipampa/FRR/p4src/fast_reroute.p4(191) Primitive mask << swId
[15:03:04.505] [bmv2] [T] [thread 18791] [23.0] [cxt 0] /home/p4/git/master_degree_p4_unipampa/FRR/p4src/fast_reroute.p4(192) Primitive debugReg.write(0, mask)
[15:03:04.505] [bmv2] [T] [thread 18791] [23.0] [cxt 0] Wrote register 'MyIngress.debugReg' at index 0 with value 2
[15:03:04.505] [bmv2] [T] [thread 18791] [23.0] [cxt 0] /home/p4/git/master_degree_p4_unipampa/FRR/p4src/fast_reroute.p4(200) Primitive depotIdReg.read(depotId, 0)
[15:03:04.505] [bmv2] [T] [thread 18791] [23.0] [cxt 0] Read register 'MyIngress.depotIdReg' at index 0 read value 1
[15:03:04.505] [bmv2] [T] [thread 18791] [23.0] [cxt 0] /home/p4/git/master_degree_p4_unipampa/FRR/p4src/fast_reroute.p4(204) Primitive last_seen_pkt_timestamp.read(last_seen, 0)
[15:03:04.505] [bmv2] [T] [thread 18791] [23.0] [cxt 0] Read register 'MyIngress.last_seen_pkt_timestamp' at index 0 read value 15720081
[15:03:04.505] [bmv2] [T] [thread 18791] [23.0] [cxt 0] /home/p4/git/master_degree_p4_unipampa/FRR/p4src/fast_reroute.p4(208) Primitive maxTimeOutDepotReg.read(threshold, 0)
[15:03:04.505] [bmv2] [T] [thread 18791] [23.0] [cxt 0] Read register 'MyIngress.maxTimeOutDepotReg' at index 0 read value 3000000
[15:03:04.505] [bmv2] [T] [thread 18791] [23.0] [cxt 0] /home/p4/git/master_degree_p4_unipampa/FRR/p4src/fast_reroute.p4(211) Condition "swId == depotId && hdr.pathHops.has_visited_depot == 0" (node_5) is true
[15:03:04.505] [bmv2] [T] [thread 18791] [23.0] [cxt 0] Applying table 'tbl_fast_reroute212'
[15:03:04.505] [bmv2] [D] [thread 18791] [23.0] [cxt 0] Looking up key:

[15:03:04.505] [bmv2] [D] [thread 18791] [23.0] [cxt 0] Table 'tbl_fast_reroute212': miss
[15:03:04.505] [bmv2] [D] [thread 18791] [23.0] [cxt 0] Action entry is fast_reroute212 - 
[15:03:04.505] [bmv2] [T] [thread 18791] [23.0] [cxt 0] Action fast_reroute212
[15:03:04.505] [bmv2] [T] [thread 18791] [23.0] [cxt 0] /home/p4/git/master_degree_p4_unipampa/FRR/p4src/fast_reroute.p4(196) Primitive standard_metadata.ingress_global_timestamp; ...
[15:03:04.505] [bmv2] [T] [thread 18791] [23.0] [cxt 0] /home/p4/git/master_degree_p4_unipampa/FRR/p4src/fast_reroute.p4(213) Condition "last_seen == 0" (node_7) is false
[15:03:04.505] [bmv2] [T] [thread 18791] [23.0] [cxt 0] Applying table 'tbl_fast_reroute217'
[15:03:04.505] [bmv2] [D] [thread 18791] [23.0] [cxt 0] Looking up key:

[15:03:04.505] [bmv2] [D] [thread 18791] [23.0] [cxt 0] Table 'tbl_fast_reroute217': miss
[15:03:04.505] [bmv2] [D] [thread 18791] [23.0] [cxt 0] Action entry is fast_reroute217 - 
[15:03:04.505] [bmv2] [T] [thread 18791] [23.0] [cxt 0] Action fast_reroute217
[15:03:04.505] [bmv2] [T] [thread 18791] [23.0] [cxt 0] /home/p4/git/master_degree_p4_unipampa/FRR/p4src/fast_reroute.p4(217) Primitive hdr.pathHops.has_visited_depot = 1
[15:03:04.505] [bmv2] [T] [thread 18791] [23.0] [cxt 0] /home/p4/git/master_degree_p4_unipampa/FRR/p4src/fast_reroute.p4(223) Condition "swId == depotId && hdr.pathHops.is_alt == 0 && hdr.pathHops.pkt_timestamp - last_seen < threshold && hdr.pathHops.has_visited_depot > 0" (node_11) is false
[15:03:04.505] [bmv2] [T] [thread 18791] [23.0] [cxt 0] /home/p4/git/master_degree_p4_unipampa/FRR/p4src/fast_reroute.p4(227) Condition "swId == depotId && hdr.pathHops.is_alt == 0 && hdr.pathHops.pkt_timestamp - last_seen >= threshold && hdr.pathHops.has_visited_depot > 0" (node_13) is true
[15:03:04.505] [bmv2] [T] [thread 18791] [23.0] [cxt 0] Applying table 'tbl_fast_reroute228'
[15:03:04.505] [bmv2] [D] [thread 18791] [23.0] [cxt 0] Looking up key:

[15:03:04.505] [bmv2] [D] [thread 18791] [23.0] [cxt 0] Table 'tbl_fast_reroute228': miss
[15:03:04.505] [bmv2] [D] [thread 18791] [23.0] [cxt 0] Action entry is fast_reroute228 - 
[15:03:04.505] [bmv2] [T] [thread 18791] [23.0] [cxt 0] Action fast_reroute228
[15:03:04.505] [bmv2] [T] [thread 18791] [23.0] [cxt 0] /home/p4/git/master_degree_p4_unipampa/FRR/p4src/fast_reroute.p4(228) Primitive hdr.pathHops.is_alt = 1
[15:03:04.505] [bmv2] [T] [thread 18791] [23.0] [cxt 0] /home/p4/git/master_degree_p4_unipampa/FRR/p4src/fast_reroute.p4(229) Primitive last_seen_pkt_timestamp.write(0, curr_time)
[15:03:04.505] [bmv2] [T] [thread 18791] [23.0] [cxt 0] Wrote register 'MyIngress.last_seen_pkt_timestamp' at index 0 with value 20819674
[15:03:04.505] [bmv2] [T] [thread 18791] [23.0] [cxt 0] /home/p4/git/master_degree_p4_unipampa/FRR/p4src/fast_reroute.p4(242) Condition "hdr.pathHops.is_alt == 0" (node_19) is false
[15:03:04.505] [bmv2] [T] [thread 18791] [23.0] [cxt 0] /home/p4/git/master_degree_p4_unipampa/FRR/p4src/fast_reroute.p4(255) Condition "hdr.pathHops.is_alt > 0" (node_25) is true
[15:03:04.505] [bmv2] [T] [thread 18791] [23.0] [cxt 0] /home/p4/git/master_degree_p4_unipampa/FRR/p4src/fast_reroute.p4(256) Condition "(hdr.pathHops.num_times_curr_switch_alternative & mask == 0) && (meta.nextHop != 9999)" (node_26) is true
[15:03:04.505] [bmv2] [T] [thread 18791] [23.0] [cxt 0] Applying table 'MyIngress.alternative_path_exact_1'
[15:03:04.505] [bmv2] [D] [thread 18791] [23.0] [cxt 0] Looking up key:
* hdr.pathHops.numHop : 00000001

[15:03:04.505] [bmv2] [D] [thread 18791] [23.0] [cxt 0] Table 'MyIngress.alternative_path_exact_1': hit with handle 0
[15:03:04.506] [bmv2] [D] [thread 18791] [23.0] [cxt 0] Dumping entry 0
Match key:
* hdr.pathHops.numHop : EXACT     00000001
Action entry: MyIngress.read_alternative_port_1 - 0,

[15:03:04.506] [bmv2] [D] [thread 18791] [23.0] [cxt 0] Action entry is MyIngress.read_alternative_port_1 - 0,
[15:03:04.506] [bmv2] [T] [thread 18791] [23.0] [cxt 0] Action MyIngress.read_alternative_port_1
[15:03:04.506] [bmv2] [T] [thread 18791] [23.0] [cxt 0] /home/p4/git/master_degree_p4_unipampa/FRR/p4src/fast_reroute.p4(66) Primitive meta.indexPath = indexPath
[15:03:04.506] [bmv2] [T] [thread 18791] [23.0] [cxt 0] /home/p4/git/master_degree_p4_unipampa/FRR/p4src/fast_reroute.p4(67) Primitive alternativeNH_1.read(meta.nextHop, meta.indexPath)
[15:03:04.506] [bmv2] [T] [thread 18791] [23.0] [cxt 0] Read register 'MyIngress.alternativeNH_1' at index 0 read value 3
[15:03:04.506] [bmv2] [T] [thread 18791] [23.0] [cxt 0] Applying table 'tbl_fast_reroute258'
[15:03:04.506] [bmv2] [D] [thread 18791] [23.0] [cxt 0] Looking up key:

[15:03:04.506] [bmv2] [D] [thread 18791] [23.0] [cxt 0] Table 'tbl_fast_reroute258': miss
[15:03:04.506] [bmv2] [D] [thread 18791] [23.0] [cxt 0] Action entry is fast_reroute258 - 
[15:03:04.506] [bmv2] [T] [thread 18791] [23.0] [cxt 0] Action fast_reroute258
[15:03:04.506] [bmv2] [T] [thread 18791] [23.0] [cxt 0] /home/p4/git/master_degree_p4_unipampa/FRR/p4src/fast_reroute.p4(258) Primitive hdr.pathHops.num_times_curr_switch_alternative = (hdr.pathHops.num_times_curr_switch_alternative & ~mask) | ((bit<32>)1 << swId)
[15:03:04.506] [bmv2] [T] [thread 18791] [23.0] [cxt 0] Applying table 'tbl_fast_reroute265'
[15:03:04.506] [bmv2] [D] [thread 18791] [23.0] [cxt 0] Looking up key:

[15:03:04.506] [bmv2] [D] [thread 18791] [23.0] [cxt 0] Table 'tbl_fast_reroute265': miss
[15:03:04.506] [bmv2] [D] [thread 18791] [23.0] [cxt 0] Action entry is fast_reroute265 - 
[15:03:04.506] [bmv2] [T] [thread 18791] [23.0] [cxt 0] Action fast_reroute265
[15:03:04.506] [bmv2] [T] [thread 18791] [23.0] [cxt 0] /home/p4/git/master_degree_p4_unipampa/FRR/p4src/fast_reroute.p4(265) Primitive standard_metadata.egress_spec = (bit<9>) meta.nextHop
[15:03:04.506] [bmv2] [T] [thread 18791] [23.0] [cxt 0] /home/p4/git/master_degree_p4_unipampa/FRR/p4src/fast_reroute.p4(268) Primitive isAltReg.write(0, hdr.pathHops.is_alt)
[15:03:04.506] [bmv2] [T] [thread 18791] [23.0] [cxt 0] Wrote register 'MyIngress.isAltReg' at index 0 with value 1
[15:03:04.506] [bmv2] [T] [thread 18791] [23.0] [cxt 0] /home/p4/git/master_degree_p4_unipampa/FRR/p4src/fast_reroute.p4(269) Primitive numHopReg.write(0, hdr.pathHops.numHop)
[15:03:04.506] [bmv2] [T] [thread 18791] [23.0] [cxt 0] Wrote register 'MyIngress.numHopReg' at index 0 with value 1
[15:03:04.506] [bmv2] [T] [thread 18791] [23.0] [cxt 0] Applying table 'MyIngress.len_primary_path'
[15:03:04.506] [bmv2] [D] [thread 18791] [23.0] [cxt 0] Looking up key:
* hdr.pathHops.path_id: 00000000

[15:03:04.506] [bmv2] [D] [thread 18791] [23.0] [cxt 0] Table 'MyIngress.len_primary_path': hit with handle 0
[15:03:04.506] [bmv2] [D] [thread 18791] [23.0] [cxt 0] Dumping entry 0
Match key:
* hdr.pathHops.path_id: EXACT     00000000
Action entry: MyIngress.read_len_primary_path - 0,

[15:03:04.506] [bmv2] [D] [thread 18791] [23.0] [cxt 0] Action entry is MyIngress.read_len_primary_path - 0,
[15:03:04.506] [bmv2] [T] [thread 18791] [23.0] [cxt 0] Action MyIngress.read_len_primary_path
[15:03:04.506] [bmv2] [T] [thread 18791] [23.0] [cxt 0] /home/p4/git/master_degree_p4_unipampa/FRR/p4src/fast_reroute.p4(81) Primitive meta.indexPath = indexPath
[15:03:04.506] [bmv2] [T] [thread 18791] [23.0] [cxt 0] /home/p4/git/master_degree_p4_unipampa/FRR/p4src/fast_reroute.p4(82) Primitive lenPrimaryPathSize.read(meta.lenPrimaryPathSize, meta.indexPath)
[15:03:04.506] [bmv2] [T] [thread 18791] [23.0] [cxt 0] Read register 'MyIngress.lenPrimaryPathSize' at index 0 read value 7
[15:03:04.506] [bmv2] [T] [thread 18791] [23.0] [cxt 0] Applying table 'MyIngress.len_alternative_path'
[15:03:04.506] [bmv2] [D] [thread 18791] [23.0] [cxt 0] Looking up key:
* hdr.pathHops.path_id: 00000000

[15:03:04.506] [bmv2] [D] [thread 18791] [23.0] [cxt 0] Table 'MyIngress.len_alternative_path': hit with handle 0
[15:03:04.506] [bmv2] [D] [thread 18791] [23.0] [cxt 0] Dumping entry 0
Match key:
* hdr.pathHops.path_id: EXACT     00000000
Action entry: MyIngress.read_len_alternative_path - 0,

[15:03:04.506] [bmv2] [D] [thread 18791] [23.0] [cxt 0] Action entry is MyIngress.read_len_alternative_path - 0,
[15:03:04.506] [bmv2] [T] [thread 18791] [23.0] [cxt 0] Action MyIngress.read_len_alternative_path
[15:03:04.506] [bmv2] [T] [thread 18791] [23.0] [cxt 0] /home/p4/git/master_degree_p4_unipampa/FRR/p4src/fast_reroute.p4(86) Primitive meta.indexPath = indexPath
[15:03:04.506] [bmv2] [T] [thread 18791] [23.0] [cxt 0] /home/p4/git/master_degree_p4_unipampa/FRR/p4src/fast_reroute.p4(87) Primitive lenAlternativePathSize.read(meta.lenAlternativePathSize, meta.indexPath)
[15:03:04.506] [bmv2] [T] [thread 18791] [23.0] [cxt 0] Read register 'MyIngress.lenAlternativePathSize' at index 0 read value 8
[15:03:04.506] [bmv2] [T] [thread 18791] [23.0] [cxt 0] /home/p4/git/master_degree_p4_unipampa/FRR/p4src/fast_reroute.p4(275) Condition "hdr.pathHops.is_alt == 0 && hdr.pathHops.numHop == meta.lenPrimaryPathSize && hdr.pathHops.has_visited_depot > 0" (node_33) is false
[15:03:04.506] [bmv2] [T] [thread 18791] [23.0] [cxt 0] /home/p4/git/master_degree_p4_unipampa/FRR/p4src/fast_reroute.p4(280) Condition "hdr.pathHops.is_alt == 1 && hdr.pathHops.numHop == meta.lenAlternativePathSize && hdr.pathHops.has_visited_depot > 0" (node_37) is false
[15:03:04.506] [bmv2] [D] [thread 18791] [23.0] [cxt 0] Pipeline 'ingress': end
[15:03:04.506] [bmv2] [D] [thread 18791] [23.0] [cxt 0] Egress port is 3
[15:03:04.506] [bmv2] [D] [thread 18795] [23.0] [cxt 0] Pipeline 'egress': start
[15:03:04.506] [bmv2] [D] [thread 18795] [23.0] [cxt 0] Pipeline 'egress': end
[15:03:04.506] [bmv2] [D] [thread 18795] [23.0] [cxt 0] Deparser 'deparser': start
[15:03:04.506] [bmv2] [D] [thread 18795] [23.0] [cxt 0] Updating checksum 'cksum'
[15:03:04.506] [bmv2] [D] [thread 18795] [23.0] [cxt 0] Deparsing header 'ethernet'
[15:03:04.506] [bmv2] [D] [thread 18795] [23.0] [cxt 0] Deparsing header 'ipv4'
[15:03:04.507] [bmv2] [D] [thread 18795] [23.0] [cxt 0] Deparsing header 'pathHops'
[15:03:04.507] [bmv2] [D] [thread 18795] [23.0] [cxt 0] Deparser 'deparser': end
[15:03:04.507] [bmv2] [D] [thread 18796] [23.0] [cxt 0] Transmitting packet of size 58 out of port 3
[15:03:04.526] [bmv2] [D] [thread 18791] [24.0] [cxt 0] Processing packet received on port 3
[15:03:04.526] [bmv2] [D] [thread 18791] [24.0] [cxt 0] Parser 'parser': start
[15:03:04.526] [bmv2] [D] [thread 18791] [24.0] [cxt 0] Parser 'parser' entering state 'start'
[15:03:04.526] [bmv2] [D] [thread 18791] [24.0] [cxt 0] Extracting header 'ethernet'
[15:03:04.526] [bmv2] [D] [thread 18791] [24.0] [cxt 0] Parser state 'start': key is 0800
[15:03:04.526] [bmv2] [T] [thread 18791] [24.0] [cxt 0] Bytes parsed: 14
[15:03:04.526] [bmv2] [D] [thread 18791] [24.0] [cxt 0] Parser 'parser' entering state 'parse_ipv4'
[15:03:04.526] [bmv2] [D] [thread 18791] [24.0] [cxt 0] Extracting header 'ipv4'
[15:03:04.526] [bmv2] [D] [thread 18791] [24.0] [cxt 0] Extracting header 'pathHops'
[15:03:04.526] [bmv2] [D] [thread 18791] [24.0] [cxt 0] Parser state 'parse_ipv4' has no switch, going to default next state
[15:03:04.526] [bmv2] [T] [thread 18791] [24.0] [cxt 0] Bytes parsed: 58
[15:03:04.526] [bmv2] [D] [thread 18791] [24.0] [cxt 0] Parser 'parser': end
[15:03:04.526] [bmv2] [D] [thread 18791] [24.0] [cxt 0] Pipeline 'ingress': start
[15:03:04.526] [bmv2] [T] [thread 18791] [24.0] [cxt 0] /home/p4/git/master_degree_p4_unipampa/FRR/p4src/fast_reroute.p4(180) Condition "hdr.ipv4.isValid()" (node_2) is true
[15:03:04.526] [bmv2] [T] [thread 18791] [24.0] [cxt 0] Applying table 'tbl_update_curr_path_size'
[15:03:04.526] [bmv2] [D] [thread 18791] [24.0] [cxt 0] Looking up key:

[15:03:04.526] [bmv2] [D] [thread 18791] [24.0] [cxt 0] Table 'tbl_update_curr_path_size': miss
[15:03:04.526] [bmv2] [D] [thread 18791] [24.0] [cxt 0] Action entry is MyIngress.update_curr_path_size - 
[15:03:04.526] [bmv2] [T] [thread 18791] [24.0] [cxt 0] Action MyIngress.update_curr_path_size
[15:03:04.526] [bmv2] [T] [thread 18791] [24.0] [cxt 0] /home/p4/git/master_degree_p4_unipampa/FRR/p4src/fast_reroute.p4(91) Primitive hdr.pathHops.numHop = hdr.pathHops.numHop + 1
[15:03:04.526] [bmv2] [T] [thread 18791] [24.0] [cxt 0] Applying table 'tbl_fast_reroute187'
[15:03:04.526] [bmv2] [D] [thread 18791] [24.0] [cxt 0] Looking up key:

[15:03:04.526] [bmv2] [D] [thread 18791] [24.0] [cxt 0] Table 'tbl_fast_reroute187': miss
[15:03:04.526] [bmv2] [D] [thread 18791] [24.0] [cxt 0] Action entry is fast_reroute187 - 
[15:03:04.526] [bmv2] [T] [thread 18791] [24.0] [cxt 0] Action fast_reroute187
[15:03:04.526] [bmv2] [T] [thread 18791] [24.0] [cxt 0] /home/p4/git/master_degree_p4_unipampa/FRR/p4src/fast_reroute.p4(187) Primitive swIdReg.read(swId, 0)
[15:03:04.526] [bmv2] [T] [thread 18791] [24.0] [cxt 0] Read register 'MyIngress.swIdReg' at index 0 read value 1
[15:03:04.526] [bmv2] [T] [thread 18791] [24.0] [cxt 0] /home/p4/git/master_degree_p4_unipampa/FRR/p4src/fast_reroute.p4(191) Primitive mask << swId
[15:03:04.526] [bmv2] [T] [thread 18791] [24.0] [cxt 0] /home/p4/git/master_degree_p4_unipampa/FRR/p4src/fast_reroute.p4(192) Primitive debugReg.write(0, mask)
[15:03:04.526] [bmv2] [T] [thread 18791] [24.0] [cxt 0] Wrote register 'MyIngress.debugReg' at index 0 with value 2
[15:03:04.526] [bmv2] [T] [thread 18791] [24.0] [cxt 0] /home/p4/git/master_degree_p4_unipampa/FRR/p4src/fast_reroute.p4(200) Primitive depotIdReg.read(depotId, 0)
[15:03:04.526] [bmv2] [T] [thread 18791] [24.0] [cxt 0] Read register 'MyIngress.depotIdReg' at index 0 read value 1
[15:03:04.526] [bmv2] [T] [thread 18791] [24.0] [cxt 0] /home/p4/git/master_degree_p4_unipampa/FRR/p4src/fast_reroute.p4(204) Primitive last_seen_pkt_timestamp.read(last_seen, 0)
[15:03:04.526] [bmv2] [T] [thread 18791] [24.0] [cxt 0] Read register 'MyIngress.last_seen_pkt_timestamp' at index 0 read value 20819674
[15:03:04.526] [bmv2] [T] [thread 18791] [24.0] [cxt 0] /home/p4/git/master_degree_p4_unipampa/FRR/p4src/fast_reroute.p4(208) Primitive maxTimeOutDepotReg.read(threshold, 0)
[15:03:04.526] [bmv2] [T] [thread 18791] [24.0] [cxt 0] Read register 'MyIngress.maxTimeOutDepotReg' at index 0 read value 3000000
[15:03:04.526] [bmv2] [T] [thread 18791] [24.0] [cxt 0] /home/p4/git/master_degree_p4_unipampa/FRR/p4src/fast_reroute.p4(211) Condition "swId == depotId && hdr.pathHops.has_visited_depot == 0" (node_5) is false
[15:03:04.526] [bmv2] [T] [thread 18791] [24.0] [cxt 0] Applying table 'tbl_fast_reroute219'
[15:03:04.526] [bmv2] [D] [thread 18791] [24.0] [cxt 0] Looking up key:

[15:03:04.526] [bmv2] [D] [thread 18791] [24.0] [cxt 0] Table 'tbl_fast_reroute219': miss
[15:03:04.526] [bmv2] [D] [thread 18791] [24.0] [cxt 0] Action entry is fast_reroute219 - 
[15:03:04.526] [bmv2] [T] [thread 18791] [24.0] [cxt 0] Action fast_reroute219
[15:03:04.526] [bmv2] [T] [thread 18791] [24.0] [cxt 0] /home/p4/git/master_degree_p4_unipampa/FRR/p4src/fast_reroute.p4(196) Primitive standard_metadata.ingress_global_timestamp; ...
[15:03:04.527] [bmv2] [T] [thread 18791] [24.0] [cxt 0] /home/p4/git/master_degree_p4_unipampa/FRR/p4src/fast_reroute.p4(223) Condition "swId == depotId && hdr.pathHops.is_alt == 0 && hdr.pathHops.pkt_timestamp - last_seen < threshold && hdr.pathHops.has_visited_depot > 0" (node_11) is false
[15:03:04.527] [bmv2] [T] [thread 18791] [24.0] [cxt 0] /home/p4/git/master_degree_p4_unipampa/FRR/p4src/fast_reroute.p4(227) Condition "swId == depotId && hdr.pathHops.is_alt == 0 && hdr.pathHops.pkt_timestamp - last_seen >= threshold && hdr.pathHops.has_visited_depot > 0" (node_13) is false
[15:03:04.527] [bmv2] [T] [thread 18791] [24.0] [cxt 0] /home/p4/git/master_degree_p4_unipampa/FRR/p4src/fast_reroute.p4(231) Condition "swId == depotId && hdr.pathHops.is_alt == 1 && hdr.pathHops.pkt_timestamp - last_seen < threshold && hdr.pathHops.has_visited_depot > 0" (node_15) is true
[15:03:04.527] [bmv2] [T] [thread 18791] [24.0] [cxt 0] Applying table 'tbl_fast_reroute233'
[15:03:04.527] [bmv2] [D] [thread 18791] [24.0] [cxt 0] Looking up key:

[15:03:04.527] [bmv2] [D] [thread 18791] [24.0] [cxt 0] Table 'tbl_fast_reroute233': miss
[15:03:04.527] [bmv2] [D] [thread 18791] [24.0] [cxt 0] Action entry is fast_reroute233 - 
[15:03:04.527] [bmv2] [T] [thread 18791] [24.0] [cxt 0] Action fast_reroute233
[15:03:04.527] [bmv2] [T] [thread 18791] [24.0] [cxt 0] /home/p4/git/master_degree_p4_unipampa/FRR/p4src/fast_reroute.p4(233) Primitive last_seen_pkt_timestamp.write(0, curr_time)
[15:03:04.527] [bmv2] [T] [thread 18791] [24.0] [cxt 0] Wrote register 'MyIngress.last_seen_pkt_timestamp' at index 0 with value 20840853
[15:03:04.527] [bmv2] [T] [thread 18791] [24.0] [cxt 0] /home/p4/git/master_degree_p4_unipampa/FRR/p4src/fast_reroute.p4(242) Condition "hdr.pathHops.is_alt == 0" (node_19) is false
[15:03:04.527] [bmv2] [T] [thread 18791] [24.0] [cxt 0] /home/p4/git/master_degree_p4_unipampa/FRR/p4src/fast_reroute.p4(255) Condition "hdr.pathHops.is_alt > 0" (node_25) is true
[15:03:04.527] [bmv2] [T] [thread 18791] [24.0] [cxt 0] /home/p4/git/master_degree_p4_unipampa/FRR/p4src/fast_reroute.p4(256) Condition "(hdr.pathHops.num_times_curr_switch_alternative & mask == 0) && (meta.nextHop != 9999)" (node_26) is false
[15:03:04.527] [bmv2] [T] [thread 18791] [24.0] [cxt 0] Applying table 'MyIngress.alternative_path_exact_2'
[15:03:04.527] [bmv2] [D] [thread 18791] [24.0] [cxt 0] Looking up key:
* hdr.pathHops.numHop : 00000008

[15:03:04.527] [bmv2] [D] [thread 18791] [24.0] [cxt 0] Table 'MyIngress.alternative_path_exact_2': miss
[15:03:04.527] [bmv2] [D] [thread 18791] [24.0] [cxt 0] Action entry is MyIngress.drop - 
[15:03:04.527] [bmv2] [T] [thread 18791] [24.0] [cxt 0] Action MyIngress.drop
[15:03:04.527] [bmv2] [T] [thread 18791] [24.0] [cxt 0] /home/p4/git/master_degree_p4_unipampa/FRR/p4src/fast_reroute.p4(57) Primitive mark_to_drop(standard_metadata)
[15:03:04.527] [bmv2] [T] [thread 18791] [24.0] [cxt 0] Applying table 'tbl_fast_reroute265'
[15:03:04.527] [bmv2] [D] [thread 18791] [24.0] [cxt 0] Looking up key:

[15:03:04.527] [bmv2] [D] [thread 18791] [24.0] [cxt 0] Table 'tbl_fast_reroute265': miss
[15:03:04.527] [bmv2] [D] [thread 18791] [24.0] [cxt 0] Action entry is fast_reroute265 - 
[15:03:04.527] [bmv2] [T] [thread 18791] [24.0] [cxt 0] Action fast_reroute265
[15:03:04.527] [bmv2] [T] [thread 18791] [24.0] [cxt 0] /home/p4/git/master_degree_p4_unipampa/FRR/p4src/fast_reroute.p4(265) Primitive standard_metadata.egress_spec = (bit<9>) meta.nextHop
[15:03:04.527] [bmv2] [T] [thread 18791] [24.0] [cxt 0] /home/p4/git/master_degree_p4_unipampa/FRR/p4src/fast_reroute.p4(268) Primitive isAltReg.write(0, hdr.pathHops.is_alt)
[15:03:04.527] [bmv2] [T] [thread 18791] [24.0] [cxt 0] Wrote register 'MyIngress.isAltReg' at index 0 with value 1
[15:03:04.527] [bmv2] [T] [thread 18791] [24.0] [cxt 0] /home/p4/git/master_degree_p4_unipampa/FRR/p4src/fast_reroute.p4(269) Primitive numHopReg.write(0, hdr.pathHops.numHop)
[15:03:04.527] [bmv2] [T] [thread 18791] [24.0] [cxt 0] Wrote register 'MyIngress.numHopReg' at index 0 with value 8
[15:03:04.527] [bmv2] [T] [thread 18791] [24.0] [cxt 0] Applying table 'MyIngress.len_primary_path'
[15:03:04.527] [bmv2] [D] [thread 18791] [24.0] [cxt 0] Looking up key:
* hdr.pathHops.path_id: 00000000

[15:03:04.527] [bmv2] [D] [thread 18791] [24.0] [cxt 0] Table 'MyIngress.len_primary_path': hit with handle 0
[15:03:04.527] [bmv2] [D] [thread 18791] [24.0] [cxt 0] Dumping entry 0
Match key:
* hdr.pathHops.path_id: EXACT     00000000
Action entry: MyIngress.read_len_primary_path - 0,

[15:03:04.527] [bmv2] [D] [thread 18791] [24.0] [cxt 0] Action entry is MyIngress.read_len_primary_path - 0,
[15:03:04.527] [bmv2] [T] [thread 18791] [24.0] [cxt 0] Action MyIngress.read_len_primary_path
[15:03:04.527] [bmv2] [T] [thread 18791] [24.0] [cxt 0] /home/p4/git/master_degree_p4_unipampa/FRR/p4src/fast_reroute.p4(81) Primitive meta.indexPath = indexPath
[15:03:04.527] [bmv2] [T] [thread 18791] [24.0] [cxt 0] /home/p4/git/master_degree_p4_unipampa/FRR/p4src/fast_reroute.p4(82) Primitive lenPrimaryPathSize.read(meta.lenPrimaryPathSize, meta.indexPath)
[15:03:04.527] [bmv2] [T] [thread 18791] [24.0] [cxt 0] Read register 'MyIngress.lenPrimaryPathSize' at index 0 read value 7
[15:03:04.527] [bmv2] [T] [thread 18791] [24.0] [cxt 0] Applying table 'MyIngress.len_alternative_path'
[15:03:04.527] [bmv2] [D] [thread 18791] [24.0] [cxt 0] Looking up key:
* hdr.pathHops.path_id: 00000000

[15:03:04.527] [bmv2] [D] [thread 18791] [24.0] [cxt 0] Table 'MyIngress.len_alternative_path': hit with handle 0
[15:03:04.527] [bmv2] [D] [thread 18791] [24.0] [cxt 0] Dumping entry 0
Match key:
* hdr.pathHops.path_id: EXACT     00000000
Action entry: MyIngress.read_len_alternative_path - 0,

[15:03:04.527] [bmv2] [D] [thread 18791] [24.0] [cxt 0] Action entry is MyIngress.read_len_alternative_path - 0,
[15:03:04.527] [bmv2] [T] [thread 18791] [24.0] [cxt 0] Action MyIngress.read_len_alternative_path
[15:03:04.527] [bmv2] [T] [thread 18791] [24.0] [cxt 0] /home/p4/git/master_degree_p4_unipampa/FRR/p4src/fast_reroute.p4(86) Primitive meta.indexPath = indexPath
[15:03:04.527] [bmv2] [T] [thread 18791] [24.0] [cxt 0] /home/p4/git/master_degree_p4_unipampa/FRR/p4src/fast_reroute.p4(87) Primitive lenAlternativePathSize.read(meta.lenAlternativePathSize, meta.indexPath)
[15:03:04.527] [bmv2] [T] [thread 18791] [24.0] [cxt 0] Read register 'MyIngress.lenAlternativePathSize' at index 0 read value 8
[15:03:04.527] [bmv2] [T] [thread 18791] [24.0] [cxt 0] /home/p4/git/master_degree_p4_unipampa/FRR/p4src/fast_reroute.p4(275) Condition "hdr.pathHops.is_alt == 0 && hdr.pathHops.numHop == meta.lenPrimaryPathSize && hdr.pathHops.has_visited_depot > 0" (node_33) is false
[15:03:04.527] [bmv2] [T] [thread 18791] [24.0] [cxt 0] /home/p4/git/master_degree_p4_unipampa/FRR/p4src/fast_reroute.p4(280) Condition "hdr.pathHops.is_alt == 1 && hdr.pathHops.numHop == meta.lenAlternativePathSize && hdr.pathHops.has_visited_depot > 0" (node_37) is true
[15:03:04.527] [bmv2] [T] [thread 18791] [24.0] [cxt 0] Applying table 'tbl_read_depot_port_0'
[15:03:04.527] [bmv2] [D] [thread 18791] [24.0] [cxt 0] Looking up key:

[15:03:04.527] [bmv2] [D] [thread 18791] [24.0] [cxt 0] Table 'tbl_read_depot_port_0': miss
[15:03:04.527] [bmv2] [D] [thread 18791] [24.0] [cxt 0] Action entry is MyIngress.read_depot_port - 
[15:03:04.527] [bmv2] [T] [thread 18791] [24.0] [cxt 0] Action MyIngress.read_depot_port
[15:03:04.527] [bmv2] [T] [thread 18791] [24.0] [cxt 0] /home/p4/git/master_degree_p4_unipampa/FRR/p4src/fast_reroute.p4(100) Primitive depotPort.read(meta.depotPort, 0)
[15:03:04.527] [bmv2] [T] [thread 18791] [24.0] [cxt 0] Read register 'MyIngress.depotPort' at index 0 read value 5
[15:03:04.527] [bmv2] [T] [thread 18791] [24.0] [cxt 0] Applying table 'tbl_fast_reroute282'
[15:03:04.527] [bmv2] [D] [thread 18791] [24.0] [cxt 0] Looking up key:

[15:03:04.527] [bmv2] [D] [thread 18791] [24.0] [cxt 0] Table 'tbl_fast_reroute282': miss
[15:03:04.527] [bmv2] [D] [thread 18791] [24.0] [cxt 0] Action entry is fast_reroute282 - 
[15:03:04.527] [bmv2] [T] [thread 18791] [24.0] [cxt 0] Action fast_reroute282
[15:03:04.527] [bmv2] [T] [thread 18791] [24.0] [cxt 0] /home/p4/git/master_degree_p4_unipampa/FRR/p4src/fast_reroute.p4(282) Primitive standard_metadata.egress_spec = (bit<9>) meta.depotPort
[15:03:04.527] [bmv2] [T] [thread 18791] [24.0] [cxt 0] Applying table 'tbl_reset_curr_path_size_0'
[15:03:04.527] [bmv2] [D] [thread 18791] [24.0] [cxt 0] Looking up key:

[15:03:04.527] [bmv2] [D] [thread 18791] [24.0] [cxt 0] Table 'tbl_reset_curr_path_size_0': miss
[15:03:04.527] [bmv2] [D] [thread 18791] [24.0] [cxt 0] Action entry is MyIngress.reset_curr_path_size - 
[15:03:04.527] [bmv2] [T] [thread 18791] [24.0] [cxt 0] Action MyIngress.reset_curr_path_size
[15:03:04.527] [bmv2] [T] [thread 18791] [24.0] [cxt 0] /home/p4/git/master_degree_p4_unipampa/FRR/p4src/fast_reroute.p4(95) Primitive hdr.pathHops.numHop = 0
[15:03:04.527] [bmv2] [D] [thread 18791] [24.0] [cxt 0] Pipeline 'ingress': end
[15:03:04.527] [bmv2] [D] [thread 18791] [24.0] [cxt 0] Egress port is 5
[15:03:04.528] [bmv2] [D] [thread 18793] [24.0] [cxt 0] Pipeline 'egress': start
[15:03:04.528] [bmv2] [D] [thread 18793] [24.0] [cxt 0] Pipeline 'egress': end
[15:03:04.528] [bmv2] [D] [thread 18793] [24.0] [cxt 0] Deparser 'deparser': start
[15:03:04.528] [bmv2] [D] [thread 18793] [24.0] [cxt 0] Updating checksum 'cksum'
[15:03:04.528] [bmv2] [D] [thread 18793] [24.0] [cxt 0] Deparsing header 'ethernet'
[15:03:04.528] [bmv2] [D] [thread 18793] [24.0] [cxt 0] Deparsing header 'ipv4'
[15:03:04.528] [bmv2] [D] [thread 18793] [24.0] [cxt 0] Deparsing header 'pathHops'
[15:03:04.528] [bmv2] [D] [thread 18793] [24.0] [cxt 0] Deparser 'deparser': end
[15:03:04.528] [bmv2] [D] [thread 18796] [24.0] [cxt 0] Transmitting packet of size 58 out of port 5
open: No such file or directory
open: No such file or directory
open: No such file or directory
open: No such file or directory
open: No such file or directory
open: No such file or directory
open: No such file or directory
open: No such file or directory
open: No such file or directory
