Warning: you requested the nanomsg event logger, but bmv2 was compiled without -DBMELOG, and the event logger cannot be activated
Calling target program-options parser
[23:28:27.791] [bmv2] [D] [thread 28921] Set default default entry for table 'tbl_update_curr_path_size': MyIngress.update_curr_path_size - 
[23:28:27.791] [bmv2] [D] [thread 28921] Set default default entry for table 'tbl_fast_reroute146': fast_reroute146 - 
[23:28:27.791] [bmv2] [D] [thread 28921] Set default default entry for table 'MyIngress.len_primary_path': NoAction - 
[23:28:27.791] [bmv2] [D] [thread 28921] Set default default entry for table 'MyIngress.len_alternative_path': NoAction - 
[23:28:27.791] [bmv2] [D] [thread 28921] Set default default entry for table 'tbl_fast_reroute197': fast_reroute197 - 
[23:28:27.791] [bmv2] [D] [thread 28921] Set default default entry for table 'tbl_fast_reroute202': fast_reroute202 - 
[23:28:27.791] [bmv2] [D] [thread 28921] Set default default entry for table 'tbl_fast_reroute205': fast_reroute205 - 
[23:28:27.791] [bmv2] [D] [thread 28921] Set default default entry for table 'tbl_fast_reroute209': fast_reroute209 - 
[23:28:27.791] [bmv2] [D] [thread 28921] Set default default entry for table 'tbl_fast_reroute212': fast_reroute212 - 
[23:28:27.791] [bmv2] [D] [thread 28921] Set default default entry for table 'tbl_fast_reroute216': fast_reroute216 - 
[23:28:27.791] [bmv2] [D] [thread 28921] Set default default entry for table 'tbl_fast_reroute221': fast_reroute221 - 
[23:28:27.791] [bmv2] [D] [thread 28921] Set default default entry for table 'tbl_fast_reroute230': fast_reroute230 - 
[23:28:27.792] [bmv2] [D] [thread 28921] Set default default entry for table 'tbl_fast_reroute234': fast_reroute234 - 
[23:28:27.792] [bmv2] [D] [thread 28921] Set default default entry for table 'tbl_fast_reroute237': fast_reroute237 - 
[23:28:27.792] [bmv2] [D] [thread 28921] Set default default entry for table 'tbl_fast_reroute240': fast_reroute240 - 
[23:28:27.792] [bmv2] [D] [thread 28921] Set default default entry for table 'tbl_fast_reroute244': fast_reroute244 - 
[23:28:27.792] [bmv2] [D] [thread 28921] Set default default entry for table 'tbl_fast_reroute253': fast_reroute253 - 
[23:28:27.792] [bmv2] [D] [thread 28921] Set default default entry for table 'tbl_fast_reroute266': fast_reroute266 - 
[23:28:27.792] [bmv2] [D] [thread 28921] Set default default entry for table 'tbl_fast_reroute268': fast_reroute268 - 
[23:28:27.792] [bmv2] [D] [thread 28921] Set default default entry for table 'tbl_fast_reroute270': fast_reroute270 - 
[23:28:27.792] [bmv2] [D] [thread 28921] Set default default entry for table 'tbl_fast_reroute276': fast_reroute276 - 
[23:28:27.792] [bmv2] [D] [thread 28921] Set default default entry for table 'tbl_fast_reroute278': fast_reroute278 - 
[23:28:27.792] [bmv2] [D] [thread 28921] Set default default entry for table 'tbl_fast_reroute280': fast_reroute280 - 
[23:28:27.792] [bmv2] [D] [thread 28921] Set default default entry for table 'tbl_fast_reroute283': fast_reroute283 - 
[23:28:27.792] [bmv2] [D] [thread 28921] Set default default entry for table 'tbl_fast_reroute287': fast_reroute287 - 
[23:28:27.792] [bmv2] [D] [thread 28921] Set default default entry for table 'tbl_fast_reroute290': fast_reroute290 - 
[23:28:27.792] [bmv2] [D] [thread 28921] Set default default entry for table 'tbl_fast_reroute296': fast_reroute296 - 
[23:28:27.792] [bmv2] [D] [thread 28921] Set default default entry for table 'tbl_fast_reroute303': fast_reroute303 - 
[23:28:27.792] [bmv2] [D] [thread 28921] Set default default entry for table 'tbl_fast_reroute305': fast_reroute305 - 
[23:28:27.792] [bmv2] [D] [thread 28921] Set default default entry for table 'tbl_fast_reroute308': fast_reroute308 - 
[23:28:27.792] [bmv2] [D] [thread 28921] Set default default entry for table 'tbl_fast_reroute314': fast_reroute314 - 
[23:28:27.792] [bmv2] [D] [thread 28921] Set default default entry for table 'tbl_fast_reroute318': fast_reroute318 - 
[23:28:27.792] [bmv2] [D] [thread 28921] Set default default entry for table 'tbl_fast_reroute323': fast_reroute323 - 
[23:28:27.792] [bmv2] [D] [thread 28921] Set default default entry for table 'tbl_read_depot_port': MyIngress.read_depot_port - 
[23:28:27.792] [bmv2] [D] [thread 28921] Set default default entry for table 'tbl_fast_reroute329': fast_reroute329 - 
[23:28:27.792] [bmv2] [D] [thread 28921] Set default default entry for table 'tbl_reset_curr_path_size': MyIngress.reset_curr_path_size - 
Adding interface s23-eth1 as port 1
[23:28:27.803] [bmv2] [D] [thread 28921] Adding interface s23-eth1 as port 1
Adding interface s23-eth2 as port 2
[23:28:27.861] [bmv2] [D] [thread 28921] Adding interface s23-eth2 as port 2
[23:28:27.893] [bmv2] [I] [thread 28921] Starting Thrift server on port 9096
[23:28:27.893] [bmv2] [I] [thread 28921] Thrift server was started
[23:28:27.925] [bmv2] [D] [thread 28927] [0.0] [cxt 0] Processing packet received on port 2
[23:28:27.925] [bmv2] [D] [thread 28927] [0.0] [cxt 0] Parser 'parser': start
[23:28:27.925] [bmv2] [D] [thread 28927] [0.0] [cxt 0] Parser 'parser' entering state 'start'
[23:28:27.925] [bmv2] [D] [thread 28927] [0.0] [cxt 0] Extracting header 'ethernet'
[23:28:27.925] [bmv2] [D] [thread 28927] [0.0] [cxt 0] Parser state 'start': key is 86dd
[23:28:27.925] [bmv2] [T] [thread 28927] [0.0] [cxt 0] Bytes parsed: 14
[23:28:27.925] [bmv2] [D] [thread 28927] [0.0] [cxt 0] Parser 'parser': end
[23:28:27.925] [bmv2] [D] [thread 28927] [0.0] [cxt 0] Pipeline 'ingress': start
[23:28:27.925] [bmv2] [T] [thread 28927] [0.0] [cxt 0] /home/p4/git/master_degree_p4_unipampa/FRR/p4src/fast_reroute.p4(138) Condition "hdr.ipv4.isValid()" (node_2) is false
[23:28:27.926] [bmv2] [D] [thread 28927] [0.0] [cxt 0] Pipeline 'ingress': end
[23:28:27.926] [bmv2] [D] [thread 28927] [0.0] [cxt 0] Egress port is 0
[23:28:27.926] [bmv2] [D] [thread 28927] [1.0] [cxt 0] Processing packet received on port 2
[23:28:27.926] [bmv2] [D] [thread 28927] [1.0] [cxt 0] Parser 'parser': start
[23:28:27.926] [bmv2] [D] [thread 28927] [1.0] [cxt 0] Parser 'parser' entering state 'start'
[23:28:27.926] [bmv2] [D] [thread 28927] [1.0] [cxt 0] Extracting header 'ethernet'
[23:28:27.926] [bmv2] [D] [thread 28927] [1.0] [cxt 0] Parser state 'start': key is 86dd
[23:28:27.926] [bmv2] [T] [thread 28927] [1.0] [cxt 0] Bytes parsed: 14
[23:28:27.926] [bmv2] [D] [thread 28927] [1.0] [cxt 0] Parser 'parser': end
[23:28:27.926] [bmv2] [D] [thread 28927] [1.0] [cxt 0] Pipeline 'ingress': start
[23:28:27.926] [bmv2] [T] [thread 28927] [1.0] [cxt 0] /home/p4/git/master_degree_p4_unipampa/FRR/p4src/fast_reroute.p4(138) Condition "hdr.ipv4.isValid()" (node_2) is false
[23:28:27.926] [bmv2] [D] [thread 28927] [1.0] [cxt 0] Pipeline 'ingress': end
[23:28:27.926] [bmv2] [D] [thread 28927] [1.0] [cxt 0] Egress port is 0
[23:28:27.926] [bmv2] [D] [thread 28927] [2.0] [cxt 0] Processing packet received on port 2
[23:28:27.926] [bmv2] [D] [thread 28927] [2.0] [cxt 0] Parser 'parser': start
[23:28:27.926] [bmv2] [D] [thread 28927] [2.0] [cxt 0] Parser 'parser' entering state 'start'
[23:28:27.926] [bmv2] [D] [thread 28927] [2.0] [cxt 0] Extracting header 'ethernet'
[23:28:27.926] [bmv2] [D] [thread 28927] [2.0] [cxt 0] Parser state 'start': key is 86dd
[23:28:27.926] [bmv2] [T] [thread 28927] [2.0] [cxt 0] Bytes parsed: 14
[23:28:27.926] [bmv2] [D] [thread 28927] [2.0] [cxt 0] Parser 'parser': end
[23:28:27.926] [bmv2] [D] [thread 28927] [2.0] [cxt 0] Pipeline 'ingress': start
[23:28:27.926] [bmv2] [T] [thread 28927] [2.0] [cxt 0] /home/p4/git/master_degree_p4_unipampa/FRR/p4src/fast_reroute.p4(138) Condition "hdr.ipv4.isValid()" (node_2) is false
[23:28:27.926] [bmv2] [D] [thread 28927] [2.0] [cxt 0] Pipeline 'ingress': end
[23:28:27.926] [bmv2] [D] [thread 28927] [2.0] [cxt 0] Egress port is 0
[23:28:27.926] [bmv2] [D] [thread 28928] [0.0] [cxt 0] Pipeline 'egress': start
[23:28:27.926] [bmv2] [D] [thread 28928] [0.0] [cxt 0] Pipeline 'egress': end
[23:28:27.926] [bmv2] [D] [thread 28928] [0.0] [cxt 0] Deparser 'deparser': start
[23:28:27.926] [bmv2] [T] [thread 28928] [0.0] [cxt 0] Skipping checksum 'cksum' update because condition not met
[23:28:27.926] [bmv2] [D] [thread 28928] [0.0] [cxt 0] Deparsing header 'ethernet'
[23:28:27.926] [bmv2] [D] [thread 28928] [0.0] [cxt 0] Deparser 'deparser': end
[23:28:27.926] [bmv2] [D] [thread 28928] [1.0] [cxt 0] Pipeline 'egress': start
[23:28:27.926] [bmv2] [D] [thread 28928] [1.0] [cxt 0] Pipeline 'egress': end
[23:28:27.926] [bmv2] [D] [thread 28928] [1.0] [cxt 0] Deparser 'deparser': start
[23:28:27.926] [bmv2] [T] [thread 28928] [1.0] [cxt 0] Skipping checksum 'cksum' update because condition not met
[23:28:27.926] [bmv2] [D] [thread 28928] [1.0] [cxt 0] Deparsing header 'ethernet'
[23:28:27.926] [bmv2] [D] [thread 28928] [1.0] [cxt 0] Deparser 'deparser': end
[23:28:27.926] [bmv2] [D] [thread 28928] [2.0] [cxt 0] Pipeline 'egress': start
[23:28:27.927] [bmv2] [D] [thread 28928] [2.0] [cxt 0] Pipeline 'egress': end
[23:28:27.927] [bmv2] [D] [thread 28928] [2.0] [cxt 0] Deparser 'deparser': start
[23:28:27.927] [bmv2] [T] [thread 28928] [2.0] [cxt 0] Skipping checksum 'cksum' update because condition not met
[23:28:27.927] [bmv2] [D] [thread 28928] [2.0] [cxt 0] Deparsing header 'ethernet'
[23:28:27.927] [bmv2] [D] [thread 28928] [2.0] [cxt 0] Deparser 'deparser': end
[23:28:27.926] [bmv2] [D] [thread 28932] [0.0] [cxt 0] Transmitting packet of size 90 out of port 0
[23:28:27.927] [bmv2] [D] [thread 28932] [1.0] [cxt 0] Transmitting packet of size 70 out of port 0
[23:28:27.927] [bmv2] [D] [thread 28932] [2.0] [cxt 0] Transmitting packet of size 90 out of port 0
[23:28:27.989] [bmv2] [D] [thread 28927] [3.0] [cxt 0] Processing packet received on port 2
[23:28:27.989] [bmv2] [D] [thread 28927] [3.0] [cxt 0] Parser 'parser': start
[23:28:27.989] [bmv2] [D] [thread 28927] [3.0] [cxt 0] Parser 'parser' entering state 'start'
[23:28:27.989] [bmv2] [D] [thread 28927] [3.0] [cxt 0] Extracting header 'ethernet'
[23:28:27.989] [bmv2] [D] [thread 28927] [3.0] [cxt 0] Parser state 'start': key is 86dd
[23:28:27.989] [bmv2] [T] [thread 28927] [3.0] [cxt 0] Bytes parsed: 14
[23:28:27.989] [bmv2] [D] [thread 28927] [3.0] [cxt 0] Parser 'parser': end
[23:28:27.989] [bmv2] [D] [thread 28927] [3.0] [cxt 0] Pipeline 'ingress': start
[23:28:27.989] [bmv2] [T] [thread 28927] [3.0] [cxt 0] /home/p4/git/master_degree_p4_unipampa/FRR/p4src/fast_reroute.p4(138) Condition "hdr.ipv4.isValid()" (node_2) is false
[23:28:27.989] [bmv2] [D] [thread 28927] [3.0] [cxt 0] Pipeline 'ingress': end
[23:28:27.989] [bmv2] [D] [thread 28927] [3.0] [cxt 0] Egress port is 0
[23:28:27.989] [bmv2] [D] [thread 28928] [3.0] [cxt 0] Pipeline 'egress': start
[23:28:27.989] [bmv2] [D] [thread 28928] [3.0] [cxt 0] Pipeline 'egress': end
[23:28:27.989] [bmv2] [D] [thread 28928] [3.0] [cxt 0] Deparser 'deparser': start
[23:28:27.989] [bmv2] [T] [thread 28928] [3.0] [cxt 0] Skipping checksum 'cksum' update because condition not met
[23:28:27.989] [bmv2] [D] [thread 28928] [3.0] [cxt 0] Deparsing header 'ethernet'
[23:28:27.989] [bmv2] [D] [thread 28928] [3.0] [cxt 0] Deparser 'deparser': end
[23:28:27.989] [bmv2] [D] [thread 28932] [3.0] [cxt 0] Transmitting packet of size 90 out of port 0
[23:28:28.011] [bmv2] [D] [thread 28927] [4.0] [cxt 0] Processing packet received on port 2
[23:28:28.011] [bmv2] [D] [thread 28927] [4.0] [cxt 0] Parser 'parser': start
[23:28:28.011] [bmv2] [D] [thread 28927] [4.0] [cxt 0] Parser 'parser' entering state 'start'
[23:28:28.011] [bmv2] [D] [thread 28927] [4.0] [cxt 0] Extracting header 'ethernet'
[23:28:28.011] [bmv2] [D] [thread 28927] [4.0] [cxt 0] Parser state 'start': key is 86dd
[23:28:28.011] [bmv2] [T] [thread 28927] [4.0] [cxt 0] Bytes parsed: 14
[23:28:28.011] [bmv2] [D] [thread 28927] [4.0] [cxt 0] Parser 'parser': end
[23:28:28.011] [bmv2] [D] [thread 28927] [4.0] [cxt 0] Pipeline 'ingress': start
[23:28:28.011] [bmv2] [T] [thread 28927] [4.0] [cxt 0] /home/p4/git/master_degree_p4_unipampa/FRR/p4src/fast_reroute.p4(138) Condition "hdr.ipv4.isValid()" (node_2) is false
[23:28:28.011] [bmv2] [D] [thread 28927] [4.0] [cxt 0] Pipeline 'ingress': end
[23:28:28.011] [bmv2] [D] [thread 28927] [4.0] [cxt 0] Egress port is 0
[23:28:28.011] [bmv2] [D] [thread 28928] [4.0] [cxt 0] Pipeline 'egress': start
[23:28:28.011] [bmv2] [D] [thread 28928] [4.0] [cxt 0] Pipeline 'egress': end
[23:28:28.011] [bmv2] [D] [thread 28928] [4.0] [cxt 0] Deparser 'deparser': start
[23:28:28.011] [bmv2] [T] [thread 28928] [4.0] [cxt 0] Skipping checksum 'cksum' update because condition not met
[23:28:28.011] [bmv2] [D] [thread 28928] [4.0] [cxt 0] Deparsing header 'ethernet'
[23:28:28.011] [bmv2] [D] [thread 28928] [4.0] [cxt 0] Deparser 'deparser': end
[23:28:28.011] [bmv2] [D] [thread 28932] [4.0] [cxt 0] Transmitting packet of size 107 out of port 0
[23:28:28.097] [bmv2] [D] [thread 28927] [5.0] [cxt 0] Processing packet received on port 2
[23:28:28.097] [bmv2] [D] [thread 28927] [5.0] [cxt 0] Parser 'parser': start
[23:28:28.097] [bmv2] [D] [thread 28927] [5.0] [cxt 0] Parser 'parser' entering state 'start'
[23:28:28.097] [bmv2] [D] [thread 28927] [5.0] [cxt 0] Extracting header 'ethernet'
[23:28:28.097] [bmv2] [D] [thread 28927] [5.0] [cxt 0] Parser state 'start': key is 86dd
[23:28:28.097] [bmv2] [T] [thread 28927] [5.0] [cxt 0] Bytes parsed: 14
[23:28:28.097] [bmv2] [D] [thread 28927] [5.0] [cxt 0] Parser 'parser': end
[23:28:28.097] [bmv2] [D] [thread 28927] [5.0] [cxt 0] Pipeline 'ingress': start
[23:28:28.097] [bmv2] [T] [thread 28927] [5.0] [cxt 0] /home/p4/git/master_degree_p4_unipampa/FRR/p4src/fast_reroute.p4(138) Condition "hdr.ipv4.isValid()" (node_2) is false
[23:28:28.097] [bmv2] [D] [thread 28927] [5.0] [cxt 0] Pipeline 'ingress': end
[23:28:28.097] [bmv2] [D] [thread 28927] [5.0] [cxt 0] Egress port is 0
[23:28:28.097] [bmv2] [D] [thread 28928] [5.0] [cxt 0] Pipeline 'egress': start
[23:28:28.097] [bmv2] [D] [thread 28928] [5.0] [cxt 0] Pipeline 'egress': end
[23:28:28.097] [bmv2] [D] [thread 28928] [5.0] [cxt 0] Deparser 'deparser': start
[23:28:28.097] [bmv2] [T] [thread 28928] [5.0] [cxt 0] Skipping checksum 'cksum' update because condition not met
[23:28:28.097] [bmv2] [D] [thread 28928] [5.0] [cxt 0] Deparsing header 'ethernet'
[23:28:28.097] [bmv2] [D] [thread 28928] [5.0] [cxt 0] Deparser 'deparser': end
[23:28:28.097] [bmv2] [D] [thread 28932] [5.0] [cxt 0] Transmitting packet of size 110 out of port 0
[23:28:28.100] [bmv2] [D] [thread 28927] [6.0] [cxt 0] Processing packet received on port 2
[23:28:28.100] [bmv2] [D] [thread 28927] [6.0] [cxt 0] Parser 'parser': start
[23:28:28.100] [bmv2] [D] [thread 28927] [6.0] [cxt 0] Parser 'parser' entering state 'start'
[23:28:28.100] [bmv2] [D] [thread 28927] [6.0] [cxt 0] Extracting header 'ethernet'
[23:28:28.100] [bmv2] [D] [thread 28927] [6.0] [cxt 0] Parser state 'start': key is 86dd
[23:28:28.100] [bmv2] [T] [thread 28927] [6.0] [cxt 0] Bytes parsed: 14
[23:28:28.100] [bmv2] [D] [thread 28927] [6.0] [cxt 0] Parser 'parser': end
[23:28:28.100] [bmv2] [D] [thread 28927] [6.0] [cxt 0] Pipeline 'ingress': start
[23:28:28.100] [bmv2] [T] [thread 28927] [6.0] [cxt 0] /home/p4/git/master_degree_p4_unipampa/FRR/p4src/fast_reroute.p4(138) Condition "hdr.ipv4.isValid()" (node_2) is false
[23:28:28.100] [bmv2] [D] [thread 28927] [6.0] [cxt 0] Pipeline 'ingress': end
[23:28:28.100] [bmv2] [D] [thread 28927] [6.0] [cxt 0] Egress port is 0
[23:28:28.100] [bmv2] [D] [thread 28928] [6.0] [cxt 0] Pipeline 'egress': start
[23:28:28.100] [bmv2] [D] [thread 28928] [6.0] [cxt 0] Pipeline 'egress': end
[23:28:28.100] [bmv2] [D] [thread 28928] [6.0] [cxt 0] Deparser 'deparser': start
[23:28:28.100] [bmv2] [T] [thread 28928] [6.0] [cxt 0] Skipping checksum 'cksum' update because condition not met
[23:28:28.100] [bmv2] [D] [thread 28928] [6.0] [cxt 0] Deparsing header 'ethernet'
[23:28:28.100] [bmv2] [D] [thread 28928] [6.0] [cxt 0] Deparser 'deparser': end
[23:28:28.100] [bmv2] [D] [thread 28932] [6.0] [cxt 0] Transmitting packet of size 210 out of port 0
[23:28:28.103] [bmv2] [D] [thread 28927] [7.0] [cxt 0] Processing packet received on port 1
[23:28:28.103] [bmv2] [D] [thread 28927] [7.0] [cxt 0] Parser 'parser': start
[23:28:28.103] [bmv2] [D] [thread 28927] [7.0] [cxt 0] Parser 'parser' entering state 'start'
[23:28:28.103] [bmv2] [D] [thread 28927] [7.0] [cxt 0] Extracting header 'ethernet'
[23:28:28.103] [bmv2] [D] [thread 28927] [7.0] [cxt 0] Parser state 'start': key is 86dd
[23:28:28.103] [bmv2] [T] [thread 28927] [7.0] [cxt 0] Bytes parsed: 14
[23:28:28.103] [bmv2] [D] [thread 28927] [7.0] [cxt 0] Parser 'parser': end
[23:28:28.103] [bmv2] [D] [thread 28927] [7.0] [cxt 0] Pipeline 'ingress': start
[23:28:28.103] [bmv2] [T] [thread 28927] [7.0] [cxt 0] /home/p4/git/master_degree_p4_unipampa/FRR/p4src/fast_reroute.p4(138) Condition "hdr.ipv4.isValid()" (node_2) is false
[23:28:28.103] [bmv2] [D] [thread 28927] [7.0] [cxt 0] Pipeline 'ingress': end
[23:28:28.103] [bmv2] [D] [thread 28927] [7.0] [cxt 0] Egress port is 0
[23:28:28.103] [bmv2] [D] [thread 28927] [8.0] [cxt 0] Processing packet received on port 1
[23:28:28.103] [bmv2] [D] [thread 28927] [8.0] [cxt 0] Parser 'parser': start
[23:28:28.103] [bmv2] [D] [thread 28927] [8.0] [cxt 0] Parser 'parser' entering state 'start'
[23:28:28.103] [bmv2] [D] [thread 28927] [8.0] [cxt 0] Extracting header 'ethernet'
[23:28:28.104] [bmv2] [D] [thread 28927] [8.0] [cxt 0] Parser state 'start': key is 86dd
[23:28:28.104] [bmv2] [T] [thread 28927] [8.0] [cxt 0] Bytes parsed: 14
[23:28:28.104] [bmv2] [D] [thread 28927] [8.0] [cxt 0] Parser 'parser': end
[23:28:28.104] [bmv2] [D] [thread 28927] [8.0] [cxt 0] Pipeline 'ingress': start
[23:28:28.104] [bmv2] [T] [thread 28927] [8.0] [cxt 0] /home/p4/git/master_degree_p4_unipampa/FRR/p4src/fast_reroute.p4(138) Condition "hdr.ipv4.isValid()" (node_2) is false
[23:28:28.104] [bmv2] [D] [thread 28927] [8.0] [cxt 0] Pipeline 'ingress': end
[23:28:28.104] [bmv2] [D] [thread 28927] [8.0] [cxt 0] Egress port is 0
[23:28:28.104] [bmv2] [D] [thread 28928] [7.0] [cxt 0] Pipeline 'egress': start
[23:28:28.104] [bmv2] [D] [thread 28928] [7.0] [cxt 0] Pipeline 'egress': end
[23:28:28.104] [bmv2] [D] [thread 28928] [7.0] [cxt 0] Deparser 'deparser': start
[23:28:28.104] [bmv2] [T] [thread 28928] [7.0] [cxt 0] Skipping checksum 'cksum' update because condition not met
[23:28:28.104] [bmv2] [D] [thread 28928] [7.0] [cxt 0] Deparsing header 'ethernet'
[23:28:28.104] [bmv2] [D] [thread 28928] [7.0] [cxt 0] Deparser 'deparser': end
[23:28:28.104] [bmv2] [D] [thread 28928] [8.0] [cxt 0] Pipeline 'egress': start
[23:28:28.104] [bmv2] [D] [thread 28928] [8.0] [cxt 0] Pipeline 'egress': end
[23:28:28.104] [bmv2] [D] [thread 28928] [8.0] [cxt 0] Deparser 'deparser': start
[23:28:28.104] [bmv2] [T] [thread 28928] [8.0] [cxt 0] Skipping checksum 'cksum' update because condition not met
[23:28:28.104] [bmv2] [D] [thread 28928] [8.0] [cxt 0] Deparsing header 'ethernet'
[23:28:28.104] [bmv2] [D] [thread 28928] [8.0] [cxt 0] Deparser 'deparser': end
[23:28:28.104] [bmv2] [D] [thread 28932] [7.0] [cxt 0] Transmitting packet of size 90 out of port 0
[23:28:28.104] [bmv2] [D] [thread 28932] [8.0] [cxt 0] Transmitting packet of size 70 out of port 0
[23:28:28.113] [bmv2] [D] [thread 28927] [9.0] [cxt 0] Processing packet received on port 1
[23:28:28.113] [bmv2] [D] [thread 28927] [9.0] [cxt 0] Parser 'parser': start
[23:28:28.113] [bmv2] [D] [thread 28927] [9.0] [cxt 0] Parser 'parser' entering state 'start'
[23:28:28.113] [bmv2] [D] [thread 28927] [9.0] [cxt 0] Extracting header 'ethernet'
[23:28:28.113] [bmv2] [D] [thread 28927] [9.0] [cxt 0] Parser state 'start': key is 86dd
[23:28:28.113] [bmv2] [T] [thread 28927] [9.0] [cxt 0] Bytes parsed: 14
[23:28:28.113] [bmv2] [D] [thread 28927] [9.0] [cxt 0] Parser 'parser': end
[23:28:28.113] [bmv2] [D] [thread 28927] [9.0] [cxt 0] Pipeline 'ingress': start
[23:28:28.113] [bmv2] [T] [thread 28927] [9.0] [cxt 0] /home/p4/git/master_degree_p4_unipampa/FRR/p4src/fast_reroute.p4(138) Condition "hdr.ipv4.isValid()" (node_2) is false
[23:28:28.113] [bmv2] [D] [thread 28927] [9.0] [cxt 0] Pipeline 'ingress': end
[23:28:28.113] [bmv2] [D] [thread 28927] [9.0] [cxt 0] Egress port is 0
[23:28:28.114] [bmv2] [D] [thread 28928] [9.0] [cxt 0] Pipeline 'egress': start
[23:28:28.114] [bmv2] [D] [thread 28928] [9.0] [cxt 0] Pipeline 'egress': end
[23:28:28.114] [bmv2] [D] [thread 28928] [9.0] [cxt 0] Deparser 'deparser': start
[23:28:28.114] [bmv2] [T] [thread 28928] [9.0] [cxt 0] Skipping checksum 'cksum' update because condition not met
[23:28:28.114] [bmv2] [D] [thread 28928] [9.0] [cxt 0] Deparsing header 'ethernet'
[23:28:28.114] [bmv2] [D] [thread 28928] [9.0] [cxt 0] Deparser 'deparser': end
[23:28:28.114] [bmv2] [D] [thread 28932] [9.0] [cxt 0] Transmitting packet of size 90 out of port 0
[23:28:28.204] [bmv2] [D] [thread 28927] [10.0] [cxt 0] Processing packet received on port 1
[23:28:28.204] [bmv2] [D] [thread 28927] [10.0] [cxt 0] Parser 'parser': start
[23:28:28.204] [bmv2] [D] [thread 28927] [10.0] [cxt 0] Parser 'parser' entering state 'start'
[23:28:28.204] [bmv2] [D] [thread 28927] [10.0] [cxt 0] Extracting header 'ethernet'
[23:28:28.204] [bmv2] [D] [thread 28927] [10.0] [cxt 0] Parser state 'start': key is 86dd
[23:28:28.204] [bmv2] [T] [thread 28927] [10.0] [cxt 0] Bytes parsed: 14
[23:28:28.204] [bmv2] [D] [thread 28927] [10.0] [cxt 0] Parser 'parser': end
[23:28:28.204] [bmv2] [D] [thread 28927] [10.0] [cxt 0] Pipeline 'ingress': start
[23:28:28.204] [bmv2] [T] [thread 28927] [10.0] [cxt 0] /home/p4/git/master_degree_p4_unipampa/FRR/p4src/fast_reroute.p4(138) Condition "hdr.ipv4.isValid()" (node_2) is false
[23:28:28.204] [bmv2] [D] [thread 28927] [10.0] [cxt 0] Pipeline 'ingress': end
[23:28:28.204] [bmv2] [D] [thread 28927] [10.0] [cxt 0] Egress port is 0
[23:28:28.204] [bmv2] [D] [thread 28928] [10.0] [cxt 0] Pipeline 'egress': start
[23:28:28.204] [bmv2] [D] [thread 28928] [10.0] [cxt 0] Pipeline 'egress': end
[23:28:28.204] [bmv2] [D] [thread 28928] [10.0] [cxt 0] Deparser 'deparser': start
[23:28:28.204] [bmv2] [T] [thread 28928] [10.0] [cxt 0] Skipping checksum 'cksum' update because condition not met
[23:28:28.204] [bmv2] [D] [thread 28928] [10.0] [cxt 0] Deparsing header 'ethernet'
[23:28:28.204] [bmv2] [D] [thread 28928] [10.0] [cxt 0] Deparser 'deparser': end
[23:28:28.204] [bmv2] [D] [thread 28932] [10.0] [cxt 0] Transmitting packet of size 107 out of port 0
[23:28:28.292] [bmv2] [D] [thread 28927] [11.0] [cxt 0] Processing packet received on port 1
[23:28:28.292] [bmv2] [D] [thread 28927] [11.0] [cxt 0] Parser 'parser': start
[23:28:28.292] [bmv2] [D] [thread 28927] [11.0] [cxt 0] Parser 'parser' entering state 'start'
[23:28:28.292] [bmv2] [D] [thread 28927] [11.0] [cxt 0] Extracting header 'ethernet'
[23:28:28.292] [bmv2] [D] [thread 28927] [11.0] [cxt 0] Parser state 'start': key is 86dd
[23:28:28.292] [bmv2] [T] [thread 28927] [11.0] [cxt 0] Bytes parsed: 14
[23:28:28.292] [bmv2] [D] [thread 28927] [11.0] [cxt 0] Parser 'parser': end
[23:28:28.292] [bmv2] [D] [thread 28927] [11.0] [cxt 0] Pipeline 'ingress': start
[23:28:28.292] [bmv2] [T] [thread 28927] [11.0] [cxt 0] /home/p4/git/master_degree_p4_unipampa/FRR/p4src/fast_reroute.p4(138) Condition "hdr.ipv4.isValid()" (node_2) is false
[23:28:28.292] [bmv2] [D] [thread 28927] [11.0] [cxt 0] Pipeline 'ingress': end
[23:28:28.292] [bmv2] [D] [thread 28927] [11.0] [cxt 0] Egress port is 0
[23:28:28.292] [bmv2] [D] [thread 28928] [11.0] [cxt 0] Pipeline 'egress': start
[23:28:28.292] [bmv2] [D] [thread 28928] [11.0] [cxt 0] Pipeline 'egress': end
[23:28:28.292] [bmv2] [D] [thread 28928] [11.0] [cxt 0] Deparser 'deparser': start
[23:28:28.292] [bmv2] [T] [thread 28928] [11.0] [cxt 0] Skipping checksum 'cksum' update because condition not met
[23:28:28.292] [bmv2] [D] [thread 28928] [11.0] [cxt 0] Deparsing header 'ethernet'
[23:28:28.292] [bmv2] [D] [thread 28928] [11.0] [cxt 0] Deparser 'deparser': end
[23:28:28.292] [bmv2] [D] [thread 28932] [11.0] [cxt 0] Transmitting packet of size 210 out of port 0
[23:28:28.349] [bmv2] [D] [thread 28927] [12.0] [cxt 0] Processing packet received on port 2
[23:28:28.349] [bmv2] [D] [thread 28927] [12.0] [cxt 0] Parser 'parser': start
[23:28:28.349] [bmv2] [D] [thread 28927] [12.0] [cxt 0] Parser 'parser' entering state 'start'
[23:28:28.349] [bmv2] [D] [thread 28927] [12.0] [cxt 0] Extracting header 'ethernet'
[23:28:28.349] [bmv2] [D] [thread 28927] [12.0] [cxt 0] Parser state 'start': key is 86dd
[23:28:28.349] [bmv2] [T] [thread 28927] [12.0] [cxt 0] Bytes parsed: 14
[23:28:28.349] [bmv2] [D] [thread 28927] [12.0] [cxt 0] Parser 'parser': end
[23:28:28.349] [bmv2] [D] [thread 28927] [12.0] [cxt 0] Pipeline 'ingress': start
[23:28:28.349] [bmv2] [T] [thread 28927] [12.0] [cxt 0] /home/p4/git/master_degree_p4_unipampa/FRR/p4src/fast_reroute.p4(138) Condition "hdr.ipv4.isValid()" (node_2) is false
[23:28:28.349] [bmv2] [D] [thread 28927] [12.0] [cxt 0] Pipeline 'ingress': end
[23:28:28.349] [bmv2] [D] [thread 28927] [12.0] [cxt 0] Egress port is 0
[23:28:28.349] [bmv2] [D] [thread 28928] [12.0] [cxt 0] Pipeline 'egress': start
[23:28:28.349] [bmv2] [D] [thread 28928] [12.0] [cxt 0] Pipeline 'egress': end
[23:28:28.349] [bmv2] [D] [thread 28928] [12.0] [cxt 0] Deparser 'deparser': start
[23:28:28.349] [bmv2] [T] [thread 28928] [12.0] [cxt 0] Skipping checksum 'cksum' update because condition not met
[23:28:28.349] [bmv2] [D] [thread 28928] [12.0] [cxt 0] Deparsing header 'ethernet'
[23:28:28.349] [bmv2] [D] [thread 28928] [12.0] [cxt 0] Deparser 'deparser': end
[23:28:28.349] [bmv2] [D] [thread 28932] [12.0] [cxt 0] Transmitting packet of size 210 out of port 0
[23:28:38.150] [bmv2] [T] [thread 29156] bm_get_config
[23:28:38.151] [bmv2] [T] [thread 29156] bm_mt_get_entries
[23:28:38.151] [bmv2] [T] [thread 29156] bm_mt_get_entries
[23:28:38.310] [bmv2] [T] [thread 29156] bm_reset_state
[23:28:38.320] [bmv2] [D] [thread 29156] Resetting simple_switch target-specific state
[23:28:38.320] [bmv2] [D] [thread 29156] resetting PRE state
[23:28:38.936] [bmv2] [T] [thread 29156] bm_register_write
[23:28:38.936] [bmv2] [T] [thread 29156] bm_register_write
[23:28:38.936] [bmv2] [T] [thread 29156] bm_register_write
[23:28:38.936] [bmv2] [T] [thread 29156] bm_register_write
[23:28:38.936] [bmv2] [T] [thread 29156] bm_register_write
[23:28:38.950] [bmv2] [T] [thread 29156] bm_register_write
[23:28:38.950] [bmv2] [T] [thread 29156] bm_register_write
[23:28:38.950] [bmv2] [T] [thread 29156] bm_register_write
[23:28:38.950] [bmv2] [T] [thread 29156] bm_register_write
[23:28:38.950] [bmv2] [T] [thread 29156] bm_register_write
[23:29:01.009] [bmv2] [D] [thread 28927] [13.0] [cxt 0] Processing packet received on port 1
[23:29:01.009] [bmv2] [D] [thread 28927] [13.0] [cxt 0] Parser 'parser': start
[23:29:01.009] [bmv2] [D] [thread 28927] [13.0] [cxt 0] Parser 'parser' entering state 'start'
[23:29:01.009] [bmv2] [D] [thread 28927] [13.0] [cxt 0] Extracting header 'ethernet'
[23:29:01.009] [bmv2] [D] [thread 28927] [13.0] [cxt 0] Parser state 'start': key is 0800
[23:29:01.009] [bmv2] [T] [thread 28927] [13.0] [cxt 0] Bytes parsed: 14
[23:29:01.009] [bmv2] [D] [thread 28927] [13.0] [cxt 0] Parser 'parser' entering state 'parse_ipv4'
[23:29:01.009] [bmv2] [D] [thread 28927] [13.0] [cxt 0] Extracting header 'ipv4'
[23:29:01.009] [bmv2] [D] [thread 28927] [13.0] [cxt 0] Extracting header 'pathHops'
[23:29:01.009] [bmv2] [D] [thread 28927] [13.0] [cxt 0] Parser state 'parse_ipv4' has no switch, going to default next state
[23:29:01.009] [bmv2] [T] [thread 28927] [13.0] [cxt 0] Bytes parsed: 63
[23:29:01.009] [bmv2] [D] [thread 28927] [13.0] [cxt 0] Parser 'parser': end
[23:29:01.009] [bmv2] [D] [thread 28927] [13.0] [cxt 0] Pipeline 'ingress': start
[23:29:01.009] [bmv2] [T] [thread 28927] [13.0] [cxt 0] /home/p4/git/master_degree_p4_unipampa/FRR/p4src/fast_reroute.p4(138) Condition "hdr.ipv4.isValid()" (node_2) is true
[23:29:01.009] [bmv2] [T] [thread 28927] [13.0] [cxt 0] Applying table 'tbl_update_curr_path_size'
[23:29:01.009] [bmv2] [D] [thread 28927] [13.0] [cxt 0] Looking up key:

[23:29:01.009] [bmv2] [D] [thread 28927] [13.0] [cxt 0] Table 'tbl_update_curr_path_size': miss
[23:29:01.010] [bmv2] [D] [thread 28927] [13.0] [cxt 0] Action entry is MyIngress.update_curr_path_size - 
[23:29:01.010] [bmv2] [T] [thread 28927] [13.0] [cxt 0] Action MyIngress.update_curr_path_size
[23:29:01.010] [bmv2] [T] [thread 28927] [13.0] [cxt 0] /home/p4/git/master_degree_p4_unipampa/FRR/p4src/fast_reroute.p4(96) Primitive hdr.pathHops.numHop = hdr.pathHops.numHop + 1
[23:29:01.010] [bmv2] [T] [thread 28927] [13.0] [cxt 0] Applying table 'tbl_fast_reroute146'
[23:29:01.010] [bmv2] [D] [thread 28927] [13.0] [cxt 0] Looking up key:

[23:29:01.010] [bmv2] [D] [thread 28927] [13.0] [cxt 0] Table 'tbl_fast_reroute146': miss
[23:29:01.010] [bmv2] [D] [thread 28927] [13.0] [cxt 0] Action entry is fast_reroute146 - 
[23:29:01.010] [bmv2] [T] [thread 28927] [13.0] [cxt 0] Action fast_reroute146
[23:29:01.010] [bmv2] [T] [thread 28927] [13.0] [cxt 0] /home/p4/git/master_degree_p4_unipampa/FRR/p4src/fast_reroute.p4(146) Primitive swIdReg.read(swId, 0)
[23:29:01.010] [bmv2] [T] [thread 28927] [13.0] [cxt 0] Read register 'MyIngress.swIdReg' at index 0 read value 23
[23:29:01.010] [bmv2] [T] [thread 28927] [13.0] [cxt 0] /home/p4/git/master_degree_p4_unipampa/FRR/p4src/fast_reroute.p4(161) Primitive depotIdReg.read(depotId, 0)
[23:29:01.010] [bmv2] [T] [thread 28927] [13.0] [cxt 0] Read register 'MyIngress.depotIdReg' at index 0 read value 0
[23:29:01.010] [bmv2] [T] [thread 28927] [13.0] [cxt 0] /home/p4/git/master_degree_p4_unipampa/FRR/p4src/fast_reroute.p4(165) Primitive last_seen_pkt_timestamp.read(last_seen, hdr.pathHops.path_id)
[23:29:01.010] [bmv2] [T] [thread 28927] [13.0] [cxt 0] Read register 'MyIngress.last_seen_pkt_timestamp' at index 0 read value 0
[23:29:01.010] [bmv2] [T] [thread 28927] [13.0] [cxt 0] /home/p4/git/master_degree_p4_unipampa/FRR/p4src/fast_reroute.p4(169) Primitive maxTimeOutDepotReg.read(threshold, 0)
[23:29:01.010] [bmv2] [T] [thread 28927] [13.0] [cxt 0] Read register 'MyIngress.maxTimeOutDepotReg' at index 0 read value 0
[23:29:01.010] [bmv2] [T] [thread 28927] [13.0] [cxt 0] /home/p4/git/master_degree_p4_unipampa/FRR/p4src/fast_reroute.p4(177) Primitive isAltReg.read(isAltVar, hdr.pathHops.path_id)
[23:29:01.010] [bmv2] [T] [thread 28927] [13.0] [cxt 0] Read register 'MyIngress.isAltReg' at index 0 read value 0
[23:29:01.010] [bmv2] [T] [thread 28927] [13.0] [cxt 0] /home/p4/git/master_degree_p4_unipampa/FRR/p4src/fast_reroute.p4(157) Primitive standard_metadata.ingress_global_timestamp; //for more flows, this should be an array (register) ...
[23:29:01.010] [bmv2] [T] [thread 28927] [13.0] [cxt 0] Applying table 'MyIngress.len_primary_path'
[23:29:01.010] [bmv2] [D] [thread 28927] [13.0] [cxt 0] Looking up key:
* hdr.pathHops.path_id: 00000000

[23:29:01.010] [bmv2] [D] [thread 28927] [13.0] [cxt 0] Table 'MyIngress.len_primary_path': miss
[23:29:01.010] [bmv2] [D] [thread 28927] [13.0] [cxt 0] Action entry is NoAction - 
[23:29:01.010] [bmv2] [T] [thread 28927] [13.0] [cxt 0] Action NoAction
[23:29:01.010] [bmv2] [T] [thread 28927] [13.0] [cxt 0] Applying table 'MyIngress.len_alternative_path'
[23:29:01.010] [bmv2] [D] [thread 28927] [13.0] [cxt 0] Looking up key:
* hdr.pathHops.path_id: 00000000

[23:29:01.010] [bmv2] [D] [thread 28927] [13.0] [cxt 0] Table 'MyIngress.len_alternative_path': miss
[23:29:01.010] [bmv2] [D] [thread 28927] [13.0] [cxt 0] Action entry is NoAction - 
[23:29:01.010] [bmv2] [T] [thread 28927] [13.0] [cxt 0] Action NoAction
[23:29:01.010] [bmv2] [T] [thread 28927] [13.0] [cxt 0] Applying table 'tbl_fast_reroute197'
[23:29:01.010] [bmv2] [D] [thread 28927] [13.0] [cxt 0] Looking up key:

[23:29:01.010] [bmv2] [D] [thread 28927] [13.0] [cxt 0] Table 'tbl_fast_reroute197': miss
[23:29:01.010] [bmv2] [D] [thread 28927] [13.0] [cxt 0] Action entry is fast_reroute197 - 
[23:29:01.010] [bmv2] [T] [thread 28927] [13.0] [cxt 0] Action fast_reroute197
[23:29:01.010] [bmv2] [T] [thread 28927] [13.0] [cxt 0] /home/p4/git/master_degree_p4_unipampa/FRR/p4src/fast_reroute.p4(197) Primitive lenHashPrimaryPathSize.read(meta.lenHashPrimaryPathSize, 0)
[23:29:01.010] [bmv2] [T] [thread 28927] [13.0] [cxt 0] Read register 'MyIngress.lenHashPrimaryPathSize' at index 0 read value 0
[23:29:01.010] [bmv2] [T] [thread 28927] [13.0] [cxt 0] /home/p4/git/master_degree_p4_unipampa/FRR/p4src/fast_reroute.p4(201) Condition "swId == depotId && hdr.pathHops.pkt_timestamp - last_seen >= threshold && hdr.pathHops.has_visited_depot == 0" (node_8) is false
[23:29:01.010] [bmv2] [T] [thread 28927] [13.0] [cxt 0] /home/p4/git/master_degree_p4_unipampa/FRR/p4src/fast_reroute.p4(252) Condition "swId == depotId && hdr.pathHops.is_tracker > 0 && hdr.pathHops.has_visited_depot > 0" (node_26) is false
[23:29:01.010] [bmv2] [T] [thread 28927] [13.0] [cxt 0] /home/p4/git/master_degree_p4_unipampa/FRR/p4src/fast_reroute.p4(265) Condition "hdr.pathHops.which_alt_switch == 0" (node_28) is true
[23:29:01.010] [bmv2] [T] [thread 28927] [13.0] [cxt 0] Applying table 'tbl_fast_reroute266'
[23:29:01.010] [bmv2] [D] [thread 28927] [13.0] [cxt 0] Looking up key:

[23:29:01.010] [bmv2] [D] [thread 28927] [13.0] [cxt 0] Table 'tbl_fast_reroute266': miss
[23:29:01.010] [bmv2] [D] [thread 28927] [13.0] [cxt 0] Action entry is fast_reroute266 - 
[23:29:01.010] [bmv2] [T] [thread 28927] [13.0] [cxt 0] Action fast_reroute266
[23:29:01.010] [bmv2] [T] [thread 28927] [13.0] [cxt 0] /home/p4/git/master_degree_p4_unipampa/FRR/p4src/fast_reroute.p4(266) Primitive primaryNH_1.read(meta.nextHop, hdr.pathHops.path_id)
[23:29:01.010] [bmv2] [T] [thread 28927] [13.0] [cxt 0] Read register 'MyIngress.primaryNH_1' at index 0 read value 2
[23:29:01.010] [bmv2] [T] [thread 28927] [13.0] [cxt 0] /home/p4/git/master_degree_p4_unipampa/FRR/p4src/fast_reroute.p4(267) Condition "(hdr.pathHops.num_times_curr_switch & mask == 0) && (meta.nextHop != 9999)" (node_30) is true
[23:29:01.010] [bmv2] [T] [thread 28927] [13.0] [cxt 0] Applying table 'tbl_fast_reroute268'
[23:29:01.010] [bmv2] [D] [thread 28927] [13.0] [cxt 0] Looking up key:

[23:29:01.011] [bmv2] [D] [thread 28927] [13.0] [cxt 0] Table 'tbl_fast_reroute268': miss
[23:29:01.011] [bmv2] [D] [thread 28927] [13.0] [cxt 0] Action entry is fast_reroute268 - 
[23:29:01.011] [bmv2] [T] [thread 28927] [13.0] [cxt 0] Action fast_reroute268
[23:29:01.011] [bmv2] [T] [thread 28927] [13.0] [cxt 0] /home/p4/git/master_degree_p4_unipampa/FRR/p4src/fast_reroute.p4(268) Primitive hdr.pathHops.num_times_curr_switch = (hdr.pathHops.num_times_curr_switch & ~mask) | ((bit<64>)1 << swId)
[23:29:01.011] [bmv2] [T] [thread 28927] [13.0] [cxt 0] /home/p4/git/master_degree_p4_unipampa/FRR/p4src/fast_reroute.p4(295) Condition "swId == depotId && isAltVar > 0" (node_42) is false
[23:29:01.011] [bmv2] [T] [thread 28927] [13.0] [cxt 0] Applying table 'tbl_fast_reroute303'
[23:29:01.011] [bmv2] [D] [thread 28927] [13.0] [cxt 0] Looking up key:

[23:29:01.011] [bmv2] [D] [thread 28927] [13.0] [cxt 0] Table 'tbl_fast_reroute303': miss
[23:29:01.011] [bmv2] [D] [thread 28927] [13.0] [cxt 0] Action entry is fast_reroute303 - 
[23:29:01.011] [bmv2] [T] [thread 28927] [13.0] [cxt 0] Action fast_reroute303
[23:29:01.011] [bmv2] [T] [thread 28927] [13.0] [cxt 0] /home/p4/git/master_degree_p4_unipampa/FRR/p4src/fast_reroute.p4(303) Primitive forcePrimaryPathReg.read(forcePrimaryPathVar, hdr.pathHops.path_id)
[23:29:01.011] [bmv2] [T] [thread 28927] [13.0] [cxt 0] Read register 'MyIngress.forcePrimaryPathReg' at index 0 read value 0
[23:29:01.011] [bmv2] [T] [thread 28927] [13.0] [cxt 0] /home/p4/git/master_degree_p4_unipampa/FRR/p4src/fast_reroute.p4(304) Condition "hdr.pathHops.is_tracker > 0 || forcePrimaryPathVar > 0" (node_45) is false
[23:29:01.011] [bmv2] [T] [thread 28927] [13.0] [cxt 0] Applying table 'tbl_fast_reroute314'
[23:29:01.011] [bmv2] [D] [thread 28927] [13.0] [cxt 0] Looking up key:

[23:29:01.011] [bmv2] [D] [thread 28927] [13.0] [cxt 0] Table 'tbl_fast_reroute314': miss
[23:29:01.011] [bmv2] [D] [thread 28927] [13.0] [cxt 0] Action entry is fast_reroute314 - 
[23:29:01.011] [bmv2] [T] [thread 28927] [13.0] [cxt 0] Action fast_reroute314
[23:29:01.011] [bmv2] [T] [thread 28927] [13.0] [cxt 0] /home/p4/git/master_degree_p4_unipampa/FRR/p4src/fast_reroute.p4(314) Primitive standard_metadata.egress_spec = (bit<9>) meta.nextHop
[23:29:01.011] [bmv2] [T] [thread 28927] [13.0] [cxt 0] /home/p4/git/master_degree_p4_unipampa/FRR/p4src/fast_reroute.p4(317) Condition "swId == depotId && hdr.pathHops.has_visited_depot > 0" (node_50) is false
[23:29:01.011] [bmv2] [T] [thread 28927] [13.0] [cxt 0] /home/p4/git/master_degree_p4_unipampa/FRR/p4src/fast_reroute.p4(322) Condition "swId == depotId && hdr.pathHops.has_visited_depot == 0" (node_52) is false
[23:29:01.011] [bmv2] [T] [thread 28927] [13.0] [cxt 0] /home/p4/git/master_degree_p4_unipampa/FRR/p4src/fast_reroute.p4(327) Condition "swId == depotId && hdr.pathHops.numHop >= meta.lenPrimaryPathSize && hdr.pathHops.has_visited_depot > 0" (node_54) is false
[23:29:01.011] [bmv2] [D] [thread 28927] [13.0] [cxt 0] Pipeline 'ingress': end
[23:29:01.011] [bmv2] [D] [thread 28927] [13.0] [cxt 0] Egress port is 2
[23:29:01.011] [bmv2] [D] [thread 28930] [13.0] [cxt 0] Pipeline 'egress': start
[23:29:01.011] [bmv2] [D] [thread 28930] [13.0] [cxt 0] Pipeline 'egress': end
[23:29:01.011] [bmv2] [D] [thread 28930] [13.0] [cxt 0] Deparser 'deparser': start
[23:29:01.011] [bmv2] [D] [thread 28930] [13.0] [cxt 0] Updating checksum 'cksum'
[23:29:01.011] [bmv2] [D] [thread 28930] [13.0] [cxt 0] Deparsing header 'ethernet'
[23:29:01.011] [bmv2] [D] [thread 28930] [13.0] [cxt 0] Deparsing header 'ipv4'
[23:29:01.011] [bmv2] [D] [thread 28930] [13.0] [cxt 0] Deparsing header 'pathHops'
[23:29:01.011] [bmv2] [D] [thread 28930] [13.0] [cxt 0] Deparser 'deparser': end
[23:29:01.011] [bmv2] [D] [thread 28932] [13.0] [cxt 0] Transmitting packet of size 63 out of port 2
[23:29:54.859] [bmv2] [D] [thread 28927] [14.0] [cxt 0] Processing packet received on port 1
[23:29:54.859] [bmv2] [D] [thread 28927] [14.0] [cxt 0] Parser 'parser': start
[23:29:54.859] [bmv2] [D] [thread 28927] [14.0] [cxt 0] Parser 'parser' entering state 'start'
[23:29:54.859] [bmv2] [D] [thread 28927] [14.0] [cxt 0] Extracting header 'ethernet'
[23:29:54.859] [bmv2] [D] [thread 28927] [14.0] [cxt 0] Parser state 'start': key is 0800
[23:29:54.859] [bmv2] [T] [thread 28927] [14.0] [cxt 0] Bytes parsed: 14
[23:29:54.859] [bmv2] [D] [thread 28927] [14.0] [cxt 0] Parser 'parser' entering state 'parse_ipv4'
[23:29:54.859] [bmv2] [D] [thread 28927] [14.0] [cxt 0] Extracting header 'ipv4'
[23:29:54.859] [bmv2] [D] [thread 28927] [14.0] [cxt 0] Extracting header 'pathHops'
[23:29:54.859] [bmv2] [D] [thread 28927] [14.0] [cxt 0] Parser state 'parse_ipv4' has no switch, going to default next state
[23:29:54.859] [bmv2] [T] [thread 28927] [14.0] [cxt 0] Bytes parsed: 63
[23:29:54.859] [bmv2] [D] [thread 28927] [14.0] [cxt 0] Parser 'parser': end
[23:29:54.859] [bmv2] [D] [thread 28927] [14.0] [cxt 0] Pipeline 'ingress': start
[23:29:54.859] [bmv2] [T] [thread 28927] [14.0] [cxt 0] /home/p4/git/master_degree_p4_unipampa/FRR/p4src/fast_reroute.p4(138) Condition "hdr.ipv4.isValid()" (node_2) is true
[23:29:54.859] [bmv2] [T] [thread 28927] [14.0] [cxt 0] Applying table 'tbl_update_curr_path_size'
[23:29:54.859] [bmv2] [D] [thread 28927] [14.0] [cxt 0] Looking up key:

[23:29:54.859] [bmv2] [D] [thread 28927] [14.0] [cxt 0] Table 'tbl_update_curr_path_size': miss
[23:29:54.859] [bmv2] [D] [thread 28927] [14.0] [cxt 0] Action entry is MyIngress.update_curr_path_size - 
[23:29:54.859] [bmv2] [T] [thread 28927] [14.0] [cxt 0] Action MyIngress.update_curr_path_size
[23:29:54.860] [bmv2] [T] [thread 28927] [14.0] [cxt 0] /home/p4/git/master_degree_p4_unipampa/FRR/p4src/fast_reroute.p4(96) Primitive hdr.pathHops.numHop = hdr.pathHops.numHop + 1
[23:29:54.860] [bmv2] [T] [thread 28927] [14.0] [cxt 0] Applying table 'tbl_fast_reroute146'
[23:29:54.860] [bmv2] [D] [thread 28927] [14.0] [cxt 0] Looking up key:

[23:29:54.860] [bmv2] [D] [thread 28927] [14.0] [cxt 0] Table 'tbl_fast_reroute146': miss
[23:29:54.860] [bmv2] [D] [thread 28927] [14.0] [cxt 0] Action entry is fast_reroute146 - 
[23:29:54.860] [bmv2] [T] [thread 28927] [14.0] [cxt 0] Action fast_reroute146
[23:29:54.860] [bmv2] [T] [thread 28927] [14.0] [cxt 0] /home/p4/git/master_degree_p4_unipampa/FRR/p4src/fast_reroute.p4(146) Primitive swIdReg.read(swId, 0)
[23:29:54.860] [bmv2] [T] [thread 28927] [14.0] [cxt 0] Read register 'MyIngress.swIdReg' at index 0 read value 23
[23:29:54.860] [bmv2] [T] [thread 28927] [14.0] [cxt 0] /home/p4/git/master_degree_p4_unipampa/FRR/p4src/fast_reroute.p4(161) Primitive depotIdReg.read(depotId, 0)
[23:29:54.860] [bmv2] [T] [thread 28927] [14.0] [cxt 0] Read register 'MyIngress.depotIdReg' at index 0 read value 0
[23:29:54.860] [bmv2] [T] [thread 28927] [14.0] [cxt 0] /home/p4/git/master_degree_p4_unipampa/FRR/p4src/fast_reroute.p4(165) Primitive last_seen_pkt_timestamp.read(last_seen, hdr.pathHops.path_id)
[23:29:54.860] [bmv2] [T] [thread 28927] [14.0] [cxt 0] Read register 'MyIngress.last_seen_pkt_timestamp' at index 0 read value 0
[23:29:54.860] [bmv2] [T] [thread 28927] [14.0] [cxt 0] /home/p4/git/master_degree_p4_unipampa/FRR/p4src/fast_reroute.p4(169) Primitive maxTimeOutDepotReg.read(threshold, 0)
[23:29:54.860] [bmv2] [T] [thread 28927] [14.0] [cxt 0] Read register 'MyIngress.maxTimeOutDepotReg' at index 0 read value 0
[23:29:54.860] [bmv2] [T] [thread 28927] [14.0] [cxt 0] /home/p4/git/master_degree_p4_unipampa/FRR/p4src/fast_reroute.p4(177) Primitive isAltReg.read(isAltVar, hdr.pathHops.path_id)
[23:29:54.860] [bmv2] [T] [thread 28927] [14.0] [cxt 0] Read register 'MyIngress.isAltReg' at index 0 read value 0
[23:29:54.860] [bmv2] [T] [thread 28927] [14.0] [cxt 0] /home/p4/git/master_degree_p4_unipampa/FRR/p4src/fast_reroute.p4(157) Primitive standard_metadata.ingress_global_timestamp; //for more flows, this should be an array (register) ...
[23:29:54.860] [bmv2] [T] [thread 28927] [14.0] [cxt 0] Applying table 'MyIngress.len_primary_path'
[23:29:54.860] [bmv2] [D] [thread 28927] [14.0] [cxt 0] Looking up key:
* hdr.pathHops.path_id: 00000000

[23:29:54.860] [bmv2] [D] [thread 28927] [14.0] [cxt 0] Table 'MyIngress.len_primary_path': miss
[23:29:54.860] [bmv2] [D] [thread 28927] [14.0] [cxt 0] Action entry is NoAction - 
[23:29:54.860] [bmv2] [T] [thread 28927] [14.0] [cxt 0] Action NoAction
[23:29:54.860] [bmv2] [T] [thread 28927] [14.0] [cxt 0] Applying table 'MyIngress.len_alternative_path'
[23:29:54.860] [bmv2] [D] [thread 28927] [14.0] [cxt 0] Looking up key:
* hdr.pathHops.path_id: 00000000

[23:29:54.860] [bmv2] [D] [thread 28927] [14.0] [cxt 0] Table 'MyIngress.len_alternative_path': miss
[23:29:54.860] [bmv2] [D] [thread 28927] [14.0] [cxt 0] Action entry is NoAction - 
[23:29:54.860] [bmv2] [T] [thread 28927] [14.0] [cxt 0] Action NoAction
[23:29:54.860] [bmv2] [T] [thread 28927] [14.0] [cxt 0] Applying table 'tbl_fast_reroute197'
[23:29:54.860] [bmv2] [D] [thread 28927] [14.0] [cxt 0] Looking up key:

[23:29:54.860] [bmv2] [D] [thread 28927] [14.0] [cxt 0] Table 'tbl_fast_reroute197': miss
[23:29:54.860] [bmv2] [D] [thread 28927] [14.0] [cxt 0] Action entry is fast_reroute197 - 
[23:29:54.860] [bmv2] [T] [thread 28927] [14.0] [cxt 0] Action fast_reroute197
[23:29:54.860] [bmv2] [T] [thread 28927] [14.0] [cxt 0] /home/p4/git/master_degree_p4_unipampa/FRR/p4src/fast_reroute.p4(197) Primitive lenHashPrimaryPathSize.read(meta.lenHashPrimaryPathSize, 0)
[23:29:54.860] [bmv2] [T] [thread 28927] [14.0] [cxt 0] Read register 'MyIngress.lenHashPrimaryPathSize' at index 0 read value 0
[23:29:54.860] [bmv2] [T] [thread 28927] [14.0] [cxt 0] /home/p4/git/master_degree_p4_unipampa/FRR/p4src/fast_reroute.p4(201) Condition "swId == depotId && hdr.pathHops.pkt_timestamp - last_seen >= threshold && hdr.pathHops.has_visited_depot == 0" (node_8) is false
[23:29:54.860] [bmv2] [T] [thread 28927] [14.0] [cxt 0] /home/p4/git/master_degree_p4_unipampa/FRR/p4src/fast_reroute.p4(252) Condition "swId == depotId && hdr.pathHops.is_tracker > 0 && hdr.pathHops.has_visited_depot > 0" (node_26) is false
[23:29:54.860] [bmv2] [T] [thread 28927] [14.0] [cxt 0] /home/p4/git/master_degree_p4_unipampa/FRR/p4src/fast_reroute.p4(265) Condition "hdr.pathHops.which_alt_switch == 0" (node_28) is true
[23:29:54.860] [bmv2] [T] [thread 28927] [14.0] [cxt 0] Applying table 'tbl_fast_reroute266'
[23:29:54.860] [bmv2] [D] [thread 28927] [14.0] [cxt 0] Looking up key:

[23:29:54.860] [bmv2] [D] [thread 28927] [14.0] [cxt 0] Table 'tbl_fast_reroute266': miss
[23:29:54.860] [bmv2] [D] [thread 28927] [14.0] [cxt 0] Action entry is fast_reroute266 - 
[23:29:54.860] [bmv2] [T] [thread 28927] [14.0] [cxt 0] Action fast_reroute266
[23:29:54.860] [bmv2] [T] [thread 28927] [14.0] [cxt 0] /home/p4/git/master_degree_p4_unipampa/FRR/p4src/fast_reroute.p4(266) Primitive primaryNH_1.read(meta.nextHop, hdr.pathHops.path_id)
[23:29:54.860] [bmv2] [T] [thread 28927] [14.0] [cxt 0] Read register 'MyIngress.primaryNH_1' at index 0 read value 2
[23:29:54.860] [bmv2] [T] [thread 28927] [14.0] [cxt 0] /home/p4/git/master_degree_p4_unipampa/FRR/p4src/fast_reroute.p4(267) Condition "(hdr.pathHops.num_times_curr_switch & mask == 0) && (meta.nextHop != 9999)" (node_30) is true
[23:29:54.860] [bmv2] [T] [thread 28927] [14.0] [cxt 0] Applying table 'tbl_fast_reroute268'
[23:29:54.860] [bmv2] [D] [thread 28927] [14.0] [cxt 0] Looking up key:

[23:29:54.860] [bmv2] [D] [thread 28927] [14.0] [cxt 0] Table 'tbl_fast_reroute268': miss
[23:29:54.860] [bmv2] [D] [thread 28927] [14.0] [cxt 0] Action entry is fast_reroute268 - 
[23:29:54.860] [bmv2] [T] [thread 28927] [14.0] [cxt 0] Action fast_reroute268
[23:29:54.860] [bmv2] [T] [thread 28927] [14.0] [cxt 0] /home/p4/git/master_degree_p4_unipampa/FRR/p4src/fast_reroute.p4(268) Primitive hdr.pathHops.num_times_curr_switch = (hdr.pathHops.num_times_curr_switch & ~mask) | ((bit<64>)1 << swId)
[23:29:54.860] [bmv2] [T] [thread 28927] [14.0] [cxt 0] /home/p4/git/master_degree_p4_unipampa/FRR/p4src/fast_reroute.p4(295) Condition "swId == depotId && isAltVar > 0" (node_42) is false
[23:29:54.860] [bmv2] [T] [thread 28927] [14.0] [cxt 0] Applying table 'tbl_fast_reroute303'
[23:29:54.860] [bmv2] [D] [thread 28927] [14.0] [cxt 0] Looking up key:

[23:29:54.860] [bmv2] [D] [thread 28927] [14.0] [cxt 0] Table 'tbl_fast_reroute303': miss
[23:29:54.860] [bmv2] [D] [thread 28927] [14.0] [cxt 0] Action entry is fast_reroute303 - 
[23:29:54.860] [bmv2] [T] [thread 28927] [14.0] [cxt 0] Action fast_reroute303
[23:29:54.860] [bmv2] [T] [thread 28927] [14.0] [cxt 0] /home/p4/git/master_degree_p4_unipampa/FRR/p4src/fast_reroute.p4(303) Primitive forcePrimaryPathReg.read(forcePrimaryPathVar, hdr.pathHops.path_id)
[23:29:54.860] [bmv2] [T] [thread 28927] [14.0] [cxt 0] Read register 'MyIngress.forcePrimaryPathReg' at index 0 read value 0
[23:29:54.860] [bmv2] [T] [thread 28927] [14.0] [cxt 0] /home/p4/git/master_degree_p4_unipampa/FRR/p4src/fast_reroute.p4(304) Condition "hdr.pathHops.is_tracker > 0 || forcePrimaryPathVar > 0" (node_45) is false
[23:29:54.860] [bmv2] [T] [thread 28927] [14.0] [cxt 0] Applying table 'tbl_fast_reroute314'
[23:29:54.860] [bmv2] [D] [thread 28927] [14.0] [cxt 0] Looking up key:

[23:29:54.860] [bmv2] [D] [thread 28927] [14.0] [cxt 0] Table 'tbl_fast_reroute314': miss
[23:29:54.860] [bmv2] [D] [thread 28927] [14.0] [cxt 0] Action entry is fast_reroute314 - 
[23:29:54.860] [bmv2] [T] [thread 28927] [14.0] [cxt 0] Action fast_reroute314
[23:29:54.860] [bmv2] [T] [thread 28927] [14.0] [cxt 0] /home/p4/git/master_degree_p4_unipampa/FRR/p4src/fast_reroute.p4(314) Primitive standard_metadata.egress_spec = (bit<9>) meta.nextHop
[23:29:54.860] [bmv2] [T] [thread 28927] [14.0] [cxt 0] /home/p4/git/master_degree_p4_unipampa/FRR/p4src/fast_reroute.p4(317) Condition "swId == depotId && hdr.pathHops.has_visited_depot > 0" (node_50) is false
[23:29:54.860] [bmv2] [T] [thread 28927] [14.0] [cxt 0] /home/p4/git/master_degree_p4_unipampa/FRR/p4src/fast_reroute.p4(322) Condition "swId == depotId && hdr.pathHops.has_visited_depot == 0" (node_52) is false
[23:29:54.860] [bmv2] [T] [thread 28927] [14.0] [cxt 0] /home/p4/git/master_degree_p4_unipampa/FRR/p4src/fast_reroute.p4(327) Condition "swId == depotId && hdr.pathHops.numHop >= meta.lenPrimaryPathSize && hdr.pathHops.has_visited_depot > 0" (node_54) is false
[23:29:54.861] [bmv2] [D] [thread 28927] [14.0] [cxt 0] Pipeline 'ingress': end
[23:29:54.861] [bmv2] [D] [thread 28927] [14.0] [cxt 0] Egress port is 2
[23:29:54.861] [bmv2] [D] [thread 28930] [14.0] [cxt 0] Pipeline 'egress': start
[23:29:54.861] [bmv2] [D] [thread 28930] [14.0] [cxt 0] Pipeline 'egress': end
[23:29:54.861] [bmv2] [D] [thread 28930] [14.0] [cxt 0] Deparser 'deparser': start
[23:29:54.861] [bmv2] [D] [thread 28930] [14.0] [cxt 0] Updating checksum 'cksum'
[23:29:54.861] [bmv2] [D] [thread 28930] [14.0] [cxt 0] Deparsing header 'ethernet'
[23:29:54.861] [bmv2] [D] [thread 28930] [14.0] [cxt 0] Deparsing header 'ipv4'
[23:29:54.861] [bmv2] [D] [thread 28930] [14.0] [cxt 0] Deparsing header 'pathHops'
[23:29:54.861] [bmv2] [D] [thread 28930] [14.0] [cxt 0] Deparser 'deparser': end
[23:29:54.861] [bmv2] [D] [thread 28932] [14.0] [cxt 0] Transmitting packet of size 63 out of port 2
open: No such file or directory
open: No such file or directory
open: No such file or directory
