Warning: you requested the nanomsg event logger, but bmv2 was compiled without -DBMELOG, and the event logger cannot be activated
Calling target program-options parser
[10:58:33.243] [bmv2] [D] [thread 8793] Set default default entry for table 'tbl_update_curr_path_size': MyIngress.update_curr_path_size - 
[10:58:33.244] [bmv2] [D] [thread 8793] Set default default entry for table 'tbl_fast_reroute137': fast_reroute137 - 
[10:58:33.244] [bmv2] [D] [thread 8793] Set default default entry for table 'tbl_fast_reroute166': fast_reroute166 - 
[10:58:33.244] [bmv2] [D] [thread 8793] Set default default entry for table 'tbl_fast_reroute168': fast_reroute168 - 
[10:58:33.244] [bmv2] [D] [thread 8793] Set default default entry for table 'tbl_fast_reroute171': fast_reroute171 - 
[10:58:33.244] [bmv2] [D] [thread 8793] Set default default entry for table 'tbl_fast_reroute173': fast_reroute173 - 
[10:58:33.244] [bmv2] [D] [thread 8793] Set default default entry for table 'MyIngress.len_primary_path': NoAction - 
[10:58:33.244] [bmv2] [D] [thread 8793] Set default default entry for table 'MyIngress.len_alternative_path': NoAction - 
[10:58:33.244] [bmv2] [D] [thread 8793] Set default default entry for table 'tbl_fast_reroute179': fast_reroute179 - 
[10:58:33.244] [bmv2] [D] [thread 8793] Set default default entry for table 'tbl_fast_reroute183': fast_reroute183 - 
[10:58:33.244] [bmv2] [D] [thread 8793] Set default default entry for table 'tbl_fast_reroute189': fast_reroute189 - 
[10:58:33.244] [bmv2] [D] [thread 8793] Set default default entry for table 'tbl_fast_reroute193': fast_reroute193 - 
[10:58:33.244] [bmv2] [D] [thread 8793] Set default default entry for table 'tbl_fast_reroute196': fast_reroute196 - 
[10:58:33.244] [bmv2] [D] [thread 8793] Set default default entry for table 'tbl_fast_reroute199': fast_reroute199 - 
[10:58:33.244] [bmv2] [D] [thread 8793] Set default default entry for table 'tbl_fast_reroute204': fast_reroute204 - 
[10:58:33.244] [bmv2] [D] [thread 8793] Set default default entry for table 'tbl_fast_reroute212': fast_reroute212 - 
[10:58:33.244] [bmv2] [D] [thread 8793] Set default default entry for table 'tbl_fast_reroute215': fast_reroute215 - 
[10:58:33.244] [bmv2] [D] [thread 8793] Set default default entry for table 'tbl_fast_reroute218': fast_reroute218 - 
[10:58:33.244] [bmv2] [D] [thread 8793] Set default default entry for table 'tbl_fast_reroute228': fast_reroute228 - 
[10:58:33.244] [bmv2] [D] [thread 8793] Set default default entry for table 'tbl_fast_reroute230': fast_reroute230 - 
[10:58:33.244] [bmv2] [D] [thread 8793] Set default default entry for table 'tbl_fast_reroute232': fast_reroute232 - 
[10:58:33.244] [bmv2] [D] [thread 8793] Set default default entry for table 'tbl_fast_reroute238': fast_reroute238 - 
[10:58:33.244] [bmv2] [D] [thread 8793] Set default default entry for table 'tbl_fast_reroute240': fast_reroute240 - 
[10:58:33.244] [bmv2] [D] [thread 8793] Set default default entry for table 'tbl_fast_reroute242': fast_reroute242 - 
[10:58:33.244] [bmv2] [D] [thread 8793] Set default default entry for table 'tbl_fast_reroute245': fast_reroute245 - 
[10:58:33.244] [bmv2] [D] [thread 8793] Set default default entry for table 'tbl_fast_reroute249': fast_reroute249 - 
[10:58:33.244] [bmv2] [D] [thread 8793] Set default default entry for table 'tbl_fast_reroute251': fast_reroute251 - 
[10:58:33.244] [bmv2] [D] [thread 8793] Set default default entry for table 'tbl_fast_reroute253': fast_reroute253 - 
[10:58:33.244] [bmv2] [D] [thread 8793] Set default default entry for table 'tbl_fast_reroute255': fast_reroute255 - 
[10:58:33.244] [bmv2] [D] [thread 8793] Set default default entry for table 'tbl_fast_reroute262': fast_reroute262 - 
[10:58:33.244] [bmv2] [D] [thread 8793] Set default default entry for table 'tbl_read_depot_port': MyIngress.read_depot_port - 
[10:58:33.244] [bmv2] [D] [thread 8793] Set default default entry for table 'tbl_fast_reroute269': fast_reroute269 - 
[10:58:33.244] [bmv2] [D] [thread 8793] Set default default entry for table 'tbl_reset_curr_path_size': MyIngress.reset_curr_path_size - 
Adding interface s5-eth1 as port 1
[10:58:33.250] [bmv2] [D] [thread 8793] Adding interface s5-eth1 as port 1
Adding interface s5-eth2 as port 2
[10:58:33.269] [bmv2] [D] [thread 8793] Adding interface s5-eth2 as port 2
Adding interface s5-eth3 as port 3
[10:58:33.301] [bmv2] [D] [thread 8793] Adding interface s5-eth3 as port 3
Adding interface s5-eth4 as port 4
[10:58:33.345] [bmv2] [D] [thread 8793] Adding interface s5-eth4 as port 4
[10:58:33.373] [bmv2] [I] [thread 8793] Starting Thrift server on port 9094
[10:58:33.373] [bmv2] [I] [thread 8793] Thrift server was started
[10:58:33.374] [bmv2] [D] [thread 8799] [0.0] [cxt 0] Processing packet received on port 1
[10:58:33.374] [bmv2] [D] [thread 8799] [0.0] [cxt 0] Parser 'parser': start
[10:58:33.374] [bmv2] [D] [thread 8799] [0.0] [cxt 0] Parser 'parser' entering state 'start'
[10:58:33.374] [bmv2] [D] [thread 8799] [0.0] [cxt 0] Extracting header 'ethernet'
[10:58:33.374] [bmv2] [D] [thread 8799] [0.0] [cxt 0] Parser state 'start': key is 86dd
[10:58:33.374] [bmv2] [T] [thread 8799] [0.0] [cxt 0] Bytes parsed: 14
[10:58:33.374] [bmv2] [D] [thread 8799] [0.0] [cxt 0] Parser 'parser': end
[10:58:33.374] [bmv2] [D] [thread 8799] [0.0] [cxt 0] Pipeline 'ingress': start
[10:58:33.374] [bmv2] [T] [thread 8799] [0.0] [cxt 0] /home/p4/git/master_degree_p4_unipampa/FRR/p4src/fast_reroute.p4(133) Condition "hdr.ipv4.isValid()" (node_2) is false
[10:58:33.374] [bmv2] [D] [thread 8799] [0.0] [cxt 0] Pipeline 'ingress': end
[10:58:33.374] [bmv2] [D] [thread 8799] [0.0] [cxt 0] Egress port is 0
[10:58:33.374] [bmv2] [D] [thread 8799] [1.0] [cxt 0] Processing packet received on port 2
[10:58:33.374] [bmv2] [D] [thread 8799] [1.0] [cxt 0] Parser 'parser': start
[10:58:33.374] [bmv2] [D] [thread 8799] [1.0] [cxt 0] Parser 'parser' entering state 'start'
[10:58:33.374] [bmv2] [D] [thread 8799] [1.0] [cxt 0] Extracting header 'ethernet'
[10:58:33.374] [bmv2] [D] [thread 8799] [1.0] [cxt 0] Parser state 'start': key is 86dd
[10:58:33.374] [bmv2] [T] [thread 8799] [1.0] [cxt 0] Bytes parsed: 14
[10:58:33.374] [bmv2] [D] [thread 8799] [1.0] [cxt 0] Parser 'parser': end
[10:58:33.374] [bmv2] [D] [thread 8799] [1.0] [cxt 0] Pipeline 'ingress': start
[10:58:33.374] [bmv2] [T] [thread 8799] [1.0] [cxt 0] /home/p4/git/master_degree_p4_unipampa/FRR/p4src/fast_reroute.p4(133) Condition "hdr.ipv4.isValid()" (node_2) is false
[10:58:33.374] [bmv2] [D] [thread 8799] [1.0] [cxt 0] Pipeline 'ingress': end
[10:58:33.374] [bmv2] [D] [thread 8799] [1.0] [cxt 0] Egress port is 0
[10:58:33.374] [bmv2] [D] [thread 8800] [0.0] [cxt 0] Pipeline 'egress': start
[10:58:33.374] [bmv2] [D] [thread 8800] [0.0] [cxt 0] Pipeline 'egress': end
[10:58:33.374] [bmv2] [D] [thread 8800] [0.0] [cxt 0] Deparser 'deparser': start
[10:58:33.374] [bmv2] [T] [thread 8800] [0.0] [cxt 0] Skipping checksum 'cksum' update because condition not met
[10:58:33.374] [bmv2] [D] [thread 8800] [0.0] [cxt 0] Deparsing header 'ethernet'
[10:58:33.374] [bmv2] [D] [thread 8800] [0.0] [cxt 0] Deparser 'deparser': end
[10:58:33.374] [bmv2] [D] [thread 8800] [1.0] [cxt 0] Pipeline 'egress': start
[10:58:33.374] [bmv2] [D] [thread 8800] [1.0] [cxt 0] Pipeline 'egress': end
[10:58:33.374] [bmv2] [D] [thread 8800] [1.0] [cxt 0] Deparser 'deparser': start
[10:58:33.374] [bmv2] [T] [thread 8800] [1.0] [cxt 0] Skipping checksum 'cksum' update because condition not met
[10:58:33.374] [bmv2] [D] [thread 8800] [1.0] [cxt 0] Deparsing header 'ethernet'
[10:58:33.374] [bmv2] [D] [thread 8800] [1.0] [cxt 0] Deparser 'deparser': end
[10:58:33.374] [bmv2] [D] [thread 8804] [0.0] [cxt 0] Transmitting packet of size 90 out of port 0
[10:58:33.374] [bmv2] [D] [thread 8804] [1.0] [cxt 0] Transmitting packet of size 90 out of port 0
[10:58:33.385] [bmv2] [D] [thread 8799] [2.0] [cxt 0] Processing packet received on port 3
[10:58:33.385] [bmv2] [D] [thread 8799] [2.0] [cxt 0] Parser 'parser': start
[10:58:33.385] [bmv2] [D] [thread 8799] [2.0] [cxt 0] Parser 'parser' entering state 'start'
[10:58:33.385] [bmv2] [D] [thread 8799] [2.0] [cxt 0] Extracting header 'ethernet'
[10:58:33.385] [bmv2] [D] [thread 8799] [2.0] [cxt 0] Parser state 'start': key is 86dd
[10:58:33.385] [bmv2] [T] [thread 8799] [2.0] [cxt 0] Bytes parsed: 14
[10:58:33.385] [bmv2] [D] [thread 8799] [2.0] [cxt 0] Parser 'parser': end
[10:58:33.385] [bmv2] [D] [thread 8799] [2.0] [cxt 0] Pipeline 'ingress': start
[10:58:33.385] [bmv2] [T] [thread 8799] [2.0] [cxt 0] /home/p4/git/master_degree_p4_unipampa/FRR/p4src/fast_reroute.p4(133) Condition "hdr.ipv4.isValid()" (node_2) is false
[10:58:33.385] [bmv2] [D] [thread 8799] [2.0] [cxt 0] Pipeline 'ingress': end
[10:58:33.385] [bmv2] [D] [thread 8799] [2.0] [cxt 0] Egress port is 0
[10:58:33.385] [bmv2] [D] [thread 8799] [3.0] [cxt 0] Processing packet received on port 4
[10:58:33.385] [bmv2] [D] [thread 8799] [3.0] [cxt 0] Parser 'parser': start
[10:58:33.385] [bmv2] [D] [thread 8799] [3.0] [cxt 0] Parser 'parser' entering state 'start'
[10:58:33.385] [bmv2] [D] [thread 8799] [3.0] [cxt 0] Extracting header 'ethernet'
[10:58:33.385] [bmv2] [D] [thread 8799] [3.0] [cxt 0] Parser state 'start': key is 86dd
[10:58:33.385] [bmv2] [T] [thread 8799] [3.0] [cxt 0] Bytes parsed: 14
[10:58:33.385] [bmv2] [D] [thread 8799] [3.0] [cxt 0] Parser 'parser': end
[10:58:33.385] [bmv2] [D] [thread 8799] [3.0] [cxt 0] Pipeline 'ingress': start
[10:58:33.385] [bmv2] [T] [thread 8799] [3.0] [cxt 0] /home/p4/git/master_degree_p4_unipampa/FRR/p4src/fast_reroute.p4(133) Condition "hdr.ipv4.isValid()" (node_2) is false
[10:58:33.385] [bmv2] [D] [thread 8799] [3.0] [cxt 0] Pipeline 'ingress': end
[10:58:33.385] [bmv2] [D] [thread 8799] [3.0] [cxt 0] Egress port is 0
[10:58:33.385] [bmv2] [D] [thread 8800] [2.0] [cxt 0] Pipeline 'egress': start
[10:58:33.385] [bmv2] [D] [thread 8800] [2.0] [cxt 0] Pipeline 'egress': end
[10:58:33.385] [bmv2] [D] [thread 8800] [2.0] [cxt 0] Deparser 'deparser': start
[10:58:33.386] [bmv2] [T] [thread 8800] [2.0] [cxt 0] Skipping checksum 'cksum' update because condition not met
[10:58:33.386] [bmv2] [D] [thread 8800] [2.0] [cxt 0] Deparsing header 'ethernet'
[10:58:33.386] [bmv2] [D] [thread 8800] [2.0] [cxt 0] Deparser 'deparser': end
[10:58:33.386] [bmv2] [D] [thread 8800] [3.0] [cxt 0] Pipeline 'egress': start
[10:58:33.386] [bmv2] [D] [thread 8800] [3.0] [cxt 0] Pipeline 'egress': end
[10:58:33.386] [bmv2] [D] [thread 8800] [3.0] [cxt 0] Deparser 'deparser': start
[10:58:33.386] [bmv2] [T] [thread 8800] [3.0] [cxt 0] Skipping checksum 'cksum' update because condition not met
[10:58:33.386] [bmv2] [D] [thread 8800] [3.0] [cxt 0] Deparsing header 'ethernet'
[10:58:33.386] [bmv2] [D] [thread 8800] [3.0] [cxt 0] Deparser 'deparser': end
[10:58:33.386] [bmv2] [D] [thread 8804] [2.0] [cxt 0] Transmitting packet of size 86 out of port 0
[10:58:33.386] [bmv2] [D] [thread 8804] [3.0] [cxt 0] Transmitting packet of size 86 out of port 0
[10:58:33.417] [bmv2] [D] [thread 8799] [4.0] [cxt 0] Processing packet received on port 3
[10:58:33.417] [bmv2] [D] [thread 8799] [4.0] [cxt 0] Parser 'parser': start
[10:58:33.417] [bmv2] [D] [thread 8799] [4.0] [cxt 0] Parser 'parser' entering state 'start'
[10:58:33.417] [bmv2] [D] [thread 8799] [4.0] [cxt 0] Extracting header 'ethernet'
[10:58:33.417] [bmv2] [D] [thread 8799] [4.0] [cxt 0] Parser state 'start': key is 86dd
[10:58:33.417] [bmv2] [T] [thread 8799] [4.0] [cxt 0] Bytes parsed: 14
[10:58:33.417] [bmv2] [D] [thread 8799] [4.0] [cxt 0] Parser 'parser': end
[10:58:33.417] [bmv2] [D] [thread 8799] [4.0] [cxt 0] Pipeline 'ingress': start
[10:58:33.417] [bmv2] [T] [thread 8799] [4.0] [cxt 0] /home/p4/git/master_degree_p4_unipampa/FRR/p4src/fast_reroute.p4(133) Condition "hdr.ipv4.isValid()" (node_2) is false
[10:58:33.417] [bmv2] [D] [thread 8799] [4.0] [cxt 0] Pipeline 'ingress': end
[10:58:33.417] [bmv2] [D] [thread 8799] [4.0] [cxt 0] Egress port is 0
[10:58:33.417] [bmv2] [D] [thread 8800] [4.0] [cxt 0] Pipeline 'egress': start
[10:58:33.417] [bmv2] [D] [thread 8800] [4.0] [cxt 0] Pipeline 'egress': end
[10:58:33.417] [bmv2] [D] [thread 8800] [4.0] [cxt 0] Deparser 'deparser': start
[10:58:33.417] [bmv2] [T] [thread 8800] [4.0] [cxt 0] Skipping checksum 'cksum' update because condition not met
[10:58:33.417] [bmv2] [D] [thread 8800] [4.0] [cxt 0] Deparsing header 'ethernet'
[10:58:33.417] [bmv2] [D] [thread 8800] [4.0] [cxt 0] Deparser 'deparser': end
[10:58:33.417] [bmv2] [D] [thread 8804] [4.0] [cxt 0] Transmitting packet of size 86 out of port 0
[10:58:33.449] [bmv2] [D] [thread 8799] [5.0] [cxt 0] Processing packet received on port 2
[10:58:33.449] [bmv2] [D] [thread 8799] [5.0] [cxt 0] Parser 'parser': start
[10:58:33.449] [bmv2] [D] [thread 8799] [5.0] [cxt 0] Parser 'parser' entering state 'start'
[10:58:33.449] [bmv2] [D] [thread 8799] [5.0] [cxt 0] Extracting header 'ethernet'
[10:58:33.449] [bmv2] [D] [thread 8799] [5.0] [cxt 0] Parser state 'start': key is 86dd
[10:58:33.449] [bmv2] [T] [thread 8799] [5.0] [cxt 0] Bytes parsed: 14
[10:58:33.449] [bmv2] [D] [thread 8799] [5.0] [cxt 0] Parser 'parser': end
[10:58:33.449] [bmv2] [D] [thread 8799] [5.0] [cxt 0] Pipeline 'ingress': start
[10:58:33.450] [bmv2] [T] [thread 8799] [5.0] [cxt 0] /home/p4/git/master_degree_p4_unipampa/FRR/p4src/fast_reroute.p4(133) Condition "hdr.ipv4.isValid()" (node_2) is false
[10:58:33.450] [bmv2] [D] [thread 8799] [5.0] [cxt 0] Pipeline 'ingress': end
[10:58:33.450] [bmv2] [D] [thread 8799] [5.0] [cxt 0] Egress port is 0
[10:58:33.450] [bmv2] [D] [thread 8799] [6.0] [cxt 0] Processing packet received on port 4
[10:58:33.450] [bmv2] [D] [thread 8799] [6.0] [cxt 0] Parser 'parser': start
[10:58:33.450] [bmv2] [D] [thread 8799] [6.0] [cxt 0] Parser 'parser' entering state 'start'
[10:58:33.450] [bmv2] [D] [thread 8799] [6.0] [cxt 0] Extracting header 'ethernet'
[10:58:33.450] [bmv2] [D] [thread 8799] [6.0] [cxt 0] Parser state 'start': key is 86dd
[10:58:33.450] [bmv2] [T] [thread 8799] [6.0] [cxt 0] Bytes parsed: 14
[10:58:33.450] [bmv2] [D] [thread 8799] [6.0] [cxt 0] Parser 'parser': end
[10:58:33.450] [bmv2] [D] [thread 8799] [6.0] [cxt 0] Pipeline 'ingress': start
[10:58:33.450] [bmv2] [T] [thread 8799] [6.0] [cxt 0] /home/p4/git/master_degree_p4_unipampa/FRR/p4src/fast_reroute.p4(133) Condition "hdr.ipv4.isValid()" (node_2) is false
[10:58:33.450] [bmv2] [D] [thread 8799] [6.0] [cxt 0] Pipeline 'ingress': end
[10:58:33.450] [bmv2] [D] [thread 8799] [6.0] [cxt 0] Egress port is 0
[10:58:33.450] [bmv2] [D] [thread 8799] [7.0] [cxt 0] Processing packet received on port 2
[10:58:33.450] [bmv2] [D] [thread 8799] [7.0] [cxt 0] Parser 'parser': start
[10:58:33.450] [bmv2] [D] [thread 8799] [7.0] [cxt 0] Parser 'parser' entering state 'start'
[10:58:33.450] [bmv2] [D] [thread 8799] [7.0] [cxt 0] Extracting header 'ethernet'
[10:58:33.450] [bmv2] [D] [thread 8799] [7.0] [cxt 0] Parser state 'start': key is 86dd
[10:58:33.450] [bmv2] [T] [thread 8799] [7.0] [cxt 0] Bytes parsed: 14
[10:58:33.450] [bmv2] [D] [thread 8799] [7.0] [cxt 0] Parser 'parser': end
[10:58:33.450] [bmv2] [D] [thread 8799] [7.0] [cxt 0] Pipeline 'ingress': start
[10:58:33.450] [bmv2] [T] [thread 8799] [7.0] [cxt 0] /home/p4/git/master_degree_p4_unipampa/FRR/p4src/fast_reroute.p4(133) Condition "hdr.ipv4.isValid()" (node_2) is false
[10:58:33.450] [bmv2] [D] [thread 8799] [7.0] [cxt 0] Pipeline 'ingress': end
[10:58:33.450] [bmv2] [D] [thread 8799] [7.0] [cxt 0] Egress port is 0
[10:58:33.450] [bmv2] [D] [thread 8800] [5.0] [cxt 0] Pipeline 'egress': start
[10:58:33.450] [bmv2] [D] [thread 8800] [5.0] [cxt 0] Pipeline 'egress': end
[10:58:33.450] [bmv2] [D] [thread 8800] [5.0] [cxt 0] Deparser 'deparser': start
[10:58:33.450] [bmv2] [T] [thread 8800] [5.0] [cxt 0] Skipping checksum 'cksum' update because condition not met
[10:58:33.450] [bmv2] [D] [thread 8800] [5.0] [cxt 0] Deparsing header 'ethernet'
[10:58:33.450] [bmv2] [D] [thread 8800] [5.0] [cxt 0] Deparser 'deparser': end
[10:58:33.450] [bmv2] [D] [thread 8800] [6.0] [cxt 0] Pipeline 'egress': start
[10:58:33.450] [bmv2] [D] [thread 8800] [6.0] [cxt 0] Pipeline 'egress': end
[10:58:33.450] [bmv2] [D] [thread 8800] [6.0] [cxt 0] Deparser 'deparser': start
[10:58:33.450] [bmv2] [T] [thread 8800] [6.0] [cxt 0] Skipping checksum 'cksum' update because condition not met
[10:58:33.450] [bmv2] [D] [thread 8800] [6.0] [cxt 0] Deparsing header 'ethernet'
[10:58:33.450] [bmv2] [D] [thread 8800] [6.0] [cxt 0] Deparser 'deparser': end
[10:58:33.450] [bmv2] [D] [thread 8800] [7.0] [cxt 0] Pipeline 'egress': start
[10:58:33.450] [bmv2] [D] [thread 8800] [7.0] [cxt 0] Pipeline 'egress': end
[10:58:33.450] [bmv2] [D] [thread 8800] [7.0] [cxt 0] Deparser 'deparser': start
[10:58:33.450] [bmv2] [T] [thread 8800] [7.0] [cxt 0] Skipping checksum 'cksum' update because condition not met
[10:58:33.450] [bmv2] [D] [thread 8800] [7.0] [cxt 0] Deparsing header 'ethernet'
[10:58:33.450] [bmv2] [D] [thread 8800] [7.0] [cxt 0] Deparser 'deparser': end
[10:58:33.450] [bmv2] [D] [thread 8804] [5.0] [cxt 0] Transmitting packet of size 90 out of port 0
[10:58:33.450] [bmv2] [D] [thread 8804] [6.0] [cxt 0] Transmitting packet of size 90 out of port 0
[10:58:33.450] [bmv2] [D] [thread 8804] [7.0] [cxt 0] Transmitting packet of size 70 out of port 0
[10:58:33.462] [bmv2] [D] [thread 8799] [8.0] [cxt 0] Processing packet received on port 2
[10:58:33.462] [bmv2] [D] [thread 8799] [8.0] [cxt 0] Parser 'parser': start
[10:58:33.462] [bmv2] [D] [thread 8799] [8.0] [cxt 0] Parser 'parser' entering state 'start'
[10:58:33.462] [bmv2] [D] [thread 8799] [8.0] [cxt 0] Extracting header 'ethernet'
[10:58:33.462] [bmv2] [D] [thread 8799] [8.0] [cxt 0] Parser state 'start': key is 86dd
[10:58:33.462] [bmv2] [T] [thread 8799] [8.0] [cxt 0] Bytes parsed: 14
[10:58:33.462] [bmv2] [D] [thread 8799] [8.0] [cxt 0] Parser 'parser': end
[10:58:33.462] [bmv2] [D] [thread 8799] [8.0] [cxt 0] Pipeline 'ingress': start
[10:58:33.462] [bmv2] [T] [thread 8799] [8.0] [cxt 0] /home/p4/git/master_degree_p4_unipampa/FRR/p4src/fast_reroute.p4(133) Condition "hdr.ipv4.isValid()" (node_2) is false
[10:58:33.462] [bmv2] [D] [thread 8799] [8.0] [cxt 0] Pipeline 'ingress': end
[10:58:33.462] [bmv2] [D] [thread 8799] [8.0] [cxt 0] Egress port is 0
[10:58:33.462] [bmv2] [D] [thread 8800] [8.0] [cxt 0] Pipeline 'egress': start
[10:58:33.462] [bmv2] [D] [thread 8800] [8.0] [cxt 0] Pipeline 'egress': end
[10:58:33.462] [bmv2] [D] [thread 8800] [8.0] [cxt 0] Deparser 'deparser': start
[10:58:33.462] [bmv2] [T] [thread 8800] [8.0] [cxt 0] Skipping checksum 'cksum' update because condition not met
[10:58:33.462] [bmv2] [D] [thread 8800] [8.0] [cxt 0] Deparsing header 'ethernet'
[10:58:33.462] [bmv2] [D] [thread 8800] [8.0] [cxt 0] Deparser 'deparser': end
[10:58:33.462] [bmv2] [D] [thread 8804] [8.0] [cxt 0] Transmitting packet of size 90 out of port 0
[10:58:33.545] [bmv2] [D] [thread 8799] [9.0] [cxt 0] Processing packet received on port 2
[10:58:33.545] [bmv2] [D] [thread 8799] [9.0] [cxt 0] Parser 'parser': start
[10:58:33.545] [bmv2] [D] [thread 8799] [9.0] [cxt 0] Parser 'parser' entering state 'start'
[10:58:33.545] [bmv2] [D] [thread 8799] [9.0] [cxt 0] Extracting header 'ethernet'
[10:58:33.545] [bmv2] [D] [thread 8799] [9.0] [cxt 0] Parser state 'start': key is 86dd
[10:58:33.545] [bmv2] [T] [thread 8799] [9.0] [cxt 0] Bytes parsed: 14
[10:58:33.545] [bmv2] [D] [thread 8799] [9.0] [cxt 0] Parser 'parser': end
[10:58:33.545] [bmv2] [D] [thread 8799] [9.0] [cxt 0] Pipeline 'ingress': start
[10:58:33.545] [bmv2] [T] [thread 8799] [9.0] [cxt 0] /home/p4/git/master_degree_p4_unipampa/FRR/p4src/fast_reroute.p4(133) Condition "hdr.ipv4.isValid()" (node_2) is false
[10:58:33.545] [bmv2] [D] [thread 8799] [9.0] [cxt 0] Pipeline 'ingress': end
[10:58:33.545] [bmv2] [D] [thread 8799] [9.0] [cxt 0] Egress port is 0
[10:58:33.545] [bmv2] [D] [thread 8799] [10.0] [cxt 0] Processing packet received on port 2
[10:58:33.545] [bmv2] [D] [thread 8799] [10.0] [cxt 0] Parser 'parser': start
[10:58:33.545] [bmv2] [D] [thread 8799] [10.0] [cxt 0] Parser 'parser' entering state 'start'
[10:58:33.545] [bmv2] [D] [thread 8799] [10.0] [cxt 0] Extracting header 'ethernet'
[10:58:33.545] [bmv2] [D] [thread 8799] [10.0] [cxt 0] Parser state 'start': key is 86dd
[10:58:33.545] [bmv2] [T] [thread 8799] [10.0] [cxt 0] Bytes parsed: 14
[10:58:33.545] [bmv2] [D] [thread 8799] [10.0] [cxt 0] Parser 'parser': end
[10:58:33.545] [bmv2] [D] [thread 8799] [10.0] [cxt 0] Pipeline 'ingress': start
[10:58:33.545] [bmv2] [T] [thread 8799] [10.0] [cxt 0] /home/p4/git/master_degree_p4_unipampa/FRR/p4src/fast_reroute.p4(133) Condition "hdr.ipv4.isValid()" (node_2) is false
[10:58:33.545] [bmv2] [D] [thread 8799] [10.0] [cxt 0] Pipeline 'ingress': end
[10:58:33.545] [bmv2] [D] [thread 8799] [10.0] [cxt 0] Egress port is 0
[10:58:33.545] [bmv2] [D] [thread 8800] [9.0] [cxt 0] Pipeline 'egress': start
[10:58:33.545] [bmv2] [D] [thread 8800] [9.0] [cxt 0] Pipeline 'egress': end
[10:58:33.545] [bmv2] [D] [thread 8800] [9.0] [cxt 0] Deparser 'deparser': start
[10:58:33.545] [bmv2] [T] [thread 8800] [9.0] [cxt 0] Skipping checksum 'cksum' update because condition not met
[10:58:33.545] [bmv2] [D] [thread 8800] [9.0] [cxt 0] Deparsing header 'ethernet'
[10:58:33.545] [bmv2] [D] [thread 8800] [9.0] [cxt 0] Deparser 'deparser': end
[10:58:33.545] [bmv2] [D] [thread 8800] [10.0] [cxt 0] Pipeline 'egress': start
[10:58:33.545] [bmv2] [D] [thread 8800] [10.0] [cxt 0] Pipeline 'egress': end
[10:58:33.545] [bmv2] [D] [thread 8800] [10.0] [cxt 0] Deparser 'deparser': start
[10:58:33.545] [bmv2] [T] [thread 8800] [10.0] [cxt 0] Skipping checksum 'cksum' update because condition not met
[10:58:33.545] [bmv2] [D] [thread 8800] [10.0] [cxt 0] Deparsing header 'ethernet'
[10:58:33.545] [bmv2] [D] [thread 8800] [10.0] [cxt 0] Deparser 'deparser': end
[10:58:33.545] [bmv2] [D] [thread 8804] [9.0] [cxt 0] Transmitting packet of size 90 out of port 0
[10:58:33.545] [bmv2] [D] [thread 8804] [10.0] [cxt 0] Transmitting packet of size 70 out of port 0
[10:58:33.551] [bmv2] [D] [thread 8799] [11.0] [cxt 0] Processing packet received on port 2
[10:58:33.551] [bmv2] [D] [thread 8799] [11.0] [cxt 0] Parser 'parser': start
[10:58:33.551] [bmv2] [D] [thread 8799] [11.0] [cxt 0] Parser 'parser' entering state 'start'
[10:58:33.551] [bmv2] [D] [thread 8799] [11.0] [cxt 0] Extracting header 'ethernet'
[10:58:33.551] [bmv2] [D] [thread 8799] [11.0] [cxt 0] Parser state 'start': key is 86dd
[10:58:33.551] [bmv2] [T] [thread 8799] [11.0] [cxt 0] Bytes parsed: 14
[10:58:33.551] [bmv2] [D] [thread 8799] [11.0] [cxt 0] Parser 'parser': end
[10:58:33.551] [bmv2] [D] [thread 8799] [11.0] [cxt 0] Pipeline 'ingress': start
[10:58:33.551] [bmv2] [T] [thread 8799] [11.0] [cxt 0] /home/p4/git/master_degree_p4_unipampa/FRR/p4src/fast_reroute.p4(133) Condition "hdr.ipv4.isValid()" (node_2) is false
[10:58:33.551] [bmv2] [D] [thread 8799] [11.0] [cxt 0] Pipeline 'ingress': end
[10:58:33.551] [bmv2] [D] [thread 8799] [11.0] [cxt 0] Egress port is 0
[10:58:33.551] [bmv2] [D] [thread 8800] [11.0] [cxt 0] Pipeline 'egress': start
[10:58:33.551] [bmv2] [D] [thread 8800] [11.0] [cxt 0] Pipeline 'egress': end
[10:58:33.551] [bmv2] [D] [thread 8800] [11.0] [cxt 0] Deparser 'deparser': start
[10:58:33.551] [bmv2] [T] [thread 8800] [11.0] [cxt 0] Skipping checksum 'cksum' update because condition not met
[10:58:33.551] [bmv2] [D] [thread 8800] [11.0] [cxt 0] Deparsing header 'ethernet'
[10:58:33.551] [bmv2] [D] [thread 8800] [11.0] [cxt 0] Deparser 'deparser': end
[10:58:33.551] [bmv2] [D] [thread 8804] [11.0] [cxt 0] Transmitting packet of size 107 out of port 0
[10:58:33.557] [bmv2] [D] [thread 8799] [12.0] [cxt 0] Processing packet received on port 2
[10:58:33.557] [bmv2] [D] [thread 8799] [12.0] [cxt 0] Parser 'parser': start
[10:58:33.557] [bmv2] [D] [thread 8799] [12.0] [cxt 0] Parser 'parser' entering state 'start'
[10:58:33.557] [bmv2] [D] [thread 8799] [12.0] [cxt 0] Extracting header 'ethernet'
[10:58:33.557] [bmv2] [D] [thread 8799] [12.0] [cxt 0] Parser state 'start': key is 86dd
[10:58:33.557] [bmv2] [T] [thread 8799] [12.0] [cxt 0] Bytes parsed: 14
[10:58:33.557] [bmv2] [D] [thread 8799] [12.0] [cxt 0] Parser 'parser': end
[10:58:33.557] [bmv2] [D] [thread 8799] [12.0] [cxt 0] Pipeline 'ingress': start
[10:58:33.557] [bmv2] [T] [thread 8799] [12.0] [cxt 0] /home/p4/git/master_degree_p4_unipampa/FRR/p4src/fast_reroute.p4(133) Condition "hdr.ipv4.isValid()" (node_2) is false
[10:58:33.557] [bmv2] [D] [thread 8799] [12.0] [cxt 0] Pipeline 'ingress': end
[10:58:33.557] [bmv2] [D] [thread 8799] [12.0] [cxt 0] Egress port is 0
[10:58:33.557] [bmv2] [D] [thread 8800] [12.0] [cxt 0] Pipeline 'egress': start
[10:58:33.557] [bmv2] [D] [thread 8800] [12.0] [cxt 0] Pipeline 'egress': end
[10:58:33.557] [bmv2] [D] [thread 8800] [12.0] [cxt 0] Deparser 'deparser': start
[10:58:33.557] [bmv2] [T] [thread 8800] [12.0] [cxt 0] Skipping checksum 'cksum' update because condition not met
[10:58:33.557] [bmv2] [D] [thread 8800] [12.0] [cxt 0] Deparsing header 'ethernet'
[10:58:33.557] [bmv2] [D] [thread 8800] [12.0] [cxt 0] Deparser 'deparser': end
[10:58:33.557] [bmv2] [D] [thread 8804] [12.0] [cxt 0] Transmitting packet of size 90 out of port 0
[10:58:33.738] [bmv2] [D] [thread 8799] [13.0] [cxt 0] Processing packet received on port 2
[10:58:33.738] [bmv2] [D] [thread 8799] [13.0] [cxt 0] Parser 'parser': start
[10:58:33.738] [bmv2] [D] [thread 8799] [13.0] [cxt 0] Parser 'parser' entering state 'start'
[10:58:33.738] [bmv2] [D] [thread 8799] [13.0] [cxt 0] Extracting header 'ethernet'
[10:58:33.738] [bmv2] [D] [thread 8799] [13.0] [cxt 0] Parser state 'start': key is 86dd
[10:58:33.738] [bmv2] [T] [thread 8799] [13.0] [cxt 0] Bytes parsed: 14
[10:58:33.738] [bmv2] [D] [thread 8799] [13.0] [cxt 0] Parser 'parser': end
[10:58:33.738] [bmv2] [D] [thread 8799] [13.0] [cxt 0] Pipeline 'ingress': start
[10:58:33.738] [bmv2] [T] [thread 8799] [13.0] [cxt 0] /home/p4/git/master_degree_p4_unipampa/FRR/p4src/fast_reroute.p4(133) Condition "hdr.ipv4.isValid()" (node_2) is false
[10:58:33.738] [bmv2] [D] [thread 8799] [13.0] [cxt 0] Pipeline 'ingress': end
[10:58:33.738] [bmv2] [D] [thread 8799] [13.0] [cxt 0] Egress port is 0
[10:58:33.738] [bmv2] [D] [thread 8800] [13.0] [cxt 0] Pipeline 'egress': start
[10:58:33.738] [bmv2] [D] [thread 8800] [13.0] [cxt 0] Pipeline 'egress': end
[10:58:33.738] [bmv2] [D] [thread 8800] [13.0] [cxt 0] Deparser 'deparser': start
[10:58:33.738] [bmv2] [T] [thread 8800] [13.0] [cxt 0] Skipping checksum 'cksum' update because condition not met
[10:58:33.738] [bmv2] [D] [thread 8800] [13.0] [cxt 0] Deparsing header 'ethernet'
[10:58:33.738] [bmv2] [D] [thread 8800] [13.0] [cxt 0] Deparser 'deparser': end
[10:58:33.738] [bmv2] [D] [thread 8804] [13.0] [cxt 0] Transmitting packet of size 210 out of port 0
[10:58:33.834] [bmv2] [D] [thread 8799] [14.0] [cxt 0] Processing packet received on port 2
[10:58:33.834] [bmv2] [D] [thread 8799] [14.0] [cxt 0] Parser 'parser': start
[10:58:33.834] [bmv2] [D] [thread 8799] [14.0] [cxt 0] Parser 'parser' entering state 'start'
[10:58:33.834] [bmv2] [D] [thread 8799] [14.0] [cxt 0] Extracting header 'ethernet'
[10:58:33.834] [bmv2] [D] [thread 8799] [14.0] [cxt 0] Parser state 'start': key is 86dd
[10:58:33.834] [bmv2] [T] [thread 8799] [14.0] [cxt 0] Bytes parsed: 14
[10:58:33.834] [bmv2] [D] [thread 8799] [14.0] [cxt 0] Parser 'parser': end
[10:58:33.834] [bmv2] [D] [thread 8799] [14.0] [cxt 0] Pipeline 'ingress': start
[10:58:33.834] [bmv2] [T] [thread 8799] [14.0] [cxt 0] /home/p4/git/master_degree_p4_unipampa/FRR/p4src/fast_reroute.p4(133) Condition "hdr.ipv4.isValid()" (node_2) is false
[10:58:33.834] [bmv2] [D] [thread 8799] [14.0] [cxt 0] Pipeline 'ingress': end
[10:58:33.834] [bmv2] [D] [thread 8799] [14.0] [cxt 0] Egress port is 0
[10:58:33.834] [bmv2] [D] [thread 8800] [14.0] [cxt 0] Pipeline 'egress': start
[10:58:33.834] [bmv2] [D] [thread 8800] [14.0] [cxt 0] Pipeline 'egress': end
[10:58:33.834] [bmv2] [D] [thread 8800] [14.0] [cxt 0] Deparser 'deparser': start
[10:58:33.834] [bmv2] [T] [thread 8800] [14.0] [cxt 0] Skipping checksum 'cksum' update because condition not met
[10:58:33.834] [bmv2] [D] [thread 8800] [14.0] [cxt 0] Deparsing header 'ethernet'
[10:58:33.834] [bmv2] [D] [thread 8800] [14.0] [cxt 0] Deparser 'deparser': end
[10:58:33.834] [bmv2] [D] [thread 8804] [14.0] [cxt 0] Transmitting packet of size 210 out of port 0
[10:58:38.985] [bmv2] [T] [thread 9049] bm_get_config
[10:58:38.987] [bmv2] [T] [thread 9049] bm_mt_get_entries
[10:58:38.987] [bmv2] [T] [thread 9049] bm_mt_get_entries
[10:58:39.075] [bmv2] [T] [thread 9049] bm_reset_state
[10:58:39.092] [bmv2] [D] [thread 9049] Resetting simple_switch target-specific state
[10:58:39.093] [bmv2] [D] [thread 9049] resetting PRE state
[10:58:39.155] [bmv2] [T] [thread 9049] bm_register_write
[10:58:39.155] [bmv2] [T] [thread 9049] bm_table_add_entry
[10:58:39.155] [bmv2] [D] [thread 9049] Entry 0 added to table 'MyIngress.len_primary_path'
[10:58:39.155] [bmv2] [D] [thread 9049] Dumping entry 0
Match key:
* hdr.pathHops.path_id: EXACT     00000000
Action entry: MyIngress.read_len_primary_path - 0,

[10:58:39.156] [bmv2] [T] [thread 9049] bm_register_write
[10:58:39.156] [bmv2] [T] [thread 9049] bm_register_write
[10:58:39.158] [bmv2] [T] [thread 9049] bm_register_write
[10:58:39.159] [bmv2] [T] [thread 9049] bm_register_write
[10:58:39.159] [bmv2] [T] [thread 9049] bm_register_write
[10:58:39.161] [bmv2] [T] [thread 9049] bm_register_write
[10:58:39.163] [bmv2] [T] [thread 9049] bm_register_write
[10:58:42.315] [bmv2] [D] [thread 8799] [15.0] [cxt 0] Processing packet received on port 2
[10:58:42.315] [bmv2] [D] [thread 8799] [15.0] [cxt 0] Parser 'parser': start
[10:58:42.315] [bmv2] [D] [thread 8799] [15.0] [cxt 0] Parser 'parser' entering state 'start'
[10:58:42.315] [bmv2] [D] [thread 8799] [15.0] [cxt 0] Extracting header 'ethernet'
[10:58:42.315] [bmv2] [D] [thread 8799] [15.0] [cxt 0] Parser state 'start': key is 0800
[10:58:42.315] [bmv2] [T] [thread 8799] [15.0] [cxt 0] Bytes parsed: 14
[10:58:42.315] [bmv2] [D] [thread 8799] [15.0] [cxt 0] Parser 'parser' entering state 'parse_ipv4'
[10:58:42.315] [bmv2] [D] [thread 8799] [15.0] [cxt 0] Extracting header 'ipv4'
[10:58:42.315] [bmv2] [D] [thread 8799] [15.0] [cxt 0] Extracting header 'pathHops'
[10:58:42.315] [bmv2] [D] [thread 8799] [15.0] [cxt 0] Parser state 'parse_ipv4' has no switch, going to default next state
[10:58:42.315] [bmv2] [T] [thread 8799] [15.0] [cxt 0] Bytes parsed: 61
[10:58:42.315] [bmv2] [D] [thread 8799] [15.0] [cxt 0] Parser 'parser': end
[10:58:42.315] [bmv2] [D] [thread 8799] [15.0] [cxt 0] Pipeline 'ingress': start
[10:58:42.315] [bmv2] [T] [thread 8799] [15.0] [cxt 0] /home/p4/git/master_degree_p4_unipampa/FRR/p4src/fast_reroute.p4(133) Condition "hdr.ipv4.isValid()" (node_2) is true
[10:58:42.315] [bmv2] [T] [thread 8799] [15.0] [cxt 0] Applying table 'tbl_update_curr_path_size'
[10:58:42.315] [bmv2] [D] [thread 8799] [15.0] [cxt 0] Looking up key:

[10:58:42.315] [bmv2] [D] [thread 8799] [15.0] [cxt 0] Table 'tbl_update_curr_path_size': miss
[10:58:42.315] [bmv2] [D] [thread 8799] [15.0] [cxt 0] Action entry is MyIngress.update_curr_path_size - 
[10:58:42.315] [bmv2] [T] [thread 8799] [15.0] [cxt 0] Action MyIngress.update_curr_path_size
[10:58:42.315] [bmv2] [T] [thread 8799] [15.0] [cxt 0] /home/p4/git/master_degree_p4_unipampa/FRR/p4src/fast_reroute.p4(90) Primitive hdr.pathHops.numHop = hdr.pathHops.numHop + 1
[10:58:42.315] [bmv2] [T] [thread 8799] [15.0] [cxt 0] Applying table 'tbl_fast_reroute137'
[10:58:42.315] [bmv2] [D] [thread 8799] [15.0] [cxt 0] Looking up key:

[10:58:42.315] [bmv2] [D] [thread 8799] [15.0] [cxt 0] Table 'tbl_fast_reroute137': miss
[10:58:42.315] [bmv2] [D] [thread 8799] [15.0] [cxt 0] Action entry is fast_reroute137 - 
[10:58:42.315] [bmv2] [T] [thread 8799] [15.0] [cxt 0] Action fast_reroute137
[10:58:42.315] [bmv2] [T] [thread 8799] [15.0] [cxt 0] /home/p4/git/master_degree_p4_unipampa/FRR/p4src/fast_reroute.p4(137) Primitive numHopDebugReg.write(0, hdr.pathHops.numHop)
[10:58:42.315] [bmv2] [T] [thread 8799] [15.0] [cxt 0] Wrote register 'MyIngress.numHopDebugReg' at index 0 with value 5
[10:58:42.315] [bmv2] [T] [thread 8799] [15.0] [cxt 0] /home/p4/git/master_degree_p4_unipampa/FRR/p4src/fast_reroute.p4(141) Primitive swIdReg.read(swId, 0)
[10:58:42.315] [bmv2] [T] [thread 8799] [15.0] [cxt 0] Read register 'MyIngress.swIdReg' at index 0 read value 5
[10:58:42.315] [bmv2] [T] [thread 8799] [15.0] [cxt 0] /home/p4/git/master_degree_p4_unipampa/FRR/p4src/fast_reroute.p4(154) Primitive depotIdReg.read(depotId, 0)
[10:58:42.315] [bmv2] [T] [thread 8799] [15.0] [cxt 0] Read register 'MyIngress.depotIdReg' at index 0 read value 0
[10:58:42.315] [bmv2] [T] [thread 8799] [15.0] [cxt 0] /home/p4/git/master_degree_p4_unipampa/FRR/p4src/fast_reroute.p4(158) Primitive last_seen_pkt_timestamp.read(last_seen, hdr.pathHops.path_id)
[10:58:42.315] [bmv2] [T] [thread 8799] [15.0] [cxt 0] Read register 'MyIngress.last_seen_pkt_timestamp' at index 0 read value 0
[10:58:42.315] [bmv2] [T] [thread 8799] [15.0] [cxt 0] /home/p4/git/master_degree_p4_unipampa/FRR/p4src/fast_reroute.p4(162) Primitive maxTimeOutDepotReg.read(threshold, 0)
[10:58:42.315] [bmv2] [T] [thread 8799] [15.0] [cxt 0] Read register 'MyIngress.maxTimeOutDepotReg' at index 0 read value 0
[10:58:42.315] [bmv2] [T] [thread 8799] [15.0] [cxt 0] /home/p4/git/master_degree_p4_unipampa/FRR/p4src/fast_reroute.p4(165) Condition "swId == depotId && hdr.pathHops.has_visited_depot == 0" (node_5) is false
[10:58:42.315] [bmv2] [T] [thread 8799] [15.0] [cxt 0] Applying table 'tbl_fast_reroute173'
[10:58:42.315] [bmv2] [D] [thread 8799] [15.0] [cxt 0] Looking up key:

[10:58:42.315] [bmv2] [D] [thread 8799] [15.0] [cxt 0] Table 'tbl_fast_reroute173': miss
[10:58:42.315] [bmv2] [D] [thread 8799] [15.0] [cxt 0] Action entry is fast_reroute173 - 
[10:58:42.315] [bmv2] [T] [thread 8799] [15.0] [cxt 0] Action fast_reroute173
[10:58:42.315] [bmv2] [T] [thread 8799] [15.0] [cxt 0] /home/p4/git/master_degree_p4_unipampa/FRR/p4src/fast_reroute.p4(150) Primitive standard_metadata.ingress_global_timestamp; //for more flows, this should be an array (register) ...
[10:58:42.315] [bmv2] [T] [thread 8799] [15.0] [cxt 0] Applying table 'MyIngress.len_primary_path'
[10:58:42.315] [bmv2] [D] [thread 8799] [15.0] [cxt 0] Looking up key:
* hdr.pathHops.path_id: 00000000

[10:58:42.315] [bmv2] [D] [thread 8799] [15.0] [cxt 0] Table 'MyIngress.len_primary_path': hit with handle 0
[10:58:42.315] [bmv2] [D] [thread 8799] [15.0] [cxt 0] Dumping entry 0
Match key:
* hdr.pathHops.path_id: EXACT     00000000
Action entry: MyIngress.read_len_primary_path - 0,

[10:58:42.315] [bmv2] [D] [thread 8799] [15.0] [cxt 0] Action entry is MyIngress.read_len_primary_path - 0,
[10:58:42.315] [bmv2] [T] [thread 8799] [15.0] [cxt 0] Action MyIngress.read_len_primary_path
[10:58:42.315] [bmv2] [T] [thread 8799] [15.0] [cxt 0] /home/p4/git/master_degree_p4_unipampa/FRR/p4src/fast_reroute.p4(80) Primitive meta.indexPath = indexPath
[10:58:42.315] [bmv2] [T] [thread 8799] [15.0] [cxt 0] /home/p4/git/master_degree_p4_unipampa/FRR/p4src/fast_reroute.p4(81) Primitive lenPrimaryPathSize.read(meta.lenPrimaryPathSize, meta.indexPath)
[10:58:42.315] [bmv2] [T] [thread 8799] [15.0] [cxt 0] Read register 'MyIngress.lenPrimaryPathSize' at index 0 read value 6
[10:58:42.315] [bmv2] [T] [thread 8799] [15.0] [cxt 0] Applying table 'MyIngress.len_alternative_path'
[10:58:42.315] [bmv2] [D] [thread 8799] [15.0] [cxt 0] Looking up key:
* hdr.pathHops.path_id: 00000000

[10:58:42.315] [bmv2] [D] [thread 8799] [15.0] [cxt 0] Table 'MyIngress.len_alternative_path': miss
[10:58:42.315] [bmv2] [D] [thread 8799] [15.0] [cxt 0] Action entry is NoAction - 
[10:58:42.315] [bmv2] [T] [thread 8799] [15.0] [cxt 0] Action NoAction
[10:58:42.315] [bmv2] [T] [thread 8799] [15.0] [cxt 0] Applying table 'tbl_fast_reroute179'
[10:58:42.315] [bmv2] [D] [thread 8799] [15.0] [cxt 0] Looking up key:

[10:58:42.315] [bmv2] [D] [thread 8799] [15.0] [cxt 0] Table 'tbl_fast_reroute179': miss
[10:58:42.315] [bmv2] [D] [thread 8799] [15.0] [cxt 0] Action entry is fast_reroute179 - 
[10:58:42.315] [bmv2] [T] [thread 8799] [15.0] [cxt 0] Action fast_reroute179
[10:58:42.315] [bmv2] [T] [thread 8799] [15.0] [cxt 0] /home/p4/git/master_degree_p4_unipampa/FRR/p4src/fast_reroute.p4(179) Primitive lenHashPrimaryPathSize.read(meta.lenHashPrimaryPathSize, 0)
[10:58:42.315] [bmv2] [T] [thread 8799] [15.0] [cxt 0] Read register 'MyIngress.lenHashPrimaryPathSize' at index 0 read value 0
[10:58:42.315] [bmv2] [T] [thread 8799] [15.0] [cxt 0] /home/p4/git/master_degree_p4_unipampa/FRR/p4src/fast_reroute.p4(182) Condition "swId == depotId && hdr.pathHops.which_alt_switch == 0 && hdr.pathHops.pkt_timestamp - last_seen < threshold && hdr.pathHops.has_visited_depot > 0" (node_14) is false
[10:58:42.315] [bmv2] [T] [thread 8799] [15.0] [cxt 0] /home/p4/git/master_degree_p4_unipampa/FRR/p4src/fast_reroute.p4(185) Condition "swId == depotId && hdr.pathHops.which_alt_switch == 0 && hdr.pathHops.pkt_timestamp - last_seen >= threshold && hdr.pathHops.has_visited_depot > 0" (node_16) is false
[10:58:42.315] [bmv2] [T] [thread 8799] [15.0] [cxt 0] /home/p4/git/master_degree_p4_unipampa/FRR/p4src/fast_reroute.p4(214) Condition "swId == depotId && hdr.pathHops.which_alt_switch > 0 && hdr.pathHops.pkt_timestamp - last_seen < threshold && hdr.pathHops.has_visited_depot > 0" (node_26) is false
[10:58:42.315] [bmv2] [T] [thread 8799] [15.0] [cxt 0] /home/p4/git/master_degree_p4_unipampa/FRR/p4src/fast_reroute.p4(217) Condition "swId == depotId && hdr.pathHops.which_alt_switch > 0 && hdr.pathHops.pkt_timestamp - last_seen >= threshold && hdr.pathHops.has_visited_depot > 0" (node_28) is false
[10:58:42.315] [bmv2] [T] [thread 8799] [15.0] [cxt 0] /home/p4/git/master_degree_p4_unipampa/FRR/p4src/fast_reroute.p4(224) Condition "hdr.pathHops.which_alt_switch == 0" (node_30) is true
[10:58:42.315] [bmv2] [T] [thread 8799] [15.0] [cxt 0] Applying table 'tbl_fast_reroute228'
[10:58:42.315] [bmv2] [D] [thread 8799] [15.0] [cxt 0] Looking up key:

[10:58:42.315] [bmv2] [D] [thread 8799] [15.0] [cxt 0] Table 'tbl_fast_reroute228': miss
[10:58:42.315] [bmv2] [D] [thread 8799] [15.0] [cxt 0] Action entry is fast_reroute228 - 
[10:58:42.315] [bmv2] [T] [thread 8799] [15.0] [cxt 0] Action fast_reroute228
[10:58:42.315] [bmv2] [T] [thread 8799] [15.0] [cxt 0] /home/p4/git/master_degree_p4_unipampa/FRR/p4src/fast_reroute.p4(228) Primitive primaryNH_1.read(meta.nextHop, hdr.pathHops.path_id)
[10:58:42.315] [bmv2] [T] [thread 8799] [15.0] [cxt 0] Read register 'MyIngress.primaryNH_1' at index 0 read value 1
[10:58:42.315] [bmv2] [T] [thread 8799] [15.0] [cxt 0] /home/p4/git/master_degree_p4_unipampa/FRR/p4src/fast_reroute.p4(229) Condition "(hdr.pathHops.num_times_curr_switch & mask == 0) && (meta.nextHop != 9999)" (node_32) is true
[10:58:42.315] [bmv2] [T] [thread 8799] [15.0] [cxt 0] Applying table 'tbl_fast_reroute230'
[10:58:42.315] [bmv2] [D] [thread 8799] [15.0] [cxt 0] Looking up key:

[10:58:42.315] [bmv2] [D] [thread 8799] [15.0] [cxt 0] Table 'tbl_fast_reroute230': miss
[10:58:42.315] [bmv2] [D] [thread 8799] [15.0] [cxt 0] Action entry is fast_reroute230 - 
[10:58:42.315] [bmv2] [T] [thread 8799] [15.0] [cxt 0] Action fast_reroute230
[10:58:42.315] [bmv2] [T] [thread 8799] [15.0] [cxt 0] /home/p4/git/master_degree_p4_unipampa/FRR/p4src/fast_reroute.p4(230) Primitive hdr.pathHops.num_times_curr_switch = (hdr.pathHops.num_times_curr_switch & ~mask) | ((bit<64>)1 << swId)
[10:58:42.315] [bmv2] [T] [thread 8799] [15.0] [cxt 0] Applying table 'tbl_fast_reroute262'
[10:58:42.315] [bmv2] [D] [thread 8799] [15.0] [cxt 0] Looking up key:

[10:58:42.315] [bmv2] [D] [thread 8799] [15.0] [cxt 0] Table 'tbl_fast_reroute262': miss
[10:58:42.315] [bmv2] [D] [thread 8799] [15.0] [cxt 0] Action entry is fast_reroute262 - 
[10:58:42.315] [bmv2] [T] [thread 8799] [15.0] [cxt 0] Action fast_reroute262
[10:58:42.315] [bmv2] [T] [thread 8799] [15.0] [cxt 0] /home/p4/git/master_degree_p4_unipampa/FRR/p4src/fast_reroute.p4(262) Primitive standard_metadata.egress_spec = (bit<9>) meta.nextHop
[10:58:42.315] [bmv2] [T] [thread 8799] [15.0] [cxt 0] /home/p4/git/master_degree_p4_unipampa/FRR/p4src/fast_reroute.p4(262) Primitive (bit<9>) meta.nextHop
[10:58:42.315] [bmv2] [T] [thread 8799] [15.0] [cxt 0] /home/p4/git/master_degree_p4_unipampa/FRR/p4src/fast_reroute.p4(263) Primitive whatIsSpecEgress.write(0, standard_metadata.egress_spec)
[10:58:42.315] [bmv2] [T] [thread 8799] [15.0] [cxt 0] Wrote register 'MyIngress.whatIsSpecEgress' at index 0 with value 1
[10:58:42.315] [bmv2] [T] [thread 8799] [15.0] [cxt 0] /home/p4/git/master_degree_p4_unipampa/FRR/p4src/fast_reroute.p4(267) Condition "swId == depotId && hdr.pathHops.numHop >= meta.lenPrimaryPathSize && hdr.pathHops.has_visited_depot > 0" (node_48) is false
[10:58:42.315] [bmv2] [D] [thread 8799] [15.0] [cxt 0] Pipeline 'ingress': end
[10:58:42.315] [bmv2] [D] [thread 8799] [15.0] [cxt 0] Egress port is 1
[10:58:42.315] [bmv2] [D] [thread 8801] [15.0] [cxt 0] Pipeline 'egress': start
[10:58:42.315] [bmv2] [D] [thread 8801] [15.0] [cxt 0] Pipeline 'egress': end
[10:58:42.315] [bmv2] [D] [thread 8801] [15.0] [cxt 0] Deparser 'deparser': start
[10:58:42.315] [bmv2] [D] [thread 8801] [15.0] [cxt 0] Updating checksum 'cksum'
[10:58:42.315] [bmv2] [D] [thread 8801] [15.0] [cxt 0] Deparsing header 'ethernet'
[10:58:42.315] [bmv2] [D] [thread 8801] [15.0] [cxt 0] Deparsing header 'ipv4'
[10:58:42.315] [bmv2] [D] [thread 8801] [15.0] [cxt 0] Deparsing header 'pathHops'
[10:58:42.315] [bmv2] [D] [thread 8801] [15.0] [cxt 0] Deparser 'deparser': end
[10:58:42.315] [bmv2] [D] [thread 8804] [15.0] [cxt 0] Transmitting packet of size 61 out of port 1
[10:58:44.656] [bmv2] [D] [thread 8799] [16.0] [cxt 0] Processing packet received on port 2
[10:58:44.657] [bmv2] [D] [thread 8799] [16.0] [cxt 0] Parser 'parser': start
[10:58:44.657] [bmv2] [D] [thread 8799] [16.0] [cxt 0] Parser 'parser' entering state 'start'
[10:58:44.657] [bmv2] [D] [thread 8799] [16.0] [cxt 0] Extracting header 'ethernet'
[10:58:44.657] [bmv2] [D] [thread 8799] [16.0] [cxt 0] Parser state 'start': key is 0800
[10:58:44.657] [bmv2] [T] [thread 8799] [16.0] [cxt 0] Bytes parsed: 14
[10:58:44.657] [bmv2] [D] [thread 8799] [16.0] [cxt 0] Parser 'parser' entering state 'parse_ipv4'
[10:58:44.657] [bmv2] [D] [thread 8799] [16.0] [cxt 0] Extracting header 'ipv4'
[10:58:44.657] [bmv2] [D] [thread 8799] [16.0] [cxt 0] Extracting header 'pathHops'
[10:58:44.657] [bmv2] [D] [thread 8799] [16.0] [cxt 0] Parser state 'parse_ipv4' has no switch, going to default next state
[10:58:44.657] [bmv2] [T] [thread 8799] [16.0] [cxt 0] Bytes parsed: 61
[10:58:44.657] [bmv2] [D] [thread 8799] [16.0] [cxt 0] Parser 'parser': end
[10:58:44.657] [bmv2] [D] [thread 8799] [16.0] [cxt 0] Pipeline 'ingress': start
[10:58:44.657] [bmv2] [T] [thread 8799] [16.0] [cxt 0] /home/p4/git/master_degree_p4_unipampa/FRR/p4src/fast_reroute.p4(133) Condition "hdr.ipv4.isValid()" (node_2) is true
[10:58:44.657] [bmv2] [T] [thread 8799] [16.0] [cxt 0] Applying table 'tbl_update_curr_path_size'
[10:58:44.657] [bmv2] [D] [thread 8799] [16.0] [cxt 0] Looking up key:

[10:58:44.657] [bmv2] [D] [thread 8799] [16.0] [cxt 0] Table 'tbl_update_curr_path_size': miss
[10:58:44.657] [bmv2] [D] [thread 8799] [16.0] [cxt 0] Action entry is MyIngress.update_curr_path_size - 
[10:58:44.657] [bmv2] [T] [thread 8799] [16.0] [cxt 0] Action MyIngress.update_curr_path_size
[10:58:44.657] [bmv2] [T] [thread 8799] [16.0] [cxt 0] /home/p4/git/master_degree_p4_unipampa/FRR/p4src/fast_reroute.p4(90) Primitive hdr.pathHops.numHop = hdr.pathHops.numHop + 1
[10:58:44.657] [bmv2] [T] [thread 8799] [16.0] [cxt 0] Applying table 'tbl_fast_reroute137'
[10:58:44.657] [bmv2] [D] [thread 8799] [16.0] [cxt 0] Looking up key:

[10:58:44.657] [bmv2] [D] [thread 8799] [16.0] [cxt 0] Table 'tbl_fast_reroute137': miss
[10:58:44.657] [bmv2] [D] [thread 8799] [16.0] [cxt 0] Action entry is fast_reroute137 - 
[10:58:44.657] [bmv2] [T] [thread 8799] [16.0] [cxt 0] Action fast_reroute137
[10:58:44.657] [bmv2] [T] [thread 8799] [16.0] [cxt 0] /home/p4/git/master_degree_p4_unipampa/FRR/p4src/fast_reroute.p4(137) Primitive numHopDebugReg.write(0, hdr.pathHops.numHop)
[10:58:44.657] [bmv2] [T] [thread 8799] [16.0] [cxt 0] Wrote register 'MyIngress.numHopDebugReg' at index 0 with value 6
[10:58:44.657] [bmv2] [T] [thread 8799] [16.0] [cxt 0] /home/p4/git/master_degree_p4_unipampa/FRR/p4src/fast_reroute.p4(141) Primitive swIdReg.read(swId, 0)
[10:58:44.657] [bmv2] [T] [thread 8799] [16.0] [cxt 0] Read register 'MyIngress.swIdReg' at index 0 read value 5
[10:58:44.657] [bmv2] [T] [thread 8799] [16.0] [cxt 0] /home/p4/git/master_degree_p4_unipampa/FRR/p4src/fast_reroute.p4(154) Primitive depotIdReg.read(depotId, 0)
[10:58:44.657] [bmv2] [T] [thread 8799] [16.0] [cxt 0] Read register 'MyIngress.depotIdReg' at index 0 read value 0
[10:58:44.657] [bmv2] [T] [thread 8799] [16.0] [cxt 0] /home/p4/git/master_degree_p4_unipampa/FRR/p4src/fast_reroute.p4(158) Primitive last_seen_pkt_timestamp.read(last_seen, hdr.pathHops.path_id)
[10:58:44.657] [bmv2] [T] [thread 8799] [16.0] [cxt 0] Read register 'MyIngress.last_seen_pkt_timestamp' at index 0 read value 0
[10:58:44.657] [bmv2] [T] [thread 8799] [16.0] [cxt 0] /home/p4/git/master_degree_p4_unipampa/FRR/p4src/fast_reroute.p4(162) Primitive maxTimeOutDepotReg.read(threshold, 0)
[10:58:44.657] [bmv2] [T] [thread 8799] [16.0] [cxt 0] Read register 'MyIngress.maxTimeOutDepotReg' at index 0 read value 0
[10:58:44.657] [bmv2] [T] [thread 8799] [16.0] [cxt 0] /home/p4/git/master_degree_p4_unipampa/FRR/p4src/fast_reroute.p4(165) Condition "swId == depotId && hdr.pathHops.has_visited_depot == 0" (node_5) is false
[10:58:44.657] [bmv2] [T] [thread 8799] [16.0] [cxt 0] Applying table 'tbl_fast_reroute173'
[10:58:44.657] [bmv2] [D] [thread 8799] [16.0] [cxt 0] Looking up key:

[10:58:44.657] [bmv2] [D] [thread 8799] [16.0] [cxt 0] Table 'tbl_fast_reroute173': miss
[10:58:44.657] [bmv2] [D] [thread 8799] [16.0] [cxt 0] Action entry is fast_reroute173 - 
[10:58:44.658] [bmv2] [T] [thread 8799] [16.0] [cxt 0] Action fast_reroute173
[10:58:44.658] [bmv2] [T] [thread 8799] [16.0] [cxt 0] /home/p4/git/master_degree_p4_unipampa/FRR/p4src/fast_reroute.p4(150) Primitive standard_metadata.ingress_global_timestamp; //for more flows, this should be an array (register) ...
[10:58:44.658] [bmv2] [T] [thread 8799] [16.0] [cxt 0] Applying table 'MyIngress.len_primary_path'
[10:58:44.658] [bmv2] [D] [thread 8799] [16.0] [cxt 0] Looking up key:
* hdr.pathHops.path_id: 00000000

[10:58:44.658] [bmv2] [D] [thread 8799] [16.0] [cxt 0] Table 'MyIngress.len_primary_path': hit with handle 0
[10:58:44.658] [bmv2] [D] [thread 8799] [16.0] [cxt 0] Dumping entry 0
Match key:
* hdr.pathHops.path_id: EXACT     00000000
Action entry: MyIngress.read_len_primary_path - 0,

[10:58:44.658] [bmv2] [D] [thread 8799] [16.0] [cxt 0] Action entry is MyIngress.read_len_primary_path - 0,
[10:58:44.658] [bmv2] [T] [thread 8799] [16.0] [cxt 0] Action MyIngress.read_len_primary_path
[10:58:44.658] [bmv2] [T] [thread 8799] [16.0] [cxt 0] /home/p4/git/master_degree_p4_unipampa/FRR/p4src/fast_reroute.p4(80) Primitive meta.indexPath = indexPath
[10:58:44.658] [bmv2] [T] [thread 8799] [16.0] [cxt 0] /home/p4/git/master_degree_p4_unipampa/FRR/p4src/fast_reroute.p4(81) Primitive lenPrimaryPathSize.read(meta.lenPrimaryPathSize, meta.indexPath)
[10:58:44.658] [bmv2] [T] [thread 8799] [16.0] [cxt 0] Read register 'MyIngress.lenPrimaryPathSize' at index 0 read value 6
[10:58:44.658] [bmv2] [T] [thread 8799] [16.0] [cxt 0] Applying table 'MyIngress.len_alternative_path'
[10:58:44.658] [bmv2] [D] [thread 8799] [16.0] [cxt 0] Looking up key:
* hdr.pathHops.path_id: 00000000

[10:58:44.658] [bmv2] [D] [thread 8799] [16.0] [cxt 0] Table 'MyIngress.len_alternative_path': miss
[10:58:44.658] [bmv2] [D] [thread 8799] [16.0] [cxt 0] Action entry is NoAction - 
[10:58:44.658] [bmv2] [T] [thread 8799] [16.0] [cxt 0] Action NoAction
[10:58:44.658] [bmv2] [T] [thread 8799] [16.0] [cxt 0] Applying table 'tbl_fast_reroute179'
[10:58:44.658] [bmv2] [D] [thread 8799] [16.0] [cxt 0] Looking up key:

[10:58:44.658] [bmv2] [D] [thread 8799] [16.0] [cxt 0] Table 'tbl_fast_reroute179': miss
[10:58:44.658] [bmv2] [D] [thread 8799] [16.0] [cxt 0] Action entry is fast_reroute179 - 
[10:58:44.658] [bmv2] [T] [thread 8799] [16.0] [cxt 0] Action fast_reroute179
[10:58:44.658] [bmv2] [T] [thread 8799] [16.0] [cxt 0] /home/p4/git/master_degree_p4_unipampa/FRR/p4src/fast_reroute.p4(179) Primitive lenHashPrimaryPathSize.read(meta.lenHashPrimaryPathSize, 0)
[10:58:44.658] [bmv2] [T] [thread 8799] [16.0] [cxt 0] Read register 'MyIngress.lenHashPrimaryPathSize' at index 0 read value 0
[10:58:44.658] [bmv2] [T] [thread 8799] [16.0] [cxt 0] /home/p4/git/master_degree_p4_unipampa/FRR/p4src/fast_reroute.p4(182) Condition "swId == depotId && hdr.pathHops.which_alt_switch == 0 && hdr.pathHops.pkt_timestamp - last_seen < threshold && hdr.pathHops.has_visited_depot > 0" (node_14) is false
[10:58:44.658] [bmv2] [T] [thread 8799] [16.0] [cxt 0] /home/p4/git/master_degree_p4_unipampa/FRR/p4src/fast_reroute.p4(185) Condition "swId == depotId && hdr.pathHops.which_alt_switch == 0 && hdr.pathHops.pkt_timestamp - last_seen >= threshold && hdr.pathHops.has_visited_depot > 0" (node_16) is false
[10:58:44.658] [bmv2] [T] [thread 8799] [16.0] [cxt 0] /home/p4/git/master_degree_p4_unipampa/FRR/p4src/fast_reroute.p4(214) Condition "swId == depotId && hdr.pathHops.which_alt_switch > 0 && hdr.pathHops.pkt_timestamp - last_seen < threshold && hdr.pathHops.has_visited_depot > 0" (node_26) is false
[10:58:44.658] [bmv2] [T] [thread 8799] [16.0] [cxt 0] /home/p4/git/master_degree_p4_unipampa/FRR/p4src/fast_reroute.p4(217) Condition "swId == depotId && hdr.pathHops.which_alt_switch > 0 && hdr.pathHops.pkt_timestamp - last_seen >= threshold && hdr.pathHops.has_visited_depot > 0" (node_28) is false
[10:58:44.658] [bmv2] [T] [thread 8799] [16.0] [cxt 0] /home/p4/git/master_degree_p4_unipampa/FRR/p4src/fast_reroute.p4(224) Condition "hdr.pathHops.which_alt_switch == 0" (node_30) is true
[10:58:44.658] [bmv2] [T] [thread 8799] [16.0] [cxt 0] Applying table 'tbl_fast_reroute228'
[10:58:44.658] [bmv2] [D] [thread 8799] [16.0] [cxt 0] Looking up key:

[10:58:44.658] [bmv2] [D] [thread 8799] [16.0] [cxt 0] Table 'tbl_fast_reroute228': miss
[10:58:44.658] [bmv2] [D] [thread 8799] [16.0] [cxt 0] Action entry is fast_reroute228 - 
[10:58:44.658] [bmv2] [T] [thread 8799] [16.0] [cxt 0] Action fast_reroute228
[10:58:44.658] [bmv2] [T] [thread 8799] [16.0] [cxt 0] /home/p4/git/master_degree_p4_unipampa/FRR/p4src/fast_reroute.p4(228) Primitive primaryNH_1.read(meta.nextHop, hdr.pathHops.path_id)
[10:58:44.658] [bmv2] [T] [thread 8799] [16.0] [cxt 0] Read register 'MyIngress.primaryNH_1' at index 0 read value 1
[10:58:44.658] [bmv2] [T] [thread 8799] [16.0] [cxt 0] /home/p4/git/master_degree_p4_unipampa/FRR/p4src/fast_reroute.p4(229) Condition "(hdr.pathHops.num_times_curr_switch & mask == 0) && (meta.nextHop != 9999)" (node_32) is true
[10:58:44.658] [bmv2] [T] [thread 8799] [16.0] [cxt 0] Applying table 'tbl_fast_reroute230'
[10:58:44.658] [bmv2] [D] [thread 8799] [16.0] [cxt 0] Looking up key:

[10:58:44.658] [bmv2] [D] [thread 8799] [16.0] [cxt 0] Table 'tbl_fast_reroute230': miss
[10:58:44.658] [bmv2] [D] [thread 8799] [16.0] [cxt 0] Action entry is fast_reroute230 - 
[10:58:44.658] [bmv2] [T] [thread 8799] [16.0] [cxt 0] Action fast_reroute230
[10:58:44.658] [bmv2] [T] [thread 8799] [16.0] [cxt 0] /home/p4/git/master_degree_p4_unipampa/FRR/p4src/fast_reroute.p4(230) Primitive hdr.pathHops.num_times_curr_switch = (hdr.pathHops.num_times_curr_switch & ~mask) | ((bit<64>)1 << swId)
[10:58:44.659] [bmv2] [T] [thread 8799] [16.0] [cxt 0] Applying table 'tbl_fast_reroute262'
[10:58:44.659] [bmv2] [D] [thread 8799] [16.0] [cxt 0] Looking up key:

[10:58:44.659] [bmv2] [D] [thread 8799] [16.0] [cxt 0] Table 'tbl_fast_reroute262': miss
[10:58:44.659] [bmv2] [D] [thread 8799] [16.0] [cxt 0] Action entry is fast_reroute262 - 
[10:58:44.659] [bmv2] [T] [thread 8799] [16.0] [cxt 0] Action fast_reroute262
[10:58:44.659] [bmv2] [T] [thread 8799] [16.0] [cxt 0] /home/p4/git/master_degree_p4_unipampa/FRR/p4src/fast_reroute.p4(262) Primitive standard_metadata.egress_spec = (bit<9>) meta.nextHop
[10:58:44.659] [bmv2] [T] [thread 8799] [16.0] [cxt 0] /home/p4/git/master_degree_p4_unipampa/FRR/p4src/fast_reroute.p4(262) Primitive (bit<9>) meta.nextHop
[10:58:44.659] [bmv2] [T] [thread 8799] [16.0] [cxt 0] /home/p4/git/master_degree_p4_unipampa/FRR/p4src/fast_reroute.p4(263) Primitive whatIsSpecEgress.write(0, standard_metadata.egress_spec)
[10:58:44.659] [bmv2] [T] [thread 8799] [16.0] [cxt 0] Wrote register 'MyIngress.whatIsSpecEgress' at index 0 with value 1
[10:58:44.659] [bmv2] [T] [thread 8799] [16.0] [cxt 0] /home/p4/git/master_degree_p4_unipampa/FRR/p4src/fast_reroute.p4(267) Condition "swId == depotId && hdr.pathHops.numHop >= meta.lenPrimaryPathSize && hdr.pathHops.has_visited_depot > 0" (node_48) is false
[10:58:44.659] [bmv2] [D] [thread 8799] [16.0] [cxt 0] Pipeline 'ingress': end
[10:58:44.659] [bmv2] [D] [thread 8799] [16.0] [cxt 0] Egress port is 1
[10:58:44.659] [bmv2] [D] [thread 8801] [16.0] [cxt 0] Pipeline 'egress': start
[10:58:44.659] [bmv2] [D] [thread 8801] [16.0] [cxt 0] Pipeline 'egress': end
[10:58:44.659] [bmv2] [D] [thread 8801] [16.0] [cxt 0] Deparser 'deparser': start
[10:58:44.659] [bmv2] [D] [thread 8801] [16.0] [cxt 0] Updating checksum 'cksum'
[10:58:44.659] [bmv2] [D] [thread 8801] [16.0] [cxt 0] Deparsing header 'ethernet'
[10:58:44.659] [bmv2] [D] [thread 8801] [16.0] [cxt 0] Deparsing header 'ipv4'
[10:58:44.659] [bmv2] [D] [thread 8801] [16.0] [cxt 0] Deparsing header 'pathHops'
[10:58:44.659] [bmv2] [D] [thread 8801] [16.0] [cxt 0] Deparser 'deparser': end
[10:58:44.659] [bmv2] [D] [thread 8804] [16.0] [cxt 0] Transmitting packet of size 61 out of port 1
[10:58:46.792] [bmv2] [D] [thread 8799] [17.0] [cxt 0] Processing packet received on port 2
[10:58:46.792] [bmv2] [D] [thread 8799] [17.0] [cxt 0] Parser 'parser': start
[10:58:46.792] [bmv2] [D] [thread 8799] [17.0] [cxt 0] Parser 'parser' entering state 'start'
[10:58:46.792] [bmv2] [D] [thread 8799] [17.0] [cxt 0] Extracting header 'ethernet'
[10:58:46.792] [bmv2] [D] [thread 8799] [17.0] [cxt 0] Parser state 'start': key is 0800
[10:58:46.792] [bmv2] [T] [thread 8799] [17.0] [cxt 0] Bytes parsed: 14
[10:58:46.792] [bmv2] [D] [thread 8799] [17.0] [cxt 0] Parser 'parser' entering state 'parse_ipv4'
[10:58:46.792] [bmv2] [D] [thread 8799] [17.0] [cxt 0] Extracting header 'ipv4'
[10:58:46.792] [bmv2] [D] [thread 8799] [17.0] [cxt 0] Extracting header 'pathHops'
[10:58:46.792] [bmv2] [D] [thread 8799] [17.0] [cxt 0] Parser state 'parse_ipv4' has no switch, going to default next state
[10:58:46.792] [bmv2] [T] [thread 8799] [17.0] [cxt 0] Bytes parsed: 61
[10:58:46.792] [bmv2] [D] [thread 8799] [17.0] [cxt 0] Parser 'parser': end
[10:58:46.792] [bmv2] [D] [thread 8799] [17.0] [cxt 0] Pipeline 'ingress': start
[10:58:46.792] [bmv2] [T] [thread 8799] [17.0] [cxt 0] /home/p4/git/master_degree_p4_unipampa/FRR/p4src/fast_reroute.p4(133) Condition "hdr.ipv4.isValid()" (node_2) is true
[10:58:46.792] [bmv2] [T] [thread 8799] [17.0] [cxt 0] Applying table 'tbl_update_curr_path_size'
[10:58:46.792] [bmv2] [D] [thread 8799] [17.0] [cxt 0] Looking up key:

[10:58:46.792] [bmv2] [D] [thread 8799] [17.0] [cxt 0] Table 'tbl_update_curr_path_size': miss
[10:58:46.792] [bmv2] [D] [thread 8799] [17.0] [cxt 0] Action entry is MyIngress.update_curr_path_size - 
[10:58:46.792] [bmv2] [T] [thread 8799] [17.0] [cxt 0] Action MyIngress.update_curr_path_size
[10:58:46.792] [bmv2] [T] [thread 8799] [17.0] [cxt 0] /home/p4/git/master_degree_p4_unipampa/FRR/p4src/fast_reroute.p4(90) Primitive hdr.pathHops.numHop = hdr.pathHops.numHop + 1
[10:58:46.793] [bmv2] [T] [thread 8799] [17.0] [cxt 0] Applying table 'tbl_fast_reroute137'
[10:58:46.793] [bmv2] [D] [thread 8799] [17.0] [cxt 0] Looking up key:

[10:58:46.793] [bmv2] [D] [thread 8799] [17.0] [cxt 0] Table 'tbl_fast_reroute137': miss
[10:58:46.793] [bmv2] [D] [thread 8799] [17.0] [cxt 0] Action entry is fast_reroute137 - 
[10:58:46.793] [bmv2] [T] [thread 8799] [17.0] [cxt 0] Action fast_reroute137
[10:58:46.793] [bmv2] [T] [thread 8799] [17.0] [cxt 0] /home/p4/git/master_degree_p4_unipampa/FRR/p4src/fast_reroute.p4(137) Primitive numHopDebugReg.write(0, hdr.pathHops.numHop)
[10:58:46.793] [bmv2] [T] [thread 8799] [17.0] [cxt 0] Wrote register 'MyIngress.numHopDebugReg' at index 0 with value 7
[10:58:46.793] [bmv2] [T] [thread 8799] [17.0] [cxt 0] /home/p4/git/master_degree_p4_unipampa/FRR/p4src/fast_reroute.p4(141) Primitive swIdReg.read(swId, 0)
[10:58:46.793] [bmv2] [T] [thread 8799] [17.0] [cxt 0] Read register 'MyIngress.swIdReg' at index 0 read value 5
[10:58:46.793] [bmv2] [T] [thread 8799] [17.0] [cxt 0] /home/p4/git/master_degree_p4_unipampa/FRR/p4src/fast_reroute.p4(154) Primitive depotIdReg.read(depotId, 0)
[10:58:46.793] [bmv2] [T] [thread 8799] [17.0] [cxt 0] Read register 'MyIngress.depotIdReg' at index 0 read value 0
[10:58:46.793] [bmv2] [T] [thread 8799] [17.0] [cxt 0] /home/p4/git/master_degree_p4_unipampa/FRR/p4src/fast_reroute.p4(158) Primitive last_seen_pkt_timestamp.read(last_seen, hdr.pathHops.path_id)
[10:58:46.793] [bmv2] [T] [thread 8799] [17.0] [cxt 0] Read register 'MyIngress.last_seen_pkt_timestamp' at index 0 read value 0
[10:58:46.793] [bmv2] [T] [thread 8799] [17.0] [cxt 0] /home/p4/git/master_degree_p4_unipampa/FRR/p4src/fast_reroute.p4(162) Primitive maxTimeOutDepotReg.read(threshold, 0)
[10:58:46.793] [bmv2] [T] [thread 8799] [17.0] [cxt 0] Read register 'MyIngress.maxTimeOutDepotReg' at index 0 read value 0
[10:58:46.793] [bmv2] [T] [thread 8799] [17.0] [cxt 0] /home/p4/git/master_degree_p4_unipampa/FRR/p4src/fast_reroute.p4(165) Condition "swId == depotId && hdr.pathHops.has_visited_depot == 0" (node_5) is false
[10:58:46.793] [bmv2] [T] [thread 8799] [17.0] [cxt 0] Applying table 'tbl_fast_reroute173'
[10:58:46.793] [bmv2] [D] [thread 8799] [17.0] [cxt 0] Looking up key:

[10:58:46.793] [bmv2] [D] [thread 8799] [17.0] [cxt 0] Table 'tbl_fast_reroute173': miss
[10:58:46.793] [bmv2] [D] [thread 8799] [17.0] [cxt 0] Action entry is fast_reroute173 - 
[10:58:46.793] [bmv2] [T] [thread 8799] [17.0] [cxt 0] Action fast_reroute173
[10:58:46.793] [bmv2] [T] [thread 8799] [17.0] [cxt 0] /home/p4/git/master_degree_p4_unipampa/FRR/p4src/fast_reroute.p4(150) Primitive standard_metadata.ingress_global_timestamp; //for more flows, this should be an array (register) ...
[10:58:46.793] [bmv2] [T] [thread 8799] [17.0] [cxt 0] Applying table 'MyIngress.len_primary_path'
[10:58:46.793] [bmv2] [D] [thread 8799] [17.0] [cxt 0] Looking up key:
* hdr.pathHops.path_id: 00000000

[10:58:46.793] [bmv2] [D] [thread 8799] [17.0] [cxt 0] Table 'MyIngress.len_primary_path': hit with handle 0
[10:58:46.793] [bmv2] [D] [thread 8799] [17.0] [cxt 0] Dumping entry 0
Match key:
* hdr.pathHops.path_id: EXACT     00000000
Action entry: MyIngress.read_len_primary_path - 0,

[10:58:46.793] [bmv2] [D] [thread 8799] [17.0] [cxt 0] Action entry is MyIngress.read_len_primary_path - 0,
[10:58:46.793] [bmv2] [T] [thread 8799] [17.0] [cxt 0] Action MyIngress.read_len_primary_path
[10:58:46.793] [bmv2] [T] [thread 8799] [17.0] [cxt 0] /home/p4/git/master_degree_p4_unipampa/FRR/p4src/fast_reroute.p4(80) Primitive meta.indexPath = indexPath
[10:58:46.793] [bmv2] [T] [thread 8799] [17.0] [cxt 0] /home/p4/git/master_degree_p4_unipampa/FRR/p4src/fast_reroute.p4(81) Primitive lenPrimaryPathSize.read(meta.lenPrimaryPathSize, meta.indexPath)
[10:58:46.793] [bmv2] [T] [thread 8799] [17.0] [cxt 0] Read register 'MyIngress.lenPrimaryPathSize' at index 0 read value 6
[10:58:46.793] [bmv2] [T] [thread 8799] [17.0] [cxt 0] Applying table 'MyIngress.len_alternative_path'
[10:58:46.793] [bmv2] [D] [thread 8799] [17.0] [cxt 0] Looking up key:
* hdr.pathHops.path_id: 00000000

[10:58:46.793] [bmv2] [D] [thread 8799] [17.0] [cxt 0] Table 'MyIngress.len_alternative_path': miss
[10:58:46.793] [bmv2] [D] [thread 8799] [17.0] [cxt 0] Action entry is NoAction - 
[10:58:46.793] [bmv2] [T] [thread 8799] [17.0] [cxt 0] Action NoAction
[10:58:46.793] [bmv2] [T] [thread 8799] [17.0] [cxt 0] Applying table 'tbl_fast_reroute179'
[10:58:46.793] [bmv2] [D] [thread 8799] [17.0] [cxt 0] Looking up key:

[10:58:46.793] [bmv2] [D] [thread 8799] [17.0] [cxt 0] Table 'tbl_fast_reroute179': miss
[10:58:46.793] [bmv2] [D] [thread 8799] [17.0] [cxt 0] Action entry is fast_reroute179 - 
[10:58:46.793] [bmv2] [T] [thread 8799] [17.0] [cxt 0] Action fast_reroute179
[10:58:46.793] [bmv2] [T] [thread 8799] [17.0] [cxt 0] /home/p4/git/master_degree_p4_unipampa/FRR/p4src/fast_reroute.p4(179) Primitive lenHashPrimaryPathSize.read(meta.lenHashPrimaryPathSize, 0)
[10:58:46.793] [bmv2] [T] [thread 8799] [17.0] [cxt 0] Read register 'MyIngress.lenHashPrimaryPathSize' at index 0 read value 0
[10:58:46.793] [bmv2] [T] [thread 8799] [17.0] [cxt 0] /home/p4/git/master_degree_p4_unipampa/FRR/p4src/fast_reroute.p4(182) Condition "swId == depotId && hdr.pathHops.which_alt_switch == 0 && hdr.pathHops.pkt_timestamp - last_seen < threshold && hdr.pathHops.has_visited_depot > 0" (node_14) is false
[10:58:46.793] [bmv2] [T] [thread 8799] [17.0] [cxt 0] /home/p4/git/master_degree_p4_unipampa/FRR/p4src/fast_reroute.p4(185) Condition "swId == depotId && hdr.pathHops.which_alt_switch == 0 && hdr.pathHops.pkt_timestamp - last_seen >= threshold && hdr.pathHops.has_visited_depot > 0" (node_16) is false
[10:58:46.793] [bmv2] [T] [thread 8799] [17.0] [cxt 0] /home/p4/git/master_degree_p4_unipampa/FRR/p4src/fast_reroute.p4(214) Condition "swId == depotId && hdr.pathHops.which_alt_switch > 0 && hdr.pathHops.pkt_timestamp - last_seen < threshold && hdr.pathHops.has_visited_depot > 0" (node_26) is false
[10:58:46.793] [bmv2] [T] [thread 8799] [17.0] [cxt 0] /home/p4/git/master_degree_p4_unipampa/FRR/p4src/fast_reroute.p4(217) Condition "swId == depotId && hdr.pathHops.which_alt_switch > 0 && hdr.pathHops.pkt_timestamp - last_seen >= threshold && hdr.pathHops.has_visited_depot > 0" (node_28) is false
[10:58:46.793] [bmv2] [T] [thread 8799] [17.0] [cxt 0] /home/p4/git/master_degree_p4_unipampa/FRR/p4src/fast_reroute.p4(224) Condition "hdr.pathHops.which_alt_switch == 0" (node_30) is true
[10:58:46.793] [bmv2] [T] [thread 8799] [17.0] [cxt 0] Applying table 'tbl_fast_reroute228'
[10:58:46.793] [bmv2] [D] [thread 8799] [17.0] [cxt 0] Looking up key:

[10:58:46.793] [bmv2] [D] [thread 8799] [17.0] [cxt 0] Table 'tbl_fast_reroute228': miss
[10:58:46.793] [bmv2] [D] [thread 8799] [17.0] [cxt 0] Action entry is fast_reroute228 - 
[10:58:46.793] [bmv2] [T] [thread 8799] [17.0] [cxt 0] Action fast_reroute228
[10:58:46.793] [bmv2] [T] [thread 8799] [17.0] [cxt 0] /home/p4/git/master_degree_p4_unipampa/FRR/p4src/fast_reroute.p4(228) Primitive primaryNH_1.read(meta.nextHop, hdr.pathHops.path_id)
[10:58:46.793] [bmv2] [T] [thread 8799] [17.0] [cxt 0] Read register 'MyIngress.primaryNH_1' at index 0 read value 1
[10:58:46.793] [bmv2] [T] [thread 8799] [17.0] [cxt 0] /home/p4/git/master_degree_p4_unipampa/FRR/p4src/fast_reroute.p4(229) Condition "(hdr.pathHops.num_times_curr_switch & mask == 0) && (meta.nextHop != 9999)" (node_32) is true
[10:58:46.793] [bmv2] [T] [thread 8799] [17.0] [cxt 0] Applying table 'tbl_fast_reroute230'
[10:58:46.794] [bmv2] [D] [thread 8799] [17.0] [cxt 0] Looking up key:

[10:58:46.794] [bmv2] [D] [thread 8799] [17.0] [cxt 0] Table 'tbl_fast_reroute230': miss
[10:58:46.794] [bmv2] [D] [thread 8799] [17.0] [cxt 0] Action entry is fast_reroute230 - 
[10:58:46.794] [bmv2] [T] [thread 8799] [17.0] [cxt 0] Action fast_reroute230
[10:58:46.794] [bmv2] [T] [thread 8799] [17.0] [cxt 0] /home/p4/git/master_degree_p4_unipampa/FRR/p4src/fast_reroute.p4(230) Primitive hdr.pathHops.num_times_curr_switch = (hdr.pathHops.num_times_curr_switch & ~mask) | ((bit<64>)1 << swId)
[10:58:46.794] [bmv2] [T] [thread 8799] [17.0] [cxt 0] Applying table 'tbl_fast_reroute262'
[10:58:46.794] [bmv2] [D] [thread 8799] [17.0] [cxt 0] Looking up key:

[10:58:46.794] [bmv2] [D] [thread 8799] [17.0] [cxt 0] Table 'tbl_fast_reroute262': miss
[10:58:46.794] [bmv2] [D] [thread 8799] [17.0] [cxt 0] Action entry is fast_reroute262 - 
[10:58:46.794] [bmv2] [T] [thread 8799] [17.0] [cxt 0] Action fast_reroute262
[10:58:46.794] [bmv2] [T] [thread 8799] [17.0] [cxt 0] /home/p4/git/master_degree_p4_unipampa/FRR/p4src/fast_reroute.p4(262) Primitive standard_metadata.egress_spec = (bit<9>) meta.nextHop
[10:58:46.794] [bmv2] [T] [thread 8799] [17.0] [cxt 0] /home/p4/git/master_degree_p4_unipampa/FRR/p4src/fast_reroute.p4(262) Primitive (bit<9>) meta.nextHop
[10:58:46.794] [bmv2] [T] [thread 8799] [17.0] [cxt 0] /home/p4/git/master_degree_p4_unipampa/FRR/p4src/fast_reroute.p4(263) Primitive whatIsSpecEgress.write(0, standard_metadata.egress_spec)
[10:58:46.794] [bmv2] [T] [thread 8799] [17.0] [cxt 0] Wrote register 'MyIngress.whatIsSpecEgress' at index 0 with value 1
[10:58:46.794] [bmv2] [T] [thread 8799] [17.0] [cxt 0] /home/p4/git/master_degree_p4_unipampa/FRR/p4src/fast_reroute.p4(267) Condition "swId == depotId && hdr.pathHops.numHop >= meta.lenPrimaryPathSize && hdr.pathHops.has_visited_depot > 0" (node_48) is false
[10:58:46.794] [bmv2] [D] [thread 8799] [17.0] [cxt 0] Pipeline 'ingress': end
[10:58:46.794] [bmv2] [D] [thread 8799] [17.0] [cxt 0] Egress port is 1
[10:58:46.794] [bmv2] [D] [thread 8801] [17.0] [cxt 0] Pipeline 'egress': start
[10:58:46.794] [bmv2] [D] [thread 8801] [17.0] [cxt 0] Pipeline 'egress': end
[10:58:46.794] [bmv2] [D] [thread 8801] [17.0] [cxt 0] Deparser 'deparser': start
[10:58:46.794] [bmv2] [D] [thread 8801] [17.0] [cxt 0] Updating checksum 'cksum'
[10:58:46.794] [bmv2] [D] [thread 8801] [17.0] [cxt 0] Deparsing header 'ethernet'
[10:58:46.794] [bmv2] [D] [thread 8801] [17.0] [cxt 0] Deparsing header 'ipv4'
[10:58:46.794] [bmv2] [D] [thread 8801] [17.0] [cxt 0] Deparsing header 'pathHops'
[10:58:46.794] [bmv2] [D] [thread 8801] [17.0] [cxt 0] Deparser 'deparser': end
[10:58:46.794] [bmv2] [D] [thread 8804] [17.0] [cxt 0] Transmitting packet of size 61 out of port 1
open: No such file or directory
open: No such file or directory
