Warning: you requested the nanomsg event logger, but bmv2 was compiled without -DBMELOG, and the event logger cannot be activated
Calling target program-options parser
[16:42:31.728] [bmv2] [D] [thread 14731] Set default default entry for table 'tbl_update_curr_path_size': MyIngress.update_curr_path_size - 
[16:42:31.731] [bmv2] [D] [thread 14731] Set default default entry for table 'tbl_fast_reroute201': fast_reroute201 - 
[16:42:31.731] [bmv2] [D] [thread 14731] Set default default entry for table 'tbl_fast_reroute226': fast_reroute226 - 
[16:42:31.731] [bmv2] [D] [thread 14731] Set default default entry for table 'tbl_fast_reroute228': fast_reroute228 - 
[16:42:31.731] [bmv2] [D] [thread 14731] Set default default entry for table 'tbl_fast_reroute231': fast_reroute231 - 
[16:42:31.731] [bmv2] [D] [thread 14731] Set default default entry for table 'tbl_fast_reroute233': fast_reroute233 - 
[16:42:31.731] [bmv2] [D] [thread 14731] Set default default entry for table 'MyIngress.len_primary_path': NoAction - 
[16:42:31.731] [bmv2] [D] [thread 14731] Set default default entry for table 'MyIngress.len_alternative_path': NoAction - 
[16:42:31.731] [bmv2] [D] [thread 14731] Set default default entry for table 'tbl_fast_reroute243': fast_reroute243 - 
[16:42:31.731] [bmv2] [D] [thread 14731] Set default default entry for table 'tbl_fast_reroute250': fast_reroute250 - 
[16:42:31.731] [bmv2] [D] [thread 14731] Set default default entry for table 'tbl_fast_reroute254': fast_reroute254 - 
[16:42:31.731] [bmv2] [D] [thread 14731] Set default default entry for table 'tbl_fast_reroute257': fast_reroute257 - 
[16:42:31.731] [bmv2] [D] [thread 14731] Set default default entry for table 'tbl_fast_reroute260': fast_reroute260 - 
[16:42:31.731] [bmv2] [D] [thread 14731] Set default default entry for table 'tbl_fast_reroute265': fast_reroute265 - 
[16:42:31.731] [bmv2] [D] [thread 14731] Set default default entry for table 'tbl_fast_reroute272': fast_reroute272 - 
[16:42:31.731] [bmv2] [D] [thread 14731] Set default default entry for table 'tbl_fast_reroute276': fast_reroute276 - 
[16:42:31.731] [bmv2] [D] [thread 14731] Set default default entry for table 'tbl_fast_reroute280': fast_reroute280 - 
[16:42:31.732] [bmv2] [D] [thread 14731] Set default default entry for table 'tbl_fast_reroute286': fast_reroute286 - 
[16:42:31.732] [bmv2] [D] [thread 14731] Set default default entry for table 'MyIngress.primary_path_exact_1': MyIngress.drop - 
[16:42:31.732] [bmv2] [D] [thread 14731] Set default default entry for table 'tbl_fast_reroute289': fast_reroute289 - 
[16:42:31.732] [bmv2] [D] [thread 14731] Set default default entry for table 'MyIngress.primary_path_exact_2': MyIngress.drop - 
[16:42:31.732] [bmv2] [D] [thread 14731] Set default default entry for table 'tbl_fast_reroute296': fast_reroute296 - 
[16:42:31.732] [bmv2] [D] [thread 14731] Set default default entry for table 'MyIngress.alternative_path_exact_1': MyIngress.drop - 
[16:42:31.732] [bmv2] [D] [thread 14731] Set default default entry for table 'tbl_fast_reroute299': fast_reroute299 - 
[16:42:31.732] [bmv2] [D] [thread 14731] Set default default entry for table 'MyIngress.alternative_path_exact_2': MyIngress.drop - 
[16:42:31.732] [bmv2] [D] [thread 14731] Set default default entry for table 'tbl_fast_reroute306': fast_reroute306 - 
[16:42:31.732] [bmv2] [D] [thread 14731] Set default default entry for table 'tbl_read_depot_port': MyIngress.read_depot_port - 
[16:42:31.732] [bmv2] [D] [thread 14731] Set default default entry for table 'tbl_fast_reroute312': fast_reroute312 - 
[16:42:31.732] [bmv2] [D] [thread 14731] Set default default entry for table 'tbl_reset_curr_path_size': MyIngress.reset_curr_path_size - 
[16:42:31.732] [bmv2] [D] [thread 14731] Set default default entry for table 'tbl_read_depot_port_0': MyIngress.read_depot_port - 
[16:42:31.732] [bmv2] [D] [thread 14731] Set default default entry for table 'tbl_fast_reroute317': fast_reroute317 - 
[16:42:31.732] [bmv2] [D] [thread 14731] Set default default entry for table 'tbl_reset_curr_path_size_0': MyIngress.reset_curr_path_size - 
Adding interface s6-eth1 as port 1
[16:42:31.749] [bmv2] [D] [thread 14731] Adding interface s6-eth1 as port 1
Adding interface s6-eth2 as port 2
[16:42:31.783] [bmv2] [D] [thread 14731] Adding interface s6-eth2 as port 2
Adding interface s6-eth3 as port 3
[16:42:31.811] [bmv2] [D] [thread 14731] Adding interface s6-eth3 as port 3
Adding interface s6-eth4 as port 4
[16:42:31.843] [bmv2] [D] [thread 14731] Adding interface s6-eth4 as port 4
[16:42:31.867] [bmv2] [I] [thread 14731] Starting Thrift server on port 9095
[16:42:31.867] [bmv2] [I] [thread 14731] Thrift server was started
[16:42:31.971] [bmv2] [D] [thread 14747] [0.0] [cxt 0] Processing packet received on port 3
[16:42:31.971] [bmv2] [D] [thread 14747] [0.0] [cxt 0] Parser 'parser': start
[16:42:31.971] [bmv2] [D] [thread 14747] [0.0] [cxt 0] Parser 'parser' entering state 'start'
[16:42:31.971] [bmv2] [D] [thread 14747] [0.0] [cxt 0] Extracting header 'ethernet'
[16:42:31.971] [bmv2] [D] [thread 14747] [0.0] [cxt 0] Parser state 'start': key is 86dd
[16:42:31.971] [bmv2] [T] [thread 14747] [0.0] [cxt 0] Bytes parsed: 14
[16:42:31.971] [bmv2] [D] [thread 14747] [0.0] [cxt 0] Parser 'parser': end
[16:42:31.971] [bmv2] [D] [thread 14747] [0.0] [cxt 0] Pipeline 'ingress': start
[16:42:31.971] [bmv2] [T] [thread 14747] [0.0] [cxt 0] /home/p4/git/master_degree_p4_unipampa/FRR/p4src/fast_reroute.p4(194) Condition "hdr.ipv4.isValid()" (node_2) is false
[16:42:31.971] [bmv2] [D] [thread 14747] [0.0] [cxt 0] Pipeline 'ingress': end
[16:42:31.971] [bmv2] [D] [thread 14747] [0.0] [cxt 0] Egress port is 0
[16:42:31.971] [bmv2] [D] [thread 14748] [0.0] [cxt 0] Pipeline 'egress': start
[16:42:31.971] [bmv2] [D] [thread 14748] [0.0] [cxt 0] Pipeline 'egress': end
[16:42:31.971] [bmv2] [D] [thread 14748] [0.0] [cxt 0] Deparser 'deparser': start
[16:42:31.971] [bmv2] [T] [thread 14748] [0.0] [cxt 0] Skipping checksum 'cksum' update because condition not met
[16:42:31.971] [bmv2] [D] [thread 14748] [0.0] [cxt 0] Deparsing header 'ethernet'
[16:42:31.971] [bmv2] [D] [thread 14748] [0.0] [cxt 0] Deparser 'deparser': end
[16:42:31.971] [bmv2] [D] [thread 14752] [0.0] [cxt 0] Transmitting packet of size 90 out of port 0
[16:42:32.004] [bmv2] [D] [thread 14747] [1.0] [cxt 0] Processing packet received on port 2
[16:42:32.004] [bmv2] [D] [thread 14747] [1.0] [cxt 0] Parser 'parser': start
[16:42:32.004] [bmv2] [D] [thread 14747] [1.0] [cxt 0] Parser 'parser' entering state 'start'
[16:42:32.004] [bmv2] [D] [thread 14747] [1.0] [cxt 0] Extracting header 'ethernet'
[16:42:32.004] [bmv2] [D] [thread 14747] [1.0] [cxt 0] Parser state 'start': key is 86dd
[16:42:32.004] [bmv2] [T] [thread 14747] [1.0] [cxt 0] Bytes parsed: 14
[16:42:32.004] [bmv2] [D] [thread 14747] [1.0] [cxt 0] Parser 'parser': end
[16:42:32.004] [bmv2] [D] [thread 14747] [1.0] [cxt 0] Pipeline 'ingress': start
[16:42:32.004] [bmv2] [T] [thread 14747] [1.0] [cxt 0] /home/p4/git/master_degree_p4_unipampa/FRR/p4src/fast_reroute.p4(194) Condition "hdr.ipv4.isValid()" (node_2) is false
[16:42:32.004] [bmv2] [D] [thread 14747] [1.0] [cxt 0] Pipeline 'ingress': end
[16:42:32.004] [bmv2] [D] [thread 14747] [1.0] [cxt 0] Egress port is 0
[16:42:32.004] [bmv2] [D] [thread 14747] [2.0] [cxt 0] Processing packet received on port 2
[16:42:32.004] [bmv2] [D] [thread 14747] [2.0] [cxt 0] Parser 'parser': start
[16:42:32.004] [bmv2] [D] [thread 14747] [2.0] [cxt 0] Parser 'parser' entering state 'start'
[16:42:32.004] [bmv2] [D] [thread 14747] [2.0] [cxt 0] Extracting header 'ethernet'
[16:42:32.004] [bmv2] [D] [thread 14747] [2.0] [cxt 0] Parser state 'start': key is 86dd
[16:42:32.004] [bmv2] [T] [thread 14747] [2.0] [cxt 0] Bytes parsed: 14
[16:42:32.004] [bmv2] [D] [thread 14747] [2.0] [cxt 0] Parser 'parser': end
[16:42:32.004] [bmv2] [D] [thread 14747] [2.0] [cxt 0] Pipeline 'ingress': start
[16:42:32.004] [bmv2] [T] [thread 14747] [2.0] [cxt 0] /home/p4/git/master_degree_p4_unipampa/FRR/p4src/fast_reroute.p4(194) Condition "hdr.ipv4.isValid()" (node_2) is false
[16:42:32.004] [bmv2] [D] [thread 14747] [2.0] [cxt 0] Pipeline 'ingress': end
[16:42:32.004] [bmv2] [D] [thread 14747] [2.0] [cxt 0] Egress port is 0
[16:42:32.004] [bmv2] [D] [thread 14748] [1.0] [cxt 0] Pipeline 'egress': start
[16:42:32.004] [bmv2] [D] [thread 14748] [1.0] [cxt 0] Pipeline 'egress': end
[16:42:32.004] [bmv2] [D] [thread 14748] [1.0] [cxt 0] Deparser 'deparser': start
[16:42:32.004] [bmv2] [T] [thread 14748] [1.0] [cxt 0] Skipping checksum 'cksum' update because condition not met
[16:42:32.004] [bmv2] [D] [thread 14748] [1.0] [cxt 0] Deparsing header 'ethernet'
[16:42:32.004] [bmv2] [D] [thread 14748] [1.0] [cxt 0] Deparser 'deparser': end
[16:42:32.004] [bmv2] [D] [thread 14748] [2.0] [cxt 0] Pipeline 'egress': start
[16:42:32.004] [bmv2] [D] [thread 14748] [2.0] [cxt 0] Pipeline 'egress': end
[16:42:32.004] [bmv2] [D] [thread 14748] [2.0] [cxt 0] Deparser 'deparser': start
[16:42:32.004] [bmv2] [T] [thread 14748] [2.0] [cxt 0] Skipping checksum 'cksum' update because condition not met
[16:42:32.004] [bmv2] [D] [thread 14748] [2.0] [cxt 0] Deparsing header 'ethernet'
[16:42:32.004] [bmv2] [D] [thread 14748] [2.0] [cxt 0] Deparser 'deparser': end
[16:42:32.004] [bmv2] [D] [thread 14752] [1.0] [cxt 0] Transmitting packet of size 90 out of port 0
[16:42:32.004] [bmv2] [D] [thread 14752] [2.0] [cxt 0] Transmitting packet of size 70 out of port 0
[16:42:33.489] [bmv2] [T] [thread 14882] bm_get_config
[16:42:33.490] [bmv2] [T] [thread 14882] bm_mt_get_entries
[16:42:33.491] [bmv2] [T] [thread 14882] bm_mt_get_entries
[16:42:33.491] [bmv2] [T] [thread 14882] bm_mt_get_entries
[16:42:33.491] [bmv2] [T] [thread 14882] bm_mt_get_entries
[16:42:33.491] [bmv2] [T] [thread 14882] bm_mt_get_entries
[16:42:33.492] [bmv2] [T] [thread 14882] bm_mt_get_entries
[16:42:33.589] [bmv2] [T] [thread 14882] bm_reset_state
[16:42:33.609] [bmv2] [D] [thread 14882] Resetting simple_switch target-specific state
[16:42:33.609] [bmv2] [D] [thread 14882] resetting PRE state
[16:42:33.626] [bmv2] [T] [thread 14882] bm_register_write
[16:42:33.627] [bmv2] [T] [thread 14882] bm_table_add_entry
[16:42:33.627] [bmv2] [D] [thread 14882] Entry 0 added to table 'MyIngress.len_primary_path'
[16:42:33.627] [bmv2] [D] [thread 14882] Dumping entry 0
Match key:
* hdr.pathHops.path_id: EXACT     00000000
Action entry: MyIngress.read_len_primary_path - 0,

[16:42:33.627] [bmv2] [T] [thread 14882] bm_register_write
[16:42:33.627] [bmv2] [T] [thread 14882] bm_register_write
[16:42:33.637] [bmv2] [T] [thread 14882] bm_register_write
[16:42:33.637] [bmv2] [T] [thread 14882] bm_table_add_entry
[16:42:33.637] [bmv2] [D] [thread 14882] Entry 0 added to table 'MyIngress.primary_path_exact_1'
[16:42:33.637] [bmv2] [D] [thread 14882] Dumping entry 0
Match key:
* hdr.pathHops.numHop : EXACT     00000006
Action entry: MyIngress.read_primary_port_1 - 

[16:42:33.638] [bmv2] [T] [thread 14882] bm_register_write
[16:42:33.638] [bmv2] [T] [thread 14882] bm_register_write
[16:43:56.015] [bmv2] [T] [thread 14932] bm_get_config
[16:43:56.016] [bmv2] [T] [thread 14932] bm_mt_get_entries
[16:43:56.017] [bmv2] [T] [thread 14932] bm_mt_get_entries
[16:43:56.017] [bmv2] [T] [thread 14932] bm_mt_get_entries
[16:43:56.017] [bmv2] [T] [thread 14932] bm_mt_get_entries
[16:43:56.017] [bmv2] [T] [thread 14932] bm_mt_get_entries
[16:43:56.018] [bmv2] [T] [thread 14932] bm_mt_get_entries
[16:43:56.082] [bmv2] [T] [thread 14932] bm_reset_state
[16:43:56.088] [bmv2] [D] [thread 14932] Resetting simple_switch target-specific state
[16:43:56.089] [bmv2] [D] [thread 14932] resetting PRE state
[16:43:56.117] [bmv2] [T] [thread 14932] bm_register_write
[16:43:56.117] [bmv2] [T] [thread 14932] bm_table_add_entry
[16:43:56.117] [bmv2] [D] [thread 14932] Entry 0 added to table 'MyIngress.len_primary_path'
[16:43:56.117] [bmv2] [D] [thread 14932] Dumping entry 0
Match key:
* hdr.pathHops.path_id: EXACT     00000000
Action entry: MyIngress.read_len_primary_path - 0,

[16:43:56.118] [bmv2] [T] [thread 14932] bm_register_write
[16:43:56.118] [bmv2] [T] [thread 14932] bm_register_write
[16:43:56.128] [bmv2] [T] [thread 14932] bm_register_write
[16:43:56.128] [bmv2] [T] [thread 14932] bm_table_add_entry
[16:43:56.128] [bmv2] [D] [thread 14932] Entry 0 added to table 'MyIngress.primary_path_exact_1'
[16:43:56.128] [bmv2] [D] [thread 14932] Dumping entry 0
Match key:
* hdr.pathHops.numHop : EXACT     00000006
Action entry: MyIngress.read_primary_port_1 - 

[16:43:56.128] [bmv2] [T] [thread 14932] bm_register_write
[16:43:56.128] [bmv2] [T] [thread 14932] bm_register_write
[16:44:13.647] [bmv2] [T] [thread 14971] bm_get_config
[16:44:13.648] [bmv2] [T] [thread 14971] bm_mt_get_entries
[16:44:13.648] [bmv2] [T] [thread 14971] bm_mt_get_entries
[16:44:13.649] [bmv2] [T] [thread 14971] bm_mt_get_entries
[16:44:13.649] [bmv2] [T] [thread 14971] bm_mt_get_entries
[16:44:13.649] [bmv2] [T] [thread 14971] bm_mt_get_entries
[16:44:13.649] [bmv2] [T] [thread 14971] bm_mt_get_entries
[16:44:13.690] [bmv2] [T] [thread 14971] bm_reset_state
[16:44:13.696] [bmv2] [D] [thread 14971] Resetting simple_switch target-specific state
[16:44:13.697] [bmv2] [D] [thread 14971] resetting PRE state
[16:44:52.565] [bmv2] [T] [thread 15015] bm_get_config
[16:44:52.566] [bmv2] [T] [thread 15015] bm_mt_get_entries
[16:44:52.566] [bmv2] [T] [thread 15015] bm_mt_get_entries
[16:44:52.566] [bmv2] [T] [thread 15015] bm_mt_get_entries
[16:44:52.566] [bmv2] [T] [thread 15015] bm_mt_get_entries
[16:44:52.566] [bmv2] [T] [thread 15015] bm_mt_get_entries
[16:44:52.567] [bmv2] [T] [thread 15015] bm_mt_get_entries
[16:44:52.672] [bmv2] [T] [thread 15015] bm_reset_state
[16:44:52.693] [bmv2] [D] [thread 15015] Resetting simple_switch target-specific state
[16:44:52.693] [bmv2] [D] [thread 15015] resetting PRE state
open: No such file or directory
open: No such file or directory
