Warning: you requested the nanomsg event logger, but bmv2 was compiled without -DBMELOG, and the event logger cannot be activated
Calling target program-options parser
[11:12:28.796] [bmv2] [D] [thread 2469] Set default default entry for table 'MyIngress.ipv4_lpm': MyIngress.drop - 
[11:12:28.796] [bmv2] [D] [thread 2469] Set default default entry for table 'tbl_read_alternativePort': MyIngress.read_alternativePort - 
[11:12:28.796] [bmv2] [D] [thread 2469] Set default default entry for table 'tbl_fast_reroute141': fast_reroute141 - 
[11:12:28.796] [bmv2] [D] [thread 2469] Set default default entry for table 'MyIngress.rewrite_mac': MyIngress.drop - 
[11:12:28.796] [bmv2] [D] [thread 2469] Set default default entry for table 'MyIngress.max_path_size': NoAction - 
[11:12:28.796] [bmv2] [D] [thread 2469] Set default default entry for table 'tbl_update_curr_path_size': MyIngress.update_curr_path_size - 
[11:12:28.796] [bmv2] [D] [thread 2469] Set default default entry for table 'tbl_read_depot_port': MyIngress.read_depot_port - 
[11:12:28.796] [bmv2] [D] [thread 2469] Set default default entry for table 'tbl_fast_reroute149': fast_reroute149 - 
[11:12:28.796] [bmv2] [D] [thread 2469] Set default default entry for table 'tbl_reset_curr_path_size': MyIngress.reset_curr_path_size - 
Adding interface s2-eth1 as port 1
[11:12:28.807] [bmv2] [D] [thread 2469] Adding interface s2-eth1 as port 1
Adding interface s2-eth2 as port 2
[11:12:28.829] [bmv2] [D] [thread 2469] Adding interface s2-eth2 as port 2
Adding interface s2-eth3 as port 3
[11:12:28.861] [bmv2] [D] [thread 2469] Adding interface s2-eth3 as port 3
[11:12:28.897] [bmv2] [I] [thread 2469] Starting Thrift server on port 9091
[11:12:28.897] [bmv2] [I] [thread 2469] Thrift server was started
[11:12:28.942] [bmv2] [D] [thread 2540] [0.0] [cxt 0] Processing packet received on port 1
[11:12:28.942] [bmv2] [D] [thread 2540] [0.0] [cxt 0] Parser 'parser': start
[11:12:28.942] [bmv2] [D] [thread 2540] [0.0] [cxt 0] Parser 'parser' entering state 'start'
[11:12:28.942] [bmv2] [D] [thread 2540] [0.0] [cxt 0] Extracting header 'ethernet'
[11:12:28.942] [bmv2] [D] [thread 2540] [0.0] [cxt 0] Parser state 'start': key is 86dd
[11:12:28.942] [bmv2] [T] [thread 2540] [0.0] [cxt 0] Bytes parsed: 14
[11:12:28.942] [bmv2] [D] [thread 2540] [0.0] [cxt 0] Parser 'parser': end
[11:12:28.942] [bmv2] [D] [thread 2540] [0.0] [cxt 0] Pipeline 'ingress': start
[11:12:28.942] [bmv2] [T] [thread 2540] [0.0] [cxt 0] /home/p4/git/master_degree_p4_unipampa/FRR_SR/p4src/fast_reroute.p4(132) Condition "hdr.ipv4.isValid()" (node_2) is false
[11:12:28.942] [bmv2] [D] [thread 2540] [0.0] [cxt 0] Pipeline 'ingress': end
[11:12:28.942] [bmv2] [D] [thread 2540] [0.0] [cxt 0] Egress port is 0
[11:12:28.942] [bmv2] [D] [thread 2540] [1.0] [cxt 0] Processing packet received on port 2
[11:12:28.942] [bmv2] [D] [thread 2540] [1.0] [cxt 0] Parser 'parser': start
[11:12:28.942] [bmv2] [D] [thread 2540] [1.0] [cxt 0] Parser 'parser' entering state 'start'
[11:12:28.942] [bmv2] [D] [thread 2540] [1.0] [cxt 0] Extracting header 'ethernet'
[11:12:28.942] [bmv2] [D] [thread 2540] [1.0] [cxt 0] Parser state 'start': key is 86dd
[11:12:28.942] [bmv2] [T] [thread 2540] [1.0] [cxt 0] Bytes parsed: 14
[11:12:28.942] [bmv2] [D] [thread 2540] [1.0] [cxt 0] Parser 'parser': end
[11:12:28.942] [bmv2] [D] [thread 2540] [1.0] [cxt 0] Pipeline 'ingress': start
[11:12:28.942] [bmv2] [T] [thread 2540] [1.0] [cxt 0] /home/p4/git/master_degree_p4_unipampa/FRR_SR/p4src/fast_reroute.p4(132) Condition "hdr.ipv4.isValid()" (node_2) is false
[11:12:28.942] [bmv2] [D] [thread 2540] [1.0] [cxt 0] Pipeline 'ingress': end
[11:12:28.942] [bmv2] [D] [thread 2540] [1.0] [cxt 0] Egress port is 0
[11:12:28.942] [bmv2] [D] [thread 2541] [0.0] [cxt 0] Pipeline 'egress': start
[11:12:28.942] [bmv2] [D] [thread 2541] [0.0] [cxt 0] Pipeline 'egress': end
[11:12:28.942] [bmv2] [D] [thread 2541] [0.0] [cxt 0] Deparser 'deparser': start
[11:12:28.942] [bmv2] [T] [thread 2541] [0.0] [cxt 0] Skipping checksum 'cksum' update because condition not met
[11:12:28.942] [bmv2] [D] [thread 2541] [0.0] [cxt 0] Deparsing header 'ethernet'
[11:12:28.942] [bmv2] [D] [thread 2541] [0.0] [cxt 0] Deparser 'deparser': end
[11:12:28.942] [bmv2] [D] [thread 2541] [1.0] [cxt 0] Pipeline 'egress': start
[11:12:28.942] [bmv2] [D] [thread 2541] [1.0] [cxt 0] Pipeline 'egress': end
[11:12:28.942] [bmv2] [D] [thread 2541] [1.0] [cxt 0] Deparser 'deparser': start
[11:12:28.942] [bmv2] [T] [thread 2541] [1.0] [cxt 0] Skipping checksum 'cksum' update because condition not met
[11:12:28.942] [bmv2] [D] [thread 2541] [1.0] [cxt 0] Deparsing header 'ethernet'
[11:12:28.942] [bmv2] [D] [thread 2545] [0.0] [cxt 0] Transmitting packet of size 86 out of port 0
[11:12:28.942] [bmv2] [D] [thread 2541] [1.0] [cxt 0] Deparser 'deparser': end
[11:12:28.942] [bmv2] [D] [thread 2545] [1.0] [cxt 0] Transmitting packet of size 86 out of port 0
[11:12:29.133] [bmv2] [D] [thread 2540] [2.0] [cxt 0] Processing packet received on port 1
[11:12:29.133] [bmv2] [D] [thread 2540] [2.0] [cxt 0] Parser 'parser': start
[11:12:29.133] [bmv2] [D] [thread 2540] [2.0] [cxt 0] Parser 'parser' entering state 'start'
[11:12:29.133] [bmv2] [D] [thread 2540] [2.0] [cxt 0] Extracting header 'ethernet'
[11:12:29.133] [bmv2] [D] [thread 2540] [2.0] [cxt 0] Parser state 'start': key is 86dd
[11:12:29.133] [bmv2] [T] [thread 2540] [2.0] [cxt 0] Bytes parsed: 14
[11:12:29.133] [bmv2] [D] [thread 2540] [2.0] [cxt 0] Parser 'parser': end
[11:12:29.133] [bmv2] [D] [thread 2540] [2.0] [cxt 0] Pipeline 'ingress': start
[11:12:29.133] [bmv2] [T] [thread 2540] [2.0] [cxt 0] /home/p4/git/master_degree_p4_unipampa/FRR_SR/p4src/fast_reroute.p4(132) Condition "hdr.ipv4.isValid()" (node_2) is false
[11:12:29.133] [bmv2] [D] [thread 2540] [2.0] [cxt 0] Pipeline 'ingress': end
[11:12:29.133] [bmv2] [D] [thread 2540] [2.0] [cxt 0] Egress port is 0
[11:12:29.134] [bmv2] [D] [thread 2541] [2.0] [cxt 0] Pipeline 'egress': start
[11:12:29.134] [bmv2] [D] [thread 2541] [2.0] [cxt 0] Pipeline 'egress': end
[11:12:29.134] [bmv2] [D] [thread 2541] [2.0] [cxt 0] Deparser 'deparser': start
[11:12:29.134] [bmv2] [T] [thread 2541] [2.0] [cxt 0] Skipping checksum 'cksum' update because condition not met
[11:12:29.134] [bmv2] [D] [thread 2541] [2.0] [cxt 0] Deparsing header 'ethernet'
[11:12:29.134] [bmv2] [D] [thread 2541] [2.0] [cxt 0] Deparser 'deparser': end
[11:12:29.134] [bmv2] [D] [thread 2545] [2.0] [cxt 0] Transmitting packet of size 90 out of port 0
[11:12:29.165] [bmv2] [D] [thread 2540] [3.0] [cxt 0] Processing packet received on port 1
[11:12:29.165] [bmv2] [D] [thread 2540] [3.0] [cxt 0] Parser 'parser': start
[11:12:29.165] [bmv2] [D] [thread 2540] [3.0] [cxt 0] Parser 'parser' entering state 'start'
[11:12:29.165] [bmv2] [D] [thread 2540] [3.0] [cxt 0] Extracting header 'ethernet'
[11:12:29.165] [bmv2] [D] [thread 2540] [3.0] [cxt 0] Parser state 'start': key is 86dd
[11:12:29.165] [bmv2] [T] [thread 2540] [3.0] [cxt 0] Bytes parsed: 14
[11:12:29.165] [bmv2] [D] [thread 2540] [3.0] [cxt 0] Parser 'parser': end
[11:12:29.165] [bmv2] [D] [thread 2540] [3.0] [cxt 0] Pipeline 'ingress': start
[11:12:29.165] [bmv2] [T] [thread 2540] [3.0] [cxt 0] /home/p4/git/master_degree_p4_unipampa/FRR_SR/p4src/fast_reroute.p4(132) Condition "hdr.ipv4.isValid()" (node_2) is false
[11:12:29.165] [bmv2] [D] [thread 2540] [3.0] [cxt 0] Pipeline 'ingress': end
[11:12:29.165] [bmv2] [D] [thread 2540] [3.0] [cxt 0] Egress port is 0
[11:12:29.165] [bmv2] [D] [thread 2541] [3.0] [cxt 0] Pipeline 'egress': start
[11:12:29.165] [bmv2] [D] [thread 2541] [3.0] [cxt 0] Pipeline 'egress': end
[11:12:29.165] [bmv2] [D] [thread 2541] [3.0] [cxt 0] Deparser 'deparser': start
[11:12:29.165] [bmv2] [T] [thread 2541] [3.0] [cxt 0] Skipping checksum 'cksum' update because condition not met
[11:12:29.165] [bmv2] [D] [thread 2541] [3.0] [cxt 0] Deparsing header 'ethernet'
[11:12:29.165] [bmv2] [D] [thread 2541] [3.0] [cxt 0] Deparser 'deparser': end
[11:12:29.166] [bmv2] [D] [thread 2545] [3.0] [cxt 0] Transmitting packet of size 86 out of port 0
[11:12:29.330] [bmv2] [D] [thread 2540] [4.0] [cxt 0] Processing packet received on port 3
[11:12:29.330] [bmv2] [D] [thread 2540] [4.0] [cxt 0] Parser 'parser': start
[11:12:29.330] [bmv2] [D] [thread 2540] [4.0] [cxt 0] Parser 'parser' entering state 'start'
[11:12:29.330] [bmv2] [D] [thread 2540] [4.0] [cxt 0] Extracting header 'ethernet'
[11:12:29.330] [bmv2] [D] [thread 2540] [4.0] [cxt 0] Parser state 'start': key is 86dd
[11:12:29.330] [bmv2] [T] [thread 2540] [4.0] [cxt 0] Bytes parsed: 14
[11:12:29.330] [bmv2] [D] [thread 2540] [4.0] [cxt 0] Parser 'parser': end
[11:12:29.330] [bmv2] [D] [thread 2540] [4.0] [cxt 0] Pipeline 'ingress': start
[11:12:29.330] [bmv2] [T] [thread 2540] [4.0] [cxt 0] /home/p4/git/master_degree_p4_unipampa/FRR_SR/p4src/fast_reroute.p4(132) Condition "hdr.ipv4.isValid()" (node_2) is false
[11:12:29.330] [bmv2] [D] [thread 2540] [4.0] [cxt 0] Pipeline 'ingress': end
[11:12:29.330] [bmv2] [D] [thread 2540] [4.0] [cxt 0] Egress port is 0
[11:12:29.330] [bmv2] [D] [thread 2541] [4.0] [cxt 0] Pipeline 'egress': start
[11:12:29.330] [bmv2] [D] [thread 2541] [4.0] [cxt 0] Pipeline 'egress': end
[11:12:29.330] [bmv2] [D] [thread 2541] [4.0] [cxt 0] Deparser 'deparser': start
[11:12:29.330] [bmv2] [T] [thread 2541] [4.0] [cxt 0] Skipping checksum 'cksum' update because condition not met
[11:12:29.330] [bmv2] [D] [thread 2541] [4.0] [cxt 0] Deparsing header 'ethernet'
[11:12:29.330] [bmv2] [D] [thread 2541] [4.0] [cxt 0] Deparser 'deparser': end
[11:12:29.330] [bmv2] [D] [thread 2545] [4.0] [cxt 0] Transmitting packet of size 90 out of port 0
[11:16:10.088] [bmv2] [T] [thread 3167] bm_get_config
[11:16:10.089] [bmv2] [T] [thread 3167] bm_mt_get_entries
[11:16:10.089] [bmv2] [T] [thread 3167] bm_mt_get_entries
[11:16:10.090] [bmv2] [T] [thread 3167] bm_mt_get_entries
[11:16:10.111] [bmv2] [T] [thread 3167] bm_reset_state
[11:16:10.118] [bmv2] [D] [thread 3167] Resetting simple_switch target-specific state
[11:16:10.118] [bmv2] [D] [thread 3167] resetting PRE state
[11:16:10.154] [bmv2] [T] [thread 3167] bm_register_write
[11:16:10.155] [bmv2] [T] [thread 3167] bm_table_add_entry
[11:16:10.155] [bmv2] [D] [thread 3167] Entry 0 added to table 'MyIngress.max_path_size'
[11:16:10.155] [bmv2] [D] [thread 3167] Dumping entry 0
Match key:
* hdr.ipv4.dstAddr    : LPM       0a010102/24
Action entry: MyIngress.read_max_curr_path_size - 0,

[11:16:10.173] [bmv2] [T] [thread 3167] bm_register_write
[11:16:10.175] [bmv2] [T] [thread 3167] bm_table_add_entry
[11:16:10.175] [bmv2] [E] [thread 3167] Error when trying to add entry to table 'MyIngress.max_path_size': DUPLICATE_ENTRY
[11:17:55.644] [bmv2] [T] [thread 3298] bm_get_config
[11:17:55.645] [bmv2] [T] [thread 3298] bm_mt_get_entries
[11:17:55.646] [bmv2] [T] [thread 3298] bm_mt_get_entries
[11:17:55.646] [bmv2] [T] [thread 3298] bm_mt_get_entries
[11:17:55.667] [bmv2] [T] [thread 3298] bm_reset_state
[11:17:55.674] [bmv2] [D] [thread 3298] Resetting simple_switch target-specific state
[11:17:55.674] [bmv2] [D] [thread 3298] resetting PRE state
[11:17:55.706] [bmv2] [T] [thread 3298] bm_register_write
[11:17:55.707] [bmv2] [T] [thread 3298] bm_table_add_entry
[11:17:55.707] [bmv2] [D] [thread 3298] Entry 0 added to table 'MyIngress.max_path_size'
[11:17:55.707] [bmv2] [D] [thread 3298] Dumping entry 0
Match key:
* hdr.ipv4.dstAddr    : LPM       0a010102/24
Action entry: MyIngress.read_max_curr_path_size - 0,

[11:17:55.732] [bmv2] [T] [thread 3298] bm_table_add_entry
[11:17:55.732] [bmv2] [D] [thread 3298] Entry 0 added to table 'MyIngress.ipv4_lpm'
[11:17:55.732] [bmv2] [D] [thread 3298] Dumping entry 0
Match key:
* hdr.ipv4.dstAddr    : LPM       0a010102/24
Action entry: MyIngress.read_port - 2,

[11:17:55.733] [bmv2] [T] [thread 3298] bm_register_write
[11:17:55.747] [bmv2] [T] [thread 3298] bm_register_write
[11:17:55.748] [bmv2] [T] [thread 3298] bm_table_add_entry
[11:17:55.748] [bmv2] [E] [thread 3298] Error when trying to add entry to table 'MyIngress.max_path_size': DUPLICATE_ENTRY
[11:17:55.755] [bmv2] [T] [thread 3298] bm_table_add_entry
[11:17:55.755] [bmv2] [E] [thread 3298] Error when trying to add entry to table 'MyIngress.ipv4_lpm': DUPLICATE_ENTRY
[11:17:55.756] [bmv2] [T] [thread 3298] bm_register_write
[11:18:01.419] [bmv2] [T] [thread 3314] bm_get_config
[11:18:01.420] [bmv2] [T] [thread 3314] bm_mt_get_entries
[11:18:01.420] [bmv2] [T] [thread 3314] bm_mt_get_entries
[11:18:01.421] [bmv2] [T] [thread 3314] bm_mt_get_entries
[11:18:01.443] [bmv2] [T] [thread 3314] bm_reset_state
[11:18:01.450] [bmv2] [D] [thread 3314] Resetting simple_switch target-specific state
[11:18:01.450] [bmv2] [D] [thread 3314] resetting PRE state
[11:18:01.483] [bmv2] [T] [thread 3314] bm_register_write
[11:18:01.484] [bmv2] [T] [thread 3314] bm_table_add_entry
[11:18:01.484] [bmv2] [D] [thread 3314] Entry 0 added to table 'MyIngress.max_path_size'
[11:18:01.484] [bmv2] [D] [thread 3314] Dumping entry 0
Match key:
* hdr.ipv4.dstAddr    : LPM       0a010102/24
Action entry: MyIngress.read_max_curr_path_size - 0,

[11:18:01.501] [bmv2] [T] [thread 3314] bm_table_add_entry
[11:18:01.501] [bmv2] [D] [thread 3314] Entry 0 added to table 'MyIngress.ipv4_lpm'
[11:18:01.501] [bmv2] [D] [thread 3314] Dumping entry 0
Match key:
* hdr.ipv4.dstAddr    : LPM       0a010102/24
Action entry: MyIngress.read_port - 2,

[11:18:01.501] [bmv2] [T] [thread 3314] bm_register_write
[11:18:01.513] [bmv2] [T] [thread 3314] bm_register_write
[11:18:01.514] [bmv2] [T] [thread 3314] bm_table_add_entry
[11:18:01.514] [bmv2] [E] [thread 3314] Error when trying to add entry to table 'MyIngress.max_path_size': DUPLICATE_ENTRY
[11:18:01.528] [bmv2] [T] [thread 3314] bm_table_add_entry
[11:18:01.528] [bmv2] [E] [thread 3314] Error when trying to add entry to table 'MyIngress.ipv4_lpm': DUPLICATE_ENTRY
[11:18:01.529] [bmv2] [T] [thread 3314] bm_register_write
