Warning: you requested the nanomsg event logger, but bmv2 was compiled without -DBMELOG, and the event logger cannot be activated
Calling target program-options parser
[11:12:28.954] [bmv2] [D] [thread 2549] Set default default entry for table 'MyIngress.ipv4_lpm': MyIngress.drop - 
[11:12:28.960] [bmv2] [D] [thread 2549] Set default default entry for table 'tbl_read_alternativePort': MyIngress.read_alternativePort - 
[11:12:28.960] [bmv2] [D] [thread 2549] Set default default entry for table 'tbl_fast_reroute141': fast_reroute141 - 
[11:12:28.960] [bmv2] [D] [thread 2549] Set default default entry for table 'MyIngress.rewrite_mac': MyIngress.drop - 
[11:12:28.960] [bmv2] [D] [thread 2549] Set default default entry for table 'MyIngress.max_path_size': NoAction - 
[11:12:28.960] [bmv2] [D] [thread 2549] Set default default entry for table 'tbl_update_curr_path_size': MyIngress.update_curr_path_size - 
[11:12:28.960] [bmv2] [D] [thread 2549] Set default default entry for table 'tbl_read_depot_port': MyIngress.read_depot_port - 
[11:12:28.960] [bmv2] [D] [thread 2549] Set default default entry for table 'tbl_fast_reroute149': fast_reroute149 - 
[11:12:28.967] [bmv2] [D] [thread 2549] Set default default entry for table 'tbl_reset_curr_path_size': MyIngress.reset_curr_path_size - 
Adding interface s3-eth1 as port 1
[11:12:28.974] [bmv2] [D] [thread 2549] Adding interface s3-eth1 as port 1
Adding interface s3-eth2 as port 2
[11:12:29.005] [bmv2] [D] [thread 2549] Adding interface s3-eth2 as port 2
[11:12:29.033] [bmv2] [I] [thread 2549] Starting Thrift server on port 9092
[11:12:29.034] [bmv2] [I] [thread 2549] Thrift server was started
[11:12:29.357] [bmv2] [D] [thread 2557] [0.0] [cxt 0] Processing packet received on port 2
[11:12:29.357] [bmv2] [D] [thread 2557] [0.0] [cxt 0] Parser 'parser': start
[11:12:29.357] [bmv2] [D] [thread 2557] [0.0] [cxt 0] Parser 'parser' entering state 'start'
[11:12:29.357] [bmv2] [D] [thread 2557] [0.0] [cxt 0] Extracting header 'ethernet'
[11:12:29.358] [bmv2] [D] [thread 2557] [0.0] [cxt 0] Parser state 'start': key is 86dd
[11:12:29.358] [bmv2] [T] [thread 2557] [0.0] [cxt 0] Bytes parsed: 14
[11:12:29.358] [bmv2] [D] [thread 2557] [0.0] [cxt 0] Parser 'parser': end
[11:12:29.358] [bmv2] [D] [thread 2557] [0.0] [cxt 0] Pipeline 'ingress': start
[11:12:29.358] [bmv2] [T] [thread 2557] [0.0] [cxt 0] /home/p4/git/master_degree_p4_unipampa/FRR_SR/p4src/fast_reroute.p4(132) Condition "hdr.ipv4.isValid()" (node_2) is false
[11:12:29.358] [bmv2] [D] [thread 2557] [0.0] [cxt 0] Pipeline 'ingress': end
[11:12:29.358] [bmv2] [D] [thread 2557] [0.0] [cxt 0] Egress port is 0
[11:12:29.358] [bmv2] [D] [thread 2558] [0.0] [cxt 0] Pipeline 'egress': start
[11:12:29.358] [bmv2] [D] [thread 2558] [0.0] [cxt 0] Pipeline 'egress': end
[11:12:29.358] [bmv2] [D] [thread 2558] [0.0] [cxt 0] Deparser 'deparser': start
[11:12:29.358] [bmv2] [T] [thread 2558] [0.0] [cxt 0] Skipping checksum 'cksum' update because condition not met
[11:12:29.358] [bmv2] [D] [thread 2558] [0.0] [cxt 0] Deparsing header 'ethernet'
[11:12:29.358] [bmv2] [D] [thread 2558] [0.0] [cxt 0] Deparser 'deparser': end
[11:12:29.358] [bmv2] [D] [thread 2562] [0.0] [cxt 0] Transmitting packet of size 86 out of port 0
[11:16:10.090] [bmv2] [T] [thread 3168] bm_get_config
[11:16:10.091] [bmv2] [T] [thread 3168] bm_mt_get_entries
[11:16:10.092] [bmv2] [T] [thread 3168] bm_mt_get_entries
[11:16:10.092] [bmv2] [T] [thread 3168] bm_mt_get_entries
[11:16:10.119] [bmv2] [T] [thread 3168] bm_reset_state
[11:16:10.126] [bmv2] [D] [thread 3168] Resetting simple_switch target-specific state
[11:16:10.126] [bmv2] [D] [thread 3168] resetting PRE state
[11:16:10.155] [bmv2] [T] [thread 3168] bm_register_write
[11:16:10.156] [bmv2] [T] [thread 3168] bm_table_add_entry
[11:16:10.156] [bmv2] [D] [thread 3168] Entry 0 added to table 'MyIngress.max_path_size'
[11:16:10.156] [bmv2] [D] [thread 3168] Dumping entry 0
Match key:
* hdr.ipv4.dstAddr    : LPM       0a010102/24
Action entry: MyIngress.read_max_curr_path_size - 0,

[11:17:55.647] [bmv2] [T] [thread 3299] bm_get_config
[11:17:55.648] [bmv2] [T] [thread 3299] bm_mt_get_entries
[11:17:55.648] [bmv2] [T] [thread 3299] bm_mt_get_entries
[11:17:55.649] [bmv2] [T] [thread 3299] bm_mt_get_entries
[11:17:55.675] [bmv2] [T] [thread 3299] bm_reset_state
[11:17:55.681] [bmv2] [D] [thread 3299] Resetting simple_switch target-specific state
[11:17:55.681] [bmv2] [D] [thread 3299] resetting PRE state
[11:17:55.708] [bmv2] [T] [thread 3299] bm_register_write
[11:17:55.708] [bmv2] [T] [thread 3299] bm_table_add_entry
[11:17:55.709] [bmv2] [D] [thread 3299] Entry 0 added to table 'MyIngress.max_path_size'
[11:17:55.709] [bmv2] [D] [thread 3299] Dumping entry 0
Match key:
* hdr.ipv4.dstAddr    : LPM       0a010102/24
Action entry: MyIngress.read_max_curr_path_size - 0,

[11:17:55.734] [bmv2] [T] [thread 3299] bm_table_add_entry
[11:17:55.734] [bmv2] [D] [thread 3299] Entry 0 added to table 'MyIngress.ipv4_lpm'
[11:17:55.734] [bmv2] [D] [thread 3299] Dumping entry 0
Match key:
* hdr.ipv4.dstAddr    : LPM       0a010102/24
Action entry: MyIngress.read_port - 2,

[11:17:55.735] [bmv2] [T] [thread 3299] bm_register_write
[11:18:01.422] [bmv2] [T] [thread 3315] bm_get_config
[11:18:01.423] [bmv2] [T] [thread 3315] bm_mt_get_entries
[11:18:01.424] [bmv2] [T] [thread 3315] bm_mt_get_entries
[11:18:01.424] [bmv2] [T] [thread 3315] bm_mt_get_entries
[11:18:01.451] [bmv2] [T] [thread 3315] bm_reset_state
[11:18:01.458] [bmv2] [D] [thread 3315] Resetting simple_switch target-specific state
[11:18:01.458] [bmv2] [D] [thread 3315] resetting PRE state
[11:18:01.485] [bmv2] [T] [thread 3315] bm_register_write
[11:18:01.486] [bmv2] [T] [thread 3315] bm_table_add_entry
[11:18:01.486] [bmv2] [D] [thread 3315] Entry 0 added to table 'MyIngress.max_path_size'
[11:18:01.486] [bmv2] [D] [thread 3315] Dumping entry 0
Match key:
* hdr.ipv4.dstAddr    : LPM       0a010102/24
Action entry: MyIngress.read_max_curr_path_size - 0,

[11:18:01.503] [bmv2] [T] [thread 3315] bm_table_add_entry
[11:18:01.503] [bmv2] [D] [thread 3315] Entry 0 added to table 'MyIngress.ipv4_lpm'
[11:18:01.503] [bmv2] [D] [thread 3315] Dumping entry 0
Match key:
* hdr.ipv4.dstAddr    : LPM       0a010102/24
Action entry: MyIngress.read_port - 2,

[11:18:01.503] [bmv2] [T] [thread 3315] bm_register_write
