Warning: you requested the nanomsg event logger, but bmv2 was compiled without -DBMELOG, and the event logger cannot be activated
Calling target program-options parser
[11:12:29.200] [bmv2] [D] [thread 2577] Set default default entry for table 'MyIngress.ipv4_lpm': MyIngress.drop - 
[11:12:29.200] [bmv2] [D] [thread 2577] Set default default entry for table 'tbl_read_alternativePort': MyIngress.read_alternativePort - 
[11:12:29.200] [bmv2] [D] [thread 2577] Set default default entry for table 'tbl_fast_reroute141': fast_reroute141 - 
[11:12:29.200] [bmv2] [D] [thread 2577] Set default default entry for table 'MyIngress.rewrite_mac': MyIngress.drop - 
[11:12:29.200] [bmv2] [D] [thread 2577] Set default default entry for table 'MyIngress.max_path_size': NoAction - 
[11:12:29.200] [bmv2] [D] [thread 2577] Set default default entry for table 'tbl_update_curr_path_size': MyIngress.update_curr_path_size - 
[11:12:29.200] [bmv2] [D] [thread 2577] Set default default entry for table 'tbl_read_depot_port': MyIngress.read_depot_port - 
[11:12:29.201] [bmv2] [D] [thread 2577] Set default default entry for table 'tbl_fast_reroute149': fast_reroute149 - 
[11:12:29.201] [bmv2] [D] [thread 2577] Set default default entry for table 'tbl_reset_curr_path_size': MyIngress.reset_curr_path_size - 
Adding interface s5-eth1 as port 1
[11:12:29.203] [bmv2] [D] [thread 2577] Adding interface s5-eth1 as port 1
Adding interface s5-eth2 as port 2
[11:12:29.237] [bmv2] [D] [thread 2577] Adding interface s5-eth2 as port 2
Adding interface s5-eth3 as port 3
[11:12:29.261] [bmv2] [D] [thread 2577] Adding interface s5-eth3 as port 3
[11:12:29.285] [bmv2] [I] [thread 2577] Starting Thrift server on port 9094
[11:12:29.286] [bmv2] [I] [thread 2577] Thrift server was started
[11:12:29.294] [bmv2] [D] [thread 2583] [0.0] [cxt 0] Processing packet received on port 1
[11:12:29.294] [bmv2] [D] [thread 2583] [0.0] [cxt 0] Parser 'parser': start
[11:12:29.294] [bmv2] [D] [thread 2583] [0.0] [cxt 0] Parser 'parser' entering state 'start'
[11:12:29.294] [bmv2] [D] [thread 2583] [0.0] [cxt 0] Extracting header 'ethernet'
[11:12:29.294] [bmv2] [D] [thread 2583] [0.0] [cxt 0] Parser state 'start': key is 86dd
[11:12:29.294] [bmv2] [T] [thread 2583] [0.0] [cxt 0] Bytes parsed: 14
[11:12:29.294] [bmv2] [D] [thread 2583] [0.0] [cxt 0] Parser 'parser': end
[11:12:29.294] [bmv2] [D] [thread 2583] [0.0] [cxt 0] Pipeline 'ingress': start
[11:12:29.294] [bmv2] [T] [thread 2583] [0.0] [cxt 0] /home/p4/git/master_degree_p4_unipampa/FRR_SR/p4src/fast_reroute.p4(132) Condition "hdr.ipv4.isValid()" (node_2) is false
[11:12:29.294] [bmv2] [D] [thread 2583] [0.0] [cxt 0] Pipeline 'ingress': end
[11:12:29.294] [bmv2] [D] [thread 2583] [0.0] [cxt 0] Egress port is 0
[11:12:29.294] [bmv2] [D] [thread 2584] [0.0] [cxt 0] Pipeline 'egress': start
[11:12:29.294] [bmv2] [D] [thread 2584] [0.0] [cxt 0] Pipeline 'egress': end
[11:12:29.294] [bmv2] [D] [thread 2584] [0.0] [cxt 0] Deparser 'deparser': start
[11:12:29.294] [bmv2] [T] [thread 2584] [0.0] [cxt 0] Skipping checksum 'cksum' update because condition not met
[11:12:29.294] [bmv2] [D] [thread 2584] [0.0] [cxt 0] Deparsing header 'ethernet'
[11:12:29.294] [bmv2] [D] [thread 2584] [0.0] [cxt 0] Deparser 'deparser': end
[11:12:29.294] [bmv2] [D] [thread 2588] [0.0] [cxt 0] Transmitting packet of size 86 out of port 0
[11:12:29.457] [bmv2] [D] [thread 2583] [1.0] [cxt 0] Processing packet received on port 2
[11:12:29.457] [bmv2] [D] [thread 2583] [1.0] [cxt 0] Parser 'parser': start
[11:12:29.457] [bmv2] [D] [thread 2583] [1.0] [cxt 0] Parser 'parser' entering state 'start'
[11:12:29.457] [bmv2] [D] [thread 2583] [1.0] [cxt 0] Extracting header 'ethernet'
[11:12:29.457] [bmv2] [D] [thread 2583] [1.0] [cxt 0] Parser state 'start': key is 86dd
[11:12:29.457] [bmv2] [T] [thread 2583] [1.0] [cxt 0] Bytes parsed: 14
[11:12:29.457] [bmv2] [D] [thread 2583] [1.0] [cxt 0] Parser 'parser': end
[11:12:29.457] [bmv2] [D] [thread 2583] [1.0] [cxt 0] Pipeline 'ingress': start
[11:12:29.457] [bmv2] [T] [thread 2583] [1.0] [cxt 0] /home/p4/git/master_degree_p4_unipampa/FRR_SR/p4src/fast_reroute.p4(132) Condition "hdr.ipv4.isValid()" (node_2) is false
[11:12:29.457] [bmv2] [D] [thread 2583] [1.0] [cxt 0] Pipeline 'ingress': end
[11:12:29.457] [bmv2] [D] [thread 2583] [1.0] [cxt 0] Egress port is 0
[11:12:29.457] [bmv2] [D] [thread 2584] [1.0] [cxt 0] Pipeline 'egress': start
[11:12:29.457] [bmv2] [D] [thread 2584] [1.0] [cxt 0] Pipeline 'egress': end
[11:12:29.457] [bmv2] [D] [thread 2584] [1.0] [cxt 0] Deparser 'deparser': start
[11:12:29.457] [bmv2] [T] [thread 2584] [1.0] [cxt 0] Skipping checksum 'cksum' update because condition not met
[11:12:29.457] [bmv2] [D] [thread 2584] [1.0] [cxt 0] Deparsing header 'ethernet'
[11:12:29.457] [bmv2] [D] [thread 2584] [1.0] [cxt 0] Deparser 'deparser': end
[11:12:29.457] [bmv2] [D] [thread 2588] [1.0] [cxt 0] Transmitting packet of size 86 out of port 0
[11:12:29.489] [bmv2] [D] [thread 2583] [2.0] [cxt 0] Processing packet received on port 1
[11:12:29.489] [bmv2] [D] [thread 2583] [2.0] [cxt 0] Parser 'parser': start
[11:12:29.489] [bmv2] [D] [thread 2583] [2.0] [cxt 0] Parser 'parser' entering state 'start'
[11:12:29.489] [bmv2] [D] [thread 2583] [2.0] [cxt 0] Extracting header 'ethernet'
[11:12:29.489] [bmv2] [D] [thread 2583] [2.0] [cxt 0] Parser state 'start': key is 86dd
[11:12:29.489] [bmv2] [T] [thread 2583] [2.0] [cxt 0] Bytes parsed: 14
[11:12:29.489] [bmv2] [D] [thread 2583] [2.0] [cxt 0] Parser 'parser': end
[11:12:29.489] [bmv2] [D] [thread 2583] [2.0] [cxt 0] Pipeline 'ingress': start
[11:12:29.489] [bmv2] [T] [thread 2583] [2.0] [cxt 0] /home/p4/git/master_degree_p4_unipampa/FRR_SR/p4src/fast_reroute.p4(132) Condition "hdr.ipv4.isValid()" (node_2) is false
[11:12:29.490] [bmv2] [D] [thread 2583] [2.0] [cxt 0] Pipeline 'ingress': end
[11:12:29.490] [bmv2] [D] [thread 2583] [2.0] [cxt 0] Egress port is 0
[11:12:29.490] [bmv2] [D] [thread 2584] [2.0] [cxt 0] Pipeline 'egress': start
[11:12:29.490] [bmv2] [D] [thread 2584] [2.0] [cxt 0] Pipeline 'egress': end
[11:12:29.490] [bmv2] [D] [thread 2584] [2.0] [cxt 0] Deparser 'deparser': start
[11:12:29.490] [bmv2] [T] [thread 2584] [2.0] [cxt 0] Skipping checksum 'cksum' update because condition not met
[11:12:29.490] [bmv2] [D] [thread 2584] [2.0] [cxt 0] Deparsing header 'ethernet'
[11:12:29.490] [bmv2] [D] [thread 2584] [2.0] [cxt 0] Deparser 'deparser': end
[11:12:29.490] [bmv2] [D] [thread 2588] [2.0] [cxt 0] Transmitting packet of size 86 out of port 0
[11:12:29.645] [bmv2] [D] [thread 2583] [3.0] [cxt 0] Processing packet received on port 2
[11:12:29.645] [bmv2] [D] [thread 2583] [3.0] [cxt 0] Parser 'parser': start
[11:12:29.645] [bmv2] [D] [thread 2583] [3.0] [cxt 0] Parser 'parser' entering state 'start'
[11:12:29.645] [bmv2] [D] [thread 2583] [3.0] [cxt 0] Extracting header 'ethernet'
[11:12:29.645] [bmv2] [D] [thread 2583] [3.0] [cxt 0] Parser state 'start': key is 86dd
[11:12:29.645] [bmv2] [T] [thread 2583] [3.0] [cxt 0] Bytes parsed: 14
[11:12:29.645] [bmv2] [D] [thread 2583] [3.0] [cxt 0] Parser 'parser': end
[11:12:29.645] [bmv2] [D] [thread 2583] [3.0] [cxt 0] Pipeline 'ingress': start
[11:12:29.645] [bmv2] [T] [thread 2583] [3.0] [cxt 0] /home/p4/git/master_degree_p4_unipampa/FRR_SR/p4src/fast_reroute.p4(132) Condition "hdr.ipv4.isValid()" (node_2) is false
[11:12:29.645] [bmv2] [D] [thread 2583] [3.0] [cxt 0] Pipeline 'ingress': end
[11:12:29.645] [bmv2] [D] [thread 2583] [3.0] [cxt 0] Egress port is 0
[11:12:29.645] [bmv2] [D] [thread 2583] [4.0] [cxt 0] Processing packet received on port 2
[11:12:29.646] [bmv2] [D] [thread 2583] [4.0] [cxt 0] Parser 'parser': start
[11:12:29.646] [bmv2] [D] [thread 2583] [4.0] [cxt 0] Parser 'parser' entering state 'start'
[11:12:29.646] [bmv2] [D] [thread 2583] [4.0] [cxt 0] Extracting header 'ethernet'
[11:12:29.646] [bmv2] [D] [thread 2583] [4.0] [cxt 0] Parser state 'start': key is 86dd
[11:12:29.646] [bmv2] [T] [thread 2583] [4.0] [cxt 0] Bytes parsed: 14
[11:12:29.646] [bmv2] [D] [thread 2583] [4.0] [cxt 0] Parser 'parser': end
[11:12:29.646] [bmv2] [D] [thread 2583] [4.0] [cxt 0] Pipeline 'ingress': start
[11:12:29.646] [bmv2] [T] [thread 2583] [4.0] [cxt 0] /home/p4/git/master_degree_p4_unipampa/FRR_SR/p4src/fast_reroute.p4(132) Condition "hdr.ipv4.isValid()" (node_2) is false
[11:12:29.646] [bmv2] [D] [thread 2583] [4.0] [cxt 0] Pipeline 'ingress': end
[11:12:29.646] [bmv2] [D] [thread 2583] [4.0] [cxt 0] Egress port is 0
[11:12:29.646] [bmv2] [D] [thread 2584] [3.0] [cxt 0] Pipeline 'egress': start
[11:12:29.646] [bmv2] [D] [thread 2584] [3.0] [cxt 0] Pipeline 'egress': end
[11:12:29.646] [bmv2] [D] [thread 2584] [3.0] [cxt 0] Deparser 'deparser': start
[11:12:29.646] [bmv2] [T] [thread 2584] [3.0] [cxt 0] Skipping checksum 'cksum' update because condition not met
[11:12:29.646] [bmv2] [D] [thread 2584] [3.0] [cxt 0] Deparsing header 'ethernet'
[11:12:29.646] [bmv2] [D] [thread 2584] [3.0] [cxt 0] Deparser 'deparser': end
[11:12:29.646] [bmv2] [D] [thread 2584] [4.0] [cxt 0] Pipeline 'egress': start
[11:12:29.646] [bmv2] [D] [thread 2584] [4.0] [cxt 0] Pipeline 'egress': end
[11:12:29.646] [bmv2] [D] [thread 2584] [4.0] [cxt 0] Deparser 'deparser': start
[11:12:29.646] [bmv2] [T] [thread 2584] [4.0] [cxt 0] Skipping checksum 'cksum' update because condition not met
[11:12:29.646] [bmv2] [D] [thread 2584] [4.0] [cxt 0] Deparsing header 'ethernet'
[11:12:29.646] [bmv2] [D] [thread 2584] [4.0] [cxt 0] Deparser 'deparser': end
[11:12:29.646] [bmv2] [D] [thread 2588] [3.0] [cxt 0] Transmitting packet of size 90 out of port 0
[11:12:29.646] [bmv2] [D] [thread 2588] [4.0] [cxt 0] Transmitting packet of size 70 out of port 0
[11:12:29.657] [bmv2] [D] [thread 2583] [5.0] [cxt 0] Processing packet received on port 2
[11:12:29.657] [bmv2] [D] [thread 2583] [5.0] [cxt 0] Parser 'parser': start
[11:12:29.657] [bmv2] [D] [thread 2583] [5.0] [cxt 0] Parser 'parser' entering state 'start'
[11:12:29.657] [bmv2] [D] [thread 2583] [5.0] [cxt 0] Extracting header 'ethernet'
[11:12:29.657] [bmv2] [D] [thread 2583] [5.0] [cxt 0] Parser state 'start': key is 86dd
[11:12:29.657] [bmv2] [T] [thread 2583] [5.0] [cxt 0] Bytes parsed: 14
[11:12:29.657] [bmv2] [D] [thread 2583] [5.0] [cxt 0] Parser 'parser': end
[11:12:29.657] [bmv2] [D] [thread 2583] [5.0] [cxt 0] Pipeline 'ingress': start
[11:12:29.657] [bmv2] [T] [thread 2583] [5.0] [cxt 0] /home/p4/git/master_degree_p4_unipampa/FRR_SR/p4src/fast_reroute.p4(132) Condition "hdr.ipv4.isValid()" (node_2) is false
[11:12:29.657] [bmv2] [D] [thread 2583] [5.0] [cxt 0] Pipeline 'ingress': end
[11:12:29.657] [bmv2] [D] [thread 2583] [5.0] [cxt 0] Egress port is 0
[11:12:29.657] [bmv2] [D] [thread 2584] [5.0] [cxt 0] Pipeline 'egress': start
[11:12:29.657] [bmv2] [D] [thread 2584] [5.0] [cxt 0] Pipeline 'egress': end
[11:12:29.657] [bmv2] [D] [thread 2584] [5.0] [cxt 0] Deparser 'deparser': start
[11:12:29.657] [bmv2] [T] [thread 2584] [5.0] [cxt 0] Skipping checksum 'cksum' update because condition not met
[11:12:29.657] [bmv2] [D] [thread 2584] [5.0] [cxt 0] Deparsing header 'ethernet'
[11:12:29.657] [bmv2] [D] [thread 2584] [5.0] [cxt 0] Deparser 'deparser': end
[11:12:29.657] [bmv2] [D] [thread 2588] [5.0] [cxt 0] Transmitting packet of size 90 out of port 0
[11:16:10.096] [bmv2] [T] [thread 3170] bm_get_config
[11:16:10.097] [bmv2] [T] [thread 3170] bm_mt_get_entries
[11:16:10.097] [bmv2] [T] [thread 3170] bm_mt_get_entries
[11:16:10.097] [bmv2] [T] [thread 3170] bm_mt_get_entries
[11:16:10.133] [bmv2] [T] [thread 3170] bm_reset_state
[11:16:10.140] [bmv2] [D] [thread 3170] Resetting simple_switch target-specific state
[11:16:10.140] [bmv2] [D] [thread 3170] resetting PRE state
[11:16:10.158] [bmv2] [T] [thread 3170] bm_register_write
[11:16:10.159] [bmv2] [T] [thread 3170] bm_table_add_entry
[11:16:10.159] [bmv2] [D] [thread 3170] Entry 0 added to table 'MyIngress.max_path_size'
[11:16:10.159] [bmv2] [D] [thread 3170] Dumping entry 0
Match key:
* hdr.ipv4.dstAddr    : LPM       0a010102/24
Action entry: MyIngress.read_max_curr_path_size - 0,

[11:16:10.178] [bmv2] [T] [thread 3170] bm_register_write
[11:16:10.181] [bmv2] [T] [thread 3170] bm_table_add_entry
[11:16:10.181] [bmv2] [E] [thread 3170] Error when trying to add entry to table 'MyIngress.max_path_size': DUPLICATE_ENTRY
[11:17:55.652] [bmv2] [T] [thread 3301] bm_get_config
[11:17:55.653] [bmv2] [T] [thread 3301] bm_mt_get_entries
[11:17:55.653] [bmv2] [T] [thread 3301] bm_mt_get_entries
[11:17:55.653] [bmv2] [T] [thread 3301] bm_mt_get_entries
[11:17:55.687] [bmv2] [T] [thread 3301] bm_reset_state
[11:17:55.694] [bmv2] [D] [thread 3301] Resetting simple_switch target-specific state
[11:17:55.694] [bmv2] [D] [thread 3301] resetting PRE state
[11:17:55.711] [bmv2] [T] [thread 3301] bm_register_write
[11:17:55.712] [bmv2] [T] [thread 3301] bm_table_add_entry
[11:17:55.712] [bmv2] [D] [thread 3301] Entry 0 added to table 'MyIngress.max_path_size'
[11:17:55.713] [bmv2] [D] [thread 3301] Dumping entry 0
Match key:
* hdr.ipv4.dstAddr    : LPM       0a010102/24
Action entry: MyIngress.read_max_curr_path_size - 0,

[11:17:55.740] [bmv2] [T] [thread 3301] bm_table_add_entry
[11:17:55.740] [bmv2] [D] [thread 3301] Entry 0 added to table 'MyIngress.ipv4_lpm'
[11:17:55.740] [bmv2] [D] [thread 3301] Dumping entry 0
Match key:
* hdr.ipv4.dstAddr    : LPM       0a010102/24
Action entry: MyIngress.read_port - 2,

[11:17:55.741] [bmv2] [T] [thread 3301] bm_register_write
[11:17:55.751] [bmv2] [T] [thread 3301] bm_register_write
[11:17:55.751] [bmv2] [T] [thread 3301] bm_table_add_entry
[11:17:55.752] [bmv2] [E] [thread 3301] Error when trying to add entry to table 'MyIngress.max_path_size': DUPLICATE_ENTRY
[11:17:55.758] [bmv2] [T] [thread 3301] bm_table_add_entry
[11:17:55.758] [bmv2] [E] [thread 3301] Error when trying to add entry to table 'MyIngress.ipv4_lpm': DUPLICATE_ENTRY
[11:17:55.758] [bmv2] [T] [thread 3301] bm_register_write
[11:18:01.428] [bmv2] [T] [thread 3317] bm_get_config
[11:18:01.429] [bmv2] [T] [thread 3317] bm_mt_get_entries
[11:18:01.429] [bmv2] [T] [thread 3317] bm_mt_get_entries
[11:18:01.430] [bmv2] [T] [thread 3317] bm_mt_get_entries
[11:18:01.463] [bmv2] [T] [thread 3317] bm_reset_state
[11:18:01.470] [bmv2] [D] [thread 3317] Resetting simple_switch target-specific state
[11:18:01.470] [bmv2] [D] [thread 3317] resetting PRE state
[11:18:01.489] [bmv2] [T] [thread 3317] bm_register_write
[11:18:01.490] [bmv2] [T] [thread 3317] bm_table_add_entry
[11:18:01.490] [bmv2] [D] [thread 3317] Entry 0 added to table 'MyIngress.max_path_size'
[11:18:01.490] [bmv2] [D] [thread 3317] Dumping entry 0
Match key:
* hdr.ipv4.dstAddr    : LPM       0a010102/24
Action entry: MyIngress.read_max_curr_path_size - 0,

[11:18:01.506] [bmv2] [T] [thread 3317] bm_table_add_entry
[11:18:01.506] [bmv2] [D] [thread 3317] Entry 0 added to table 'MyIngress.ipv4_lpm'
[11:18:01.506] [bmv2] [D] [thread 3317] Dumping entry 0
Match key:
* hdr.ipv4.dstAddr    : LPM       0a010102/24
Action entry: MyIngress.read_port - 2,

[11:18:01.507] [bmv2] [T] [thread 3317] bm_register_write
[11:18:01.522] [bmv2] [T] [thread 3317] bm_register_write
[11:18:01.523] [bmv2] [T] [thread 3317] bm_table_add_entry
[11:18:01.523] [bmv2] [E] [thread 3317] Error when trying to add entry to table 'MyIngress.max_path_size': DUPLICATE_ENTRY
[11:18:01.532] [bmv2] [T] [thread 3317] bm_table_add_entry
[11:18:01.533] [bmv2] [E] [thread 3317] Error when trying to add entry to table 'MyIngress.ipv4_lpm': DUPLICATE_ENTRY
[11:18:01.533] [bmv2] [T] [thread 3317] bm_register_write
