Warning: you requested the nanomsg event logger, but bmv2 was compiled without -DBMELOG, and the event logger cannot be activated
Calling target program-options parser
[11:12:29.062] [bmv2] [D] [thread 2564] Set default default entry for table 'MyIngress.ipv4_lpm': MyIngress.drop - 
[11:12:29.062] [bmv2] [D] [thread 2564] Set default default entry for table 'tbl_read_alternativePort': MyIngress.read_alternativePort - 
[11:12:29.062] [bmv2] [D] [thread 2564] Set default default entry for table 'tbl_fast_reroute141': fast_reroute141 - 
[11:12:29.062] [bmv2] [D] [thread 2564] Set default default entry for table 'MyIngress.rewrite_mac': MyIngress.drop - 
[11:12:29.062] [bmv2] [D] [thread 2564] Set default default entry for table 'MyIngress.max_path_size': NoAction - 
[11:12:29.062] [bmv2] [D] [thread 2564] Set default default entry for table 'tbl_update_curr_path_size': MyIngress.update_curr_path_size - 
[11:12:29.062] [bmv2] [D] [thread 2564] Set default default entry for table 'tbl_read_depot_port': MyIngress.read_depot_port - 
[11:12:29.062] [bmv2] [D] [thread 2564] Set default default entry for table 'tbl_fast_reroute149': fast_reroute149 - 
[11:12:29.062] [bmv2] [D] [thread 2564] Set default default entry for table 'tbl_reset_curr_path_size': MyIngress.reset_curr_path_size - 
Adding interface s4-eth1 as port 1
[11:12:29.065] [bmv2] [D] [thread 2564] Adding interface s4-eth1 as port 1
Adding interface s4-eth2 as port 2
[11:12:29.097] [bmv2] [D] [thread 2564] Adding interface s4-eth2 as port 2
Adding interface s4-eth3 as port 3
[11:12:29.134] [bmv2] [D] [thread 2564] Adding interface s4-eth3 as port 3
[11:12:29.173] [bmv2] [I] [thread 2564] Starting Thrift server on port 9093
[11:12:29.174] [bmv2] [I] [thread 2564] Thrift server was started
[11:12:29.175] [bmv2] [D] [thread 2570] [0.0] [cxt 0] Processing packet received on port 1
[11:12:29.175] [bmv2] [D] [thread 2570] [0.0] [cxt 0] Parser 'parser': start
[11:12:29.175] [bmv2] [D] [thread 2570] [0.0] [cxt 0] Parser 'parser' entering state 'start'
[11:12:29.175] [bmv2] [D] [thread 2570] [0.0] [cxt 0] Extracting header 'ethernet'
[11:12:29.175] [bmv2] [D] [thread 2570] [0.0] [cxt 0] Parser state 'start': key is 86dd
[11:12:29.175] [bmv2] [T] [thread 2570] [0.0] [cxt 0] Bytes parsed: 14
[11:12:29.175] [bmv2] [D] [thread 2570] [0.0] [cxt 0] Parser 'parser': end
[11:12:29.175] [bmv2] [D] [thread 2570] [0.0] [cxt 0] Pipeline 'ingress': start
[11:12:29.175] [bmv2] [T] [thread 2570] [0.0] [cxt 0] /home/p4/git/master_degree_p4_unipampa/FRR_SR/p4src/fast_reroute.p4(132) Condition "hdr.ipv4.isValid()" (node_2) is false
[11:12:29.175] [bmv2] [D] [thread 2570] [0.0] [cxt 0] Pipeline 'ingress': end
[11:12:29.175] [bmv2] [D] [thread 2570] [0.0] [cxt 0] Egress port is 0
[11:12:29.175] [bmv2] [D] [thread 2570] [1.0] [cxt 0] Processing packet received on port 1
[11:12:29.175] [bmv2] [D] [thread 2570] [1.0] [cxt 0] Parser 'parser': start
[11:12:29.175] [bmv2] [D] [thread 2570] [1.0] [cxt 0] Parser 'parser' entering state 'start'
[11:12:29.175] [bmv2] [D] [thread 2570] [1.0] [cxt 0] Extracting header 'ethernet'
[11:12:29.175] [bmv2] [D] [thread 2570] [1.0] [cxt 0] Parser state 'start': key is 86dd
[11:12:29.175] [bmv2] [T] [thread 2570] [1.0] [cxt 0] Bytes parsed: 14
[11:12:29.175] [bmv2] [D] [thread 2570] [1.0] [cxt 0] Parser 'parser': end
[11:12:29.175] [bmv2] [D] [thread 2570] [1.0] [cxt 0] Pipeline 'ingress': start
[11:12:29.175] [bmv2] [T] [thread 2570] [1.0] [cxt 0] /home/p4/git/master_degree_p4_unipampa/FRR_SR/p4src/fast_reroute.p4(132) Condition "hdr.ipv4.isValid()" (node_2) is false
[11:12:29.176] [bmv2] [D] [thread 2570] [1.0] [cxt 0] Pipeline 'ingress': end
[11:12:29.176] [bmv2] [D] [thread 2570] [1.0] [cxt 0] Egress port is 0
[11:12:29.176] [bmv2] [D] [thread 2571] [0.0] [cxt 0] Pipeline 'egress': start
[11:12:29.176] [bmv2] [D] [thread 2571] [0.0] [cxt 0] Pipeline 'egress': end
[11:12:29.176] [bmv2] [D] [thread 2571] [0.0] [cxt 0] Deparser 'deparser': start
[11:12:29.176] [bmv2] [T] [thread 2571] [0.0] [cxt 0] Skipping checksum 'cksum' update because condition not met
[11:12:29.176] [bmv2] [D] [thread 2571] [0.0] [cxt 0] Deparsing header 'ethernet'
[11:12:29.176] [bmv2] [D] [thread 2571] [0.0] [cxt 0] Deparser 'deparser': end
[11:12:29.176] [bmv2] [D] [thread 2571] [1.0] [cxt 0] Pipeline 'egress': start
[11:12:29.176] [bmv2] [D] [thread 2571] [1.0] [cxt 0] Pipeline 'egress': end
[11:12:29.176] [bmv2] [D] [thread 2571] [1.0] [cxt 0] Deparser 'deparser': start
[11:12:29.176] [bmv2] [T] [thread 2571] [1.0] [cxt 0] Skipping checksum 'cksum' update because condition not met
[11:12:29.176] [bmv2] [D] [thread 2571] [1.0] [cxt 0] Deparsing header 'ethernet'
[11:12:29.176] [bmv2] [D] [thread 2571] [1.0] [cxt 0] Deparser 'deparser': end
[11:12:29.176] [bmv2] [D] [thread 2575] [0.0] [cxt 0] Transmitting packet of size 86 out of port 0
[11:12:29.176] [bmv2] [D] [thread 2575] [1.0] [cxt 0] Transmitting packet of size 90 out of port 0
[11:12:29.197] [bmv2] [D] [thread 2570] [2.0] [cxt 0] Processing packet received on port 3
[11:12:29.197] [bmv2] [D] [thread 2570] [2.0] [cxt 0] Parser 'parser': start
[11:12:29.197] [bmv2] [D] [thread 2570] [2.0] [cxt 0] Parser 'parser' entering state 'start'
[11:12:29.197] [bmv2] [D] [thread 2570] [2.0] [cxt 0] Extracting header 'ethernet'
[11:12:29.197] [bmv2] [D] [thread 2570] [2.0] [cxt 0] Parser state 'start': key is 86dd
[11:12:29.197] [bmv2] [T] [thread 2570] [2.0] [cxt 0] Bytes parsed: 14
[11:12:29.197] [bmv2] [D] [thread 2570] [2.0] [cxt 0] Parser 'parser': end
[11:12:29.197] [bmv2] [D] [thread 2570] [2.0] [cxt 0] Pipeline 'ingress': start
[11:12:29.197] [bmv2] [T] [thread 2570] [2.0] [cxt 0] /home/p4/git/master_degree_p4_unipampa/FRR_SR/p4src/fast_reroute.p4(132) Condition "hdr.ipv4.isValid()" (node_2) is false
[11:12:29.197] [bmv2] [D] [thread 2570] [2.0] [cxt 0] Pipeline 'ingress': end
[11:12:29.197] [bmv2] [D] [thread 2570] [2.0] [cxt 0] Egress port is 0
[11:12:29.197] [bmv2] [D] [thread 2571] [2.0] [cxt 0] Pipeline 'egress': start
[11:12:29.197] [bmv2] [D] [thread 2571] [2.0] [cxt 0] Pipeline 'egress': end
[11:12:29.197] [bmv2] [D] [thread 2571] [2.0] [cxt 0] Deparser 'deparser': start
[11:12:29.197] [bmv2] [T] [thread 2571] [2.0] [cxt 0] Skipping checksum 'cksum' update because condition not met
[11:12:29.197] [bmv2] [D] [thread 2571] [2.0] [cxt 0] Deparsing header 'ethernet'
[11:12:29.197] [bmv2] [D] [thread 2571] [2.0] [cxt 0] Deparser 'deparser': end
[11:12:29.197] [bmv2] [D] [thread 2575] [2.0] [cxt 0] Transmitting packet of size 86 out of port 0
[11:12:29.261] [bmv2] [D] [thread 2570] [3.0] [cxt 0] Processing packet received on port 3
[11:12:29.261] [bmv2] [D] [thread 2570] [3.0] [cxt 0] Parser 'parser': start
[11:12:29.261] [bmv2] [D] [thread 2570] [3.0] [cxt 0] Parser 'parser' entering state 'start'
[11:12:29.261] [bmv2] [D] [thread 2570] [3.0] [cxt 0] Extracting header 'ethernet'
[11:12:29.261] [bmv2] [D] [thread 2570] [3.0] [cxt 0] Parser state 'start': key is 86dd
[11:12:29.261] [bmv2] [T] [thread 2570] [3.0] [cxt 0] Bytes parsed: 14
[11:12:29.261] [bmv2] [D] [thread 2570] [3.0] [cxt 0] Parser 'parser': end
[11:12:29.261] [bmv2] [D] [thread 2570] [3.0] [cxt 0] Pipeline 'ingress': start
[11:12:29.261] [bmv2] [T] [thread 2570] [3.0] [cxt 0] /home/p4/git/master_degree_p4_unipampa/FRR_SR/p4src/fast_reroute.p4(132) Condition "hdr.ipv4.isValid()" (node_2) is false
[11:12:29.261] [bmv2] [D] [thread 2570] [3.0] [cxt 0] Pipeline 'ingress': end
[11:12:29.261] [bmv2] [D] [thread 2570] [3.0] [cxt 0] Egress port is 0
[11:12:29.261] [bmv2] [D] [thread 2571] [3.0] [cxt 0] Pipeline 'egress': start
[11:12:29.261] [bmv2] [D] [thread 2571] [3.0] [cxt 0] Pipeline 'egress': end
[11:12:29.261] [bmv2] [D] [thread 2571] [3.0] [cxt 0] Deparser 'deparser': start
[11:12:29.261] [bmv2] [T] [thread 2571] [3.0] [cxt 0] Skipping checksum 'cksum' update because condition not met
[11:12:29.261] [bmv2] [D] [thread 2571] [3.0] [cxt 0] Deparsing header 'ethernet'
[11:12:29.261] [bmv2] [D] [thread 2571] [3.0] [cxt 0] Deparser 'deparser': end
[11:12:29.261] [bmv2] [D] [thread 2575] [3.0] [cxt 0] Transmitting packet of size 90 out of port 0
[11:12:29.330] [bmv2] [D] [thread 2570] [4.0] [cxt 0] Processing packet received on port 1
[11:12:29.330] [bmv2] [D] [thread 2570] [4.0] [cxt 0] Parser 'parser': start
[11:12:29.330] [bmv2] [D] [thread 2570] [4.0] [cxt 0] Parser 'parser' entering state 'start'
[11:12:29.330] [bmv2] [D] [thread 2570] [4.0] [cxt 0] Extracting header 'ethernet'
[11:12:29.330] [bmv2] [D] [thread 2570] [4.0] [cxt 0] Parser state 'start': key is 86dd
[11:12:29.330] [bmv2] [T] [thread 2570] [4.0] [cxt 0] Bytes parsed: 14
[11:12:29.330] [bmv2] [D] [thread 2570] [4.0] [cxt 0] Parser 'parser': end
[11:12:29.330] [bmv2] [D] [thread 2570] [4.0] [cxt 0] Pipeline 'ingress': start
[11:12:29.330] [bmv2] [T] [thread 2570] [4.0] [cxt 0] /home/p4/git/master_degree_p4_unipampa/FRR_SR/p4src/fast_reroute.p4(132) Condition "hdr.ipv4.isValid()" (node_2) is false
[11:12:29.330] [bmv2] [D] [thread 2570] [4.0] [cxt 0] Pipeline 'ingress': end
[11:12:29.330] [bmv2] [D] [thread 2570] [4.0] [cxt 0] Egress port is 0
[11:12:29.330] [bmv2] [D] [thread 2571] [4.0] [cxt 0] Pipeline 'egress': start
[11:12:29.330] [bmv2] [D] [thread 2571] [4.0] [cxt 0] Pipeline 'egress': end
[11:12:29.330] [bmv2] [D] [thread 2571] [4.0] [cxt 0] Deparser 'deparser': start
[11:12:29.330] [bmv2] [T] [thread 2571] [4.0] [cxt 0] Skipping checksum 'cksum' update because condition not met
[11:12:29.330] [bmv2] [D] [thread 2571] [4.0] [cxt 0] Deparsing header 'ethernet'
[11:12:29.330] [bmv2] [D] [thread 2571] [4.0] [cxt 0] Deparser 'deparser': end
[11:12:29.330] [bmv2] [D] [thread 2575] [4.0] [cxt 0] Transmitting packet of size 86 out of port 0
[11:12:29.357] [bmv2] [D] [thread 2570] [5.0] [cxt 0] Processing packet received on port 2
[11:12:29.357] [bmv2] [D] [thread 2570] [5.0] [cxt 0] Parser 'parser': start
[11:12:29.357] [bmv2] [D] [thread 2570] [5.0] [cxt 0] Parser 'parser' entering state 'start'
[11:12:29.357] [bmv2] [D] [thread 2570] [5.0] [cxt 0] Extracting header 'ethernet'
[11:12:29.357] [bmv2] [D] [thread 2570] [5.0] [cxt 0] Parser state 'start': key is 86dd
[11:12:29.357] [bmv2] [T] [thread 2570] [5.0] [cxt 0] Bytes parsed: 14
[11:12:29.357] [bmv2] [D] [thread 2570] [5.0] [cxt 0] Parser 'parser': end
[11:12:29.357] [bmv2] [D] [thread 2570] [5.0] [cxt 0] Pipeline 'ingress': start
[11:12:29.357] [bmv2] [T] [thread 2570] [5.0] [cxt 0] /home/p4/git/master_degree_p4_unipampa/FRR_SR/p4src/fast_reroute.p4(132) Condition "hdr.ipv4.isValid()" (node_2) is false
[11:12:29.357] [bmv2] [D] [thread 2570] [5.0] [cxt 0] Pipeline 'ingress': end
[11:12:29.357] [bmv2] [D] [thread 2570] [5.0] [cxt 0] Egress port is 0
[11:12:29.358] [bmv2] [D] [thread 2571] [5.0] [cxt 0] Pipeline 'egress': start
[11:12:29.358] [bmv2] [D] [thread 2571] [5.0] [cxt 0] Pipeline 'egress': end
[11:12:29.358] [bmv2] [D] [thread 2571] [5.0] [cxt 0] Deparser 'deparser': start
[11:12:29.358] [bmv2] [T] [thread 2571] [5.0] [cxt 0] Skipping checksum 'cksum' update because condition not met
[11:12:29.358] [bmv2] [D] [thread 2571] [5.0] [cxt 0] Deparsing header 'ethernet'
[11:12:29.358] [bmv2] [D] [thread 2571] [5.0] [cxt 0] Deparser 'deparser': end
[11:12:29.358] [bmv2] [D] [thread 2575] [5.0] [cxt 0] Transmitting packet of size 86 out of port 0
[11:12:29.457] [bmv2] [D] [thread 2570] [6.0] [cxt 0] Processing packet received on port 1
[11:12:29.457] [bmv2] [D] [thread 2570] [6.0] [cxt 0] Parser 'parser': start
[11:12:29.457] [bmv2] [D] [thread 2570] [6.0] [cxt 0] Parser 'parser' entering state 'start'
[11:12:29.457] [bmv2] [D] [thread 2570] [6.0] [cxt 0] Extracting header 'ethernet'
[11:12:29.457] [bmv2] [D] [thread 2570] [6.0] [cxt 0] Parser state 'start': key is 86dd
[11:12:29.457] [bmv2] [T] [thread 2570] [6.0] [cxt 0] Bytes parsed: 14
[11:12:29.457] [bmv2] [D] [thread 2570] [6.0] [cxt 0] Parser 'parser': end
[11:12:29.457] [bmv2] [D] [thread 2570] [6.0] [cxt 0] Pipeline 'ingress': start
[11:12:29.457] [bmv2] [T] [thread 2570] [6.0] [cxt 0] /home/p4/git/master_degree_p4_unipampa/FRR_SR/p4src/fast_reroute.p4(132) Condition "hdr.ipv4.isValid()" (node_2) is false
[11:12:29.457] [bmv2] [D] [thread 2570] [6.0] [cxt 0] Pipeline 'ingress': end
[11:12:29.457] [bmv2] [D] [thread 2570] [6.0] [cxt 0] Egress port is 0
[11:12:29.458] [bmv2] [D] [thread 2571] [6.0] [cxt 0] Pipeline 'egress': start
[11:12:29.458] [bmv2] [D] [thread 2571] [6.0] [cxt 0] Pipeline 'egress': end
[11:12:29.458] [bmv2] [D] [thread 2571] [6.0] [cxt 0] Deparser 'deparser': start
[11:12:29.458] [bmv2] [T] [thread 2571] [6.0] [cxt 0] Skipping checksum 'cksum' update because condition not met
[11:12:29.458] [bmv2] [D] [thread 2571] [6.0] [cxt 0] Deparsing header 'ethernet'
[11:12:29.458] [bmv2] [D] [thread 2571] [6.0] [cxt 0] Deparser 'deparser': end
[11:12:29.458] [bmv2] [D] [thread 2575] [6.0] [cxt 0] Transmitting packet of size 90 out of port 0
[11:16:10.093] [bmv2] [T] [thread 3169] bm_get_config
[11:16:10.094] [bmv2] [T] [thread 3169] bm_mt_get_entries
[11:16:10.094] [bmv2] [T] [thread 3169] bm_mt_get_entries
[11:16:10.095] [bmv2] [T] [thread 3169] bm_mt_get_entries
[11:16:10.126] [bmv2] [T] [thread 3169] bm_reset_state
[11:16:10.132] [bmv2] [D] [thread 3169] Resetting simple_switch target-specific state
[11:16:10.132] [bmv2] [D] [thread 3169] resetting PRE state
[11:16:10.157] [bmv2] [T] [thread 3169] bm_register_write
[11:16:10.157] [bmv2] [T] [thread 3169] bm_table_add_entry
[11:16:10.157] [bmv2] [D] [thread 3169] Entry 0 added to table 'MyIngress.max_path_size'
[11:16:10.157] [bmv2] [D] [thread 3169] Dumping entry 0
Match key:
* hdr.ipv4.dstAddr    : LPM       0a010102/24
Action entry: MyIngress.read_max_curr_path_size - 0,

[11:16:10.177] [bmv2] [T] [thread 3169] bm_register_write
[11:16:10.177] [bmv2] [T] [thread 3169] bm_table_add_entry
[11:16:10.177] [bmv2] [E] [thread 3169] Error when trying to add entry to table 'MyIngress.max_path_size': DUPLICATE_ENTRY
[11:17:55.650] [bmv2] [T] [thread 3300] bm_get_config
[11:17:55.651] [bmv2] [T] [thread 3300] bm_mt_get_entries
[11:17:55.651] [bmv2] [T] [thread 3300] bm_mt_get_entries
[11:17:55.651] [bmv2] [T] [thread 3300] bm_mt_get_entries
[11:17:55.682] [bmv2] [T] [thread 3300] bm_reset_state
[11:17:55.686] [bmv2] [D] [thread 3300] Resetting simple_switch target-specific state
[11:17:55.686] [bmv2] [D] [thread 3300] resetting PRE state
[11:17:55.709] [bmv2] [T] [thread 3300] bm_register_write
[11:17:55.710] [bmv2] [T] [thread 3300] bm_table_add_entry
[11:17:55.710] [bmv2] [D] [thread 3300] Entry 0 added to table 'MyIngress.max_path_size'
[11:17:55.710] [bmv2] [D] [thread 3300] Dumping entry 0
Match key:
* hdr.ipv4.dstAddr    : LPM       0a010102/24
Action entry: MyIngress.read_max_curr_path_size - 0,

[11:17:55.739] [bmv2] [T] [thread 3300] bm_table_add_entry
[11:17:55.739] [bmv2] [D] [thread 3300] Entry 0 added to table 'MyIngress.ipv4_lpm'
[11:17:55.739] [bmv2] [D] [thread 3300] Dumping entry 0
Match key:
* hdr.ipv4.dstAddr    : LPM       0a010102/24
Action entry: MyIngress.read_port - 3,

[11:17:55.739] [bmv2] [T] [thread 3300] bm_register_write
[11:17:55.750] [bmv2] [T] [thread 3300] bm_register_write
[11:17:55.751] [bmv2] [T] [thread 3300] bm_table_add_entry
[11:17:55.751] [bmv2] [E] [thread 3300] Error when trying to add entry to table 'MyIngress.max_path_size': DUPLICATE_ENTRY
[11:17:55.757] [bmv2] [T] [thread 3300] bm_table_add_entry
[11:17:55.757] [bmv2] [E] [thread 3300] Error when trying to add entry to table 'MyIngress.ipv4_lpm': DUPLICATE_ENTRY
[11:17:55.757] [bmv2] [T] [thread 3300] bm_register_write
[11:18:01.425] [bmv2] [T] [thread 3316] bm_get_config
[11:18:01.426] [bmv2] [T] [thread 3316] bm_mt_get_entries
[11:18:01.427] [bmv2] [T] [thread 3316] bm_mt_get_entries
[11:18:01.427] [bmv2] [T] [thread 3316] bm_mt_get_entries
[11:18:01.458] [bmv2] [T] [thread 3316] bm_reset_state
[11:18:01.463] [bmv2] [D] [thread 3316] Resetting simple_switch target-specific state
[11:18:01.463] [bmv2] [D] [thread 3316] resetting PRE state
[11:18:01.487] [bmv2] [T] [thread 3316] bm_register_write
[11:18:01.488] [bmv2] [T] [thread 3316] bm_table_add_entry
[11:18:01.488] [bmv2] [D] [thread 3316] Entry 0 added to table 'MyIngress.max_path_size'
[11:18:01.488] [bmv2] [D] [thread 3316] Dumping entry 0
Match key:
* hdr.ipv4.dstAddr    : LPM       0a010102/24
Action entry: MyIngress.read_max_curr_path_size - 0,

[11:18:01.504] [bmv2] [T] [thread 3316] bm_table_add_entry
[11:18:01.504] [bmv2] [D] [thread 3316] Entry 0 added to table 'MyIngress.ipv4_lpm'
[11:18:01.504] [bmv2] [D] [thread 3316] Dumping entry 0
Match key:
* hdr.ipv4.dstAddr    : LPM       0a010102/24
Action entry: MyIngress.read_port - 3,

[11:18:01.505] [bmv2] [T] [thread 3316] bm_register_write
[11:18:01.520] [bmv2] [T] [thread 3316] bm_register_write
[11:18:01.521] [bmv2] [T] [thread 3316] bm_table_add_entry
[11:18:01.521] [bmv2] [E] [thread 3316] Error when trying to add entry to table 'MyIngress.max_path_size': DUPLICATE_ENTRY
[11:18:01.531] [bmv2] [T] [thread 3316] bm_table_add_entry
[11:18:01.531] [bmv2] [E] [thread 3316] Error when trying to add entry to table 'MyIngress.ipv4_lpm': DUPLICATE_ENTRY
[11:18:01.532] [bmv2] [T] [thread 3316] bm_register_write
