Warning: you requested the nanomsg event logger, but bmv2 was compiled without -DBMELOG, and the event logger cannot be activated
Calling target program-options parser
[11:12:29.308] [bmv2] [D] [thread 2590] Set default default entry for table 'MyIngress.ipv4_lpm': MyIngress.drop - 
[11:12:29.309] [bmv2] [D] [thread 2590] Set default default entry for table 'tbl_read_alternativePort': MyIngress.read_alternativePort - 
[11:12:29.309] [bmv2] [D] [thread 2590] Set default default entry for table 'tbl_fast_reroute141': fast_reroute141 - 
[11:12:29.309] [bmv2] [D] [thread 2590] Set default default entry for table 'MyIngress.rewrite_mac': MyIngress.drop - 
[11:12:29.309] [bmv2] [D] [thread 2590] Set default default entry for table 'MyIngress.max_path_size': NoAction - 
[11:12:29.309] [bmv2] [D] [thread 2590] Set default default entry for table 'tbl_update_curr_path_size': MyIngress.update_curr_path_size - 
[11:12:29.309] [bmv2] [D] [thread 2590] Set default default entry for table 'tbl_read_depot_port': MyIngress.read_depot_port - 
[11:12:29.309] [bmv2] [D] [thread 2590] Set default default entry for table 'tbl_fast_reroute149': fast_reroute149 - 
[11:12:29.309] [bmv2] [D] [thread 2590] Set default default entry for table 'tbl_reset_curr_path_size': MyIngress.reset_curr_path_size - 
Adding interface s6-eth1 as port 1
[11:12:29.312] [bmv2] [D] [thread 2590] Adding interface s6-eth1 as port 1
Adding interface s6-eth2 as port 2
[11:12:29.345] [bmv2] [D] [thread 2590] Adding interface s6-eth2 as port 2
Adding interface s6-eth3 as port 3
[11:12:29.381] [bmv2] [D] [thread 2590] Adding interface s6-eth3 as port 3
Adding interface s6-eth4 as port 4
[11:12:29.413] [bmv2] [D] [thread 2590] Adding interface s6-eth4 as port 4
[11:12:29.453] [bmv2] [I] [thread 2590] Starting Thrift server on port 9095
[11:12:29.454] [bmv2] [I] [thread 2590] Thrift server was started
[11:12:29.458] [bmv2] [D] [thread 2596] [0.0] [cxt 0] Processing packet received on port 2
[11:12:29.458] [bmv2] [D] [thread 2596] [0.0] [cxt 0] Parser 'parser': start
[11:12:29.458] [bmv2] [D] [thread 2596] [0.0] [cxt 0] Parser 'parser' entering state 'start'
[11:12:29.459] [bmv2] [D] [thread 2596] [0.0] [cxt 0] Extracting header 'ethernet'
[11:12:29.459] [bmv2] [D] [thread 2596] [0.0] [cxt 0] Parser state 'start': key is 86dd
[11:12:29.459] [bmv2] [T] [thread 2596] [0.0] [cxt 0] Bytes parsed: 14
[11:12:29.459] [bmv2] [D] [thread 2596] [0.0] [cxt 0] Parser 'parser': end
[11:12:29.459] [bmv2] [D] [thread 2596] [0.0] [cxt 0] Pipeline 'ingress': start
[11:12:29.459] [bmv2] [T] [thread 2596] [0.0] [cxt 0] /home/p4/git/master_degree_p4_unipampa/FRR_SR/p4src/fast_reroute.p4(132) Condition "hdr.ipv4.isValid()" (node_2) is false
[11:12:29.459] [bmv2] [D] [thread 2596] [0.0] [cxt 0] Pipeline 'ingress': end
[11:12:29.459] [bmv2] [D] [thread 2596] [0.0] [cxt 0] Egress port is 0
[11:12:29.459] [bmv2] [D] [thread 2596] [1.0] [cxt 0] Processing packet received on port 3
[11:12:29.459] [bmv2] [D] [thread 2596] [1.0] [cxt 0] Parser 'parser': start
[11:12:29.459] [bmv2] [D] [thread 2596] [1.0] [cxt 0] Parser 'parser' entering state 'start'
[11:12:29.459] [bmv2] [D] [thread 2596] [1.0] [cxt 0] Extracting header 'ethernet'
[11:12:29.459] [bmv2] [D] [thread 2596] [1.0] [cxt 0] Parser state 'start': key is 86dd
[11:12:29.459] [bmv2] [T] [thread 2596] [1.0] [cxt 0] Bytes parsed: 14
[11:12:29.459] [bmv2] [D] [thread 2596] [1.0] [cxt 0] Parser 'parser': end
[11:12:29.459] [bmv2] [D] [thread 2596] [1.0] [cxt 0] Pipeline 'ingress': start
[11:12:29.459] [bmv2] [T] [thread 2596] [1.0] [cxt 0] /home/p4/git/master_degree_p4_unipampa/FRR_SR/p4src/fast_reroute.p4(132) Condition "hdr.ipv4.isValid()" (node_2) is false
[11:12:29.459] [bmv2] [D] [thread 2596] [1.0] [cxt 0] Pipeline 'ingress': end
[11:12:29.459] [bmv2] [D] [thread 2596] [1.0] [cxt 0] Egress port is 0
[11:12:29.459] [bmv2] [D] [thread 2597] [0.0] [cxt 0] Pipeline 'egress': start
[11:12:29.459] [bmv2] [D] [thread 2597] [0.0] [cxt 0] Pipeline 'egress': end
[11:12:29.459] [bmv2] [D] [thread 2597] [0.0] [cxt 0] Deparser 'deparser': start
[11:12:29.459] [bmv2] [T] [thread 2597] [0.0] [cxt 0] Skipping checksum 'cksum' update because condition not met
[11:12:29.459] [bmv2] [D] [thread 2597] [0.0] [cxt 0] Deparsing header 'ethernet'
[11:12:29.459] [bmv2] [D] [thread 2597] [0.0] [cxt 0] Deparser 'deparser': end
[11:12:29.459] [bmv2] [D] [thread 2597] [1.0] [cxt 0] Pipeline 'egress': start
[11:12:29.459] [bmv2] [D] [thread 2597] [1.0] [cxt 0] Pipeline 'egress': end
[11:12:29.459] [bmv2] [D] [thread 2597] [1.0] [cxt 0] Deparser 'deparser': start
[11:12:29.459] [bmv2] [T] [thread 2597] [1.0] [cxt 0] Skipping checksum 'cksum' update because condition not met
[11:12:29.459] [bmv2] [D] [thread 2597] [1.0] [cxt 0] Deparsing header 'ethernet'
[11:12:29.459] [bmv2] [D] [thread 2597] [1.0] [cxt 0] Deparser 'deparser': end
[11:12:29.459] [bmv2] [D] [thread 2601] [0.0] [cxt 0] Transmitting packet of size 90 out of port 0
[11:12:29.459] [bmv2] [D] [thread 2601] [1.0] [cxt 0] Transmitting packet of size 86 out of port 0
[11:12:29.485] [bmv2] [D] [thread 2596] [2.0] [cxt 0] Processing packet received on port 4
[11:12:29.485] [bmv2] [D] [thread 2596] [2.0] [cxt 0] Parser 'parser': start
[11:12:29.485] [bmv2] [D] [thread 2596] [2.0] [cxt 0] Parser 'parser' entering state 'start'
[11:12:29.485] [bmv2] [D] [thread 2596] [2.0] [cxt 0] Extracting header 'ethernet'
[11:12:29.485] [bmv2] [D] [thread 2596] [2.0] [cxt 0] Parser state 'start': key is 86dd
[11:12:29.485] [bmv2] [T] [thread 2596] [2.0] [cxt 0] Bytes parsed: 14
[11:12:29.485] [bmv2] [D] [thread 2596] [2.0] [cxt 0] Parser 'parser': end
[11:12:29.485] [bmv2] [D] [thread 2596] [2.0] [cxt 0] Pipeline 'ingress': start
[11:12:29.485] [bmv2] [T] [thread 2596] [2.0] [cxt 0] /home/p4/git/master_degree_p4_unipampa/FRR_SR/p4src/fast_reroute.p4(132) Condition "hdr.ipv4.isValid()" (node_2) is false
[11:12:29.485] [bmv2] [D] [thread 2596] [2.0] [cxt 0] Pipeline 'ingress': end
[11:12:29.485] [bmv2] [D] [thread 2596] [2.0] [cxt 0] Egress port is 0
[11:12:29.485] [bmv2] [D] [thread 2596] [3.0] [cxt 0] Processing packet received on port 4
[11:12:29.485] [bmv2] [D] [thread 2596] [3.0] [cxt 0] Parser 'parser': start
[11:12:29.485] [bmv2] [D] [thread 2596] [3.0] [cxt 0] Parser 'parser' entering state 'start'
[11:12:29.485] [bmv2] [D] [thread 2596] [3.0] [cxt 0] Extracting header 'ethernet'
[11:12:29.485] [bmv2] [D] [thread 2596] [3.0] [cxt 0] Parser state 'start': key is 86dd
[11:12:29.485] [bmv2] [T] [thread 2596] [3.0] [cxt 0] Bytes parsed: 14
[11:12:29.485] [bmv2] [D] [thread 2596] [3.0] [cxt 0] Parser 'parser': end
[11:12:29.485] [bmv2] [D] [thread 2596] [3.0] [cxt 0] Pipeline 'ingress': start
[11:12:29.485] [bmv2] [T] [thread 2596] [3.0] [cxt 0] /home/p4/git/master_degree_p4_unipampa/FRR_SR/p4src/fast_reroute.p4(132) Condition "hdr.ipv4.isValid()" (node_2) is false
[11:12:29.485] [bmv2] [D] [thread 2596] [3.0] [cxt 0] Pipeline 'ingress': end
[11:12:29.485] [bmv2] [D] [thread 2596] [3.0] [cxt 0] Egress port is 0
[11:12:29.485] [bmv2] [D] [thread 2597] [2.0] [cxt 0] Pipeline 'egress': start
[11:12:29.486] [bmv2] [D] [thread 2597] [2.0] [cxt 0] Pipeline 'egress': end
[11:12:29.486] [bmv2] [D] [thread 2597] [2.0] [cxt 0] Deparser 'deparser': start
[11:12:29.486] [bmv2] [T] [thread 2597] [2.0] [cxt 0] Skipping checksum 'cksum' update because condition not met
[11:12:29.486] [bmv2] [D] [thread 2597] [2.0] [cxt 0] Deparsing header 'ethernet'
[11:12:29.486] [bmv2] [D] [thread 2597] [2.0] [cxt 0] Deparser 'deparser': end
[11:12:29.486] [bmv2] [D] [thread 2597] [3.0] [cxt 0] Pipeline 'egress': start
[11:12:29.486] [bmv2] [D] [thread 2597] [3.0] [cxt 0] Pipeline 'egress': end
[11:12:29.486] [bmv2] [D] [thread 2597] [3.0] [cxt 0] Deparser 'deparser': start
[11:12:29.486] [bmv2] [T] [thread 2597] [3.0] [cxt 0] Skipping checksum 'cksum' update because condition not met
[11:12:29.486] [bmv2] [D] [thread 2597] [3.0] [cxt 0] Deparsing header 'ethernet'
[11:12:29.486] [bmv2] [D] [thread 2597] [3.0] [cxt 0] Deparser 'deparser': end
[11:12:29.486] [bmv2] [D] [thread 2601] [2.0] [cxt 0] Transmitting packet of size 90 out of port 0
[11:12:29.486] [bmv2] [D] [thread 2601] [3.0] [cxt 0] Transmitting packet of size 70 out of port 0
[11:12:29.501] [bmv2] [D] [thread 2596] [4.0] [cxt 0] Processing packet received on port 4
[11:12:29.502] [bmv2] [D] [thread 2596] [4.0] [cxt 0] Parser 'parser': start
[11:12:29.502] [bmv2] [D] [thread 2596] [4.0] [cxt 0] Parser 'parser' entering state 'start'
[11:12:29.502] [bmv2] [D] [thread 2596] [4.0] [cxt 0] Extracting header 'ethernet'
[11:12:29.502] [bmv2] [D] [thread 2596] [4.0] [cxt 0] Parser state 'start': key is 86dd
[11:12:29.502] [bmv2] [T] [thread 2596] [4.0] [cxt 0] Bytes parsed: 14
[11:12:29.502] [bmv2] [D] [thread 2596] [4.0] [cxt 0] Parser 'parser': end
[11:12:29.502] [bmv2] [D] [thread 2596] [4.0] [cxt 0] Pipeline 'ingress': start
[11:12:29.502] [bmv2] [T] [thread 2596] [4.0] [cxt 0] /home/p4/git/master_degree_p4_unipampa/FRR_SR/p4src/fast_reroute.p4(132) Condition "hdr.ipv4.isValid()" (node_2) is false
[11:12:29.502] [bmv2] [D] [thread 2596] [4.0] [cxt 0] Pipeline 'ingress': end
[11:12:29.502] [bmv2] [D] [thread 2596] [4.0] [cxt 0] Egress port is 0
[11:12:29.502] [bmv2] [D] [thread 2597] [4.0] [cxt 0] Pipeline 'egress': start
[11:12:29.502] [bmv2] [D] [thread 2597] [4.0] [cxt 0] Pipeline 'egress': end
[11:12:29.502] [bmv2] [D] [thread 2597] [4.0] [cxt 0] Deparser 'deparser': start
[11:12:29.502] [bmv2] [T] [thread 2597] [4.0] [cxt 0] Skipping checksum 'cksum' update because condition not met
[11:12:29.502] [bmv2] [D] [thread 2597] [4.0] [cxt 0] Deparsing header 'ethernet'
[11:12:29.502] [bmv2] [D] [thread 2597] [4.0] [cxt 0] Deparser 'deparser': end
[11:12:29.502] [bmv2] [D] [thread 2601] [4.0] [cxt 0] Transmitting packet of size 90 out of port 0
[11:12:29.590] [bmv2] [D] [thread 2596] [5.0] [cxt 0] Processing packet received on port 4
[11:12:29.590] [bmv2] [D] [thread 2596] [5.0] [cxt 0] Parser 'parser': start
[11:12:29.590] [bmv2] [D] [thread 2596] [5.0] [cxt 0] Parser 'parser' entering state 'start'
[11:12:29.590] [bmv2] [D] [thread 2596] [5.0] [cxt 0] Extracting header 'ethernet'
[11:12:29.590] [bmv2] [D] [thread 2596] [5.0] [cxt 0] Parser state 'start': key is 86dd
[11:12:29.590] [bmv2] [T] [thread 2596] [5.0] [cxt 0] Bytes parsed: 14
[11:12:29.590] [bmv2] [D] [thread 2596] [5.0] [cxt 0] Parser 'parser': end
[11:12:29.590] [bmv2] [D] [thread 2596] [5.0] [cxt 0] Pipeline 'ingress': start
[11:12:29.590] [bmv2] [T] [thread 2596] [5.0] [cxt 0] /home/p4/git/master_degree_p4_unipampa/FRR_SR/p4src/fast_reroute.p4(132) Condition "hdr.ipv4.isValid()" (node_2) is false
[11:12:29.590] [bmv2] [D] [thread 2596] [5.0] [cxt 0] Pipeline 'ingress': end
[11:12:29.590] [bmv2] [D] [thread 2596] [5.0] [cxt 0] Egress port is 0
[11:12:29.590] [bmv2] [D] [thread 2597] [5.0] [cxt 0] Pipeline 'egress': start
[11:12:29.590] [bmv2] [D] [thread 2597] [5.0] [cxt 0] Pipeline 'egress': end
[11:12:29.590] [bmv2] [D] [thread 2597] [5.0] [cxt 0] Deparser 'deparser': start
[11:12:29.590] [bmv2] [T] [thread 2597] [5.0] [cxt 0] Skipping checksum 'cksum' update because condition not met
[11:12:29.590] [bmv2] [D] [thread 2597] [5.0] [cxt 0] Deparsing header 'ethernet'
[11:12:29.590] [bmv2] [D] [thread 2597] [5.0] [cxt 0] Deparser 'deparser': end
[11:12:29.590] [bmv2] [D] [thread 2601] [5.0] [cxt 0] Transmitting packet of size 107 out of port 0
[11:12:29.646] [bmv2] [D] [thread 2596] [6.0] [cxt 0] Processing packet received on port 3
[11:12:29.646] [bmv2] [D] [thread 2596] [6.0] [cxt 0] Parser 'parser': start
[11:12:29.646] [bmv2] [D] [thread 2596] [6.0] [cxt 0] Parser 'parser' entering state 'start'
[11:12:29.646] [bmv2] [D] [thread 2596] [6.0] [cxt 0] Extracting header 'ethernet'
[11:12:29.646] [bmv2] [D] [thread 2596] [6.0] [cxt 0] Parser state 'start': key is 86dd
[11:12:29.646] [bmv2] [T] [thread 2596] [6.0] [cxt 0] Bytes parsed: 14
[11:12:29.646] [bmv2] [D] [thread 2596] [6.0] [cxt 0] Parser 'parser': end
[11:12:29.647] [bmv2] [D] [thread 2596] [6.0] [cxt 0] Pipeline 'ingress': start
[11:12:29.647] [bmv2] [T] [thread 2596] [6.0] [cxt 0] /home/p4/git/master_degree_p4_unipampa/FRR_SR/p4src/fast_reroute.p4(132) Condition "hdr.ipv4.isValid()" (node_2) is false
[11:12:29.647] [bmv2] [D] [thread 2596] [6.0] [cxt 0] Pipeline 'ingress': end
[11:12:29.647] [bmv2] [D] [thread 2596] [6.0] [cxt 0] Egress port is 0
[11:12:29.647] [bmv2] [D] [thread 2596] [7.0] [cxt 0] Processing packet received on port 3
[11:12:29.647] [bmv2] [D] [thread 2596] [7.0] [cxt 0] Parser 'parser': start
[11:12:29.647] [bmv2] [D] [thread 2596] [7.0] [cxt 0] Parser 'parser' entering state 'start'
[11:12:29.647] [bmv2] [D] [thread 2596] [7.0] [cxt 0] Extracting header 'ethernet'
[11:12:29.647] [bmv2] [D] [thread 2596] [7.0] [cxt 0] Parser state 'start': key is 86dd
[11:12:29.647] [bmv2] [T] [thread 2596] [7.0] [cxt 0] Bytes parsed: 14
[11:12:29.647] [bmv2] [D] [thread 2596] [7.0] [cxt 0] Parser 'parser': end
[11:12:29.647] [bmv2] [D] [thread 2596] [7.0] [cxt 0] Pipeline 'ingress': start
[11:12:29.647] [bmv2] [T] [thread 2596] [7.0] [cxt 0] /home/p4/git/master_degree_p4_unipampa/FRR_SR/p4src/fast_reroute.p4(132) Condition "hdr.ipv4.isValid()" (node_2) is false
[11:12:29.647] [bmv2] [D] [thread 2596] [7.0] [cxt 0] Pipeline 'ingress': end
[11:12:29.647] [bmv2] [D] [thread 2596] [7.0] [cxt 0] Egress port is 0
[11:12:29.647] [bmv2] [D] [thread 2597] [6.0] [cxt 0] Pipeline 'egress': start
[11:12:29.647] [bmv2] [D] [thread 2597] [6.0] [cxt 0] Pipeline 'egress': end
[11:12:29.647] [bmv2] [D] [thread 2597] [6.0] [cxt 0] Deparser 'deparser': start
[11:12:29.647] [bmv2] [T] [thread 2597] [6.0] [cxt 0] Skipping checksum 'cksum' update because condition not met
[11:12:29.647] [bmv2] [D] [thread 2597] [6.0] [cxt 0] Deparsing header 'ethernet'
[11:12:29.647] [bmv2] [D] [thread 2597] [6.0] [cxt 0] Deparser 'deparser': end
[11:12:29.647] [bmv2] [D] [thread 2597] [7.0] [cxt 0] Pipeline 'egress': start
[11:12:29.647] [bmv2] [D] [thread 2597] [7.0] [cxt 0] Pipeline 'egress': end
[11:12:29.647] [bmv2] [D] [thread 2597] [7.0] [cxt 0] Deparser 'deparser': start
[11:12:29.647] [bmv2] [T] [thread 2597] [7.0] [cxt 0] Skipping checksum 'cksum' update because condition not met
[11:12:29.647] [bmv2] [D] [thread 2597] [7.0] [cxt 0] Deparsing header 'ethernet'
[11:12:29.647] [bmv2] [D] [thread 2597] [7.0] [cxt 0] Deparser 'deparser': end
[11:12:29.647] [bmv2] [D] [thread 2601] [6.0] [cxt 0] Transmitting packet of size 90 out of port 0
[11:12:29.647] [bmv2] [D] [thread 2601] [7.0] [cxt 0] Transmitting packet of size 70 out of port 0
[11:12:29.658] [bmv2] [D] [thread 2596] [8.0] [cxt 0] Processing packet received on port 3
[11:12:29.658] [bmv2] [D] [thread 2596] [8.0] [cxt 0] Parser 'parser': start
[11:12:29.658] [bmv2] [D] [thread 2596] [8.0] [cxt 0] Parser 'parser' entering state 'start'
[11:12:29.658] [bmv2] [D] [thread 2596] [8.0] [cxt 0] Extracting header 'ethernet'
[11:12:29.658] [bmv2] [D] [thread 2596] [8.0] [cxt 0] Parser state 'start': key is 86dd
[11:12:29.658] [bmv2] [T] [thread 2596] [8.0] [cxt 0] Bytes parsed: 14
[11:12:29.658] [bmv2] [D] [thread 2596] [8.0] [cxt 0] Parser 'parser': end
[11:12:29.658] [bmv2] [D] [thread 2596] [8.0] [cxt 0] Pipeline 'ingress': start
[11:12:29.658] [bmv2] [T] [thread 2596] [8.0] [cxt 0] /home/p4/git/master_degree_p4_unipampa/FRR_SR/p4src/fast_reroute.p4(132) Condition "hdr.ipv4.isValid()" (node_2) is false
[11:12:29.658] [bmv2] [D] [thread 2596] [8.0] [cxt 0] Pipeline 'ingress': end
[11:12:29.658] [bmv2] [D] [thread 2596] [8.0] [cxt 0] Egress port is 0
[11:12:29.658] [bmv2] [D] [thread 2597] [8.0] [cxt 0] Pipeline 'egress': start
[11:12:29.658] [bmv2] [D] [thread 2597] [8.0] [cxt 0] Pipeline 'egress': end
[11:12:29.658] [bmv2] [D] [thread 2597] [8.0] [cxt 0] Deparser 'deparser': start
[11:12:29.658] [bmv2] [T] [thread 2597] [8.0] [cxt 0] Skipping checksum 'cksum' update because condition not met
[11:12:29.658] [bmv2] [D] [thread 2597] [8.0] [cxt 0] Deparsing header 'ethernet'
[11:12:29.658] [bmv2] [D] [thread 2597] [8.0] [cxt 0] Deparser 'deparser': end
[11:12:29.658] [bmv2] [D] [thread 2601] [8.0] [cxt 0] Transmitting packet of size 90 out of port 0
[11:16:10.098] [bmv2] [T] [thread 3171] bm_get_config
[11:16:10.099] [bmv2] [T] [thread 3171] bm_mt_get_entries
[11:16:10.099] [bmv2] [T] [thread 3171] bm_mt_get_entries
[11:16:10.100] [bmv2] [T] [thread 3171] bm_mt_get_entries
[11:16:10.141] [bmv2] [T] [thread 3171] bm_reset_state
[11:16:10.146] [bmv2] [D] [thread 3171] Resetting simple_switch target-specific state
[11:16:10.146] [bmv2] [D] [thread 3171] resetting PRE state
[11:16:10.159] [bmv2] [T] [thread 3171] bm_register_write
[11:16:10.160] [bmv2] [T] [thread 3171] bm_table_add_entry
[11:16:10.160] [bmv2] [D] [thread 3171] Entry 0 added to table 'MyIngress.max_path_size'
[11:16:10.160] [bmv2] [D] [thread 3171] Dumping entry 0
Match key:
* hdr.ipv4.dstAddr    : LPM       0a010102/24
Action entry: MyIngress.read_max_curr_path_size - 0,

[11:16:10.175] [bmv2] [T] [thread 3171] bm_register_write
[11:16:10.176] [bmv2] [T] [thread 3171] bm_table_add_entry
[11:16:10.176] [bmv2] [E] [thread 3171] Error when trying to add entry to table 'MyIngress.max_path_size': DUPLICATE_ENTRY
[11:17:55.654] [bmv2] [T] [thread 3302] bm_get_config
[11:17:55.655] [bmv2] [T] [thread 3302] bm_mt_get_entries
[11:17:55.655] [bmv2] [T] [thread 3302] bm_mt_get_entries
[11:17:55.656] [bmv2] [T] [thread 3302] bm_mt_get_entries
[11:17:55.694] [bmv2] [T] [thread 3302] bm_reset_state
[11:17:55.698] [bmv2] [D] [thread 3302] Resetting simple_switch target-specific state
[11:17:55.698] [bmv2] [D] [thread 3302] resetting PRE state
[11:17:55.722] [bmv2] [T] [thread 3302] bm_register_write
[11:17:55.725] [bmv2] [T] [thread 3302] bm_table_add_entry
[11:17:55.725] [bmv2] [D] [thread 3302] Entry 0 added to table 'MyIngress.max_path_size'
[11:17:55.725] [bmv2] [D] [thread 3302] Dumping entry 0
Match key:
* hdr.ipv4.dstAddr    : LPM       0a010102/24
Action entry: MyIngress.read_max_curr_path_size - 0,

[11:17:55.742] [bmv2] [T] [thread 3302] bm_table_add_entry
[11:17:55.742] [bmv2] [D] [thread 3302] Entry 0 added to table 'MyIngress.ipv4_lpm'
[11:17:55.742] [bmv2] [D] [thread 3302] Dumping entry 0
Match key:
* hdr.ipv4.dstAddr    : LPM       0a010102/24
Action entry: MyIngress.read_port - 4,

[11:17:55.742] [bmv2] [T] [thread 3302] bm_register_write
[11:17:55.749] [bmv2] [T] [thread 3302] bm_register_write
[11:17:55.750] [bmv2] [T] [thread 3302] bm_table_add_entry
[11:17:55.750] [bmv2] [E] [thread 3302] Error when trying to add entry to table 'MyIngress.max_path_size': DUPLICATE_ENTRY
[11:17:55.756] [bmv2] [T] [thread 3302] bm_table_add_entry
[11:17:55.756] [bmv2] [E] [thread 3302] Error when trying to add entry to table 'MyIngress.ipv4_lpm': DUPLICATE_ENTRY
[11:17:55.757] [bmv2] [T] [thread 3302] bm_register_write
[11:18:01.431] [bmv2] [T] [thread 3318] bm_get_config
[11:18:01.432] [bmv2] [T] [thread 3318] bm_mt_get_entries
[11:18:01.432] [bmv2] [T] [thread 3318] bm_mt_get_entries
[11:18:01.432] [bmv2] [T] [thread 3318] bm_mt_get_entries
[11:18:01.471] [bmv2] [T] [thread 3318] bm_reset_state
[11:18:01.475] [bmv2] [D] [thread 3318] Resetting simple_switch target-specific state
[11:18:01.475] [bmv2] [D] [thread 3318] resetting PRE state
[11:18:01.491] [bmv2] [T] [thread 3318] bm_register_write
[11:18:01.492] [bmv2] [T] [thread 3318] bm_table_add_entry
[11:18:01.493] [bmv2] [D] [thread 3318] Entry 0 added to table 'MyIngress.max_path_size'
[11:18:01.493] [bmv2] [D] [thread 3318] Dumping entry 0
Match key:
* hdr.ipv4.dstAddr    : LPM       0a010102/24
Action entry: MyIngress.read_max_curr_path_size - 0,

[11:18:01.508] [bmv2] [T] [thread 3318] bm_table_add_entry
[11:18:01.508] [bmv2] [D] [thread 3318] Entry 0 added to table 'MyIngress.ipv4_lpm'
[11:18:01.508] [bmv2] [D] [thread 3318] Dumping entry 0
Match key:
* hdr.ipv4.dstAddr    : LPM       0a010102/24
Action entry: MyIngress.read_port - 4,

[11:18:01.509] [bmv2] [T] [thread 3318] bm_register_write
[11:18:01.518] [bmv2] [T] [thread 3318] bm_register_write
[11:18:01.519] [bmv2] [T] [thread 3318] bm_table_add_entry
[11:18:01.519] [bmv2] [E] [thread 3318] Error when trying to add entry to table 'MyIngress.max_path_size': DUPLICATE_ENTRY
[11:18:01.530] [bmv2] [T] [thread 3318] bm_table_add_entry
[11:18:01.530] [bmv2] [E] [thread 3318] Error when trying to add entry to table 'MyIngress.ipv4_lpm': DUPLICATE_ENTRY
[11:18:01.530] [bmv2] [T] [thread 3318] bm_register_write
