Warning: you requested the nanomsg event logger, but bmv2 was compiled without -DBMELOG, and the event logger cannot be activated
Calling target program-options parser
[11:12:29.472] [bmv2] [D] [thread 2603] Set default default entry for table 'MyIngress.ipv4_lpm': MyIngress.drop - 
[11:12:29.472] [bmv2] [D] [thread 2603] Set default default entry for table 'tbl_read_alternativePort': MyIngress.read_alternativePort - 
[11:12:29.472] [bmv2] [D] [thread 2603] Set default default entry for table 'tbl_fast_reroute141': fast_reroute141 - 
[11:12:29.472] [bmv2] [D] [thread 2603] Set default default entry for table 'MyIngress.rewrite_mac': MyIngress.drop - 
[11:12:29.472] [bmv2] [D] [thread 2603] Set default default entry for table 'MyIngress.max_path_size': NoAction - 
[11:12:29.472] [bmv2] [D] [thread 2603] Set default default entry for table 'tbl_update_curr_path_size': MyIngress.update_curr_path_size - 
[11:12:29.472] [bmv2] [D] [thread 2603] Set default default entry for table 'tbl_read_depot_port': MyIngress.read_depot_port - 
[11:12:29.472] [bmv2] [D] [thread 2603] Set default default entry for table 'tbl_fast_reroute149': fast_reroute149 - 
[11:12:29.472] [bmv2] [D] [thread 2603] Set default default entry for table 'tbl_reset_curr_path_size': MyIngress.reset_curr_path_size - 
Adding interface s7-eth1 as port 1
[11:12:29.475] [bmv2] [D] [thread 2603] Adding interface s7-eth1 as port 1
Adding interface s7-eth2 as port 2
[11:12:29.521] [bmv2] [D] [thread 2603] Adding interface s7-eth2 as port 2
[11:12:29.561] [bmv2] [I] [thread 2603] Starting Thrift server on port 9096
[11:12:29.562] [bmv2] [I] [thread 2603] Thrift server was started
[11:12:29.589] [bmv2] [D] [thread 2611] [0.0] [cxt 0] Processing packet received on port 1
[11:12:29.589] [bmv2] [D] [thread 2611] [0.0] [cxt 0] Parser 'parser': start
[11:12:29.589] [bmv2] [D] [thread 2611] [0.0] [cxt 0] Parser 'parser' entering state 'start'
[11:12:29.589] [bmv2] [D] [thread 2611] [0.0] [cxt 0] Extracting header 'ethernet'
[11:12:29.589] [bmv2] [D] [thread 2611] [0.0] [cxt 0] Parser state 'start': key is 86dd
[11:12:29.589] [bmv2] [T] [thread 2611] [0.0] [cxt 0] Bytes parsed: 14
[11:12:29.589] [bmv2] [D] [thread 2611] [0.0] [cxt 0] Parser 'parser': end
[11:12:29.589] [bmv2] [D] [thread 2611] [0.0] [cxt 0] Pipeline 'ingress': start
[11:12:29.589] [bmv2] [T] [thread 2611] [0.0] [cxt 0] /home/p4/git/master_degree_p4_unipampa/FRR_SR/p4src/fast_reroute.p4(132) Condition "hdr.ipv4.isValid()" (node_2) is false
[11:12:29.589] [bmv2] [D] [thread 2611] [0.0] [cxt 0] Pipeline 'ingress': end
[11:12:29.589] [bmv2] [D] [thread 2611] [0.0] [cxt 0] Egress port is 0
[11:12:29.589] [bmv2] [D] [thread 2612] [0.0] [cxt 0] Pipeline 'egress': start
[11:12:29.589] [bmv2] [D] [thread 2612] [0.0] [cxt 0] Pipeline 'egress': end
[11:12:29.589] [bmv2] [D] [thread 2612] [0.0] [cxt 0] Deparser 'deparser': start
[11:12:29.589] [bmv2] [T] [thread 2612] [0.0] [cxt 0] Skipping checksum 'cksum' update because condition not met
[11:12:29.589] [bmv2] [D] [thread 2612] [0.0] [cxt 0] Deparsing header 'ethernet'
[11:12:29.589] [bmv2] [D] [thread 2612] [0.0] [cxt 0] Deparser 'deparser': end
[11:12:29.589] [bmv2] [D] [thread 2616] [0.0] [cxt 0] Transmitting packet of size 107 out of port 0
[11:12:29.618] [bmv2] [D] [thread 2611] [1.0] [cxt 0] Processing packet received on port 1
[11:12:29.618] [bmv2] [D] [thread 2611] [1.0] [cxt 0] Parser 'parser': start
[11:12:29.618] [bmv2] [D] [thread 2611] [1.0] [cxt 0] Parser 'parser' entering state 'start'
[11:12:29.618] [bmv2] [D] [thread 2611] [1.0] [cxt 0] Extracting header 'ethernet'
[11:12:29.618] [bmv2] [D] [thread 2611] [1.0] [cxt 0] Parser state 'start': key is 86dd
[11:12:29.618] [bmv2] [T] [thread 2611] [1.0] [cxt 0] Bytes parsed: 14
[11:12:29.618] [bmv2] [D] [thread 2611] [1.0] [cxt 0] Parser 'parser': end
[11:12:29.618] [bmv2] [D] [thread 2611] [1.0] [cxt 0] Pipeline 'ingress': start
[11:12:29.618] [bmv2] [T] [thread 2611] [1.0] [cxt 0] /home/p4/git/master_degree_p4_unipampa/FRR_SR/p4src/fast_reroute.p4(132) Condition "hdr.ipv4.isValid()" (node_2) is false
[11:12:29.618] [bmv2] [D] [thread 2611] [1.0] [cxt 0] Pipeline 'ingress': end
[11:12:29.618] [bmv2] [D] [thread 2611] [1.0] [cxt 0] Egress port is 0
[11:12:29.618] [bmv2] [D] [thread 2611] [2.0] [cxt 0] Processing packet received on port 1
[11:12:29.618] [bmv2] [D] [thread 2611] [2.0] [cxt 0] Parser 'parser': start
[11:12:29.618] [bmv2] [D] [thread 2611] [2.0] [cxt 0] Parser 'parser' entering state 'start'
[11:12:29.618] [bmv2] [D] [thread 2611] [2.0] [cxt 0] Extracting header 'ethernet'
[11:12:29.618] [bmv2] [D] [thread 2611] [2.0] [cxt 0] Parser state 'start': key is 86dd
[11:12:29.618] [bmv2] [T] [thread 2611] [2.0] [cxt 0] Bytes parsed: 14
[11:12:29.618] [bmv2] [D] [thread 2611] [2.0] [cxt 0] Parser 'parser': end
[11:12:29.618] [bmv2] [D] [thread 2611] [2.0] [cxt 0] Pipeline 'ingress': start
[11:12:29.618] [bmv2] [T] [thread 2611] [2.0] [cxt 0] /home/p4/git/master_degree_p4_unipampa/FRR_SR/p4src/fast_reroute.p4(132) Condition "hdr.ipv4.isValid()" (node_2) is false
[11:12:29.618] [bmv2] [D] [thread 2611] [2.0] [cxt 0] Pipeline 'ingress': end
[11:12:29.618] [bmv2] [D] [thread 2611] [2.0] [cxt 0] Egress port is 0
[11:12:29.618] [bmv2] [D] [thread 2612] [1.0] [cxt 0] Pipeline 'egress': start
[11:12:29.618] [bmv2] [D] [thread 2612] [1.0] [cxt 0] Pipeline 'egress': end
[11:12:29.618] [bmv2] [D] [thread 2612] [1.0] [cxt 0] Deparser 'deparser': start
[11:12:29.618] [bmv2] [T] [thread 2612] [1.0] [cxt 0] Skipping checksum 'cksum' update because condition not met
[11:12:29.618] [bmv2] [D] [thread 2612] [1.0] [cxt 0] Deparsing header 'ethernet'
[11:12:29.618] [bmv2] [D] [thread 2612] [1.0] [cxt 0] Deparser 'deparser': end
[11:12:29.618] [bmv2] [D] [thread 2612] [2.0] [cxt 0] Pipeline 'egress': start
[11:12:29.618] [bmv2] [D] [thread 2612] [2.0] [cxt 0] Pipeline 'egress': end
[11:12:29.618] [bmv2] [D] [thread 2612] [2.0] [cxt 0] Deparser 'deparser': start
[11:12:29.618] [bmv2] [T] [thread 2612] [2.0] [cxt 0] Skipping checksum 'cksum' update because condition not met
[11:12:29.618] [bmv2] [D] [thread 2612] [2.0] [cxt 0] Deparsing header 'ethernet'
[11:12:29.618] [bmv2] [D] [thread 2612] [2.0] [cxt 0] Deparser 'deparser': end
[11:12:29.618] [bmv2] [D] [thread 2616] [1.0] [cxt 0] Transmitting packet of size 90 out of port 0
[11:12:29.618] [bmv2] [D] [thread 2616] [2.0] [cxt 0] Transmitting packet of size 70 out of port 0
[11:16:10.100] [bmv2] [T] [thread 3172] bm_get_config
[11:16:10.102] [bmv2] [T] [thread 3172] bm_mt_get_entries
[11:16:10.102] [bmv2] [T] [thread 3172] bm_mt_get_entries
[11:16:10.102] [bmv2] [T] [thread 3172] bm_mt_get_entries
[11:16:10.146] [bmv2] [T] [thread 3172] bm_reset_state
[11:16:10.151] [bmv2] [D] [thread 3172] Resetting simple_switch target-specific state
[11:16:10.151] [bmv2] [D] [thread 3172] resetting PRE state
[11:16:10.182] [bmv2] [T] [thread 3172] bm_register_write
[11:16:10.183] [bmv2] [T] [thread 3172] bm_table_add_entry
[11:16:10.183] [bmv2] [D] [thread 3172] Entry 0 added to table 'MyIngress.max_path_size'
[11:16:10.183] [bmv2] [D] [thread 3172] Dumping entry 0
Match key:
* hdr.ipv4.dstAddr    : LPM       0a010102/24
Action entry: MyIngress.read_max_curr_path_size - 1,

[11:17:55.657] [bmv2] [T] [thread 3303] bm_get_config
[11:17:55.658] [bmv2] [T] [thread 3303] bm_mt_get_entries
[11:17:55.658] [bmv2] [T] [thread 3303] bm_mt_get_entries
[11:17:55.658] [bmv2] [T] [thread 3303] bm_mt_get_entries
[11:17:55.699] [bmv2] [T] [thread 3303] bm_reset_state
[11:17:55.703] [bmv2] [D] [thread 3303] Resetting simple_switch target-specific state
[11:17:55.703] [bmv2] [D] [thread 3303] resetting PRE state
[11:17:55.752] [bmv2] [T] [thread 3303] bm_register_write
[11:17:55.753] [bmv2] [T] [thread 3303] bm_table_add_entry
[11:17:55.753] [bmv2] [D] [thread 3303] Entry 0 added to table 'MyIngress.max_path_size'
[11:17:55.753] [bmv2] [D] [thread 3303] Dumping entry 0
Match key:
* hdr.ipv4.dstAddr    : LPM       0a010102/24
Action entry: MyIngress.read_max_curr_path_size - 1,

[11:17:55.759] [bmv2] [T] [thread 3303] bm_table_add_entry
[11:17:55.759] [bmv2] [D] [thread 3303] Entry 0 added to table 'MyIngress.ipv4_lpm'
[11:17:55.759] [bmv2] [D] [thread 3303] Dumping entry 0
Match key:
* hdr.ipv4.dstAddr    : LPM       0a010102/24
Action entry: MyIngress.read_port - 1,

[11:17:55.759] [bmv2] [T] [thread 3303] bm_register_write
[11:18:01.433] [bmv2] [T] [thread 3319] bm_get_config
[11:18:01.434] [bmv2] [T] [thread 3319] bm_mt_get_entries
[11:18:01.435] [bmv2] [T] [thread 3319] bm_mt_get_entries
[11:18:01.435] [bmv2] [T] [thread 3319] bm_mt_get_entries
[11:18:01.476] [bmv2] [T] [thread 3319] bm_reset_state
[11:18:01.480] [bmv2] [D] [thread 3319] Resetting simple_switch target-specific state
[11:18:01.480] [bmv2] [D] [thread 3319] resetting PRE state
[11:18:01.524] [bmv2] [T] [thread 3319] bm_register_write
[11:18:01.525] [bmv2] [T] [thread 3319] bm_table_add_entry
[11:18:01.525] [bmv2] [D] [thread 3319] Entry 0 added to table 'MyIngress.max_path_size'
[11:18:01.525] [bmv2] [D] [thread 3319] Dumping entry 0
Match key:
* hdr.ipv4.dstAddr    : LPM       0a010102/24
Action entry: MyIngress.read_max_curr_path_size - 1,

[11:18:01.534] [bmv2] [T] [thread 3319] bm_table_add_entry
[11:18:01.534] [bmv2] [D] [thread 3319] Entry 0 added to table 'MyIngress.ipv4_lpm'
[11:18:01.534] [bmv2] [D] [thread 3319] Dumping entry 0
Match key:
* hdr.ipv4.dstAddr    : LPM       0a010102/24
Action entry: MyIngress.read_port - 1,

[11:18:01.534] [bmv2] [T] [thread 3319] bm_register_write
