Warning: you requested the nanomsg event logger, but bmv2 was compiled without -DBMELOG, and the event logger cannot be activated
Calling target program-options parser
[14:14:55.542] [bmv2] [D] [thread 2887] Set default default entry for table 'tbl_source_routing90': source_routing90 - 
[14:14:55.542] [bmv2] [D] [thread 2887] Set default default entry for table 'tbl_source_routing75': source_routing75 - 
[14:14:55.542] [bmv2] [D] [thread 2887] Set default default entry for table 'MyIngress.device_to_port': NoAction - 
[14:14:55.542] [bmv2] [D] [thread 2887] Set default default entry for table 'tbl_act': act - 
[14:14:55.542] [bmv2] [D] [thread 2887] Set default default entry for table 'tbl_act_0': act_0 - 
[14:14:55.542] [bmv2] [D] [thread 2887] Set default default entry for table 'tbl_source_routing90_0': source_routing90_0 - 
[14:14:55.542] [bmv2] [D] [thread 2887] Set default default entry for table 'tbl_set_normal_ethernet': MyIngress.set_normal_ethernet - 
[14:14:55.542] [bmv2] [D] [thread 2887] Set default default entry for table 'tbl_source_routing95': source_routing95 - 
[14:14:55.542] [bmv2] [D] [thread 2887] Set default default entry for table 'MyIngress.ipv4_lpm': NoAction - 
[14:14:55.542] [bmv2] [D] [thread 2887] Set default default entry for table 'tbl_set_normal_ethernet_0': MyIngress.set_normal_ethernet - 
[14:14:55.542] [bmv2] [D] [thread 2887] Set default default entry for table 'tbl_source_routing106': source_routing106 - 
Adding interface s1-eth1 as port 1
[14:14:55.548] [bmv2] [D] [thread 2887] Adding interface s1-eth1 as port 1
Adding interface s1-eth2 as port 2
[14:14:55.575] [bmv2] [D] [thread 2887] Adding interface s1-eth2 as port 2
Adding interface s1-eth3 as port 3
[14:14:55.583] [bmv2] [D] [thread 2887] Adding interface s1-eth3 as port 3
Adding interface s1-eth4 as port 4
[14:14:55.606] [bmv2] [D] [thread 2887] Adding interface s1-eth4 as port 4
[14:14:55.611] [bmv2] [I] [thread 2887] Starting Thrift server on port 9090
[14:14:55.611] [bmv2] [I] [thread 2887] Thrift server was started
[14:14:55.735] [bmv2] [D] [thread 3008] [0.0] [cxt 0] Processing packet received on port 3
[14:14:55.735] [bmv2] [D] [thread 3008] [0.0] [cxt 0] Parser 'parser': start
[14:14:55.735] [bmv2] [D] [thread 3008] [0.0] [cxt 0] Parser 'parser' entering state 'start'
[14:14:55.735] [bmv2] [D] [thread 3008] [0.0] [cxt 0] Extracting header 'ethernet'
[14:14:55.735] [bmv2] [D] [thread 3008] [0.0] [cxt 0] Parser state 'start': key is 86dd
[14:14:55.735] [bmv2] [T] [thread 3008] [0.0] [cxt 0] Bytes parsed: 14
[14:14:55.735] [bmv2] [D] [thread 3008] [0.0] [cxt 0] Parser 'parser': end
[14:14:55.735] [bmv2] [D] [thread 3008] [0.0] [cxt 0] Pipeline 'ingress': start
[14:14:55.735] [bmv2] [T] [thread 3008] [0.0] [cxt 0] /home/p4/git/master_degree_p4_unipampa/SR/p4src/source_routing.p4(90) Condition "hdr.source_routes[0].isValid()" (node_2) is true
[14:14:55.735] [bmv2] [T] [thread 3008] [0.0] [cxt 0] Applying table 'tbl_source_routing90'
[14:14:55.735] [bmv2] [D] [thread 3008] [0.0] [cxt 0] Looking up key:

[14:14:55.735] [bmv2] [D] [thread 3008] [0.0] [cxt 0] Table 'tbl_source_routing90': miss
[14:14:55.735] [bmv2] [D] [thread 3008] [0.0] [cxt 0] Action entry is source_routing90 - 
[14:14:55.735] [bmv2] [T] [thread 3008] [0.0] [cxt 0] Action source_routing90
[14:14:55.735] [bmv2] [T] [thread 3008] [0.0] [cxt 0] /home/p4/git/master_degree_p4_unipampa/SR/p4src/source_routing.p4(90) Primitive hdr.source_routes[0].isValid() && device_to_port.apply().hit
[14:14:55.735] [bmv2] [T] [thread 3008] [0.0] [cxt 0] Condition "node_9" (node_9) is false
[14:14:55.735] [bmv2] [T] [thread 3008] [0.0] [cxt 0] /home/p4/git/master_degree_p4_unipampa/SR/p4src/source_routing.p4(98) Condition "hdr.ipv4.isValid()" (node_13) is false
[14:14:55.735] [bmv2] [D] [thread 3008] [0.0] [cxt 0] Pipeline 'ingress': end
[14:14:55.735] [bmv2] [D] [thread 3008] [0.0] [cxt 0] Egress port is 0
[14:14:55.735] [bmv2] [D] [thread 3009] [0.0] [cxt 0] Pipeline 'egress': start
[14:14:55.735] [bmv2] [D] [thread 3009] [0.0] [cxt 0] Pipeline 'egress': end
[14:14:55.735] [bmv2] [D] [thread 3009] [0.0] [cxt 0] Deparser 'deparser': start
[14:14:55.735] [bmv2] [T] [thread 3009] [0.0] [cxt 0] Skipping checksum 'cksum' update because condition not met
[14:14:55.735] [bmv2] [D] [thread 3009] [0.0] [cxt 0] Deparsing header 'ethernet'
[14:14:55.735] [bmv2] [D] [thread 3009] [0.0] [cxt 0] Deparser 'deparser': end
[14:14:55.735] [bmv2] [D] [thread 3013] [0.0] [cxt 0] Transmitting packet of size 86 out of port 0
[14:14:55.768] [bmv2] [D] [thread 3008] [1.0] [cxt 0] Processing packet received on port 4
[14:14:55.768] [bmv2] [D] [thread 3008] [1.0] [cxt 0] Parser 'parser': start
[14:14:55.768] [bmv2] [D] [thread 3008] [1.0] [cxt 0] Parser 'parser' entering state 'start'
[14:14:55.768] [bmv2] [D] [thread 3008] [1.0] [cxt 0] Extracting header 'ethernet'
[14:14:55.768] [bmv2] [D] [thread 3008] [1.0] [cxt 0] Parser state 'start': key is 86dd
[14:14:55.768] [bmv2] [T] [thread 3008] [1.0] [cxt 0] Bytes parsed: 14
[14:14:55.768] [bmv2] [D] [thread 3008] [1.0] [cxt 0] Parser 'parser': end
[14:14:55.768] [bmv2] [D] [thread 3008] [1.0] [cxt 0] Pipeline 'ingress': start
[14:14:55.768] [bmv2] [T] [thread 3008] [1.0] [cxt 0] /home/p4/git/master_degree_p4_unipampa/SR/p4src/source_routing.p4(90) Condition "hdr.source_routes[0].isValid()" (node_2) is true
[14:14:55.768] [bmv2] [T] [thread 3008] [1.0] [cxt 0] Applying table 'tbl_source_routing90'
[14:14:55.768] [bmv2] [D] [thread 3008] [1.0] [cxt 0] Looking up key:

[14:14:55.768] [bmv2] [D] [thread 3008] [1.0] [cxt 0] Table 'tbl_source_routing90': miss
[14:14:55.768] [bmv2] [D] [thread 3008] [1.0] [cxt 0] Action entry is source_routing90 - 
[14:14:55.768] [bmv2] [T] [thread 3008] [1.0] [cxt 0] Action source_routing90
[14:14:55.768] [bmv2] [T] [thread 3008] [1.0] [cxt 0] /home/p4/git/master_degree_p4_unipampa/SR/p4src/source_routing.p4(90) Primitive hdr.source_routes[0].isValid() && device_to_port.apply().hit
[14:14:55.768] [bmv2] [T] [thread 3008] [1.0] [cxt 0] Condition "node_9" (node_9) is false
[14:14:55.768] [bmv2] [T] [thread 3008] [1.0] [cxt 0] /home/p4/git/master_degree_p4_unipampa/SR/p4src/source_routing.p4(98) Condition "hdr.ipv4.isValid()" (node_13) is false
[14:14:55.768] [bmv2] [D] [thread 3008] [1.0] [cxt 0] Pipeline 'ingress': end
[14:14:55.768] [bmv2] [D] [thread 3008] [1.0] [cxt 0] Egress port is 0
[14:14:55.769] [bmv2] [D] [thread 3009] [1.0] [cxt 0] Pipeline 'egress': start
[14:14:55.769] [bmv2] [D] [thread 3008] [2.0] [cxt 0] Processing packet received on port 4
[14:14:55.769] [bmv2] [D] [thread 3008] [2.0] [cxt 0] Parser 'parser': start
[14:14:55.769] [bmv2] [D] [thread 3009] [1.0] [cxt 0] Pipeline 'egress': end
[14:14:55.769] [bmv2] [D] [thread 3009] [1.0] [cxt 0] Deparser 'deparser': start
[14:14:55.769] [bmv2] [T] [thread 3009] [1.0] [cxt 0] Skipping checksum 'cksum' update because condition not met
[14:14:55.769] [bmv2] [D] [thread 3009] [1.0] [cxt 0] Deparsing header 'ethernet'
[14:14:55.769] [bmv2] [D] [thread 3009] [1.0] [cxt 0] Deparser 'deparser': end
[14:14:55.769] [bmv2] [D] [thread 3013] [1.0] [cxt 0] Transmitting packet of size 90 out of port 0
[14:14:55.769] [bmv2] [D] [thread 3008] [2.0] [cxt 0] Parser 'parser' entering state 'start'
[14:14:55.769] [bmv2] [D] [thread 3008] [2.0] [cxt 0] Extracting header 'ethernet'
[14:14:55.769] [bmv2] [D] [thread 3008] [2.0] [cxt 0] Parser state 'start': key is 86dd
[14:14:55.769] [bmv2] [T] [thread 3008] [2.0] [cxt 0] Bytes parsed: 14
[14:14:55.769] [bmv2] [D] [thread 3008] [2.0] [cxt 0] Parser 'parser': end
[14:14:55.769] [bmv2] [D] [thread 3008] [2.0] [cxt 0] Pipeline 'ingress': start
[14:14:55.769] [bmv2] [T] [thread 3008] [2.0] [cxt 0] /home/p4/git/master_degree_p4_unipampa/SR/p4src/source_routing.p4(90) Condition "hdr.source_routes[0].isValid()" (node_2) is true
[14:14:55.769] [bmv2] [T] [thread 3008] [2.0] [cxt 0] Applying table 'tbl_source_routing90'
[14:14:55.769] [bmv2] [D] [thread 3008] [2.0] [cxt 0] Looking up key:

[14:14:55.769] [bmv2] [D] [thread 3008] [2.0] [cxt 0] Table 'tbl_source_routing90': miss
[14:14:55.769] [bmv2] [D] [thread 3008] [2.0] [cxt 0] Action entry is source_routing90 - 
[14:14:55.769] [bmv2] [T] [thread 3008] [2.0] [cxt 0] Action source_routing90
[14:14:55.769] [bmv2] [T] [thread 3008] [2.0] [cxt 0] /home/p4/git/master_degree_p4_unipampa/SR/p4src/source_routing.p4(90) Primitive hdr.source_routes[0].isValid() && device_to_port.apply().hit
[14:14:55.769] [bmv2] [T] [thread 3008] [2.0] [cxt 0] Condition "node_9" (node_9) is false
[14:14:55.769] [bmv2] [T] [thread 3008] [2.0] [cxt 0] /home/p4/git/master_degree_p4_unipampa/SR/p4src/source_routing.p4(98) Condition "hdr.ipv4.isValid()" (node_13) is false
[14:14:55.769] [bmv2] [D] [thread 3008] [2.0] [cxt 0] Pipeline 'ingress': end
[14:14:55.769] [bmv2] [D] [thread 3008] [2.0] [cxt 0] Egress port is 0
[14:14:55.769] [bmv2] [D] [thread 3009] [2.0] [cxt 0] Pipeline 'egress': start
[14:14:55.769] [bmv2] [D] [thread 3009] [2.0] [cxt 0] Pipeline 'egress': end
[14:14:55.769] [bmv2] [D] [thread 3009] [2.0] [cxt 0] Deparser 'deparser': start
[14:14:55.769] [bmv2] [T] [thread 3009] [2.0] [cxt 0] Skipping checksum 'cksum' update because condition not met
[14:14:55.769] [bmv2] [D] [thread 3009] [2.0] [cxt 0] Deparsing header 'ethernet'
[14:14:55.769] [bmv2] [D] [thread 3009] [2.0] [cxt 0] Deparser 'deparser': end
[14:14:55.769] [bmv2] [D] [thread 3013] [2.0] [cxt 0] Transmitting packet of size 86 out of port 0
[14:14:55.864] [bmv2] [D] [thread 3008] [3.0] [cxt 0] Processing packet received on port 4
[14:14:55.864] [bmv2] [D] [thread 3008] [3.0] [cxt 0] Parser 'parser': start
[14:14:55.864] [bmv2] [D] [thread 3008] [3.0] [cxt 0] Parser 'parser' entering state 'start'
[14:14:55.864] [bmv2] [D] [thread 3008] [3.0] [cxt 0] Extracting header 'ethernet'
[14:14:55.864] [bmv2] [D] [thread 3008] [3.0] [cxt 0] Parser state 'start': key is 86dd
[14:14:55.864] [bmv2] [T] [thread 3008] [3.0] [cxt 0] Bytes parsed: 14
[14:14:55.864] [bmv2] [D] [thread 3008] [3.0] [cxt 0] Parser 'parser': end
[14:14:55.864] [bmv2] [D] [thread 3008] [3.0] [cxt 0] Pipeline 'ingress': start
[14:14:55.864] [bmv2] [T] [thread 3008] [3.0] [cxt 0] /home/p4/git/master_degree_p4_unipampa/SR/p4src/source_routing.p4(90) Condition "hdr.source_routes[0].isValid()" (node_2) is true
[14:14:55.864] [bmv2] [T] [thread 3008] [3.0] [cxt 0] Applying table 'tbl_source_routing90'
[14:14:55.864] [bmv2] [D] [thread 3008] [3.0] [cxt 0] Looking up key:

[14:14:55.864] [bmv2] [D] [thread 3008] [3.0] [cxt 0] Table 'tbl_source_routing90': miss
[14:14:55.864] [bmv2] [D] [thread 3008] [3.0] [cxt 0] Action entry is source_routing90 - 
[14:14:55.864] [bmv2] [T] [thread 3008] [3.0] [cxt 0] Action source_routing90
[14:14:55.864] [bmv2] [T] [thread 3008] [3.0] [cxt 0] /home/p4/git/master_degree_p4_unipampa/SR/p4src/source_routing.p4(90) Primitive hdr.source_routes[0].isValid() && device_to_port.apply().hit
[14:14:55.864] [bmv2] [T] [thread 3008] [3.0] [cxt 0] Condition "node_9" (node_9) is false
[14:14:55.864] [bmv2] [T] [thread 3008] [3.0] [cxt 0] /home/p4/git/master_degree_p4_unipampa/SR/p4src/source_routing.p4(98) Condition "hdr.ipv4.isValid()" (node_13) is false
[14:14:55.864] [bmv2] [D] [thread 3008] [3.0] [cxt 0] Pipeline 'ingress': end
[14:14:55.864] [bmv2] [D] [thread 3008] [3.0] [cxt 0] Egress port is 0
[14:14:55.864] [bmv2] [D] [thread 3009] [3.0] [cxt 0] Pipeline 'egress': start
[14:14:55.865] [bmv2] [D] [thread 3009] [3.0] [cxt 0] Pipeline 'egress': end
[14:14:55.865] [bmv2] [D] [thread 3009] [3.0] [cxt 0] Deparser 'deparser': start
[14:14:55.865] [bmv2] [T] [thread 3009] [3.0] [cxt 0] Skipping checksum 'cksum' update because condition not met
[14:14:55.865] [bmv2] [D] [thread 3009] [3.0] [cxt 0] Deparsing header 'ethernet'
[14:14:55.865] [bmv2] [D] [thread 3009] [3.0] [cxt 0] Deparser 'deparser': end
[14:14:55.865] [bmv2] [D] [thread 3013] [3.0] [cxt 0] Transmitting packet of size 86 out of port 0
[14:14:55.926] [bmv2] [D] [thread 3008] [4.0] [cxt 0] Processing packet received on port 2
[14:14:55.926] [bmv2] [D] [thread 3008] [4.0] [cxt 0] Parser 'parser': start
[14:14:55.926] [bmv2] [D] [thread 3008] [4.0] [cxt 0] Parser 'parser' entering state 'start'
[14:14:55.926] [bmv2] [D] [thread 3008] [4.0] [cxt 0] Extracting header 'ethernet'
[14:14:55.926] [bmv2] [D] [thread 3008] [4.0] [cxt 0] Parser state 'start': key is 86dd
[14:14:55.926] [bmv2] [T] [thread 3008] [4.0] [cxt 0] Bytes parsed: 14
[14:14:55.926] [bmv2] [D] [thread 3008] [4.0] [cxt 0] Parser 'parser': end
[14:14:55.926] [bmv2] [D] [thread 3008] [4.0] [cxt 0] Pipeline 'ingress': start
[14:14:55.926] [bmv2] [T] [thread 3008] [4.0] [cxt 0] /home/p4/git/master_degree_p4_unipampa/SR/p4src/source_routing.p4(90) Condition "hdr.source_routes[0].isValid()" (node_2) is true
[14:14:55.926] [bmv2] [T] [thread 3008] [4.0] [cxt 0] Applying table 'tbl_source_routing90'
[14:14:55.926] [bmv2] [D] [thread 3008] [4.0] [cxt 0] Looking up key:

[14:14:55.926] [bmv2] [D] [thread 3008] [4.0] [cxt 0] Table 'tbl_source_routing90': miss
[14:14:55.926] [bmv2] [D] [thread 3008] [4.0] [cxt 0] Action entry is source_routing90 - 
[14:14:55.926] [bmv2] [T] [thread 3008] [4.0] [cxt 0] Action source_routing90
[14:14:55.926] [bmv2] [T] [thread 3008] [4.0] [cxt 0] /home/p4/git/master_degree_p4_unipampa/SR/p4src/source_routing.p4(90) Primitive hdr.source_routes[0].isValid() && device_to_port.apply().hit
[14:14:55.926] [bmv2] [T] [thread 3008] [4.0] [cxt 0] Condition "node_9" (node_9) is false
[14:14:55.926] [bmv2] [T] [thread 3008] [4.0] [cxt 0] /home/p4/git/master_degree_p4_unipampa/SR/p4src/source_routing.p4(98) Condition "hdr.ipv4.isValid()" (node_13) is false
[14:14:55.926] [bmv2] [D] [thread 3008] [4.0] [cxt 0] Pipeline 'ingress': end
[14:14:55.926] [bmv2] [D] [thread 3008] [4.0] [cxt 0] Egress port is 0
[14:14:55.927] [bmv2] [D] [thread 3009] [4.0] [cxt 0] Pipeline 'egress': start
[14:14:55.927] [bmv2] [D] [thread 3009] [4.0] [cxt 0] Pipeline 'egress': end
[14:14:55.927] [bmv2] [D] [thread 3009] [4.0] [cxt 0] Deparser 'deparser': start
[14:14:55.927] [bmv2] [T] [thread 3009] [4.0] [cxt 0] Skipping checksum 'cksum' update because condition not met
[14:14:55.927] [bmv2] [D] [thread 3009] [4.0] [cxt 0] Deparsing header 'ethernet'
[14:14:55.927] [bmv2] [D] [thread 3009] [4.0] [cxt 0] Deparser 'deparser': end
[14:14:55.927] [bmv2] [D] [thread 3013] [4.0] [cxt 0] Transmitting packet of size 90 out of port 0
[14:14:55.958] [bmv2] [D] [thread 3008] [5.0] [cxt 0] Processing packet received on port 2
[14:14:55.958] [bmv2] [D] [thread 3008] [5.0] [cxt 0] Parser 'parser': start
[14:14:55.958] [bmv2] [D] [thread 3008] [5.0] [cxt 0] Parser 'parser' entering state 'start'
[14:14:55.958] [bmv2] [D] [thread 3008] [5.0] [cxt 0] Extracting header 'ethernet'
[14:14:55.958] [bmv2] [D] [thread 3008] [5.0] [cxt 0] Parser state 'start': key is 86dd
[14:14:55.958] [bmv2] [T] [thread 3008] [5.0] [cxt 0] Bytes parsed: 14
[14:14:55.958] [bmv2] [D] [thread 3008] [5.0] [cxt 0] Parser 'parser': end
[14:14:55.958] [bmv2] [D] [thread 3008] [5.0] [cxt 0] Pipeline 'ingress': start
[14:14:55.958] [bmv2] [T] [thread 3008] [5.0] [cxt 0] /home/p4/git/master_degree_p4_unipampa/SR/p4src/source_routing.p4(90) Condition "hdr.source_routes[0].isValid()" (node_2) is true
[14:14:55.958] [bmv2] [T] [thread 3008] [5.0] [cxt 0] Applying table 'tbl_source_routing90'
[14:14:55.958] [bmv2] [D] [thread 3008] [5.0] [cxt 0] Looking up key:

[14:14:55.958] [bmv2] [D] [thread 3008] [5.0] [cxt 0] Table 'tbl_source_routing90': miss
[14:14:55.958] [bmv2] [D] [thread 3008] [5.0] [cxt 0] Action entry is source_routing90 - 
[14:14:55.958] [bmv2] [T] [thread 3008] [5.0] [cxt 0] Action source_routing90
[14:14:55.958] [bmv2] [T] [thread 3008] [5.0] [cxt 0] /home/p4/git/master_degree_p4_unipampa/SR/p4src/source_routing.p4(90) Primitive hdr.source_routes[0].isValid() && device_to_port.apply().hit
[14:14:55.958] [bmv2] [T] [thread 3008] [5.0] [cxt 0] Condition "node_9" (node_9) is false
[14:14:55.958] [bmv2] [T] [thread 3008] [5.0] [cxt 0] /home/p4/git/master_degree_p4_unipampa/SR/p4src/source_routing.p4(98) Condition "hdr.ipv4.isValid()" (node_13) is false
[14:14:55.958] [bmv2] [D] [thread 3008] [5.0] [cxt 0] Pipeline 'ingress': end
[14:14:55.958] [bmv2] [D] [thread 3008] [5.0] [cxt 0] Egress port is 0
[14:14:55.958] [bmv2] [D] [thread 3009] [5.0] [cxt 0] Pipeline 'egress': start
[14:14:55.958] [bmv2] [D] [thread 3009] [5.0] [cxt 0] Pipeline 'egress': end
[14:14:55.958] [bmv2] [D] [thread 3009] [5.0] [cxt 0] Deparser 'deparser': start
[14:14:55.958] [bmv2] [T] [thread 3009] [5.0] [cxt 0] Skipping checksum 'cksum' update because condition not met
[14:14:55.958] [bmv2] [D] [thread 3009] [5.0] [cxt 0] Deparsing header 'ethernet'
[14:14:55.958] [bmv2] [D] [thread 3009] [5.0] [cxt 0] Deparser 'deparser': end
[14:14:55.958] [bmv2] [D] [thread 3013] [5.0] [cxt 0] Transmitting packet of size 86 out of port 0
[14:14:56.022] [bmv2] [D] [thread 3008] [6.0] [cxt 0] Processing packet received on port 4
[14:14:56.022] [bmv2] [D] [thread 3008] [6.0] [cxt 0] Parser 'parser': start
[14:14:56.022] [bmv2] [D] [thread 3008] [6.0] [cxt 0] Parser 'parser' entering state 'start'
[14:14:56.022] [bmv2] [D] [thread 3008] [6.0] [cxt 0] Extracting header 'ethernet'
[14:14:56.022] [bmv2] [D] [thread 3008] [6.0] [cxt 0] Parser state 'start': key is 86dd
[14:14:56.022] [bmv2] [T] [thread 3008] [6.0] [cxt 0] Bytes parsed: 14
[14:14:56.022] [bmv2] [D] [thread 3008] [6.0] [cxt 0] Parser 'parser': end
[14:14:56.022] [bmv2] [D] [thread 3008] [6.0] [cxt 0] Pipeline 'ingress': start
[14:14:56.022] [bmv2] [T] [thread 3008] [6.0] [cxt 0] /home/p4/git/master_degree_p4_unipampa/SR/p4src/source_routing.p4(90) Condition "hdr.source_routes[0].isValid()" (node_2) is true
[14:14:56.022] [bmv2] [T] [thread 3008] [6.0] [cxt 0] Applying table 'tbl_source_routing90'
[14:14:56.022] [bmv2] [D] [thread 3008] [6.0] [cxt 0] Looking up key:

[14:14:56.022] [bmv2] [D] [thread 3008] [6.0] [cxt 0] Table 'tbl_source_routing90': miss
[14:14:56.022] [bmv2] [D] [thread 3008] [6.0] [cxt 0] Action entry is source_routing90 - 
[14:14:56.022] [bmv2] [T] [thread 3008] [6.0] [cxt 0] Action source_routing90
[14:14:56.022] [bmv2] [T] [thread 3008] [6.0] [cxt 0] /home/p4/git/master_degree_p4_unipampa/SR/p4src/source_routing.p4(90) Primitive hdr.source_routes[0].isValid() && device_to_port.apply().hit
[14:14:56.022] [bmv2] [T] [thread 3008] [6.0] [cxt 0] Condition "node_9" (node_9) is false
[14:14:56.022] [bmv2] [T] [thread 3008] [6.0] [cxt 0] /home/p4/git/master_degree_p4_unipampa/SR/p4src/source_routing.p4(98) Condition "hdr.ipv4.isValid()" (node_13) is false
[14:14:56.022] [bmv2] [D] [thread 3008] [6.0] [cxt 0] Pipeline 'ingress': end
[14:14:56.022] [bmv2] [D] [thread 3008] [6.0] [cxt 0] Egress port is 0
[14:14:56.025] [bmv2] [D] [thread 3009] [6.0] [cxt 0] Pipeline 'egress': start
[14:14:56.025] [bmv2] [D] [thread 3009] [6.0] [cxt 0] Pipeline 'egress': end
[14:14:56.025] [bmv2] [D] [thread 3009] [6.0] [cxt 0] Deparser 'deparser': start
[14:14:56.025] [bmv2] [T] [thread 3009] [6.0] [cxt 0] Skipping checksum 'cksum' update because condition not met
[14:14:56.025] [bmv2] [D] [thread 3009] [6.0] [cxt 0] Deparsing header 'ethernet'
[14:14:56.025] [bmv2] [D] [thread 3009] [6.0] [cxt 0] Deparser 'deparser': end
[14:14:56.025] [bmv2] [D] [thread 3013] [6.0] [cxt 0] Transmitting packet of size 90 out of port 0
[14:14:56.310] [bmv2] [D] [thread 3008] [7.0] [cxt 0] Processing packet received on port 1
[14:14:56.310] [bmv2] [D] [thread 3008] [7.0] [cxt 0] Parser 'parser': start
[14:14:56.310] [bmv2] [D] [thread 3008] [7.0] [cxt 0] Parser 'parser' entering state 'start'
[14:14:56.310] [bmv2] [D] [thread 3008] [7.0] [cxt 0] Extracting header 'ethernet'
[14:14:56.310] [bmv2] [D] [thread 3008] [7.0] [cxt 0] Parser state 'start': key is 86dd
[14:14:56.310] [bmv2] [T] [thread 3008] [7.0] [cxt 0] Bytes parsed: 14
[14:14:56.311] [bmv2] [D] [thread 3008] [7.0] [cxt 0] Parser 'parser': end
[14:14:56.311] [bmv2] [D] [thread 3008] [7.0] [cxt 0] Pipeline 'ingress': start
[14:14:56.311] [bmv2] [T] [thread 3008] [7.0] [cxt 0] /home/p4/git/master_degree_p4_unipampa/SR/p4src/source_routing.p4(90) Condition "hdr.source_routes[0].isValid()" (node_2) is true
[14:14:56.311] [bmv2] [T] [thread 3008] [7.0] [cxt 0] Applying table 'tbl_source_routing90'
[14:14:56.311] [bmv2] [D] [thread 3008] [7.0] [cxt 0] Looking up key:

[14:14:56.311] [bmv2] [D] [thread 3008] [7.0] [cxt 0] Table 'tbl_source_routing90': miss
[14:14:56.311] [bmv2] [D] [thread 3008] [7.0] [cxt 0] Action entry is source_routing90 - 
[14:14:56.311] [bmv2] [T] [thread 3008] [7.0] [cxt 0] Action source_routing90
[14:14:56.311] [bmv2] [T] [thread 3008] [7.0] [cxt 0] /home/p4/git/master_degree_p4_unipampa/SR/p4src/source_routing.p4(90) Primitive hdr.source_routes[0].isValid() && device_to_port.apply().hit
[14:14:56.311] [bmv2] [T] [thread 3008] [7.0] [cxt 0] Condition "node_9" (node_9) is false
[14:14:56.311] [bmv2] [T] [thread 3008] [7.0] [cxt 0] /home/p4/git/master_degree_p4_unipampa/SR/p4src/source_routing.p4(98) Condition "hdr.ipv4.isValid()" (node_13) is false
[14:14:56.311] [bmv2] [D] [thread 3008] [7.0] [cxt 0] Pipeline 'ingress': end
[14:14:56.311] [bmv2] [D] [thread 3008] [7.0] [cxt 0] Egress port is 0
[14:14:56.311] [bmv2] [D] [thread 3009] [7.0] [cxt 0] Pipeline 'egress': start
[14:14:56.311] [bmv2] [D] [thread 3009] [7.0] [cxt 0] Pipeline 'egress': end
[14:14:56.311] [bmv2] [D] [thread 3009] [7.0] [cxt 0] Deparser 'deparser': start
[14:14:56.311] [bmv2] [T] [thread 3009] [7.0] [cxt 0] Skipping checksum 'cksum' update because condition not met
[14:14:56.311] [bmv2] [D] [thread 3009] [7.0] [cxt 0] Deparsing header 'ethernet'
[14:14:56.311] [bmv2] [D] [thread 3009] [7.0] [cxt 0] Deparser 'deparser': end
[14:14:56.311] [bmv2] [D] [thread 3013] [7.0] [cxt 0] Transmitting packet of size 90 out of port 0
[14:14:56.344] [bmv2] [D] [thread 3008] [8.0] [cxt 0] Processing packet received on port 2
[14:14:56.344] [bmv2] [D] [thread 3008] [8.0] [cxt 0] Parser 'parser': start
[14:14:56.344] [bmv2] [D] [thread 3008] [8.0] [cxt 0] Parser 'parser' entering state 'start'
[14:14:56.344] [bmv2] [D] [thread 3008] [8.0] [cxt 0] Extracting header 'ethernet'
[14:14:56.344] [bmv2] [D] [thread 3008] [8.0] [cxt 0] Parser state 'start': key is 86dd
[14:14:56.344] [bmv2] [T] [thread 3008] [8.0] [cxt 0] Bytes parsed: 14
[14:14:56.344] [bmv2] [D] [thread 3008] [8.0] [cxt 0] Parser 'parser': end
[14:14:56.345] [bmv2] [D] [thread 3008] [8.0] [cxt 0] Pipeline 'ingress': start
[14:14:56.345] [bmv2] [T] [thread 3008] [8.0] [cxt 0] /home/p4/git/master_degree_p4_unipampa/SR/p4src/source_routing.p4(90) Condition "hdr.source_routes[0].isValid()" (node_2) is true
[14:14:56.345] [bmv2] [T] [thread 3008] [8.0] [cxt 0] Applying table 'tbl_source_routing90'
[14:14:56.345] [bmv2] [D] [thread 3008] [8.0] [cxt 0] Looking up key:

[14:14:56.345] [bmv2] [D] [thread 3008] [8.0] [cxt 0] Table 'tbl_source_routing90': miss
[14:14:56.345] [bmv2] [D] [thread 3008] [8.0] [cxt 0] Action entry is source_routing90 - 
[14:14:56.345] [bmv2] [T] [thread 3008] [8.0] [cxt 0] Action source_routing90
[14:14:56.345] [bmv2] [T] [thread 3008] [8.0] [cxt 0] /home/p4/git/master_degree_p4_unipampa/SR/p4src/source_routing.p4(90) Primitive hdr.source_routes[0].isValid() && device_to_port.apply().hit
[14:14:56.345] [bmv2] [T] [thread 3008] [8.0] [cxt 0] Condition "node_9" (node_9) is false
[14:14:56.345] [bmv2] [T] [thread 3008] [8.0] [cxt 0] /home/p4/git/master_degree_p4_unipampa/SR/p4src/source_routing.p4(98) Condition "hdr.ipv4.isValid()" (node_13) is false
[14:14:56.345] [bmv2] [D] [thread 3008] [8.0] [cxt 0] Pipeline 'ingress': end
[14:14:56.345] [bmv2] [D] [thread 3008] [8.0] [cxt 0] Egress port is 0
[14:14:56.345] [bmv2] [D] [thread 3009] [8.0] [cxt 0] Pipeline 'egress': start
[14:14:56.345] [bmv2] [D] [thread 3009] [8.0] [cxt 0] Pipeline 'egress': end
[14:14:56.345] [bmv2] [D] [thread 3009] [8.0] [cxt 0] Deparser 'deparser': start
[14:14:56.345] [bmv2] [T] [thread 3009] [8.0] [cxt 0] Skipping checksum 'cksum' update because condition not met
[14:14:56.345] [bmv2] [D] [thread 3009] [8.0] [cxt 0] Deparsing header 'ethernet'
[14:14:56.346] [bmv2] [D] [thread 3009] [8.0] [cxt 0] Deparser 'deparser': end
[14:14:56.346] [bmv2] [D] [thread 3013] [8.0] [cxt 0] Transmitting packet of size 86 out of port 0
[14:14:56.374] [bmv2] [D] [thread 3008] [9.0] [cxt 0] Processing packet received on port 3
[14:14:56.375] [bmv2] [D] [thread 3008] [9.0] [cxt 0] Parser 'parser': start
[14:14:56.375] [bmv2] [D] [thread 3008] [9.0] [cxt 0] Parser 'parser' entering state 'start'
[14:14:56.375] [bmv2] [D] [thread 3008] [9.0] [cxt 0] Extracting header 'ethernet'
[14:14:56.375] [bmv2] [D] [thread 3008] [9.0] [cxt 0] Parser state 'start': key is 86dd
[14:14:56.375] [bmv2] [T] [thread 3008] [9.0] [cxt 0] Bytes parsed: 14
[14:14:56.375] [bmv2] [D] [thread 3008] [9.0] [cxt 0] Parser 'parser': end
[14:14:56.375] [bmv2] [D] [thread 3008] [9.0] [cxt 0] Pipeline 'ingress': start
[14:14:56.375] [bmv2] [T] [thread 3008] [9.0] [cxt 0] /home/p4/git/master_degree_p4_unipampa/SR/p4src/source_routing.p4(90) Condition "hdr.source_routes[0].isValid()" (node_2) is true
[14:14:56.375] [bmv2] [T] [thread 3008] [9.0] [cxt 0] Applying table 'tbl_source_routing90'
[14:14:56.375] [bmv2] [D] [thread 3008] [9.0] [cxt 0] Looking up key:

[14:14:56.375] [bmv2] [D] [thread 3008] [9.0] [cxt 0] Table 'tbl_source_routing90': miss
[14:14:56.375] [bmv2] [D] [thread 3008] [9.0] [cxt 0] Action entry is source_routing90 - 
[14:14:56.375] [bmv2] [T] [thread 3008] [9.0] [cxt 0] Action source_routing90
[14:14:56.375] [bmv2] [T] [thread 3008] [9.0] [cxt 0] /home/p4/git/master_degree_p4_unipampa/SR/p4src/source_routing.p4(90) Primitive hdr.source_routes[0].isValid() && device_to_port.apply().hit
[14:14:56.375] [bmv2] [T] [thread 3008] [9.0] [cxt 0] Condition "node_9" (node_9) is false
[14:14:56.375] [bmv2] [T] [thread 3008] [9.0] [cxt 0] /home/p4/git/master_degree_p4_unipampa/SR/p4src/source_routing.p4(98) Condition "hdr.ipv4.isValid()" (node_13) is false
[14:14:56.375] [bmv2] [D] [thread 3008] [9.0] [cxt 0] Pipeline 'ingress': end
[14:14:56.375] [bmv2] [D] [thread 3008] [9.0] [cxt 0] Egress port is 0
[14:14:56.375] [bmv2] [D] [thread 3009] [9.0] [cxt 0] Pipeline 'egress': start
[14:14:56.375] [bmv2] [D] [thread 3009] [9.0] [cxt 0] Pipeline 'egress': end
[14:14:56.375] [bmv2] [D] [thread 3009] [9.0] [cxt 0] Deparser 'deparser': start
[14:14:56.376] [bmv2] [T] [thread 3009] [9.0] [cxt 0] Skipping checksum 'cksum' update because condition not met
[14:14:56.376] [bmv2] [D] [thread 3009] [9.0] [cxt 0] Deparsing header 'ethernet'
[14:14:56.376] [bmv2] [D] [thread 3009] [9.0] [cxt 0] Deparser 'deparser': end
[14:14:56.376] [bmv2] [D] [thread 3013] [9.0] [cxt 0] Transmitting packet of size 90 out of port 0
[14:14:56.447] [bmv2] [D] [thread 3008] [10.0] [cxt 0] Processing packet received on port 3
[14:14:56.447] [bmv2] [D] [thread 3008] [10.0] [cxt 0] Parser 'parser': start
[14:14:56.447] [bmv2] [D] [thread 3008] [10.0] [cxt 0] Parser 'parser' entering state 'start'
[14:14:56.447] [bmv2] [D] [thread 3008] [10.0] [cxt 0] Extracting header 'ethernet'
[14:14:56.448] [bmv2] [D] [thread 3008] [10.0] [cxt 0] Parser state 'start': key is 86dd
[14:14:56.448] [bmv2] [T] [thread 3008] [10.0] [cxt 0] Bytes parsed: 14
[14:14:56.448] [bmv2] [D] [thread 3008] [10.0] [cxt 0] Parser 'parser': end
[14:14:56.448] [bmv2] [D] [thread 3008] [10.0] [cxt 0] Pipeline 'ingress': start
[14:14:56.448] [bmv2] [T] [thread 3008] [10.0] [cxt 0] /home/p4/git/master_degree_p4_unipampa/SR/p4src/source_routing.p4(90) Condition "hdr.source_routes[0].isValid()" (node_2) is true
[14:14:56.448] [bmv2] [T] [thread 3008] [10.0] [cxt 0] Applying table 'tbl_source_routing90'
[14:14:56.448] [bmv2] [D] [thread 3008] [10.0] [cxt 0] Looking up key:

[14:14:56.448] [bmv2] [D] [thread 3008] [10.0] [cxt 0] Table 'tbl_source_routing90': miss
[14:14:56.448] [bmv2] [D] [thread 3008] [10.0] [cxt 0] Action entry is source_routing90 - 
[14:14:56.448] [bmv2] [T] [thread 3008] [10.0] [cxt 0] Action source_routing90
[14:14:56.448] [bmv2] [T] [thread 3008] [10.0] [cxt 0] /home/p4/git/master_degree_p4_unipampa/SR/p4src/source_routing.p4(90) Primitive hdr.source_routes[0].isValid() && device_to_port.apply().hit
[14:14:56.448] [bmv2] [T] [thread 3008] [10.0] [cxt 0] Condition "node_9" (node_9) is false
[14:14:56.448] [bmv2] [T] [thread 3008] [10.0] [cxt 0] /home/p4/git/master_degree_p4_unipampa/SR/p4src/source_routing.p4(98) Condition "hdr.ipv4.isValid()" (node_13) is false
[14:14:56.448] [bmv2] [D] [thread 3008] [10.0] [cxt 0] Pipeline 'ingress': end
[14:14:56.448] [bmv2] [D] [thread 3008] [10.0] [cxt 0] Egress port is 0
[14:14:56.448] [bmv2] [D] [thread 3008] [11.0] [cxt 0] Processing packet received on port 3
[14:14:56.448] [bmv2] [D] [thread 3008] [11.0] [cxt 0] Parser 'parser': start
[14:14:56.448] [bmv2] [D] [thread 3008] [11.0] [cxt 0] Parser 'parser' entering state 'start'
[14:14:56.448] [bmv2] [D] [thread 3008] [11.0] [cxt 0] Extracting header 'ethernet'
[14:14:56.448] [bmv2] [D] [thread 3008] [11.0] [cxt 0] Parser state 'start': key is 86dd
[14:14:56.448] [bmv2] [T] [thread 3008] [11.0] [cxt 0] Bytes parsed: 14
[14:14:56.448] [bmv2] [D] [thread 3008] [11.0] [cxt 0] Parser 'parser': end
[14:14:56.448] [bmv2] [D] [thread 3008] [11.0] [cxt 0] Pipeline 'ingress': start
[14:14:56.448] [bmv2] [T] [thread 3008] [11.0] [cxt 0] /home/p4/git/master_degree_p4_unipampa/SR/p4src/source_routing.p4(90) Condition "hdr.source_routes[0].isValid()" (node_2) is true
[14:14:56.448] [bmv2] [T] [thread 3008] [11.0] [cxt 0] Applying table 'tbl_source_routing90'
[14:14:56.448] [bmv2] [D] [thread 3008] [11.0] [cxt 0] Looking up key:

[14:14:56.448] [bmv2] [D] [thread 3008] [11.0] [cxt 0] Table 'tbl_source_routing90': miss
[14:14:56.448] [bmv2] [D] [thread 3008] [11.0] [cxt 0] Action entry is source_routing90 - 
[14:14:56.448] [bmv2] [T] [thread 3008] [11.0] [cxt 0] Action source_routing90
[14:14:56.449] [bmv2] [T] [thread 3008] [11.0] [cxt 0] /home/p4/git/master_degree_p4_unipampa/SR/p4src/source_routing.p4(90) Primitive hdr.source_routes[0].isValid() && device_to_port.apply().hit
[14:14:56.449] [bmv2] [T] [thread 3008] [11.0] [cxt 0] Condition "node_9" (node_9) is false
[14:14:56.449] [bmv2] [T] [thread 3008] [11.0] [cxt 0] /home/p4/git/master_degree_p4_unipampa/SR/p4src/source_routing.p4(98) Condition "hdr.ipv4.isValid()" (node_13) is false
[14:14:56.449] [bmv2] [D] [thread 3008] [11.0] [cxt 0] Pipeline 'ingress': end
[14:14:56.449] [bmv2] [D] [thread 3008] [11.0] [cxt 0] Egress port is 0
[14:14:56.449] [bmv2] [D] [thread 3009] [10.0] [cxt 0] Pipeline 'egress': start
[14:14:56.449] [bmv2] [D] [thread 3009] [10.0] [cxt 0] Pipeline 'egress': end
[14:14:56.449] [bmv2] [D] [thread 3009] [10.0] [cxt 0] Deparser 'deparser': start
[14:14:56.449] [bmv2] [T] [thread 3009] [10.0] [cxt 0] Skipping checksum 'cksum' update because condition not met
[14:14:56.449] [bmv2] [D] [thread 3009] [10.0] [cxt 0] Deparsing header 'ethernet'
[14:14:56.450] [bmv2] [D] [thread 3009] [10.0] [cxt 0] Deparser 'deparser': end
[14:14:56.450] [bmv2] [D] [thread 3009] [11.0] [cxt 0] Pipeline 'egress': start
[14:14:56.450] [bmv2] [D] [thread 3009] [11.0] [cxt 0] Pipeline 'egress': end
[14:14:56.450] [bmv2] [D] [thread 3009] [11.0] [cxt 0] Deparser 'deparser': start
[14:14:56.450] [bmv2] [T] [thread 3009] [11.0] [cxt 0] Skipping checksum 'cksum' update because condition not met
[14:14:56.450] [bmv2] [D] [thread 3009] [11.0] [cxt 0] Deparsing header 'ethernet'
[14:14:56.450] [bmv2] [D] [thread 3009] [11.0] [cxt 0] Deparser 'deparser': end
[14:14:56.450] [bmv2] [D] [thread 3013] [10.0] [cxt 0] Transmitting packet of size 90 out of port 0
[14:14:56.450] [bmv2] [D] [thread 3013] [11.0] [cxt 0] Transmitting packet of size 70 out of port 0
[14:14:56.452] [bmv2] [D] [thread 3008] [12.0] [cxt 0] Processing packet received on port 3
[14:14:56.452] [bmv2] [D] [thread 3008] [12.0] [cxt 0] Parser 'parser': start
[14:14:56.452] [bmv2] [D] [thread 3008] [12.0] [cxt 0] Parser 'parser' entering state 'start'
[14:14:56.452] [bmv2] [D] [thread 3008] [12.0] [cxt 0] Extracting header 'ethernet'
[14:14:56.452] [bmv2] [D] [thread 3008] [12.0] [cxt 0] Parser state 'start': key is 86dd
[14:14:56.452] [bmv2] [T] [thread 3008] [12.0] [cxt 0] Bytes parsed: 14
[14:14:56.452] [bmv2] [D] [thread 3008] [12.0] [cxt 0] Parser 'parser': end
[14:14:56.452] [bmv2] [D] [thread 3008] [12.0] [cxt 0] Pipeline 'ingress': start
[14:14:56.453] [bmv2] [T] [thread 3008] [12.0] [cxt 0] /home/p4/git/master_degree_p4_unipampa/SR/p4src/source_routing.p4(90) Condition "hdr.source_routes[0].isValid()" (node_2) is true
[14:14:56.453] [bmv2] [T] [thread 3008] [12.0] [cxt 0] Applying table 'tbl_source_routing90'
[14:14:56.453] [bmv2] [D] [thread 3008] [12.0] [cxt 0] Looking up key:

[14:14:56.453] [bmv2] [D] [thread 3008] [12.0] [cxt 0] Table 'tbl_source_routing90': miss
[14:14:56.453] [bmv2] [D] [thread 3008] [12.0] [cxt 0] Action entry is source_routing90 - 
[14:14:56.453] [bmv2] [T] [thread 3008] [12.0] [cxt 0] Action source_routing90
[14:14:56.453] [bmv2] [T] [thread 3008] [12.0] [cxt 0] /home/p4/git/master_degree_p4_unipampa/SR/p4src/source_routing.p4(90) Primitive hdr.source_routes[0].isValid() && device_to_port.apply().hit
[14:14:56.453] [bmv2] [T] [thread 3008] [12.0] [cxt 0] Condition "node_9" (node_9) is false
[14:14:56.453] [bmv2] [T] [thread 3008] [12.0] [cxt 0] /home/p4/git/master_degree_p4_unipampa/SR/p4src/source_routing.p4(98) Condition "hdr.ipv4.isValid()" (node_13) is false
[14:14:56.453] [bmv2] [D] [thread 3008] [12.0] [cxt 0] Pipeline 'ingress': end
[14:14:56.453] [bmv2] [D] [thread 3008] [12.0] [cxt 0] Egress port is 0
[14:14:56.453] [bmv2] [D] [thread 3009] [12.0] [cxt 0] Pipeline 'egress': start
[14:14:56.453] [bmv2] [D] [thread 3009] [12.0] [cxt 0] Pipeline 'egress': end
[14:14:56.453] [bmv2] [D] [thread 3009] [12.0] [cxt 0] Deparser 'deparser': start
[14:14:56.453] [bmv2] [T] [thread 3009] [12.0] [cxt 0] Skipping checksum 'cksum' update because condition not met
[14:14:56.453] [bmv2] [D] [thread 3009] [12.0] [cxt 0] Deparsing header 'ethernet'
[14:14:56.453] [bmv2] [D] [thread 3009] [12.0] [cxt 0] Deparser 'deparser': end
[14:14:56.453] [bmv2] [D] [thread 3013] [12.0] [cxt 0] Transmitting packet of size 90 out of port 0
open: No such file or directory
open: No such file or directory
open: No such file or directory
open: No such file or directory
open: No such file or directory
