Warning: you requested the nanomsg event logger, but bmv2 was compiled without -DBMELOG, and the event logger cannot be activated
Calling target program-options parser
[14:14:56.301] [bmv2] [D] [thread 3161] Set default default entry for table 'tbl_source_routing90': source_routing90 - 
[14:14:56.301] [bmv2] [D] [thread 3161] Set default default entry for table 'tbl_source_routing75': source_routing75 - 
[14:14:56.301] [bmv2] [D] [thread 3161] Set default default entry for table 'MyIngress.device_to_port': NoAction - 
[14:14:56.301] [bmv2] [D] [thread 3161] Set default default entry for table 'tbl_act': act - 
[14:14:56.301] [bmv2] [D] [thread 3161] Set default default entry for table 'tbl_act_0': act_0 - 
[14:14:56.302] [bmv2] [D] [thread 3161] Set default default entry for table 'tbl_source_routing90_0': source_routing90_0 - 
[14:14:56.302] [bmv2] [D] [thread 3161] Set default default entry for table 'tbl_set_normal_ethernet': MyIngress.set_normal_ethernet - 
[14:14:56.302] [bmv2] [D] [thread 3161] Set default default entry for table 'tbl_source_routing95': source_routing95 - 
[14:14:56.302] [bmv2] [D] [thread 3161] Set default default entry for table 'MyIngress.ipv4_lpm': NoAction - 
[14:14:56.302] [bmv2] [D] [thread 3161] Set default default entry for table 'tbl_set_normal_ethernet_0': MyIngress.set_normal_ethernet - 
[14:14:56.302] [bmv2] [D] [thread 3161] Set default default entry for table 'tbl_source_routing106': source_routing106 - 
Adding interface s7-eth1 as port 1
[14:14:56.320] [bmv2] [D] [thread 3161] Adding interface s7-eth1 as port 1
Adding interface s7-eth2 as port 2
[14:14:56.367] [bmv2] [D] [thread 3161] Adding interface s7-eth2 as port 2
[14:14:56.406] [bmv2] [I] [thread 3161] Starting Thrift server on port 9096
[14:14:56.407] [bmv2] [I] [thread 3161] Thrift server was started
open: No such file or directory
