Warning: you requested the nanomsg event logger, but bmv2 was compiled without -DBMELOG, and the event logger cannot be activated
Calling target program-options parser
[14:14:55.643] [bmv2] [D] [thread 3019] Set default default entry for table 'tbl_source_routing90': source_routing90 - 
[14:14:55.643] [bmv2] [D] [thread 3019] Set default default entry for table 'tbl_source_routing75': source_routing75 - 
[14:14:55.643] [bmv2] [D] [thread 3019] Set default default entry for table 'MyIngress.device_to_port': NoAction - 
[14:14:55.643] [bmv2] [D] [thread 3019] Set default default entry for table 'tbl_act': act - 
[14:14:55.643] [bmv2] [D] [thread 3019] Set default default entry for table 'tbl_act_0': act_0 - 
[14:14:55.643] [bmv2] [D] [thread 3019] Set default default entry for table 'tbl_source_routing90_0': source_routing90_0 - 
[14:14:55.643] [bmv2] [D] [thread 3019] Set default default entry for table 'tbl_set_normal_ethernet': MyIngress.set_normal_ethernet - 
[14:14:55.643] [bmv2] [D] [thread 3019] Set default default entry for table 'tbl_source_routing95': source_routing95 - 
[14:14:55.643] [bmv2] [D] [thread 3019] Set default default entry for table 'MyIngress.ipv4_lpm': NoAction - 
[14:14:55.643] [bmv2] [D] [thread 3019] Set default default entry for table 'tbl_set_normal_ethernet_0': MyIngress.set_normal_ethernet - 
[14:14:55.643] [bmv2] [D] [thread 3019] Set default default entry for table 'tbl_source_routing106': source_routing106 - 
Adding interface s2-eth1 as port 1
[14:14:55.667] [bmv2] [D] [thread 3019] Adding interface s2-eth1 as port 1
Adding interface s2-eth2 as port 2
[14:14:55.698] [bmv2] [D] [thread 3019] Adding interface s2-eth2 as port 2
Adding interface s2-eth3 as port 3
[14:14:55.711] [bmv2] [D] [thread 3019] Adding interface s2-eth3 as port 3
[14:14:55.730] [bmv2] [I] [thread 3019] Starting Thrift server on port 9091
[14:14:55.730] [bmv2] [I] [thread 3019] Thrift server was started
[14:14:55.768] [bmv2] [D] [thread 3101] [0.0] [cxt 0] Processing packet received on port 2
[14:14:55.768] [bmv2] [D] [thread 3101] [0.0] [cxt 0] Parser 'parser': start
[14:14:55.768] [bmv2] [D] [thread 3101] [0.0] [cxt 0] Parser 'parser' entering state 'start'
[14:14:55.768] [bmv2] [D] [thread 3101] [0.0] [cxt 0] Extracting header 'ethernet'
[14:14:55.768] [bmv2] [D] [thread 3101] [0.0] [cxt 0] Parser state 'start': key is 86dd
[14:14:55.768] [bmv2] [T] [thread 3101] [0.0] [cxt 0] Bytes parsed: 14
[14:14:55.768] [bmv2] [D] [thread 3101] [0.0] [cxt 0] Parser 'parser': end
[14:14:55.768] [bmv2] [D] [thread 3101] [0.0] [cxt 0] Pipeline 'ingress': start
[14:14:55.768] [bmv2] [T] [thread 3101] [0.0] [cxt 0] /home/p4/git/master_degree_p4_unipampa/SR/p4src/source_routing.p4(90) Condition "hdr.source_routes[0].isValid()" (node_2) is true
[14:14:55.768] [bmv2] [T] [thread 3101] [0.0] [cxt 0] Applying table 'tbl_source_routing90'
[14:14:55.768] [bmv2] [D] [thread 3101] [0.0] [cxt 0] Looking up key:

[14:14:55.768] [bmv2] [D] [thread 3101] [0.0] [cxt 0] Table 'tbl_source_routing90': miss
[14:14:55.768] [bmv2] [D] [thread 3101] [0.0] [cxt 0] Action entry is source_routing90 - 
[14:14:55.768] [bmv2] [T] [thread 3101] [0.0] [cxt 0] Action source_routing90
[14:14:55.768] [bmv2] [T] [thread 3101] [0.0] [cxt 0] /home/p4/git/master_degree_p4_unipampa/SR/p4src/source_routing.p4(90) Primitive hdr.source_routes[0].isValid() && device_to_port.apply().hit
[14:14:55.768] [bmv2] [T] [thread 3101] [0.0] [cxt 0] Condition "node_9" (node_9) is false
[14:14:55.768] [bmv2] [T] [thread 3101] [0.0] [cxt 0] /home/p4/git/master_degree_p4_unipampa/SR/p4src/source_routing.p4(98) Condition "hdr.ipv4.isValid()" (node_13) is false
[14:14:55.768] [bmv2] [D] [thread 3101] [0.0] [cxt 0] Pipeline 'ingress': end
[14:14:55.768] [bmv2] [D] [thread 3101] [0.0] [cxt 0] Egress port is 0
[14:14:55.768] [bmv2] [D] [thread 3102] [0.0] [cxt 0] Pipeline 'egress': start
[14:14:55.768] [bmv2] [D] [thread 3102] [0.0] [cxt 0] Pipeline 'egress': end
[14:14:55.768] [bmv2] [D] [thread 3102] [0.0] [cxt 0] Deparser 'deparser': start
[14:14:55.768] [bmv2] [T] [thread 3102] [0.0] [cxt 0] Skipping checksum 'cksum' update because condition not met
[14:14:55.768] [bmv2] [D] [thread 3102] [0.0] [cxt 0] Deparsing header 'ethernet'
[14:14:55.768] [bmv2] [D] [thread 3102] [0.0] [cxt 0] Deparser 'deparser': end
[14:14:55.769] [bmv2] [D] [thread 3106] [0.0] [cxt 0] Transmitting packet of size 90 out of port 0
[14:14:55.830] [bmv2] [D] [thread 3101] [1.0] [cxt 0] Processing packet received on port 3
[14:14:55.830] [bmv2] [D] [thread 3101] [1.0] [cxt 0] Parser 'parser': start
[14:14:55.830] [bmv2] [D] [thread 3101] [1.0] [cxt 0] Parser 'parser' entering state 'start'
[14:14:55.830] [bmv2] [D] [thread 3101] [1.0] [cxt 0] Extracting header 'ethernet'
[14:14:55.830] [bmv2] [D] [thread 3101] [1.0] [cxt 0] Parser state 'start': key is 86dd
[14:14:55.830] [bmv2] [T] [thread 3101] [1.0] [cxt 0] Bytes parsed: 14
[14:14:55.830] [bmv2] [D] [thread 3101] [1.0] [cxt 0] Parser 'parser': end
[14:14:55.830] [bmv2] [D] [thread 3101] [1.0] [cxt 0] Pipeline 'ingress': start
[14:14:55.830] [bmv2] [T] [thread 3101] [1.0] [cxt 0] /home/p4/git/master_degree_p4_unipampa/SR/p4src/source_routing.p4(90) Condition "hdr.source_routes[0].isValid()" (node_2) is true
[14:14:55.830] [bmv2] [T] [thread 3101] [1.0] [cxt 0] Applying table 'tbl_source_routing90'
[14:14:55.830] [bmv2] [D] [thread 3101] [1.0] [cxt 0] Looking up key:

[14:14:55.830] [bmv2] [D] [thread 3101] [1.0] [cxt 0] Table 'tbl_source_routing90': miss
[14:14:55.830] [bmv2] [D] [thread 3101] [1.0] [cxt 0] Action entry is source_routing90 - 
[14:14:55.830] [bmv2] [T] [thread 3101] [1.0] [cxt 0] Action source_routing90
[14:14:55.830] [bmv2] [T] [thread 3101] [1.0] [cxt 0] /home/p4/git/master_degree_p4_unipampa/SR/p4src/source_routing.p4(90) Primitive hdr.source_routes[0].isValid() && device_to_port.apply().hit
[14:14:55.830] [bmv2] [T] [thread 3101] [1.0] [cxt 0] Condition "node_9" (node_9) is false
[14:14:55.830] [bmv2] [T] [thread 3101] [1.0] [cxt 0] /home/p4/git/master_degree_p4_unipampa/SR/p4src/source_routing.p4(98) Condition "hdr.ipv4.isValid()" (node_13) is false
[14:14:55.830] [bmv2] [D] [thread 3101] [1.0] [cxt 0] Pipeline 'ingress': end
[14:14:55.830] [bmv2] [D] [thread 3101] [1.0] [cxt 0] Egress port is 0
[14:14:55.830] [bmv2] [D] [thread 3102] [1.0] [cxt 0] Pipeline 'egress': start
[14:14:55.830] [bmv2] [D] [thread 3102] [1.0] [cxt 0] Pipeline 'egress': end
[14:14:55.830] [bmv2] [D] [thread 3102] [1.0] [cxt 0] Deparser 'deparser': start
[14:14:55.830] [bmv2] [T] [thread 3102] [1.0] [cxt 0] Skipping checksum 'cksum' update because condition not met
[14:14:55.830] [bmv2] [D] [thread 3102] [1.0] [cxt 0] Deparsing header 'ethernet'
[14:14:55.830] [bmv2] [D] [thread 3102] [1.0] [cxt 0] Deparser 'deparser': end
[14:14:55.830] [bmv2] [D] [thread 3106] [1.0] [cxt 0] Transmitting packet of size 86 out of port 0
[14:14:55.864] [bmv2] [D] [thread 3101] [2.0] [cxt 0] Processing packet received on port 3
[14:14:55.864] [bmv2] [D] [thread 3101] [2.0] [cxt 0] Parser 'parser': start
[14:14:55.864] [bmv2] [D] [thread 3101] [2.0] [cxt 0] Parser 'parser' entering state 'start'
[14:14:55.864] [bmv2] [D] [thread 3101] [2.0] [cxt 0] Extracting header 'ethernet'
[14:14:55.864] [bmv2] [D] [thread 3101] [2.0] [cxt 0] Parser state 'start': key is 86dd
[14:14:55.864] [bmv2] [T] [thread 3101] [2.0] [cxt 0] Bytes parsed: 14
[14:14:55.864] [bmv2] [D] [thread 3101] [2.0] [cxt 0] Parser 'parser': end
[14:14:55.864] [bmv2] [D] [thread 3101] [2.0] [cxt 0] Pipeline 'ingress': start
[14:14:55.864] [bmv2] [T] [thread 3101] [2.0] [cxt 0] /home/p4/git/master_degree_p4_unipampa/SR/p4src/source_routing.p4(90) Condition "hdr.source_routes[0].isValid()" (node_2) is true
[14:14:55.864] [bmv2] [T] [thread 3101] [2.0] [cxt 0] Applying table 'tbl_source_routing90'
[14:14:55.864] [bmv2] [D] [thread 3101] [2.0] [cxt 0] Looking up key:

[14:14:55.864] [bmv2] [D] [thread 3101] [2.0] [cxt 0] Table 'tbl_source_routing90': miss
[14:14:55.864] [bmv2] [D] [thread 3101] [2.0] [cxt 0] Action entry is source_routing90 - 
[14:14:55.864] [bmv2] [T] [thread 3101] [2.0] [cxt 0] Action source_routing90
[14:14:55.864] [bmv2] [T] [thread 3101] [2.0] [cxt 0] /home/p4/git/master_degree_p4_unipampa/SR/p4src/source_routing.p4(90) Primitive hdr.source_routes[0].isValid() && device_to_port.apply().hit
[14:14:55.864] [bmv2] [T] [thread 3101] [2.0] [cxt 0] Condition "node_9" (node_9) is false
[14:14:55.864] [bmv2] [T] [thread 3101] [2.0] [cxt 0] /home/p4/git/master_degree_p4_unipampa/SR/p4src/source_routing.p4(98) Condition "hdr.ipv4.isValid()" (node_13) is false
[14:14:55.864] [bmv2] [D] [thread 3101] [2.0] [cxt 0] Pipeline 'ingress': end
[14:14:55.864] [bmv2] [D] [thread 3101] [2.0] [cxt 0] Egress port is 0
[14:14:55.864] [bmv2] [D] [thread 3102] [2.0] [cxt 0] Pipeline 'egress': start
[14:14:55.864] [bmv2] [D] [thread 3102] [2.0] [cxt 0] Pipeline 'egress': end
[14:14:55.864] [bmv2] [D] [thread 3102] [2.0] [cxt 0] Deparser 'deparser': start
[14:14:55.864] [bmv2] [T] [thread 3102] [2.0] [cxt 0] Skipping checksum 'cksum' update because condition not met
[14:14:55.864] [bmv2] [D] [thread 3102] [2.0] [cxt 0] Deparsing header 'ethernet'
[14:14:55.864] [bmv2] [D] [thread 3102] [2.0] [cxt 0] Deparser 'deparser': end
[14:14:55.864] [bmv2] [D] [thread 3106] [2.0] [cxt 0] Transmitting packet of size 86 out of port 0
[14:14:55.894] [bmv2] [D] [thread 3101] [3.0] [cxt 0] Processing packet received on port 3
[14:14:55.894] [bmv2] [D] [thread 3101] [3.0] [cxt 0] Parser 'parser': start
[14:14:55.894] [bmv2] [D] [thread 3101] [3.0] [cxt 0] Parser 'parser' entering state 'start'
[14:14:55.894] [bmv2] [D] [thread 3101] [3.0] [cxt 0] Extracting header 'ethernet'
[14:14:55.894] [bmv2] [D] [thread 3101] [3.0] [cxt 0] Parser state 'start': key is 86dd
[14:14:55.894] [bmv2] [T] [thread 3101] [3.0] [cxt 0] Bytes parsed: 14
[14:14:55.894] [bmv2] [D] [thread 3101] [3.0] [cxt 0] Parser 'parser': end
[14:14:55.894] [bmv2] [D] [thread 3101] [3.0] [cxt 0] Pipeline 'ingress': start
[14:14:55.894] [bmv2] [T] [thread 3101] [3.0] [cxt 0] /home/p4/git/master_degree_p4_unipampa/SR/p4src/source_routing.p4(90) Condition "hdr.source_routes[0].isValid()" (node_2) is true
[14:14:55.894] [bmv2] [T] [thread 3101] [3.0] [cxt 0] Applying table 'tbl_source_routing90'
[14:14:55.894] [bmv2] [D] [thread 3101] [3.0] [cxt 0] Looking up key:

[14:14:55.894] [bmv2] [D] [thread 3101] [3.0] [cxt 0] Table 'tbl_source_routing90': miss
[14:14:55.894] [bmv2] [D] [thread 3101] [3.0] [cxt 0] Action entry is source_routing90 - 
[14:14:55.894] [bmv2] [T] [thread 3101] [3.0] [cxt 0] Action source_routing90
[14:14:55.894] [bmv2] [T] [thread 3101] [3.0] [cxt 0] /home/p4/git/master_degree_p4_unipampa/SR/p4src/source_routing.p4(90) Primitive hdr.source_routes[0].isValid() && device_to_port.apply().hit
[14:14:55.894] [bmv2] [T] [thread 3101] [3.0] [cxt 0] Condition "node_9" (node_9) is false
[14:14:55.894] [bmv2] [T] [thread 3101] [3.0] [cxt 0] /home/p4/git/master_degree_p4_unipampa/SR/p4src/source_routing.p4(98) Condition "hdr.ipv4.isValid()" (node_13) is false
[14:14:55.894] [bmv2] [D] [thread 3101] [3.0] [cxt 0] Pipeline 'ingress': end
[14:14:55.894] [bmv2] [D] [thread 3101] [3.0] [cxt 0] Egress port is 0
[14:14:55.894] [bmv2] [D] [thread 3102] [3.0] [cxt 0] Pipeline 'egress': start
[14:14:55.894] [bmv2] [D] [thread 3102] [3.0] [cxt 0] Pipeline 'egress': end
[14:14:55.894] [bmv2] [D] [thread 3102] [3.0] [cxt 0] Deparser 'deparser': start
[14:14:55.895] [bmv2] [T] [thread 3102] [3.0] [cxt 0] Skipping checksum 'cksum' update because condition not met
[14:14:55.895] [bmv2] [D] [thread 3102] [3.0] [cxt 0] Deparsing header 'ethernet'
[14:14:55.895] [bmv2] [D] [thread 3102] [3.0] [cxt 0] Deparser 'deparser': end
[14:14:55.895] [bmv2] [D] [thread 3106] [3.0] [cxt 0] Transmitting packet of size 90 out of port 0
[14:14:55.926] [bmv2] [D] [thread 3101] [4.0] [cxt 0] Processing packet received on port 1
[14:14:55.926] [bmv2] [D] [thread 3101] [4.0] [cxt 0] Parser 'parser': start
[14:14:55.926] [bmv2] [D] [thread 3101] [4.0] [cxt 0] Parser 'parser' entering state 'start'
[14:14:55.926] [bmv2] [D] [thread 3101] [4.0] [cxt 0] Extracting header 'ethernet'
[14:14:55.926] [bmv2] [D] [thread 3101] [4.0] [cxt 0] Parser state 'start': key is 86dd
[14:14:55.926] [bmv2] [T] [thread 3101] [4.0] [cxt 0] Bytes parsed: 14
[14:14:55.926] [bmv2] [D] [thread 3101] [4.0] [cxt 0] Parser 'parser': end
[14:14:55.926] [bmv2] [D] [thread 3101] [4.0] [cxt 0] Pipeline 'ingress': start
[14:14:55.926] [bmv2] [T] [thread 3101] [4.0] [cxt 0] /home/p4/git/master_degree_p4_unipampa/SR/p4src/source_routing.p4(90) Condition "hdr.source_routes[0].isValid()" (node_2) is true
[14:14:55.926] [bmv2] [T] [thread 3101] [4.0] [cxt 0] Applying table 'tbl_source_routing90'
[14:14:55.926] [bmv2] [D] [thread 3101] [4.0] [cxt 0] Looking up key:

[14:14:55.926] [bmv2] [D] [thread 3101] [4.0] [cxt 0] Table 'tbl_source_routing90': miss
[14:14:55.926] [bmv2] [D] [thread 3101] [4.0] [cxt 0] Action entry is source_routing90 - 
[14:14:55.926] [bmv2] [T] [thread 3101] [4.0] [cxt 0] Action source_routing90
[14:14:55.926] [bmv2] [T] [thread 3101] [4.0] [cxt 0] /home/p4/git/master_degree_p4_unipampa/SR/p4src/source_routing.p4(90) Primitive hdr.source_routes[0].isValid() && device_to_port.apply().hit
[14:14:55.926] [bmv2] [T] [thread 3101] [4.0] [cxt 0] Condition "node_9" (node_9) is false
[14:14:55.926] [bmv2] [T] [thread 3101] [4.0] [cxt 0] /home/p4/git/master_degree_p4_unipampa/SR/p4src/source_routing.p4(98) Condition "hdr.ipv4.isValid()" (node_13) is false
[14:14:55.926] [bmv2] [D] [thread 3101] [4.0] [cxt 0] Pipeline 'ingress': end
[14:14:55.926] [bmv2] [D] [thread 3101] [4.0] [cxt 0] Egress port is 0
[14:14:55.927] [bmv2] [D] [thread 3102] [4.0] [cxt 0] Pipeline 'egress': start
[14:14:55.927] [bmv2] [D] [thread 3102] [4.0] [cxt 0] Pipeline 'egress': end
[14:14:55.927] [bmv2] [D] [thread 3102] [4.0] [cxt 0] Deparser 'deparser': start
[14:14:55.927] [bmv2] [T] [thread 3102] [4.0] [cxt 0] Skipping checksum 'cksum' update because condition not met
[14:14:55.927] [bmv2] [D] [thread 3102] [4.0] [cxt 0] Deparsing header 'ethernet'
[14:14:55.927] [bmv2] [D] [thread 3102] [4.0] [cxt 0] Deparser 'deparser': end
[14:14:55.927] [bmv2] [D] [thread 3106] [4.0] [cxt 0] Transmitting packet of size 90 out of port 0
[14:14:55.958] [bmv2] [D] [thread 3101] [5.0] [cxt 0] Processing packet received on port 1
[14:14:55.958] [bmv2] [D] [thread 3101] [5.0] [cxt 0] Parser 'parser': start
[14:14:55.958] [bmv2] [D] [thread 3101] [5.0] [cxt 0] Parser 'parser' entering state 'start'
[14:14:55.958] [bmv2] [D] [thread 3101] [5.0] [cxt 0] Extracting header 'ethernet'
[14:14:55.958] [bmv2] [D] [thread 3101] [5.0] [cxt 0] Parser state 'start': key is 86dd
[14:14:55.958] [bmv2] [T] [thread 3101] [5.0] [cxt 0] Bytes parsed: 14
[14:14:55.958] [bmv2] [D] [thread 3101] [5.0] [cxt 0] Parser 'parser': end
[14:14:55.958] [bmv2] [D] [thread 3101] [5.0] [cxt 0] Pipeline 'ingress': start
[14:14:55.958] [bmv2] [T] [thread 3101] [5.0] [cxt 0] /home/p4/git/master_degree_p4_unipampa/SR/p4src/source_routing.p4(90) Condition "hdr.source_routes[0].isValid()" (node_2) is true
[14:14:55.958] [bmv2] [T] [thread 3101] [5.0] [cxt 0] Applying table 'tbl_source_routing90'
[14:14:55.958] [bmv2] [D] [thread 3101] [5.0] [cxt 0] Looking up key:

[14:14:55.958] [bmv2] [D] [thread 3101] [5.0] [cxt 0] Table 'tbl_source_routing90': miss
[14:14:55.958] [bmv2] [D] [thread 3101] [5.0] [cxt 0] Action entry is source_routing90 - 
[14:14:55.958] [bmv2] [T] [thread 3101] [5.0] [cxt 0] Action source_routing90
[14:14:55.958] [bmv2] [T] [thread 3101] [5.0] [cxt 0] /home/p4/git/master_degree_p4_unipampa/SR/p4src/source_routing.p4(90) Primitive hdr.source_routes[0].isValid() && device_to_port.apply().hit
[14:14:55.958] [bmv2] [T] [thread 3101] [5.0] [cxt 0] Condition "node_9" (node_9) is false
[14:14:55.958] [bmv2] [T] [thread 3101] [5.0] [cxt 0] /home/p4/git/master_degree_p4_unipampa/SR/p4src/source_routing.p4(98) Condition "hdr.ipv4.isValid()" (node_13) is false
[14:14:55.958] [bmv2] [D] [thread 3101] [5.0] [cxt 0] Pipeline 'ingress': end
[14:14:55.958] [bmv2] [D] [thread 3101] [5.0] [cxt 0] Egress port is 0
[14:14:55.958] [bmv2] [D] [thread 3102] [5.0] [cxt 0] Pipeline 'egress': start
[14:14:55.958] [bmv2] [D] [thread 3102] [5.0] [cxt 0] Pipeline 'egress': end
[14:14:55.958] [bmv2] [D] [thread 3102] [5.0] [cxt 0] Deparser 'deparser': start
[14:14:55.958] [bmv2] [T] [thread 3102] [5.0] [cxt 0] Skipping checksum 'cksum' update because condition not met
[14:14:55.958] [bmv2] [D] [thread 3102] [5.0] [cxt 0] Deparsing header 'ethernet'
[14:14:55.958] [bmv2] [D] [thread 3102] [5.0] [cxt 0] Deparser 'deparser': end
[14:14:55.958] [bmv2] [D] [thread 3106] [5.0] [cxt 0] Transmitting packet of size 86 out of port 0
[14:14:56.119] [bmv2] [D] [thread 3101] [6.0] [cxt 0] Processing packet received on port 2
[14:14:56.119] [bmv2] [D] [thread 3101] [6.0] [cxt 0] Parser 'parser': start
[14:14:56.119] [bmv2] [D] [thread 3101] [6.0] [cxt 0] Parser 'parser' entering state 'start'
[14:14:56.119] [bmv2] [D] [thread 3101] [6.0] [cxt 0] Extracting header 'ethernet'
[14:14:56.119] [bmv2] [D] [thread 3101] [6.0] [cxt 0] Parser state 'start': key is 86dd
[14:14:56.119] [bmv2] [T] [thread 3101] [6.0] [cxt 0] Bytes parsed: 14
[14:14:56.119] [bmv2] [D] [thread 3101] [6.0] [cxt 0] Parser 'parser': end
[14:14:56.119] [bmv2] [D] [thread 3101] [6.0] [cxt 0] Pipeline 'ingress': start
[14:14:56.119] [bmv2] [T] [thread 3101] [6.0] [cxt 0] /home/p4/git/master_degree_p4_unipampa/SR/p4src/source_routing.p4(90) Condition "hdr.source_routes[0].isValid()" (node_2) is true
[14:14:56.119] [bmv2] [T] [thread 3101] [6.0] [cxt 0] Applying table 'tbl_source_routing90'
[14:14:56.119] [bmv2] [D] [thread 3101] [6.0] [cxt 0] Looking up key:

[14:14:56.119] [bmv2] [D] [thread 3101] [6.0] [cxt 0] Table 'tbl_source_routing90': miss
[14:14:56.119] [bmv2] [D] [thread 3101] [6.0] [cxt 0] Action entry is source_routing90 - 
[14:14:56.119] [bmv2] [T] [thread 3101] [6.0] [cxt 0] Action source_routing90
[14:14:56.119] [bmv2] [T] [thread 3101] [6.0] [cxt 0] /home/p4/git/master_degree_p4_unipampa/SR/p4src/source_routing.p4(90) Primitive hdr.source_routes[0].isValid() && device_to_port.apply().hit
[14:14:56.119] [bmv2] [T] [thread 3101] [6.0] [cxt 0] Condition "node_9" (node_9) is false
[14:14:56.119] [bmv2] [T] [thread 3101] [6.0] [cxt 0] /home/p4/git/master_degree_p4_unipampa/SR/p4src/source_routing.p4(98) Condition "hdr.ipv4.isValid()" (node_13) is false
[14:14:56.119] [bmv2] [D] [thread 3101] [6.0] [cxt 0] Pipeline 'ingress': end
[14:14:56.119] [bmv2] [D] [thread 3101] [6.0] [cxt 0] Egress port is 0
[14:14:56.119] [bmv2] [D] [thread 3102] [6.0] [cxt 0] Pipeline 'egress': start
[14:14:56.119] [bmv2] [D] [thread 3102] [6.0] [cxt 0] Pipeline 'egress': end
[14:14:56.119] [bmv2] [D] [thread 3102] [6.0] [cxt 0] Deparser 'deparser': start
[14:14:56.119] [bmv2] [T] [thread 3102] [6.0] [cxt 0] Skipping checksum 'cksum' update because condition not met
[14:14:56.119] [bmv2] [D] [thread 3102] [6.0] [cxt 0] Deparsing header 'ethernet'
[14:14:56.119] [bmv2] [D] [thread 3102] [6.0] [cxt 0] Deparser 'deparser': end
[14:14:56.119] [bmv2] [D] [thread 3106] [6.0] [cxt 0] Transmitting packet of size 86 out of port 0
[14:14:56.344] [bmv2] [D] [thread 3101] [7.0] [cxt 0] Processing packet received on port 1
[14:14:56.344] [bmv2] [D] [thread 3101] [7.0] [cxt 0] Parser 'parser': start
[14:14:56.344] [bmv2] [D] [thread 3101] [7.0] [cxt 0] Parser 'parser' entering state 'start'
[14:14:56.344] [bmv2] [D] [thread 3101] [7.0] [cxt 0] Extracting header 'ethernet'
[14:14:56.344] [bmv2] [D] [thread 3101] [7.0] [cxt 0] Parser state 'start': key is 86dd
[14:14:56.344] [bmv2] [T] [thread 3101] [7.0] [cxt 0] Bytes parsed: 14
[14:14:56.344] [bmv2] [D] [thread 3101] [7.0] [cxt 0] Parser 'parser': end
[14:14:56.344] [bmv2] [D] [thread 3101] [7.0] [cxt 0] Pipeline 'ingress': start
[14:14:56.344] [bmv2] [T] [thread 3101] [7.0] [cxt 0] /home/p4/git/master_degree_p4_unipampa/SR/p4src/source_routing.p4(90) Condition "hdr.source_routes[0].isValid()" (node_2) is true
[14:14:56.344] [bmv2] [T] [thread 3101] [7.0] [cxt 0] Applying table 'tbl_source_routing90'
[14:14:56.344] [bmv2] [D] [thread 3101] [7.0] [cxt 0] Looking up key:

[14:14:56.344] [bmv2] [D] [thread 3101] [7.0] [cxt 0] Table 'tbl_source_routing90': miss
[14:14:56.344] [bmv2] [D] [thread 3101] [7.0] [cxt 0] Action entry is source_routing90 - 
[14:14:56.344] [bmv2] [T] [thread 3101] [7.0] [cxt 0] Action source_routing90
[14:14:56.344] [bmv2] [T] [thread 3101] [7.0] [cxt 0] /home/p4/git/master_degree_p4_unipampa/SR/p4src/source_routing.p4(90) Primitive hdr.source_routes[0].isValid() && device_to_port.apply().hit
[14:14:56.344] [bmv2] [T] [thread 3101] [7.0] [cxt 0] Condition "node_9" (node_9) is false
[14:14:56.344] [bmv2] [T] [thread 3101] [7.0] [cxt 0] /home/p4/git/master_degree_p4_unipampa/SR/p4src/source_routing.p4(98) Condition "hdr.ipv4.isValid()" (node_13) is false
[14:14:56.344] [bmv2] [D] [thread 3101] [7.0] [cxt 0] Pipeline 'ingress': end
[14:14:56.344] [bmv2] [D] [thread 3101] [7.0] [cxt 0] Egress port is 0
[14:14:56.344] [bmv2] [D] [thread 3101] [8.0] [cxt 0] Processing packet received on port 3
[14:14:56.344] [bmv2] [D] [thread 3101] [8.0] [cxt 0] Parser 'parser': start
[14:14:56.344] [bmv2] [D] [thread 3101] [8.0] [cxt 0] Parser 'parser' entering state 'start'
[14:14:56.344] [bmv2] [D] [thread 3101] [8.0] [cxt 0] Extracting header 'ethernet'
[14:14:56.344] [bmv2] [D] [thread 3101] [8.0] [cxt 0] Parser state 'start': key is 86dd
[14:14:56.344] [bmv2] [T] [thread 3101] [8.0] [cxt 0] Bytes parsed: 14
[14:14:56.344] [bmv2] [D] [thread 3101] [8.0] [cxt 0] Parser 'parser': end
[14:14:56.344] [bmv2] [D] [thread 3101] [8.0] [cxt 0] Pipeline 'ingress': start
[14:14:56.344] [bmv2] [T] [thread 3101] [8.0] [cxt 0] /home/p4/git/master_degree_p4_unipampa/SR/p4src/source_routing.p4(90) Condition "hdr.source_routes[0].isValid()" (node_2) is true
[14:14:56.344] [bmv2] [T] [thread 3101] [8.0] [cxt 0] Applying table 'tbl_source_routing90'
[14:14:56.344] [bmv2] [D] [thread 3101] [8.0] [cxt 0] Looking up key:

[14:14:56.344] [bmv2] [D] [thread 3101] [8.0] [cxt 0] Table 'tbl_source_routing90': miss
[14:14:56.344] [bmv2] [D] [thread 3101] [8.0] [cxt 0] Action entry is source_routing90 - 
[14:14:56.344] [bmv2] [T] [thread 3101] [8.0] [cxt 0] Action source_routing90
[14:14:56.344] [bmv2] [T] [thread 3101] [8.0] [cxt 0] /home/p4/git/master_degree_p4_unipampa/SR/p4src/source_routing.p4(90) Primitive hdr.source_routes[0].isValid() && device_to_port.apply().hit
[14:14:56.344] [bmv2] [T] [thread 3101] [8.0] [cxt 0] Condition "node_9" (node_9) is false
[14:14:56.344] [bmv2] [T] [thread 3101] [8.0] [cxt 0] /home/p4/git/master_degree_p4_unipampa/SR/p4src/source_routing.p4(98) Condition "hdr.ipv4.isValid()" (node_13) is false
[14:14:56.344] [bmv2] [D] [thread 3101] [8.0] [cxt 0] Pipeline 'ingress': end
[14:14:56.344] [bmv2] [D] [thread 3101] [8.0] [cxt 0] Egress port is 0
[14:14:56.346] [bmv2] [D] [thread 3102] [7.0] [cxt 0] Pipeline 'egress': start
[14:14:56.346] [bmv2] [D] [thread 3102] [7.0] [cxt 0] Pipeline 'egress': end
[14:14:56.346] [bmv2] [D] [thread 3102] [7.0] [cxt 0] Deparser 'deparser': start
[14:14:56.346] [bmv2] [T] [thread 3102] [7.0] [cxt 0] Skipping checksum 'cksum' update because condition not met
[14:14:56.346] [bmv2] [D] [thread 3102] [7.0] [cxt 0] Deparsing header 'ethernet'
[14:14:56.346] [bmv2] [D] [thread 3102] [7.0] [cxt 0] Deparser 'deparser': end
[14:14:56.346] [bmv2] [D] [thread 3106] [7.0] [cxt 0] Transmitting packet of size 86 out of port 0
[14:14:56.346] [bmv2] [D] [thread 3102] [8.0] [cxt 0] Pipeline 'egress': start
[14:14:56.346] [bmv2] [D] [thread 3102] [8.0] [cxt 0] Pipeline 'egress': end
[14:14:56.346] [bmv2] [D] [thread 3102] [8.0] [cxt 0] Deparser 'deparser': start
[14:14:56.346] [bmv2] [T] [thread 3102] [8.0] [cxt 0] Skipping checksum 'cksum' update because condition not met
[14:14:56.346] [bmv2] [D] [thread 3102] [8.0] [cxt 0] Deparsing header 'ethernet'
[14:14:56.346] [bmv2] [D] [thread 3102] [8.0] [cxt 0] Deparser 'deparser': end
[14:14:56.346] [bmv2] [D] [thread 3106] [8.0] [cxt 0] Transmitting packet of size 90 out of port 0
[14:14:56.439] [bmv2] [D] [thread 3101] [9.0] [cxt 0] Processing packet received on port 2
[14:14:56.439] [bmv2] [D] [thread 3101] [9.0] [cxt 0] Parser 'parser': start
[14:14:56.439] [bmv2] [D] [thread 3101] [9.0] [cxt 0] Parser 'parser' entering state 'start'
[14:14:56.439] [bmv2] [D] [thread 3101] [9.0] [cxt 0] Extracting header 'ethernet'
[14:14:56.439] [bmv2] [D] [thread 3101] [9.0] [cxt 0] Parser state 'start': key is 86dd
[14:14:56.439] [bmv2] [T] [thread 3101] [9.0] [cxt 0] Bytes parsed: 14
[14:14:56.439] [bmv2] [D] [thread 3101] [9.0] [cxt 0] Parser 'parser': end
[14:14:56.439] [bmv2] [D] [thread 3101] [9.0] [cxt 0] Pipeline 'ingress': start
[14:14:56.439] [bmv2] [T] [thread 3101] [9.0] [cxt 0] /home/p4/git/master_degree_p4_unipampa/SR/p4src/source_routing.p4(90) Condition "hdr.source_routes[0].isValid()" (node_2) is true
[14:14:56.439] [bmv2] [T] [thread 3101] [9.0] [cxt 0] Applying table 'tbl_source_routing90'
[14:14:56.439] [bmv2] [D] [thread 3101] [9.0] [cxt 0] Looking up key:

[14:14:56.439] [bmv2] [D] [thread 3101] [9.0] [cxt 0] Table 'tbl_source_routing90': miss
[14:14:56.439] [bmv2] [D] [thread 3101] [9.0] [cxt 0] Action entry is source_routing90 - 
[14:14:56.439] [bmv2] [T] [thread 3101] [9.0] [cxt 0] Action source_routing90
[14:14:56.439] [bmv2] [T] [thread 3101] [9.0] [cxt 0] /home/p4/git/master_degree_p4_unipampa/SR/p4src/source_routing.p4(90) Primitive hdr.source_routes[0].isValid() && device_to_port.apply().hit
[14:14:56.439] [bmv2] [T] [thread 3101] [9.0] [cxt 0] Condition "node_9" (node_9) is false
[14:14:56.439] [bmv2] [T] [thread 3101] [9.0] [cxt 0] /home/p4/git/master_degree_p4_unipampa/SR/p4src/source_routing.p4(98) Condition "hdr.ipv4.isValid()" (node_13) is false
[14:14:56.439] [bmv2] [D] [thread 3101] [9.0] [cxt 0] Pipeline 'ingress': end
[14:14:56.440] [bmv2] [D] [thread 3101] [9.0] [cxt 0] Egress port is 0
[14:14:56.440] [bmv2] [D] [thread 3101] [10.0] [cxt 0] Processing packet received on port 2
[14:14:56.440] [bmv2] [D] [thread 3101] [10.0] [cxt 0] Parser 'parser': start
[14:14:56.440] [bmv2] [D] [thread 3101] [10.0] [cxt 0] Parser 'parser' entering state 'start'
[14:14:56.440] [bmv2] [D] [thread 3101] [10.0] [cxt 0] Extracting header 'ethernet'
[14:14:56.440] [bmv2] [D] [thread 3101] [10.0] [cxt 0] Parser state 'start': key is 86dd
[14:14:56.440] [bmv2] [T] [thread 3101] [10.0] [cxt 0] Bytes parsed: 14
[14:14:56.440] [bmv2] [D] [thread 3101] [10.0] [cxt 0] Parser 'parser': end
[14:14:56.440] [bmv2] [D] [thread 3101] [10.0] [cxt 0] Pipeline 'ingress': start
[14:14:56.440] [bmv2] [T] [thread 3101] [10.0] [cxt 0] /home/p4/git/master_degree_p4_unipampa/SR/p4src/source_routing.p4(90) Condition "hdr.source_routes[0].isValid()" (node_2) is true
[14:14:56.440] [bmv2] [T] [thread 3101] [10.0] [cxt 0] Applying table 'tbl_source_routing90'
[14:14:56.440] [bmv2] [D] [thread 3101] [10.0] [cxt 0] Looking up key:

[14:14:56.440] [bmv2] [D] [thread 3101] [10.0] [cxt 0] Table 'tbl_source_routing90': miss
[14:14:56.440] [bmv2] [D] [thread 3101] [10.0] [cxt 0] Action entry is source_routing90 - 
[14:14:56.440] [bmv2] [T] [thread 3101] [10.0] [cxt 0] Action source_routing90
[14:14:56.440] [bmv2] [T] [thread 3101] [10.0] [cxt 0] /home/p4/git/master_degree_p4_unipampa/SR/p4src/source_routing.p4(90) Primitive hdr.source_routes[0].isValid() && device_to_port.apply().hit
[14:14:56.440] [bmv2] [T] [thread 3101] [10.0] [cxt 0] Condition "node_9" (node_9) is false
[14:14:56.440] [bmv2] [T] [thread 3101] [10.0] [cxt 0] /home/p4/git/master_degree_p4_unipampa/SR/p4src/source_routing.p4(98) Condition "hdr.ipv4.isValid()" (node_13) is false
[14:14:56.440] [bmv2] [D] [thread 3101] [10.0] [cxt 0] Pipeline 'ingress': end
[14:14:56.440] [bmv2] [D] [thread 3101] [10.0] [cxt 0] Egress port is 0
[14:14:56.446] [bmv2] [D] [thread 3102] [9.0] [cxt 0] Pipeline 'egress': start
[14:14:56.446] [bmv2] [D] [thread 3102] [9.0] [cxt 0] Pipeline 'egress': end
[14:14:56.446] [bmv2] [D] [thread 3102] [9.0] [cxt 0] Deparser 'deparser': start
[14:14:56.446] [bmv2] [T] [thread 3102] [9.0] [cxt 0] Skipping checksum 'cksum' update because condition not met
[14:14:56.446] [bmv2] [D] [thread 3102] [9.0] [cxt 0] Deparsing header 'ethernet'
[14:14:56.446] [bmv2] [D] [thread 3102] [9.0] [cxt 0] Deparser 'deparser': end
[14:14:56.446] [bmv2] [D] [thread 3102] [10.0] [cxt 0] Pipeline 'egress': start
[14:14:56.446] [bmv2] [D] [thread 3102] [10.0] [cxt 0] Pipeline 'egress': end
[14:14:56.446] [bmv2] [D] [thread 3102] [10.0] [cxt 0] Deparser 'deparser': start
[14:14:56.446] [bmv2] [T] [thread 3102] [10.0] [cxt 0] Skipping checksum 'cksum' update because condition not met
[14:14:56.446] [bmv2] [D] [thread 3102] [10.0] [cxt 0] Deparsing header 'ethernet'
[14:14:56.446] [bmv2] [D] [thread 3102] [10.0] [cxt 0] Deparser 'deparser': end
[14:14:56.447] [bmv2] [D] [thread 3106] [9.0] [cxt 0] Transmitting packet of size 90 out of port 0
[14:14:56.447] [bmv2] [D] [thread 3106] [10.0] [cxt 0] Transmitting packet of size 70 out of port 0
[14:14:56.450] [bmv2] [D] [thread 3101] [11.0] [cxt 0] Processing packet received on port 2
[14:14:56.450] [bmv2] [D] [thread 3101] [11.0] [cxt 0] Parser 'parser': start
[14:14:56.450] [bmv2] [D] [thread 3101] [11.0] [cxt 0] Parser 'parser' entering state 'start'
[14:14:56.450] [bmv2] [D] [thread 3101] [11.0] [cxt 0] Extracting header 'ethernet'
[14:14:56.450] [bmv2] [D] [thread 3101] [11.0] [cxt 0] Parser state 'start': key is 86dd
[14:14:56.450] [bmv2] [T] [thread 3101] [11.0] [cxt 0] Bytes parsed: 14
[14:14:56.450] [bmv2] [D] [thread 3101] [11.0] [cxt 0] Parser 'parser': end
[14:14:56.450] [bmv2] [D] [thread 3101] [11.0] [cxt 0] Pipeline 'ingress': start
[14:14:56.450] [bmv2] [T] [thread 3101] [11.0] [cxt 0] /home/p4/git/master_degree_p4_unipampa/SR/p4src/source_routing.p4(90) Condition "hdr.source_routes[0].isValid()" (node_2) is true
[14:14:56.450] [bmv2] [T] [thread 3101] [11.0] [cxt 0] Applying table 'tbl_source_routing90'
[14:14:56.450] [bmv2] [D] [thread 3101] [11.0] [cxt 0] Looking up key:

[14:14:56.450] [bmv2] [D] [thread 3101] [11.0] [cxt 0] Table 'tbl_source_routing90': miss
[14:14:56.450] [bmv2] [D] [thread 3101] [11.0] [cxt 0] Action entry is source_routing90 - 
[14:14:56.450] [bmv2] [T] [thread 3101] [11.0] [cxt 0] Action source_routing90
[14:14:56.450] [bmv2] [T] [thread 3101] [11.0] [cxt 0] /home/p4/git/master_degree_p4_unipampa/SR/p4src/source_routing.p4(90) Primitive hdr.source_routes[0].isValid() && device_to_port.apply().hit
[14:14:56.450] [bmv2] [T] [thread 3101] [11.0] [cxt 0] Condition "node_9" (node_9) is false
[14:14:56.450] [bmv2] [T] [thread 3101] [11.0] [cxt 0] /home/p4/git/master_degree_p4_unipampa/SR/p4src/source_routing.p4(98) Condition "hdr.ipv4.isValid()" (node_13) is false
[14:14:56.450] [bmv2] [D] [thread 3101] [11.0] [cxt 0] Pipeline 'ingress': end
[14:14:56.450] [bmv2] [D] [thread 3101] [11.0] [cxt 0] Egress port is 0
[14:14:56.450] [bmv2] [D] [thread 3102] [11.0] [cxt 0] Pipeline 'egress': start
[14:14:56.450] [bmv2] [D] [thread 3102] [11.0] [cxt 0] Pipeline 'egress': end
[14:14:56.450] [bmv2] [D] [thread 3102] [11.0] [cxt 0] Deparser 'deparser': start
[14:14:56.450] [bmv2] [T] [thread 3102] [11.0] [cxt 0] Skipping checksum 'cksum' update because condition not met
[14:14:56.450] [bmv2] [D] [thread 3102] [11.0] [cxt 0] Deparsing header 'ethernet'
[14:14:56.450] [bmv2] [D] [thread 3102] [11.0] [cxt 0] Deparser 'deparser': end
[14:14:56.451] [bmv2] [D] [thread 3106] [11.0] [cxt 0] Transmitting packet of size 90 out of port 0
open: No such file or directory
open: No such file or directory
