Warning: you requested the nanomsg event logger, but bmv2 was compiled without -DBMELOG, and the event logger cannot be activated
Calling target program-options parser
[14:14:55.944] [bmv2] [D] [thread 3135] Set default default entry for table 'tbl_source_routing90': source_routing90 - 
[14:14:55.944] [bmv2] [D] [thread 3135] Set default default entry for table 'tbl_source_routing75': source_routing75 - 
[14:14:55.944] [bmv2] [D] [thread 3135] Set default default entry for table 'MyIngress.device_to_port': NoAction - 
[14:14:55.944] [bmv2] [D] [thread 3135] Set default default entry for table 'tbl_act': act - 
[14:14:55.944] [bmv2] [D] [thread 3135] Set default default entry for table 'tbl_act_0': act_0 - 
[14:14:55.944] [bmv2] [D] [thread 3135] Set default default entry for table 'tbl_source_routing90_0': source_routing90_0 - 
[14:14:55.944] [bmv2] [D] [thread 3135] Set default default entry for table 'tbl_set_normal_ethernet': MyIngress.set_normal_ethernet - 
[14:14:55.944] [bmv2] [D] [thread 3135] Set default default entry for table 'tbl_source_routing95': source_routing95 - 
[14:14:55.944] [bmv2] [D] [thread 3135] Set default default entry for table 'MyIngress.ipv4_lpm': NoAction - 
[14:14:55.944] [bmv2] [D] [thread 3135] Set default default entry for table 'tbl_set_normal_ethernet_0': MyIngress.set_normal_ethernet - 
[14:14:55.944] [bmv2] [D] [thread 3135] Set default default entry for table 'tbl_source_routing106': source_routing106 - 
Adding interface s5-eth1 as port 1
[14:14:55.947] [bmv2] [D] [thread 3135] Adding interface s5-eth1 as port 1
Adding interface s5-eth2 as port 2
[14:14:55.978] [bmv2] [D] [thread 3135] Adding interface s5-eth2 as port 2
Adding interface s5-eth3 as port 3
[14:14:56.006] [bmv2] [D] [thread 3135] Adding interface s5-eth3 as port 3
[14:14:56.030] [bmv2] [I] [thread 3135] Starting Thrift server on port 9094
[14:14:56.030] [bmv2] [I] [thread 3135] Thrift server was started
[14:14:56.058] [bmv2] [D] [thread 3141] [0.0] [cxt 0] Processing packet received on port 2
[14:14:56.058] [bmv2] [D] [thread 3141] [0.0] [cxt 0] Parser 'parser': start
[14:14:56.058] [bmv2] [D] [thread 3141] [0.0] [cxt 0] Parser 'parser' entering state 'start'
[14:14:56.058] [bmv2] [D] [thread 3141] [0.0] [cxt 0] Extracting header 'ethernet'
[14:14:56.058] [bmv2] [D] [thread 3141] [0.0] [cxt 0] Parser state 'start': key is 86dd
[14:14:56.058] [bmv2] [T] [thread 3141] [0.0] [cxt 0] Bytes parsed: 14
[14:14:56.058] [bmv2] [D] [thread 3141] [0.0] [cxt 0] Parser 'parser': end
[14:14:56.058] [bmv2] [D] [thread 3141] [0.0] [cxt 0] Pipeline 'ingress': start
[14:14:56.058] [bmv2] [T] [thread 3141] [0.0] [cxt 0] /home/p4/git/master_degree_p4_unipampa/SR/p4src/source_routing.p4(90) Condition "hdr.source_routes[0].isValid()" (node_2) is true
[14:14:56.058] [bmv2] [T] [thread 3141] [0.0] [cxt 0] Applying table 'tbl_source_routing90'
[14:14:56.058] [bmv2] [D] [thread 3141] [0.0] [cxt 0] Looking up key:

[14:14:56.058] [bmv2] [D] [thread 3141] [0.0] [cxt 0] Table 'tbl_source_routing90': miss
[14:14:56.058] [bmv2] [D] [thread 3141] [0.0] [cxt 0] Action entry is source_routing90 - 
[14:14:56.058] [bmv2] [T] [thread 3141] [0.0] [cxt 0] Action source_routing90
[14:14:56.058] [bmv2] [T] [thread 3141] [0.0] [cxt 0] /home/p4/git/master_degree_p4_unipampa/SR/p4src/source_routing.p4(90) Primitive hdr.source_routes[0].isValid() && device_to_port.apply().hit
[14:14:56.058] [bmv2] [T] [thread 3141] [0.0] [cxt 0] Condition "node_9" (node_9) is false
[14:14:56.058] [bmv2] [T] [thread 3141] [0.0] [cxt 0] /home/p4/git/master_degree_p4_unipampa/SR/p4src/source_routing.p4(98) Condition "hdr.ipv4.isValid()" (node_13) is false
[14:14:56.058] [bmv2] [D] [thread 3141] [0.0] [cxt 0] Pipeline 'ingress': end
[14:14:56.058] [bmv2] [D] [thread 3141] [0.0] [cxt 0] Egress port is 0
[14:14:56.058] [bmv2] [D] [thread 3142] [0.0] [cxt 0] Pipeline 'egress': start
[14:14:56.058] [bmv2] [D] [thread 3142] [0.0] [cxt 0] Pipeline 'egress': end
[14:14:56.058] [bmv2] [D] [thread 3142] [0.0] [cxt 0] Deparser 'deparser': start
[14:14:56.058] [bmv2] [T] [thread 3142] [0.0] [cxt 0] Skipping checksum 'cksum' update because condition not met
[14:14:56.058] [bmv2] [D] [thread 3142] [0.0] [cxt 0] Deparsing header 'ethernet'
[14:14:56.058] [bmv2] [D] [thread 3142] [0.0] [cxt 0] Deparser 'deparser': end
[14:14:56.058] [bmv2] [D] [thread 3146] [0.0] [cxt 0] Transmitting packet of size 86 out of port 0
[14:14:56.087] [bmv2] [D] [thread 3141] [1.0] [cxt 0] Processing packet received on port 3
[14:14:56.087] [bmv2] [D] [thread 3141] [1.0] [cxt 0] Parser 'parser': start
[14:14:56.087] [bmv2] [D] [thread 3141] [1.0] [cxt 0] Parser 'parser' entering state 'start'
[14:14:56.087] [bmv2] [D] [thread 3141] [1.0] [cxt 0] Extracting header 'ethernet'
[14:14:56.087] [bmv2] [D] [thread 3141] [1.0] [cxt 0] Parser state 'start': key is 86dd
[14:14:56.087] [bmv2] [T] [thread 3141] [1.0] [cxt 0] Bytes parsed: 14
[14:14:56.087] [bmv2] [D] [thread 3141] [1.0] [cxt 0] Parser 'parser': end
[14:14:56.087] [bmv2] [D] [thread 3141] [1.0] [cxt 0] Pipeline 'ingress': start
[14:14:56.087] [bmv2] [T] [thread 3141] [1.0] [cxt 0] /home/p4/git/master_degree_p4_unipampa/SR/p4src/source_routing.p4(90) Condition "hdr.source_routes[0].isValid()" (node_2) is true
[14:14:56.087] [bmv2] [T] [thread 3141] [1.0] [cxt 0] Applying table 'tbl_source_routing90'
[14:14:56.087] [bmv2] [D] [thread 3141] [1.0] [cxt 0] Looking up key:

[14:14:56.087] [bmv2] [D] [thread 3141] [1.0] [cxt 0] Table 'tbl_source_routing90': miss
[14:14:56.087] [bmv2] [D] [thread 3141] [1.0] [cxt 0] Action entry is source_routing90 - 
[14:14:56.087] [bmv2] [T] [thread 3141] [1.0] [cxt 0] Action source_routing90
[14:14:56.087] [bmv2] [T] [thread 3141] [1.0] [cxt 0] /home/p4/git/master_degree_p4_unipampa/SR/p4src/source_routing.p4(90) Primitive hdr.source_routes[0].isValid() && device_to_port.apply().hit
[14:14:56.087] [bmv2] [T] [thread 3141] [1.0] [cxt 0] Condition "node_9" (node_9) is false
[14:14:56.087] [bmv2] [T] [thread 3141] [1.0] [cxt 0] /home/p4/git/master_degree_p4_unipampa/SR/p4src/source_routing.p4(98) Condition "hdr.ipv4.isValid()" (node_13) is false
[14:14:56.087] [bmv2] [D] [thread 3141] [1.0] [cxt 0] Pipeline 'ingress': end
[14:14:56.087] [bmv2] [D] [thread 3141] [1.0] [cxt 0] Egress port is 0
[14:14:56.087] [bmv2] [D] [thread 3142] [1.0] [cxt 0] Pipeline 'egress': start
[14:14:56.087] [bmv2] [D] [thread 3142] [1.0] [cxt 0] Pipeline 'egress': end
[14:14:56.087] [bmv2] [D] [thread 3142] [1.0] [cxt 0] Deparser 'deparser': start
[14:14:56.087] [bmv2] [T] [thread 3142] [1.0] [cxt 0] Skipping checksum 'cksum' update because condition not met
[14:14:56.087] [bmv2] [D] [thread 3142] [1.0] [cxt 0] Deparsing header 'ethernet'
[14:14:56.087] [bmv2] [D] [thread 3142] [1.0] [cxt 0] Deparser 'deparser': end
[14:14:56.087] [bmv2] [D] [thread 3146] [1.0] [cxt 0] Transmitting packet of size 90 out of port 0
[14:14:56.118] [bmv2] [D] [thread 3141] [2.0] [cxt 0] Processing packet received on port 1
[14:14:56.118] [bmv2] [D] [thread 3141] [2.0] [cxt 0] Parser 'parser': start
[14:14:56.118] [bmv2] [D] [thread 3141] [2.0] [cxt 0] Parser 'parser' entering state 'start'
[14:14:56.118] [bmv2] [D] [thread 3141] [2.0] [cxt 0] Extracting header 'ethernet'
[14:14:56.118] [bmv2] [D] [thread 3141] [2.0] [cxt 0] Parser state 'start': key is 86dd
[14:14:56.118] [bmv2] [T] [thread 3141] [2.0] [cxt 0] Bytes parsed: 14
[14:14:56.118] [bmv2] [D] [thread 3141] [2.0] [cxt 0] Parser 'parser': end
[14:14:56.118] [bmv2] [D] [thread 3141] [2.0] [cxt 0] Pipeline 'ingress': start
[14:14:56.118] [bmv2] [T] [thread 3141] [2.0] [cxt 0] /home/p4/git/master_degree_p4_unipampa/SR/p4src/source_routing.p4(90) Condition "hdr.source_routes[0].isValid()" (node_2) is true
[14:14:56.118] [bmv2] [T] [thread 3141] [2.0] [cxt 0] Applying table 'tbl_source_routing90'
[14:14:56.118] [bmv2] [D] [thread 3141] [2.0] [cxt 0] Looking up key:

[14:14:56.118] [bmv2] [D] [thread 3141] [2.0] [cxt 0] Table 'tbl_source_routing90': miss
[14:14:56.118] [bmv2] [D] [thread 3141] [2.0] [cxt 0] Action entry is source_routing90 - 
[14:14:56.118] [bmv2] [T] [thread 3141] [2.0] [cxt 0] Action source_routing90
[14:14:56.118] [bmv2] [T] [thread 3141] [2.0] [cxt 0] /home/p4/git/master_degree_p4_unipampa/SR/p4src/source_routing.p4(90) Primitive hdr.source_routes[0].isValid() && device_to_port.apply().hit
[14:14:56.118] [bmv2] [T] [thread 3141] [2.0] [cxt 0] Condition "node_9" (node_9) is false
[14:14:56.118] [bmv2] [T] [thread 3141] [2.0] [cxt 0] /home/p4/git/master_degree_p4_unipampa/SR/p4src/source_routing.p4(98) Condition "hdr.ipv4.isValid()" (node_13) is false
[14:14:56.118] [bmv2] [D] [thread 3141] [2.0] [cxt 0] Pipeline 'ingress': end
[14:14:56.118] [bmv2] [D] [thread 3141] [2.0] [cxt 0] Egress port is 0
[14:14:56.118] [bmv2] [D] [thread 3142] [2.0] [cxt 0] Pipeline 'egress': start
[14:14:56.118] [bmv2] [D] [thread 3142] [2.0] [cxt 0] Pipeline 'egress': end
[14:14:56.118] [bmv2] [D] [thread 3142] [2.0] [cxt 0] Deparser 'deparser': start
[14:14:56.118] [bmv2] [T] [thread 3142] [2.0] [cxt 0] Skipping checksum 'cksum' update because condition not met
[14:14:56.118] [bmv2] [D] [thread 3142] [2.0] [cxt 0] Deparsing header 'ethernet'
[14:14:56.118] [bmv2] [D] [thread 3142] [2.0] [cxt 0] Deparser 'deparser': end
[14:14:56.118] [bmv2] [D] [thread 3146] [2.0] [cxt 0] Transmitting packet of size 86 out of port 0
[14:14:56.344] [bmv2] [D] [thread 3141] [3.0] [cxt 0] Processing packet received on port 2
[14:14:56.344] [bmv2] [D] [thread 3141] [3.0] [cxt 0] Parser 'parser': start
[14:14:56.344] [bmv2] [D] [thread 3141] [3.0] [cxt 0] Parser 'parser' entering state 'start'
[14:14:56.344] [bmv2] [D] [thread 3141] [3.0] [cxt 0] Extracting header 'ethernet'
[14:14:56.344] [bmv2] [D] [thread 3141] [3.0] [cxt 0] Parser state 'start': key is 86dd
[14:14:56.344] [bmv2] [T] [thread 3141] [3.0] [cxt 0] Bytes parsed: 14
[14:14:56.344] [bmv2] [D] [thread 3141] [3.0] [cxt 0] Parser 'parser': end
[14:14:56.344] [bmv2] [D] [thread 3141] [3.0] [cxt 0] Pipeline 'ingress': start
[14:14:56.344] [bmv2] [T] [thread 3141] [3.0] [cxt 0] /home/p4/git/master_degree_p4_unipampa/SR/p4src/source_routing.p4(90) Condition "hdr.source_routes[0].isValid()" (node_2) is true
[14:14:56.344] [bmv2] [T] [thread 3141] [3.0] [cxt 0] Applying table 'tbl_source_routing90'
[14:14:56.344] [bmv2] [D] [thread 3141] [3.0] [cxt 0] Looking up key:

[14:14:56.344] [bmv2] [D] [thread 3141] [3.0] [cxt 0] Table 'tbl_source_routing90': miss
[14:14:56.344] [bmv2] [D] [thread 3141] [3.0] [cxt 0] Action entry is source_routing90 - 
[14:14:56.344] [bmv2] [T] [thread 3141] [3.0] [cxt 0] Action source_routing90
[14:14:56.344] [bmv2] [T] [thread 3141] [3.0] [cxt 0] /home/p4/git/master_degree_p4_unipampa/SR/p4src/source_routing.p4(90) Primitive hdr.source_routes[0].isValid() && device_to_port.apply().hit
[14:14:56.344] [bmv2] [T] [thread 3141] [3.0] [cxt 0] Condition "node_9" (node_9) is false
[14:14:56.344] [bmv2] [T] [thread 3141] [3.0] [cxt 0] /home/p4/git/master_degree_p4_unipampa/SR/p4src/source_routing.p4(98) Condition "hdr.ipv4.isValid()" (node_13) is false
[14:14:56.344] [bmv2] [D] [thread 3141] [3.0] [cxt 0] Pipeline 'ingress': end
[14:14:56.344] [bmv2] [D] [thread 3141] [3.0] [cxt 0] Egress port is 0
[14:14:56.344] [bmv2] [D] [thread 3142] [3.0] [cxt 0] Pipeline 'egress': start
[14:14:56.344] [bmv2] [D] [thread 3142] [3.0] [cxt 0] Pipeline 'egress': end
[14:14:56.344] [bmv2] [D] [thread 3142] [3.0] [cxt 0] Deparser 'deparser': start
[14:14:56.344] [bmv2] [T] [thread 3142] [3.0] [cxt 0] Skipping checksum 'cksum' update because condition not met
[14:14:56.344] [bmv2] [D] [thread 3142] [3.0] [cxt 0] Deparsing header 'ethernet'
[14:14:56.344] [bmv2] [D] [thread 3142] [3.0] [cxt 0] Deparser 'deparser': end
[14:14:56.344] [bmv2] [D] [thread 3146] [3.0] [cxt 0] Transmitting packet of size 86 out of port 0
[14:14:56.376] [bmv2] [D] [thread 3141] [4.0] [cxt 0] Processing packet received on port 3
[14:14:56.376] [bmv2] [D] [thread 3141] [4.0] [cxt 0] Parser 'parser': start
[14:14:56.376] [bmv2] [D] [thread 3141] [4.0] [cxt 0] Parser 'parser' entering state 'start'
[14:14:56.376] [bmv2] [D] [thread 3141] [4.0] [cxt 0] Extracting header 'ethernet'
[14:14:56.376] [bmv2] [D] [thread 3141] [4.0] [cxt 0] Parser state 'start': key is 86dd
[14:14:56.376] [bmv2] [T] [thread 3141] [4.0] [cxt 0] Bytes parsed: 14
[14:14:56.376] [bmv2] [D] [thread 3141] [4.0] [cxt 0] Parser 'parser': end
[14:14:56.376] [bmv2] [D] [thread 3141] [4.0] [cxt 0] Pipeline 'ingress': start
[14:14:56.376] [bmv2] [T] [thread 3141] [4.0] [cxt 0] /home/p4/git/master_degree_p4_unipampa/SR/p4src/source_routing.p4(90) Condition "hdr.source_routes[0].isValid()" (node_2) is true
[14:14:56.376] [bmv2] [T] [thread 3141] [4.0] [cxt 0] Applying table 'tbl_source_routing90'
[14:14:56.376] [bmv2] [D] [thread 3141] [4.0] [cxt 0] Looking up key:

[14:14:56.376] [bmv2] [D] [thread 3141] [4.0] [cxt 0] Table 'tbl_source_routing90': miss
[14:14:56.376] [bmv2] [D] [thread 3141] [4.0] [cxt 0] Action entry is source_routing90 - 
[14:14:56.376] [bmv2] [T] [thread 3141] [4.0] [cxt 0] Action source_routing90
[14:14:56.376] [bmv2] [T] [thread 3141] [4.0] [cxt 0] /home/p4/git/master_degree_p4_unipampa/SR/p4src/source_routing.p4(90) Primitive hdr.source_routes[0].isValid() && device_to_port.apply().hit
[14:14:56.376] [bmv2] [T] [thread 3141] [4.0] [cxt 0] Condition "node_9" (node_9) is false
[14:14:56.376] [bmv2] [T] [thread 3141] [4.0] [cxt 0] /home/p4/git/master_degree_p4_unipampa/SR/p4src/source_routing.p4(98) Condition "hdr.ipv4.isValid()" (node_13) is false
[14:14:56.376] [bmv2] [D] [thread 3141] [4.0] [cxt 0] Pipeline 'ingress': end
[14:14:56.376] [bmv2] [D] [thread 3141] [4.0] [cxt 0] Egress port is 0
[14:14:56.376] [bmv2] [D] [thread 3142] [4.0] [cxt 0] Pipeline 'egress': start
[14:14:56.376] [bmv2] [D] [thread 3142] [4.0] [cxt 0] Pipeline 'egress': end
[14:14:56.376] [bmv2] [D] [thread 3142] [4.0] [cxt 0] Deparser 'deparser': start
[14:14:56.376] [bmv2] [T] [thread 3142] [4.0] [cxt 0] Skipping checksum 'cksum' update because condition not met
[14:14:56.376] [bmv2] [D] [thread 3142] [4.0] [cxt 0] Deparsing header 'ethernet'
[14:14:56.376] [bmv2] [D] [thread 3142] [4.0] [cxt 0] Deparser 'deparser': end
[14:14:56.376] [bmv2] [D] [thread 3146] [4.0] [cxt 0] Transmitting packet of size 86 out of port 0
[14:14:56.470] [bmv2] [D] [thread 3141] [5.0] [cxt 0] Processing packet received on port 3
[14:14:56.470] [bmv2] [D] [thread 3141] [5.0] [cxt 0] Parser 'parser': start
[14:14:56.470] [bmv2] [D] [thread 3141] [5.0] [cxt 0] Parser 'parser' entering state 'start'
[14:14:56.470] [bmv2] [D] [thread 3141] [5.0] [cxt 0] Extracting header 'ethernet'
[14:14:56.470] [bmv2] [D] [thread 3141] [5.0] [cxt 0] Parser state 'start': key is 86dd
[14:14:56.470] [bmv2] [T] [thread 3141] [5.0] [cxt 0] Bytes parsed: 14
[14:14:56.470] [bmv2] [D] [thread 3141] [5.0] [cxt 0] Parser 'parser': end
[14:14:56.470] [bmv2] [D] [thread 3141] [5.0] [cxt 0] Pipeline 'ingress': start
[14:14:56.470] [bmv2] [T] [thread 3141] [5.0] [cxt 0] /home/p4/git/master_degree_p4_unipampa/SR/p4src/source_routing.p4(90) Condition "hdr.source_routes[0].isValid()" (node_2) is true
[14:14:56.470] [bmv2] [T] [thread 3141] [5.0] [cxt 0] Applying table 'tbl_source_routing90'
[14:14:56.470] [bmv2] [D] [thread 3141] [5.0] [cxt 0] Looking up key:

[14:14:56.471] [bmv2] [D] [thread 3141] [5.0] [cxt 0] Table 'tbl_source_routing90': miss
[14:14:56.471] [bmv2] [D] [thread 3141] [5.0] [cxt 0] Action entry is source_routing90 - 
[14:14:56.471] [bmv2] [T] [thread 3141] [5.0] [cxt 0] Action source_routing90
[14:14:56.471] [bmv2] [T] [thread 3141] [5.0] [cxt 0] /home/p4/git/master_degree_p4_unipampa/SR/p4src/source_routing.p4(90) Primitive hdr.source_routes[0].isValid() && device_to_port.apply().hit
[14:14:56.471] [bmv2] [T] [thread 3141] [5.0] [cxt 0] Condition "node_9" (node_9) is false
[14:14:56.471] [bmv2] [T] [thread 3141] [5.0] [cxt 0] /home/p4/git/master_degree_p4_unipampa/SR/p4src/source_routing.p4(98) Condition "hdr.ipv4.isValid()" (node_13) is false
[14:14:56.471] [bmv2] [D] [thread 3141] [5.0] [cxt 0] Pipeline 'ingress': end
[14:14:56.471] [bmv2] [D] [thread 3141] [5.0] [cxt 0] Egress port is 0
[14:14:56.471] [bmv2] [D] [thread 3142] [5.0] [cxt 0] Pipeline 'egress': start
[14:14:56.471] [bmv2] [D] [thread 3142] [5.0] [cxt 0] Pipeline 'egress': end
[14:14:56.471] [bmv2] [D] [thread 3142] [5.0] [cxt 0] Deparser 'deparser': start
[14:14:56.471] [bmv2] [T] [thread 3142] [5.0] [cxt 0] Skipping checksum 'cksum' update because condition not met
[14:14:56.471] [bmv2] [D] [thread 3142] [5.0] [cxt 0] Deparsing header 'ethernet'
[14:14:56.471] [bmv2] [D] [thread 3142] [5.0] [cxt 0] Deparser 'deparser': end
[14:14:56.471] [bmv2] [D] [thread 3146] [5.0] [cxt 0] Transmitting packet of size 90 out of port 0
[14:14:56.471] [bmv2] [D] [thread 3141] [6.0] [cxt 0] Processing packet received on port 3
[14:14:56.471] [bmv2] [D] [thread 3141] [6.0] [cxt 0] Parser 'parser': start
[14:14:56.471] [bmv2] [D] [thread 3141] [6.0] [cxt 0] Parser 'parser' entering state 'start'
[14:14:56.471] [bmv2] [D] [thread 3141] [6.0] [cxt 0] Extracting header 'ethernet'
[14:14:56.471] [bmv2] [D] [thread 3141] [6.0] [cxt 0] Parser state 'start': key is 86dd
[14:14:56.471] [bmv2] [T] [thread 3141] [6.0] [cxt 0] Bytes parsed: 14
[14:14:56.471] [bmv2] [D] [thread 3141] [6.0] [cxt 0] Parser 'parser': end
[14:14:56.471] [bmv2] [D] [thread 3141] [6.0] [cxt 0] Pipeline 'ingress': start
[14:14:56.471] [bmv2] [T] [thread 3141] [6.0] [cxt 0] /home/p4/git/master_degree_p4_unipampa/SR/p4src/source_routing.p4(90) Condition "hdr.source_routes[0].isValid()" (node_2) is true
[14:14:56.471] [bmv2] [T] [thread 3141] [6.0] [cxt 0] Applying table 'tbl_source_routing90'
[14:14:56.471] [bmv2] [D] [thread 3141] [6.0] [cxt 0] Looking up key:

[14:14:56.471] [bmv2] [D] [thread 3141] [6.0] [cxt 0] Table 'tbl_source_routing90': miss
[14:14:56.471] [bmv2] [D] [thread 3141] [6.0] [cxt 0] Action entry is source_routing90 - 
[14:14:56.471] [bmv2] [T] [thread 3141] [6.0] [cxt 0] Action source_routing90
[14:14:56.471] [bmv2] [T] [thread 3141] [6.0] [cxt 0] /home/p4/git/master_degree_p4_unipampa/SR/p4src/source_routing.p4(90) Primitive hdr.source_routes[0].isValid() && device_to_port.apply().hit
[14:14:56.471] [bmv2] [T] [thread 3141] [6.0] [cxt 0] Condition "node_9" (node_9) is false
[14:14:56.471] [bmv2] [T] [thread 3141] [6.0] [cxt 0] /home/p4/git/master_degree_p4_unipampa/SR/p4src/source_routing.p4(98) Condition "hdr.ipv4.isValid()" (node_13) is false
[14:14:56.471] [bmv2] [D] [thread 3141] [6.0] [cxt 0] Pipeline 'ingress': end
[14:14:56.471] [bmv2] [D] [thread 3141] [6.0] [cxt 0] Egress port is 0
[14:14:56.471] [bmv2] [D] [thread 3142] [6.0] [cxt 0] Pipeline 'egress': start
[14:14:56.471] [bmv2] [D] [thread 3142] [6.0] [cxt 0] Pipeline 'egress': end
[14:14:56.471] [bmv2] [D] [thread 3142] [6.0] [cxt 0] Deparser 'deparser': start
[14:14:56.471] [bmv2] [T] [thread 3142] [6.0] [cxt 0] Skipping checksum 'cksum' update because condition not met
[14:14:56.471] [bmv2] [D] [thread 3142] [6.0] [cxt 0] Deparsing header 'ethernet'
[14:14:56.471] [bmv2] [D] [thread 3142] [6.0] [cxt 0] Deparser 'deparser': end
[14:14:56.471] [bmv2] [D] [thread 3146] [6.0] [cxt 0] Transmitting packet of size 70 out of port 0
[14:14:56.482] [bmv2] [D] [thread 3141] [7.0] [cxt 0] Processing packet received on port 3
[14:14:56.482] [bmv2] [D] [thread 3141] [7.0] [cxt 0] Parser 'parser': start
[14:14:56.482] [bmv2] [D] [thread 3141] [7.0] [cxt 0] Parser 'parser' entering state 'start'
[14:14:56.482] [bmv2] [D] [thread 3141] [7.0] [cxt 0] Extracting header 'ethernet'
[14:14:56.482] [bmv2] [D] [thread 3141] [7.0] [cxt 0] Parser state 'start': key is 86dd
[14:14:56.482] [bmv2] [T] [thread 3141] [7.0] [cxt 0] Bytes parsed: 14
[14:14:56.482] [bmv2] [D] [thread 3141] [7.0] [cxt 0] Parser 'parser': end
[14:14:56.482] [bmv2] [D] [thread 3141] [7.0] [cxt 0] Pipeline 'ingress': start
[14:14:56.482] [bmv2] [T] [thread 3141] [7.0] [cxt 0] /home/p4/git/master_degree_p4_unipampa/SR/p4src/source_routing.p4(90) Condition "hdr.source_routes[0].isValid()" (node_2) is true
[14:14:56.482] [bmv2] [T] [thread 3141] [7.0] [cxt 0] Applying table 'tbl_source_routing90'
[14:14:56.482] [bmv2] [D] [thread 3141] [7.0] [cxt 0] Looking up key:

[14:14:56.482] [bmv2] [D] [thread 3141] [7.0] [cxt 0] Table 'tbl_source_routing90': miss
[14:14:56.482] [bmv2] [D] [thread 3141] [7.0] [cxt 0] Action entry is source_routing90 - 
[14:14:56.482] [bmv2] [T] [thread 3141] [7.0] [cxt 0] Action source_routing90
[14:14:56.482] [bmv2] [T] [thread 3141] [7.0] [cxt 0] /home/p4/git/master_degree_p4_unipampa/SR/p4src/source_routing.p4(90) Primitive hdr.source_routes[0].isValid() && device_to_port.apply().hit
[14:14:56.482] [bmv2] [T] [thread 3141] [7.0] [cxt 0] Condition "node_9" (node_9) is false
[14:14:56.482] [bmv2] [T] [thread 3141] [7.0] [cxt 0] /home/p4/git/master_degree_p4_unipampa/SR/p4src/source_routing.p4(98) Condition "hdr.ipv4.isValid()" (node_13) is false
[14:14:56.482] [bmv2] [D] [thread 3141] [7.0] [cxt 0] Pipeline 'ingress': end
[14:14:56.482] [bmv2] [D] [thread 3141] [7.0] [cxt 0] Egress port is 0
[14:14:56.482] [bmv2] [D] [thread 3142] [7.0] [cxt 0] Pipeline 'egress': start
[14:14:56.482] [bmv2] [D] [thread 3142] [7.0] [cxt 0] Pipeline 'egress': end
[14:14:56.482] [bmv2] [D] [thread 3142] [7.0] [cxt 0] Deparser 'deparser': start
[14:14:56.482] [bmv2] [T] [thread 3142] [7.0] [cxt 0] Skipping checksum 'cksum' update because condition not met
[14:14:56.482] [bmv2] [D] [thread 3142] [7.0] [cxt 0] Deparsing header 'ethernet'
[14:14:56.482] [bmv2] [D] [thread 3142] [7.0] [cxt 0] Deparser 'deparser': end
[14:14:56.482] [bmv2] [D] [thread 3146] [7.0] [cxt 0] Transmitting packet of size 90 out of port 0
