Warning: you requested the nanomsg event logger, but bmv2 was compiled without -DBMELOG, and the event logger cannot be activated
Calling target program-options parser
[14:14:55.834] [bmv2] [D] [thread 3122] Set default default entry for table 'tbl_source_routing90': source_routing90 - 
[14:14:55.834] [bmv2] [D] [thread 3122] Set default default entry for table 'tbl_source_routing75': source_routing75 - 
[14:14:55.834] [bmv2] [D] [thread 3122] Set default default entry for table 'MyIngress.device_to_port': NoAction - 
[14:14:55.834] [bmv2] [D] [thread 3122] Set default default entry for table 'tbl_act': act - 
[14:14:55.834] [bmv2] [D] [thread 3122] Set default default entry for table 'tbl_act_0': act_0 - 
[14:14:55.834] [bmv2] [D] [thread 3122] Set default default entry for table 'tbl_source_routing90_0': source_routing90_0 - 
[14:14:55.834] [bmv2] [D] [thread 3122] Set default default entry for table 'tbl_set_normal_ethernet': MyIngress.set_normal_ethernet - 
[14:14:55.834] [bmv2] [D] [thread 3122] Set default default entry for table 'tbl_source_routing95': source_routing95 - 
[14:14:55.834] [bmv2] [D] [thread 3122] Set default default entry for table 'MyIngress.ipv4_lpm': NoAction - 
[14:14:55.834] [bmv2] [D] [thread 3122] Set default default entry for table 'tbl_set_normal_ethernet_0': MyIngress.set_normal_ethernet - 
[14:14:55.834] [bmv2] [D] [thread 3122] Set default default entry for table 'tbl_source_routing106': source_routing106 - 
Adding interface s4-eth1 as port 1
[14:14:55.840] [bmv2] [D] [thread 3122] Adding interface s4-eth1 as port 1
Adding interface s4-eth2 as port 2
[14:14:55.870] [bmv2] [D] [thread 3122] Adding interface s4-eth2 as port 2
Adding interface s4-eth3 as port 3
[14:14:55.887] [bmv2] [D] [thread 3122] Adding interface s4-eth3 as port 3
[14:14:55.918] [bmv2] [I] [thread 3122] Starting Thrift server on port 9093
[14:14:55.918] [bmv2] [I] [thread 3122] Thrift server was started
[14:14:56.025] [bmv2] [D] [thread 3128] [0.0] [cxt 0] Processing packet received on port 1
[14:14:56.025] [bmv2] [D] [thread 3128] [0.0] [cxt 0] Parser 'parser': start
[14:14:56.025] [bmv2] [D] [thread 3128] [0.0] [cxt 0] Parser 'parser' entering state 'start'
[14:14:56.025] [bmv2] [D] [thread 3128] [0.0] [cxt 0] Extracting header 'ethernet'
[14:14:56.025] [bmv2] [D] [thread 3128] [0.0] [cxt 0] Parser state 'start': key is 86dd
[14:14:56.025] [bmv2] [T] [thread 3128] [0.0] [cxt 0] Bytes parsed: 14
[14:14:56.025] [bmv2] [D] [thread 3128] [0.0] [cxt 0] Parser 'parser': end
[14:14:56.025] [bmv2] [D] [thread 3128] [0.0] [cxt 0] Pipeline 'ingress': start
[14:14:56.025] [bmv2] [T] [thread 3128] [0.0] [cxt 0] /home/p4/git/master_degree_p4_unipampa/SR/p4src/source_routing.p4(90) Condition "hdr.source_routes[0].isValid()" (node_2) is true
[14:14:56.025] [bmv2] [T] [thread 3128] [0.0] [cxt 0] Applying table 'tbl_source_routing90'
[14:14:56.025] [bmv2] [D] [thread 3128] [0.0] [cxt 0] Looking up key:

[14:14:56.025] [bmv2] [D] [thread 3128] [0.0] [cxt 0] Table 'tbl_source_routing90': miss
[14:14:56.025] [bmv2] [D] [thread 3128] [0.0] [cxt 0] Action entry is source_routing90 - 
[14:14:56.025] [bmv2] [T] [thread 3128] [0.0] [cxt 0] Action source_routing90
[14:14:56.025] [bmv2] [T] [thread 3128] [0.0] [cxt 0] /home/p4/git/master_degree_p4_unipampa/SR/p4src/source_routing.p4(90) Primitive hdr.source_routes[0].isValid() && device_to_port.apply().hit
[14:14:56.025] [bmv2] [T] [thread 3128] [0.0] [cxt 0] Condition "node_9" (node_9) is false
[14:14:56.025] [bmv2] [T] [thread 3128] [0.0] [cxt 0] /home/p4/git/master_degree_p4_unipampa/SR/p4src/source_routing.p4(98) Condition "hdr.ipv4.isValid()" (node_13) is false
[14:14:56.026] [bmv2] [D] [thread 3128] [0.0] [cxt 0] Pipeline 'ingress': end
[14:14:56.026] [bmv2] [D] [thread 3128] [0.0] [cxt 0] Egress port is 0
[14:14:56.026] [bmv2] [D] [thread 3129] [0.0] [cxt 0] Pipeline 'egress': start
[14:14:56.026] [bmv2] [D] [thread 3129] [0.0] [cxt 0] Pipeline 'egress': end
[14:14:56.026] [bmv2] [D] [thread 3129] [0.0] [cxt 0] Deparser 'deparser': start
[14:14:56.026] [bmv2] [T] [thread 3129] [0.0] [cxt 0] Skipping checksum 'cksum' update because condition not met
[14:14:56.026] [bmv2] [D] [thread 3129] [0.0] [cxt 0] Deparsing header 'ethernet'
[14:14:56.026] [bmv2] [D] [thread 3129] [0.0] [cxt 0] Deparser 'deparser': end
[14:14:56.026] [bmv2] [D] [thread 3133] [0.0] [cxt 0] Transmitting packet of size 90 out of port 0
[14:14:56.057] [bmv2] [D] [thread 3128] [1.0] [cxt 0] Processing packet received on port 1
[14:14:56.057] [bmv2] [D] [thread 3128] [1.0] [cxt 0] Parser 'parser': start
[14:14:56.057] [bmv2] [D] [thread 3128] [1.0] [cxt 0] Parser 'parser' entering state 'start'
[14:14:56.057] [bmv2] [D] [thread 3128] [1.0] [cxt 0] Extracting header 'ethernet'
[14:14:56.057] [bmv2] [D] [thread 3128] [1.0] [cxt 0] Parser state 'start': key is 86dd
[14:14:56.057] [bmv2] [T] [thread 3128] [1.0] [cxt 0] Bytes parsed: 14
[14:14:56.057] [bmv2] [D] [thread 3128] [1.0] [cxt 0] Parser 'parser': end
[14:14:56.057] [bmv2] [D] [thread 3128] [1.0] [cxt 0] Pipeline 'ingress': start
[14:14:56.057] [bmv2] [T] [thread 3128] [1.0] [cxt 0] /home/p4/git/master_degree_p4_unipampa/SR/p4src/source_routing.p4(90) Condition "hdr.source_routes[0].isValid()" (node_2) is true
[14:14:56.057] [bmv2] [T] [thread 3128] [1.0] [cxt 0] Applying table 'tbl_source_routing90'
[14:14:56.057] [bmv2] [D] [thread 3128] [1.0] [cxt 0] Looking up key:

[14:14:56.057] [bmv2] [D] [thread 3128] [1.0] [cxt 0] Table 'tbl_source_routing90': miss
[14:14:56.057] [bmv2] [D] [thread 3128] [1.0] [cxt 0] Action entry is source_routing90 - 
[14:14:56.057] [bmv2] [T] [thread 3128] [1.0] [cxt 0] Action source_routing90
[14:14:56.057] [bmv2] [T] [thread 3128] [1.0] [cxt 0] /home/p4/git/master_degree_p4_unipampa/SR/p4src/source_routing.p4(90) Primitive hdr.source_routes[0].isValid() && device_to_port.apply().hit
[14:14:56.057] [bmv2] [T] [thread 3128] [1.0] [cxt 0] Condition "node_9" (node_9) is false
[14:14:56.057] [bmv2] [T] [thread 3128] [1.0] [cxt 0] /home/p4/git/master_degree_p4_unipampa/SR/p4src/source_routing.p4(98) Condition "hdr.ipv4.isValid()" (node_13) is false
[14:14:56.057] [bmv2] [D] [thread 3128] [1.0] [cxt 0] Pipeline 'ingress': end
[14:14:56.057] [bmv2] [D] [thread 3128] [1.0] [cxt 0] Egress port is 0
[14:14:56.057] [bmv2] [D] [thread 3129] [1.0] [cxt 0] Pipeline 'egress': start
[14:14:56.057] [bmv2] [D] [thread 3129] [1.0] [cxt 0] Pipeline 'egress': end
[14:14:56.057] [bmv2] [D] [thread 3129] [1.0] [cxt 0] Deparser 'deparser': start
[14:14:56.057] [bmv2] [T] [thread 3129] [1.0] [cxt 0] Skipping checksum 'cksum' update because condition not met
[14:14:56.057] [bmv2] [D] [thread 3129] [1.0] [cxt 0] Deparsing header 'ethernet'
[14:14:56.057] [bmv2] [D] [thread 3129] [1.0] [cxt 0] Deparser 'deparser': end
[14:14:56.057] [bmv2] [D] [thread 3133] [1.0] [cxt 0] Transmitting packet of size 86 out of port 0
[14:14:56.086] [bmv2] [D] [thread 3128] [2.0] [cxt 0] Processing packet received on port 3
[14:14:56.086] [bmv2] [D] [thread 3128] [2.0] [cxt 0] Parser 'parser': start
[14:14:56.086] [bmv2] [D] [thread 3128] [2.0] [cxt 0] Parser 'parser' entering state 'start'
[14:14:56.086] [bmv2] [D] [thread 3128] [2.0] [cxt 0] Extracting header 'ethernet'
[14:14:56.086] [bmv2] [D] [thread 3128] [2.0] [cxt 0] Parser state 'start': key is 86dd
[14:14:56.086] [bmv2] [T] [thread 3128] [2.0] [cxt 0] Bytes parsed: 14
[14:14:56.086] [bmv2] [D] [thread 3128] [2.0] [cxt 0] Parser 'parser': end
[14:14:56.086] [bmv2] [D] [thread 3128] [2.0] [cxt 0] Pipeline 'ingress': start
[14:14:56.086] [bmv2] [T] [thread 3128] [2.0] [cxt 0] /home/p4/git/master_degree_p4_unipampa/SR/p4src/source_routing.p4(90) Condition "hdr.source_routes[0].isValid()" (node_2) is true
[14:14:56.086] [bmv2] [T] [thread 3128] [2.0] [cxt 0] Applying table 'tbl_source_routing90'
[14:14:56.086] [bmv2] [D] [thread 3128] [2.0] [cxt 0] Looking up key:

[14:14:56.086] [bmv2] [D] [thread 3128] [2.0] [cxt 0] Table 'tbl_source_routing90': miss
[14:14:56.086] [bmv2] [D] [thread 3128] [2.0] [cxt 0] Action entry is source_routing90 - 
[14:14:56.086] [bmv2] [T] [thread 3128] [2.0] [cxt 0] Action source_routing90
[14:14:56.086] [bmv2] [T] [thread 3128] [2.0] [cxt 0] /home/p4/git/master_degree_p4_unipampa/SR/p4src/source_routing.p4(90) Primitive hdr.source_routes[0].isValid() && device_to_port.apply().hit
[14:14:56.086] [bmv2] [T] [thread 3128] [2.0] [cxt 0] Condition "node_9" (node_9) is false
[14:14:56.086] [bmv2] [T] [thread 3128] [2.0] [cxt 0] /home/p4/git/master_degree_p4_unipampa/SR/p4src/source_routing.p4(98) Condition "hdr.ipv4.isValid()" (node_13) is false
[14:14:56.086] [bmv2] [D] [thread 3128] [2.0] [cxt 0] Pipeline 'ingress': end
[14:14:56.086] [bmv2] [D] [thread 3128] [2.0] [cxt 0] Egress port is 0
[14:14:56.086] [bmv2] [D] [thread 3129] [2.0] [cxt 0] Pipeline 'egress': start
[14:14:56.086] [bmv2] [D] [thread 3129] [2.0] [cxt 0] Pipeline 'egress': end
[14:14:56.086] [bmv2] [D] [thread 3129] [2.0] [cxt 0] Deparser 'deparser': start
[14:14:56.086] [bmv2] [T] [thread 3129] [2.0] [cxt 0] Skipping checksum 'cksum' update because condition not met
[14:14:56.086] [bmv2] [D] [thread 3129] [2.0] [cxt 0] Deparsing header 'ethernet'
[14:14:56.086] [bmv2] [D] [thread 3129] [2.0] [cxt 0] Deparser 'deparser': end
[14:14:56.086] [bmv2] [D] [thread 3133] [2.0] [cxt 0] Transmitting packet of size 90 out of port 0
[14:14:56.214] [bmv2] [D] [thread 3128] [3.0] [cxt 0] Processing packet received on port 1
[14:14:56.214] [bmv2] [D] [thread 3128] [3.0] [cxt 0] Parser 'parser': start
[14:14:56.214] [bmv2] [D] [thread 3128] [3.0] [cxt 0] Parser 'parser' entering state 'start'
[14:14:56.214] [bmv2] [D] [thread 3128] [3.0] [cxt 0] Extracting header 'ethernet'
[14:14:56.214] [bmv2] [D] [thread 3128] [3.0] [cxt 0] Parser state 'start': key is 86dd
[14:14:56.214] [bmv2] [T] [thread 3128] [3.0] [cxt 0] Bytes parsed: 14
[14:14:56.214] [bmv2] [D] [thread 3128] [3.0] [cxt 0] Parser 'parser': end
[14:14:56.214] [bmv2] [D] [thread 3128] [3.0] [cxt 0] Pipeline 'ingress': start
[14:14:56.214] [bmv2] [T] [thread 3128] [3.0] [cxt 0] /home/p4/git/master_degree_p4_unipampa/SR/p4src/source_routing.p4(90) Condition "hdr.source_routes[0].isValid()" (node_2) is true
[14:14:56.214] [bmv2] [T] [thread 3128] [3.0] [cxt 0] Applying table 'tbl_source_routing90'
[14:14:56.214] [bmv2] [D] [thread 3128] [3.0] [cxt 0] Looking up key:

[14:14:56.214] [bmv2] [D] [thread 3128] [3.0] [cxt 0] Table 'tbl_source_routing90': miss
[14:14:56.214] [bmv2] [D] [thread 3128] [3.0] [cxt 0] Action entry is source_routing90 - 
[14:14:56.214] [bmv2] [T] [thread 3128] [3.0] [cxt 0] Action source_routing90
[14:14:56.214] [bmv2] [T] [thread 3128] [3.0] [cxt 0] /home/p4/git/master_degree_p4_unipampa/SR/p4src/source_routing.p4(90) Primitive hdr.source_routes[0].isValid() && device_to_port.apply().hit
[14:14:56.214] [bmv2] [T] [thread 3128] [3.0] [cxt 0] Condition "node_9" (node_9) is false
[14:14:56.214] [bmv2] [T] [thread 3128] [3.0] [cxt 0] /home/p4/git/master_degree_p4_unipampa/SR/p4src/source_routing.p4(98) Condition "hdr.ipv4.isValid()" (node_13) is false
[14:14:56.214] [bmv2] [D] [thread 3128] [3.0] [cxt 0] Pipeline 'ingress': end
[14:14:56.214] [bmv2] [D] [thread 3128] [3.0] [cxt 0] Egress port is 0
[14:14:56.214] [bmv2] [D] [thread 3129] [3.0] [cxt 0] Pipeline 'egress': start
[14:14:56.214] [bmv2] [D] [thread 3129] [3.0] [cxt 0] Pipeline 'egress': end
[14:14:56.214] [bmv2] [D] [thread 3129] [3.0] [cxt 0] Deparser 'deparser': start
[14:14:56.214] [bmv2] [T] [thread 3129] [3.0] [cxt 0] Skipping checksum 'cksum' update because condition not met
[14:14:56.214] [bmv2] [D] [thread 3129] [3.0] [cxt 0] Deparsing header 'ethernet'
[14:14:56.214] [bmv2] [D] [thread 3129] [3.0] [cxt 0] Deparser 'deparser': end
[14:14:56.214] [bmv2] [D] [thread 3133] [3.0] [cxt 0] Transmitting packet of size 90 out of port 0
[14:14:56.374] [bmv2] [D] [thread 3128] [4.0] [cxt 0] Processing packet received on port 2
[14:14:56.374] [bmv2] [D] [thread 3128] [4.0] [cxt 0] Parser 'parser': start
[14:14:56.374] [bmv2] [D] [thread 3128] [4.0] [cxt 0] Parser 'parser' entering state 'start'
[14:14:56.374] [bmv2] [D] [thread 3128] [4.0] [cxt 0] Extracting header 'ethernet'
[14:14:56.374] [bmv2] [D] [thread 3128] [4.0] [cxt 0] Parser state 'start': key is 86dd
[14:14:56.374] [bmv2] [T] [thread 3128] [4.0] [cxt 0] Bytes parsed: 14
[14:14:56.374] [bmv2] [D] [thread 3128] [4.0] [cxt 0] Parser 'parser': end
[14:14:56.374] [bmv2] [D] [thread 3128] [4.0] [cxt 0] Pipeline 'ingress': start
[14:14:56.374] [bmv2] [T] [thread 3128] [4.0] [cxt 0] /home/p4/git/master_degree_p4_unipampa/SR/p4src/source_routing.p4(90) Condition "hdr.source_routes[0].isValid()" (node_2) is true
[14:14:56.374] [bmv2] [T] [thread 3128] [4.0] [cxt 0] Applying table 'tbl_source_routing90'
[14:14:56.374] [bmv2] [D] [thread 3128] [4.0] [cxt 0] Looking up key:

[14:14:56.374] [bmv2] [D] [thread 3128] [4.0] [cxt 0] Table 'tbl_source_routing90': miss
[14:14:56.374] [bmv2] [D] [thread 3128] [4.0] [cxt 0] Action entry is source_routing90 - 
[14:14:56.374] [bmv2] [T] [thread 3128] [4.0] [cxt 0] Action source_routing90
[14:14:56.374] [bmv2] [T] [thread 3128] [4.0] [cxt 0] /home/p4/git/master_degree_p4_unipampa/SR/p4src/source_routing.p4(90) Primitive hdr.source_routes[0].isValid() && device_to_port.apply().hit
[14:14:56.374] [bmv2] [T] [thread 3128] [4.0] [cxt 0] Condition "node_9" (node_9) is false
[14:14:56.374] [bmv2] [T] [thread 3128] [4.0] [cxt 0] /home/p4/git/master_degree_p4_unipampa/SR/p4src/source_routing.p4(98) Condition "hdr.ipv4.isValid()" (node_13) is false
[14:14:56.374] [bmv2] [D] [thread 3128] [4.0] [cxt 0] Pipeline 'ingress': end
[14:14:56.374] [bmv2] [D] [thread 3128] [4.0] [cxt 0] Egress port is 0
[14:14:56.374] [bmv2] [D] [thread 3129] [4.0] [cxt 0] Pipeline 'egress': start
[14:14:56.374] [bmv2] [D] [thread 3129] [4.0] [cxt 0] Pipeline 'egress': end
[14:14:56.374] [bmv2] [D] [thread 3129] [4.0] [cxt 0] Deparser 'deparser': start
[14:14:56.374] [bmv2] [T] [thread 3129] [4.0] [cxt 0] Skipping checksum 'cksum' update because condition not met
[14:14:56.374] [bmv2] [D] [thread 3129] [4.0] [cxt 0] Deparsing header 'ethernet'
[14:14:56.374] [bmv2] [D] [thread 3129] [4.0] [cxt 0] Deparser 'deparser': end
[14:14:56.374] [bmv2] [D] [thread 3133] [4.0] [cxt 0] Transmitting packet of size 90 out of port 0
[14:14:56.375] [bmv2] [D] [thread 3128] [5.0] [cxt 0] Processing packet received on port 3
[14:14:56.375] [bmv2] [D] [thread 3128] [5.0] [cxt 0] Parser 'parser': start
[14:14:56.375] [bmv2] [D] [thread 3128] [5.0] [cxt 0] Parser 'parser' entering state 'start'
[14:14:56.375] [bmv2] [D] [thread 3128] [5.0] [cxt 0] Extracting header 'ethernet'
[14:14:56.375] [bmv2] [D] [thread 3128] [5.0] [cxt 0] Parser state 'start': key is 86dd
[14:14:56.375] [bmv2] [T] [thread 3128] [5.0] [cxt 0] Bytes parsed: 14
[14:14:56.375] [bmv2] [D] [thread 3128] [5.0] [cxt 0] Parser 'parser': end
[14:14:56.375] [bmv2] [D] [thread 3128] [5.0] [cxt 0] Pipeline 'ingress': start
[14:14:56.375] [bmv2] [T] [thread 3128] [5.0] [cxt 0] /home/p4/git/master_degree_p4_unipampa/SR/p4src/source_routing.p4(90) Condition "hdr.source_routes[0].isValid()" (node_2) is true
[14:14:56.375] [bmv2] [T] [thread 3128] [5.0] [cxt 0] Applying table 'tbl_source_routing90'
[14:14:56.375] [bmv2] [D] [thread 3128] [5.0] [cxt 0] Looking up key:

[14:14:56.375] [bmv2] [D] [thread 3128] [5.0] [cxt 0] Table 'tbl_source_routing90': miss
[14:14:56.375] [bmv2] [D] [thread 3128] [5.0] [cxt 0] Action entry is source_routing90 - 
[14:14:56.375] [bmv2] [T] [thread 3128] [5.0] [cxt 0] Action source_routing90
[14:14:56.375] [bmv2] [T] [thread 3128] [5.0] [cxt 0] /home/p4/git/master_degree_p4_unipampa/SR/p4src/source_routing.p4(90) Primitive hdr.source_routes[0].isValid() && device_to_port.apply().hit
[14:14:56.375] [bmv2] [T] [thread 3128] [5.0] [cxt 0] Condition "node_9" (node_9) is false
[14:14:56.375] [bmv2] [T] [thread 3128] [5.0] [cxt 0] /home/p4/git/master_degree_p4_unipampa/SR/p4src/source_routing.p4(98) Condition "hdr.ipv4.isValid()" (node_13) is false
[14:14:56.375] [bmv2] [D] [thread 3128] [5.0] [cxt 0] Pipeline 'ingress': end
[14:14:56.375] [bmv2] [D] [thread 3128] [5.0] [cxt 0] Egress port is 0
[14:14:56.375] [bmv2] [D] [thread 3129] [5.0] [cxt 0] Pipeline 'egress': start
[14:14:56.375] [bmv2] [D] [thread 3129] [5.0] [cxt 0] Pipeline 'egress': end
[14:14:56.375] [bmv2] [D] [thread 3129] [5.0] [cxt 0] Deparser 'deparser': start
[14:14:56.375] [bmv2] [T] [thread 3129] [5.0] [cxt 0] Skipping checksum 'cksum' update because condition not met
[14:14:56.375] [bmv2] [D] [thread 3129] [5.0] [cxt 0] Deparsing header 'ethernet'
[14:14:56.375] [bmv2] [D] [thread 3129] [5.0] [cxt 0] Deparser 'deparser': end
[14:14:56.375] [bmv2] [D] [thread 3133] [5.0] [cxt 0] Transmitting packet of size 86 out of port 0
[14:14:56.471] [bmv2] [D] [thread 3128] [6.0] [cxt 0] Processing packet received on port 3
[14:14:56.471] [bmv2] [D] [thread 3128] [6.0] [cxt 0] Parser 'parser': start
[14:14:56.471] [bmv2] [D] [thread 3128] [6.0] [cxt 0] Parser 'parser' entering state 'start'
[14:14:56.471] [bmv2] [D] [thread 3128] [6.0] [cxt 0] Extracting header 'ethernet'
[14:14:56.471] [bmv2] [D] [thread 3128] [6.0] [cxt 0] Parser state 'start': key is 86dd
[14:14:56.471] [bmv2] [T] [thread 3128] [6.0] [cxt 0] Bytes parsed: 14
[14:14:56.471] [bmv2] [D] [thread 3128] [6.0] [cxt 0] Parser 'parser': end
[14:14:56.471] [bmv2] [D] [thread 3128] [6.0] [cxt 0] Pipeline 'ingress': start
[14:14:56.471] [bmv2] [T] [thread 3128] [6.0] [cxt 0] /home/p4/git/master_degree_p4_unipampa/SR/p4src/source_routing.p4(90) Condition "hdr.source_routes[0].isValid()" (node_2) is true
[14:14:56.471] [bmv2] [T] [thread 3128] [6.0] [cxt 0] Applying table 'tbl_source_routing90'
[14:14:56.471] [bmv2] [D] [thread 3128] [6.0] [cxt 0] Looking up key:

[14:14:56.471] [bmv2] [D] [thread 3128] [6.0] [cxt 0] Table 'tbl_source_routing90': miss
[14:14:56.471] [bmv2] [D] [thread 3128] [6.0] [cxt 0] Action entry is source_routing90 - 
[14:14:56.471] [bmv2] [T] [thread 3128] [6.0] [cxt 0] Action source_routing90
[14:14:56.471] [bmv2] [T] [thread 3128] [6.0] [cxt 0] /home/p4/git/master_degree_p4_unipampa/SR/p4src/source_routing.p4(90) Primitive hdr.source_routes[0].isValid() && device_to_port.apply().hit
[14:14:56.471] [bmv2] [T] [thread 3128] [6.0] [cxt 0] Condition "node_9" (node_9) is false
[14:14:56.471] [bmv2] [T] [thread 3128] [6.0] [cxt 0] /home/p4/git/master_degree_p4_unipampa/SR/p4src/source_routing.p4(98) Condition "hdr.ipv4.isValid()" (node_13) is false
[14:14:56.471] [bmv2] [D] [thread 3128] [6.0] [cxt 0] Pipeline 'ingress': end
[14:14:56.471] [bmv2] [D] [thread 3128] [6.0] [cxt 0] Egress port is 0
[14:14:56.472] [bmv2] [D] [thread 3129] [6.0] [cxt 0] Pipeline 'egress': start
[14:14:56.472] [bmv2] [D] [thread 3129] [6.0] [cxt 0] Pipeline 'egress': end
[14:14:56.472] [bmv2] [D] [thread 3129] [6.0] [cxt 0] Deparser 'deparser': start
[14:14:56.472] [bmv2] [T] [thread 3129] [6.0] [cxt 0] Skipping checksum 'cksum' update because condition not met
[14:14:56.472] [bmv2] [D] [thread 3129] [6.0] [cxt 0] Deparsing header 'ethernet'
[14:14:56.472] [bmv2] [D] [thread 3129] [6.0] [cxt 0] Deparser 'deparser': end
[14:14:56.472] [bmv2] [D] [thread 3133] [6.0] [cxt 0] Transmitting packet of size 90 out of port 0
[14:14:56.472] [bmv2] [D] [thread 3128] [7.0] [cxt 0] Processing packet received on port 3
[14:14:56.472] [bmv2] [D] [thread 3128] [7.0] [cxt 0] Parser 'parser': start
[14:14:56.472] [bmv2] [D] [thread 3128] [7.0] [cxt 0] Parser 'parser' entering state 'start'
[14:14:56.472] [bmv2] [D] [thread 3128] [7.0] [cxt 0] Extracting header 'ethernet'
[14:14:56.472] [bmv2] [D] [thread 3128] [7.0] [cxt 0] Parser state 'start': key is 86dd
[14:14:56.472] [bmv2] [T] [thread 3128] [7.0] [cxt 0] Bytes parsed: 14
[14:14:56.472] [bmv2] [D] [thread 3128] [7.0] [cxt 0] Parser 'parser': end
[14:14:56.472] [bmv2] [D] [thread 3128] [7.0] [cxt 0] Pipeline 'ingress': start
[14:14:56.472] [bmv2] [T] [thread 3128] [7.0] [cxt 0] /home/p4/git/master_degree_p4_unipampa/SR/p4src/source_routing.p4(90) Condition "hdr.source_routes[0].isValid()" (node_2) is true
[14:14:56.472] [bmv2] [T] [thread 3128] [7.0] [cxt 0] Applying table 'tbl_source_routing90'
[14:14:56.472] [bmv2] [D] [thread 3128] [7.0] [cxt 0] Looking up key:

[14:14:56.472] [bmv2] [D] [thread 3128] [7.0] [cxt 0] Table 'tbl_source_routing90': miss
[14:14:56.472] [bmv2] [D] [thread 3128] [7.0] [cxt 0] Action entry is source_routing90 - 
[14:14:56.472] [bmv2] [T] [thread 3128] [7.0] [cxt 0] Action source_routing90
[14:14:56.472] [bmv2] [T] [thread 3128] [7.0] [cxt 0] /home/p4/git/master_degree_p4_unipampa/SR/p4src/source_routing.p4(90) Primitive hdr.source_routes[0].isValid() && device_to_port.apply().hit
[14:14:56.472] [bmv2] [T] [thread 3128] [7.0] [cxt 0] Condition "node_9" (node_9) is false
[14:14:56.472] [bmv2] [T] [thread 3128] [7.0] [cxt 0] /home/p4/git/master_degree_p4_unipampa/SR/p4src/source_routing.p4(98) Condition "hdr.ipv4.isValid()" (node_13) is false
[14:14:56.472] [bmv2] [D] [thread 3128] [7.0] [cxt 0] Pipeline 'ingress': end
[14:14:56.472] [bmv2] [D] [thread 3128] [7.0] [cxt 0] Egress port is 0
[14:14:56.472] [bmv2] [D] [thread 3129] [7.0] [cxt 0] Pipeline 'egress': start
[14:14:56.472] [bmv2] [D] [thread 3129] [7.0] [cxt 0] Pipeline 'egress': end
[14:14:56.472] [bmv2] [D] [thread 3129] [7.0] [cxt 0] Deparser 'deparser': start
[14:14:56.472] [bmv2] [T] [thread 3129] [7.0] [cxt 0] Skipping checksum 'cksum' update because condition not met
[14:14:56.472] [bmv2] [D] [thread 3129] [7.0] [cxt 0] Deparsing header 'ethernet'
[14:14:56.472] [bmv2] [D] [thread 3129] [7.0] [cxt 0] Deparser 'deparser': end
[14:14:56.472] [bmv2] [D] [thread 3133] [7.0] [cxt 0] Transmitting packet of size 70 out of port 0
[14:14:56.482] [bmv2] [D] [thread 3128] [8.0] [cxt 0] Processing packet received on port 3
[14:14:56.482] [bmv2] [D] [thread 3128] [8.0] [cxt 0] Parser 'parser': start
[14:14:56.482] [bmv2] [D] [thread 3128] [8.0] [cxt 0] Parser 'parser' entering state 'start'
[14:14:56.482] [bmv2] [D] [thread 3128] [8.0] [cxt 0] Extracting header 'ethernet'
[14:14:56.482] [bmv2] [D] [thread 3128] [8.0] [cxt 0] Parser state 'start': key is 86dd
[14:14:56.482] [bmv2] [T] [thread 3128] [8.0] [cxt 0] Bytes parsed: 14
[14:14:56.482] [bmv2] [D] [thread 3128] [8.0] [cxt 0] Parser 'parser': end
[14:14:56.483] [bmv2] [D] [thread 3128] [8.0] [cxt 0] Pipeline 'ingress': start
[14:14:56.483] [bmv2] [T] [thread 3128] [8.0] [cxt 0] /home/p4/git/master_degree_p4_unipampa/SR/p4src/source_routing.p4(90) Condition "hdr.source_routes[0].isValid()" (node_2) is true
[14:14:56.483] [bmv2] [T] [thread 3128] [8.0] [cxt 0] Applying table 'tbl_source_routing90'
[14:14:56.483] [bmv2] [D] [thread 3128] [8.0] [cxt 0] Looking up key:

[14:14:56.483] [bmv2] [D] [thread 3128] [8.0] [cxt 0] Table 'tbl_source_routing90': miss
[14:14:56.483] [bmv2] [D] [thread 3128] [8.0] [cxt 0] Action entry is source_routing90 - 
[14:14:56.483] [bmv2] [T] [thread 3128] [8.0] [cxt 0] Action source_routing90
[14:14:56.483] [bmv2] [T] [thread 3128] [8.0] [cxt 0] /home/p4/git/master_degree_p4_unipampa/SR/p4src/source_routing.p4(90) Primitive hdr.source_routes[0].isValid() && device_to_port.apply().hit
[14:14:56.483] [bmv2] [T] [thread 3128] [8.0] [cxt 0] Condition "node_9" (node_9) is false
[14:14:56.483] [bmv2] [T] [thread 3128] [8.0] [cxt 0] /home/p4/git/master_degree_p4_unipampa/SR/p4src/source_routing.p4(98) Condition "hdr.ipv4.isValid()" (node_13) is false
[14:14:56.483] [bmv2] [D] [thread 3128] [8.0] [cxt 0] Pipeline 'ingress': end
[14:14:56.483] [bmv2] [D] [thread 3128] [8.0] [cxt 0] Egress port is 0
[14:14:56.483] [bmv2] [D] [thread 3129] [8.0] [cxt 0] Pipeline 'egress': start
[14:14:56.483] [bmv2] [D] [thread 3129] [8.0] [cxt 0] Pipeline 'egress': end
[14:14:56.483] [bmv2] [D] [thread 3129] [8.0] [cxt 0] Deparser 'deparser': start
[14:14:56.483] [bmv2] [T] [thread 3129] [8.0] [cxt 0] Skipping checksum 'cksum' update because condition not met
[14:14:56.483] [bmv2] [D] [thread 3129] [8.0] [cxt 0] Deparsing header 'ethernet'
[14:14:56.483] [bmv2] [D] [thread 3129] [8.0] [cxt 0] Deparser 'deparser': end
[14:14:56.483] [bmv2] [D] [thread 3133] [8.0] [cxt 0] Transmitting packet of size 90 out of port 0
[14:14:56.536] [bmv2] [D] [thread 3128] [9.0] [cxt 0] Processing packet received on port 1
[14:14:56.536] [bmv2] [D] [thread 3128] [9.0] [cxt 0] Parser 'parser': start
[14:14:56.536] [bmv2] [D] [thread 3128] [9.0] [cxt 0] Parser 'parser' entering state 'start'
[14:14:56.536] [bmv2] [D] [thread 3128] [9.0] [cxt 0] Extracting header 'ethernet'
[14:14:56.536] [bmv2] [D] [thread 3128] [9.0] [cxt 0] Parser state 'start': key is 86dd
[14:14:56.536] [bmv2] [T] [thread 3128] [9.0] [cxt 0] Bytes parsed: 14
[14:14:56.536] [bmv2] [D] [thread 3128] [9.0] [cxt 0] Parser 'parser': end
[14:14:56.536] [bmv2] [D] [thread 3128] [9.0] [cxt 0] Pipeline 'ingress': start
[14:14:56.536] [bmv2] [T] [thread 3128] [9.0] [cxt 0] /home/p4/git/master_degree_p4_unipampa/SR/p4src/source_routing.p4(90) Condition "hdr.source_routes[0].isValid()" (node_2) is true
[14:14:56.536] [bmv2] [T] [thread 3128] [9.0] [cxt 0] Applying table 'tbl_source_routing90'
[14:14:56.536] [bmv2] [D] [thread 3128] [9.0] [cxt 0] Looking up key:

[14:14:56.536] [bmv2] [D] [thread 3128] [9.0] [cxt 0] Table 'tbl_source_routing90': miss
[14:14:56.536] [bmv2] [D] [thread 3128] [9.0] [cxt 0] Action entry is source_routing90 - 
[14:14:56.536] [bmv2] [T] [thread 3128] [9.0] [cxt 0] Action source_routing90
[14:14:56.536] [bmv2] [T] [thread 3128] [9.0] [cxt 0] /home/p4/git/master_degree_p4_unipampa/SR/p4src/source_routing.p4(90) Primitive hdr.source_routes[0].isValid() && device_to_port.apply().hit
[14:14:56.536] [bmv2] [T] [thread 3128] [9.0] [cxt 0] Condition "node_9" (node_9) is false
[14:14:56.536] [bmv2] [T] [thread 3128] [9.0] [cxt 0] /home/p4/git/master_degree_p4_unipampa/SR/p4src/source_routing.p4(98) Condition "hdr.ipv4.isValid()" (node_13) is false
[14:14:56.536] [bmv2] [D] [thread 3128] [9.0] [cxt 0] Pipeline 'ingress': end
[14:14:56.536] [bmv2] [D] [thread 3128] [9.0] [cxt 0] Egress port is 0
[14:14:56.536] [bmv2] [D] [thread 3129] [9.0] [cxt 0] Pipeline 'egress': start
[14:14:56.536] [bmv2] [D] [thread 3129] [9.0] [cxt 0] Pipeline 'egress': end
[14:14:56.536] [bmv2] [D] [thread 3129] [9.0] [cxt 0] Deparser 'deparser': start
[14:14:56.536] [bmv2] [T] [thread 3129] [9.0] [cxt 0] Skipping checksum 'cksum' update because condition not met
[14:14:56.536] [bmv2] [D] [thread 3129] [9.0] [cxt 0] Deparsing header 'ethernet'
[14:14:56.536] [bmv2] [D] [thread 3129] [9.0] [cxt 0] Deparser 'deparser': end
[14:14:56.536] [bmv2] [D] [thread 3133] [9.0] [cxt 0] Transmitting packet of size 90 out of port 0
[14:14:56.536] [bmv2] [D] [thread 3128] [10.0] [cxt 0] Processing packet received on port 1
[14:14:56.536] [bmv2] [D] [thread 3128] [10.0] [cxt 0] Parser 'parser': start
[14:14:56.536] [bmv2] [D] [thread 3128] [10.0] [cxt 0] Parser 'parser' entering state 'start'
[14:14:56.536] [bmv2] [D] [thread 3128] [10.0] [cxt 0] Extracting header 'ethernet'
[14:14:56.536] [bmv2] [D] [thread 3128] [10.0] [cxt 0] Parser state 'start': key is 86dd
[14:14:56.536] [bmv2] [T] [thread 3128] [10.0] [cxt 0] Bytes parsed: 14
[14:14:56.536] [bmv2] [D] [thread 3128] [10.0] [cxt 0] Parser 'parser': end
[14:14:56.536] [bmv2] [D] [thread 3128] [10.0] [cxt 0] Pipeline 'ingress': start
[14:14:56.536] [bmv2] [T] [thread 3128] [10.0] [cxt 0] /home/p4/git/master_degree_p4_unipampa/SR/p4src/source_routing.p4(90) Condition "hdr.source_routes[0].isValid()" (node_2) is true
[14:14:56.536] [bmv2] [T] [thread 3128] [10.0] [cxt 0] Applying table 'tbl_source_routing90'
[14:14:56.536] [bmv2] [D] [thread 3128] [10.0] [cxt 0] Looking up key:

[14:14:56.536] [bmv2] [D] [thread 3128] [10.0] [cxt 0] Table 'tbl_source_routing90': miss
[14:14:56.536] [bmv2] [D] [thread 3128] [10.0] [cxt 0] Action entry is source_routing90 - 
[14:14:56.536] [bmv2] [T] [thread 3128] [10.0] [cxt 0] Action source_routing90
[14:14:56.536] [bmv2] [T] [thread 3128] [10.0] [cxt 0] /home/p4/git/master_degree_p4_unipampa/SR/p4src/source_routing.p4(90) Primitive hdr.source_routes[0].isValid() && device_to_port.apply().hit
[14:14:56.536] [bmv2] [T] [thread 3128] [10.0] [cxt 0] Condition "node_9" (node_9) is false
[14:14:56.536] [bmv2] [T] [thread 3128] [10.0] [cxt 0] /home/p4/git/master_degree_p4_unipampa/SR/p4src/source_routing.p4(98) Condition "hdr.ipv4.isValid()" (node_13) is false
[14:14:56.536] [bmv2] [D] [thread 3128] [10.0] [cxt 0] Pipeline 'ingress': end
[14:14:56.536] [bmv2] [D] [thread 3128] [10.0] [cxt 0] Egress port is 0
[14:14:56.536] [bmv2] [D] [thread 3129] [10.0] [cxt 0] Pipeline 'egress': start
[14:14:56.536] [bmv2] [D] [thread 3129] [10.0] [cxt 0] Pipeline 'egress': end
[14:14:56.536] [bmv2] [D] [thread 3129] [10.0] [cxt 0] Deparser 'deparser': start
[14:14:56.536] [bmv2] [T] [thread 3129] [10.0] [cxt 0] Skipping checksum 'cksum' update because condition not met
[14:14:56.536] [bmv2] [D] [thread 3129] [10.0] [cxt 0] Deparsing header 'ethernet'
[14:14:56.536] [bmv2] [D] [thread 3129] [10.0] [cxt 0] Deparser 'deparser': end
[14:14:56.536] [bmv2] [D] [thread 3133] [10.0] [cxt 0] Transmitting packet of size 70 out of port 0
[14:14:56.546] [bmv2] [D] [thread 3128] [11.0] [cxt 0] Processing packet received on port 1
[14:14:56.546] [bmv2] [D] [thread 3128] [11.0] [cxt 0] Parser 'parser': start
[14:14:56.546] [bmv2] [D] [thread 3128] [11.0] [cxt 0] Parser 'parser' entering state 'start'
[14:14:56.546] [bmv2] [D] [thread 3128] [11.0] [cxt 0] Extracting header 'ethernet'
[14:14:56.546] [bmv2] [D] [thread 3128] [11.0] [cxt 0] Parser state 'start': key is 86dd
[14:14:56.546] [bmv2] [T] [thread 3128] [11.0] [cxt 0] Bytes parsed: 14
[14:14:56.546] [bmv2] [D] [thread 3128] [11.0] [cxt 0] Parser 'parser': end
[14:14:56.546] [bmv2] [D] [thread 3128] [11.0] [cxt 0] Pipeline 'ingress': start
[14:14:56.546] [bmv2] [T] [thread 3128] [11.0] [cxt 0] /home/p4/git/master_degree_p4_unipampa/SR/p4src/source_routing.p4(90) Condition "hdr.source_routes[0].isValid()" (node_2) is true
[14:14:56.546] [bmv2] [T] [thread 3128] [11.0] [cxt 0] Applying table 'tbl_source_routing90'
[14:14:56.546] [bmv2] [D] [thread 3128] [11.0] [cxt 0] Looking up key:

[14:14:56.546] [bmv2] [D] [thread 3128] [11.0] [cxt 0] Table 'tbl_source_routing90': miss
[14:14:56.546] [bmv2] [D] [thread 3128] [11.0] [cxt 0] Action entry is source_routing90 - 
[14:14:56.546] [bmv2] [T] [thread 3128] [11.0] [cxt 0] Action source_routing90
[14:14:56.546] [bmv2] [T] [thread 3128] [11.0] [cxt 0] /home/p4/git/master_degree_p4_unipampa/SR/p4src/source_routing.p4(90) Primitive hdr.source_routes[0].isValid() && device_to_port.apply().hit
[14:14:56.546] [bmv2] [T] [thread 3128] [11.0] [cxt 0] Condition "node_9" (node_9) is false
[14:14:56.546] [bmv2] [T] [thread 3128] [11.0] [cxt 0] /home/p4/git/master_degree_p4_unipampa/SR/p4src/source_routing.p4(98) Condition "hdr.ipv4.isValid()" (node_13) is false
[14:14:56.546] [bmv2] [D] [thread 3128] [11.0] [cxt 0] Pipeline 'ingress': end
[14:14:56.546] [bmv2] [D] [thread 3128] [11.0] [cxt 0] Egress port is 0
[14:14:56.546] [bmv2] [D] [thread 3129] [11.0] [cxt 0] Pipeline 'egress': start
[14:14:56.546] [bmv2] [D] [thread 3129] [11.0] [cxt 0] Pipeline 'egress': end
[14:14:56.546] [bmv2] [D] [thread 3129] [11.0] [cxt 0] Deparser 'deparser': start
[14:14:56.546] [bmv2] [T] [thread 3129] [11.0] [cxt 0] Skipping checksum 'cksum' update because condition not met
[14:14:56.546] [bmv2] [D] [thread 3129] [11.0] [cxt 0] Deparsing header 'ethernet'
[14:14:56.546] [bmv2] [D] [thread 3129] [11.0] [cxt 0] Deparser 'deparser': end
[14:14:56.546] [bmv2] [D] [thread 3133] [11.0] [cxt 0] Transmitting packet of size 90 out of port 0
