Warning: you requested the nanomsg event logger, but bmv2 was compiled without -DBMELOG, and the event logger cannot be activated
Calling target program-options parser
[16:06:47.156] [bmv2] [D] [thread 2640] Set default default entry for table 'MyIngress.ipv4_lpm': MyIngress.drop - 
[16:06:47.156] [bmv2] [D] [thread 2640] Set default default entry for table 'tbl_read_alternativePort': MyIngress.read_alternativePort - 
[16:06:47.156] [bmv2] [D] [thread 2640] Set default default entry for table 'tbl_fast_reroute97': fast_reroute97 - 
[16:06:47.156] [bmv2] [D] [thread 2640] Set default default entry for table 'MyIngress.rewrite_mac': MyIngress.drop - 
Adding interface s4-eth1 as port 1
[16:06:47.157] [bmv2] [D] [thread 2640] Adding interface s4-eth1 as port 1
Adding interface s4-eth2 as port 2
[16:06:47.187] [bmv2] [D] [thread 2640] Adding interface s4-eth2 as port 2
Adding interface s4-eth3 as port 3
[16:06:47.211] [bmv2] [D] [thread 2640] Adding interface s4-eth3 as port 3
[16:06:47.231] [bmv2] [I] [thread 2640] Starting Thrift server on port 9093
[16:06:47.232] [bmv2] [I] [thread 2640] Thrift server was started
[16:06:47.255] [bmv2] [D] [thread 2646] [0.0] [cxt 0] Processing packet received on port 2
[16:06:47.255] [bmv2] [D] [thread 2646] [0.0] [cxt 0] Parser 'parser': start
[16:06:47.255] [bmv2] [D] [thread 2646] [0.0] [cxt 0] Parser 'parser' entering state 'start'
[16:06:47.255] [bmv2] [D] [thread 2646] [0.0] [cxt 0] Extracting header 'ethernet'
[16:06:47.255] [bmv2] [D] [thread 2646] [0.0] [cxt 0] Parser state 'start': key is 86dd
[16:06:47.256] [bmv2] [T] [thread 2646] [0.0] [cxt 0] Bytes parsed: 14
[16:06:47.256] [bmv2] [D] [thread 2646] [0.0] [cxt 0] Parser 'parser': end
[16:06:47.256] [bmv2] [D] [thread 2646] [0.0] [cxt 0] Pipeline 'ingress': start
[16:06:47.256] [bmv2] [T] [thread 2646] [0.0] [cxt 0] /home/p4/git/master_degree_p4_unipampa/FRR/p4src/fast_reroute.p4(88) Condition "hdr.ipv4.isValid()" (node_2) is false
[16:06:47.256] [bmv2] [D] [thread 2646] [0.0] [cxt 0] Pipeline 'ingress': end
[16:06:47.256] [bmv2] [D] [thread 2646] [0.0] [cxt 0] Egress port is 0
[16:06:47.256] [bmv2] [D] [thread 2647] [0.0] [cxt 0] Pipeline 'egress': start
[16:06:47.256] [bmv2] [D] [thread 2647] [0.0] [cxt 0] Pipeline 'egress': end
[16:06:47.256] [bmv2] [D] [thread 2647] [0.0] [cxt 0] Deparser 'deparser': start
[16:06:47.256] [bmv2] [T] [thread 2647] [0.0] [cxt 0] Skipping checksum 'cksum' update because condition not met
[16:06:47.256] [bmv2] [D] [thread 2647] [0.0] [cxt 0] Deparsing header 'ethernet'
[16:06:47.256] [bmv2] [D] [thread 2647] [0.0] [cxt 0] Deparser 'deparser': end
[16:06:47.256] [bmv2] [D] [thread 2651] [0.0] [cxt 0] Transmitting packet of size 90 out of port 0
[16:06:47.283] [bmv2] [D] [thread 2646] [1.0] [cxt 0] Processing packet received on port 3
[16:06:47.283] [bmv2] [D] [thread 2646] [1.0] [cxt 0] Parser 'parser': start
[16:06:47.283] [bmv2] [D] [thread 2646] [1.0] [cxt 0] Parser 'parser' entering state 'start'
[16:06:47.283] [bmv2] [D] [thread 2646] [1.0] [cxt 0] Extracting header 'ethernet'
[16:06:47.283] [bmv2] [D] [thread 2646] [1.0] [cxt 0] Parser state 'start': key is 86dd
[16:06:47.283] [bmv2] [T] [thread 2646] [1.0] [cxt 0] Bytes parsed: 14
[16:06:47.283] [bmv2] [D] [thread 2646] [1.0] [cxt 0] Parser 'parser': end
[16:06:47.283] [bmv2] [D] [thread 2646] [1.0] [cxt 0] Pipeline 'ingress': start
[16:06:47.283] [bmv2] [T] [thread 2646] [1.0] [cxt 0] /home/p4/git/master_degree_p4_unipampa/FRR/p4src/fast_reroute.p4(88) Condition "hdr.ipv4.isValid()" (node_2) is false
[16:06:47.283] [bmv2] [D] [thread 2646] [1.0] [cxt 0] Pipeline 'ingress': end
[16:06:47.283] [bmv2] [D] [thread 2646] [1.0] [cxt 0] Egress port is 0
[16:06:47.283] [bmv2] [D] [thread 2647] [1.0] [cxt 0] Pipeline 'egress': start
[16:06:47.283] [bmv2] [D] [thread 2647] [1.0] [cxt 0] Pipeline 'egress': end
[16:06:47.283] [bmv2] [D] [thread 2647] [1.0] [cxt 0] Deparser 'deparser': start
[16:06:47.283] [bmv2] [T] [thread 2647] [1.0] [cxt 0] Skipping checksum 'cksum' update because condition not met
[16:06:47.283] [bmv2] [D] [thread 2647] [1.0] [cxt 0] Deparsing header 'ethernet'
[16:06:47.284] [bmv2] [D] [thread 2647] [1.0] [cxt 0] Deparser 'deparser': end
[16:06:47.284] [bmv2] [D] [thread 2651] [1.0] [cxt 0] Transmitting packet of size 86 out of port 0
[16:06:47.348] [bmv2] [D] [thread 2646] [2.0] [cxt 0] Processing packet received on port 1
[16:06:47.348] [bmv2] [D] [thread 2646] [2.0] [cxt 0] Parser 'parser': start
[16:06:47.348] [bmv2] [D] [thread 2646] [2.0] [cxt 0] Parser 'parser' entering state 'start'
[16:06:47.348] [bmv2] [D] [thread 2646] [2.0] [cxt 0] Extracting header 'ethernet'
[16:06:47.348] [bmv2] [D] [thread 2646] [2.0] [cxt 0] Parser state 'start': key is 86dd
[16:06:47.348] [bmv2] [T] [thread 2646] [2.0] [cxt 0] Bytes parsed: 14
[16:06:47.348] [bmv2] [D] [thread 2646] [2.0] [cxt 0] Parser 'parser': end
[16:06:47.348] [bmv2] [D] [thread 2646] [2.0] [cxt 0] Pipeline 'ingress': start
[16:06:47.348] [bmv2] [T] [thread 2646] [2.0] [cxt 0] /home/p4/git/master_degree_p4_unipampa/FRR/p4src/fast_reroute.p4(88) Condition "hdr.ipv4.isValid()" (node_2) is false
[16:06:47.348] [bmv2] [D] [thread 2646] [2.0] [cxt 0] Pipeline 'ingress': end
[16:06:47.348] [bmv2] [D] [thread 2646] [2.0] [cxt 0] Egress port is 0
[16:06:47.348] [bmv2] [D] [thread 2647] [2.0] [cxt 0] Pipeline 'egress': start
[16:06:47.348] [bmv2] [D] [thread 2647] [2.0] [cxt 0] Pipeline 'egress': end
[16:06:47.348] [bmv2] [D] [thread 2647] [2.0] [cxt 0] Deparser 'deparser': start
[16:06:47.348] [bmv2] [T] [thread 2647] [2.0] [cxt 0] Skipping checksum 'cksum' update because condition not met
[16:06:47.348] [bmv2] [D] [thread 2647] [2.0] [cxt 0] Deparsing header 'ethernet'
[16:06:47.348] [bmv2] [D] [thread 2647] [2.0] [cxt 0] Deparser 'deparser': end
[16:06:47.348] [bmv2] [D] [thread 2651] [2.0] [cxt 0] Transmitting packet of size 86 out of port 0
[16:06:47.379] [bmv2] [D] [thread 2646] [3.0] [cxt 0] Processing packet received on port 1
[16:06:47.379] [bmv2] [D] [thread 2646] [3.0] [cxt 0] Parser 'parser': start
[16:06:47.379] [bmv2] [D] [thread 2646] [3.0] [cxt 0] Parser 'parser' entering state 'start'
[16:06:47.379] [bmv2] [D] [thread 2646] [3.0] [cxt 0] Extracting header 'ethernet'
[16:06:47.379] [bmv2] [D] [thread 2646] [3.0] [cxt 0] Parser state 'start': key is 86dd
[16:06:47.379] [bmv2] [T] [thread 2646] [3.0] [cxt 0] Bytes parsed: 14
[16:06:47.379] [bmv2] [D] [thread 2646] [3.0] [cxt 0] Parser 'parser': end
[16:06:47.379] [bmv2] [D] [thread 2646] [3.0] [cxt 0] Pipeline 'ingress': start
[16:06:47.379] [bmv2] [T] [thread 2646] [3.0] [cxt 0] /home/p4/git/master_degree_p4_unipampa/FRR/p4src/fast_reroute.p4(88) Condition "hdr.ipv4.isValid()" (node_2) is false
[16:06:47.379] [bmv2] [D] [thread 2646] [3.0] [cxt 0] Pipeline 'ingress': end
[16:06:47.379] [bmv2] [D] [thread 2646] [3.0] [cxt 0] Egress port is 0
[16:06:47.380] [bmv2] [D] [thread 2647] [3.0] [cxt 0] Pipeline 'egress': start
[16:06:47.380] [bmv2] [D] [thread 2647] [3.0] [cxt 0] Pipeline 'egress': end
[16:06:47.380] [bmv2] [D] [thread 2647] [3.0] [cxt 0] Deparser 'deparser': start
[16:06:47.380] [bmv2] [T] [thread 2647] [3.0] [cxt 0] Skipping checksum 'cksum' update because condition not met
[16:06:47.380] [bmv2] [D] [thread 2647] [3.0] [cxt 0] Deparsing header 'ethernet'
[16:06:47.380] [bmv2] [D] [thread 2647] [3.0] [cxt 0] Deparser 'deparser': end
[16:06:47.380] [bmv2] [D] [thread 2651] [3.0] [cxt 0] Transmitting packet of size 86 out of port 0
[16:06:47.604] [bmv2] [D] [thread 2646] [4.0] [cxt 0] Processing packet received on port 3
[16:06:47.604] [bmv2] [D] [thread 2646] [4.0] [cxt 0] Parser 'parser': start
[16:06:47.604] [bmv2] [D] [thread 2646] [4.0] [cxt 0] Parser 'parser' entering state 'start'
[16:06:47.604] [bmv2] [D] [thread 2646] [4.0] [cxt 0] Extracting header 'ethernet'
[16:06:47.604] [bmv2] [D] [thread 2646] [4.0] [cxt 0] Parser state 'start': key is 86dd
[16:06:47.604] [bmv2] [T] [thread 2646] [4.0] [cxt 0] Bytes parsed: 14
[16:06:47.604] [bmv2] [D] [thread 2646] [4.0] [cxt 0] Parser 'parser': end
[16:06:47.604] [bmv2] [D] [thread 2646] [4.0] [cxt 0] Pipeline 'ingress': start
[16:06:47.604] [bmv2] [T] [thread 2646] [4.0] [cxt 0] /home/p4/git/master_degree_p4_unipampa/FRR/p4src/fast_reroute.p4(88) Condition "hdr.ipv4.isValid()" (node_2) is false
[16:06:47.604] [bmv2] [D] [thread 2646] [4.0] [cxt 0] Pipeline 'ingress': end
[16:06:47.604] [bmv2] [D] [thread 2646] [4.0] [cxt 0] Egress port is 0
[16:06:47.604] [bmv2] [D] [thread 2647] [4.0] [cxt 0] Pipeline 'egress': start
[16:06:47.604] [bmv2] [D] [thread 2647] [4.0] [cxt 0] Pipeline 'egress': end
[16:06:47.604] [bmv2] [D] [thread 2647] [4.0] [cxt 0] Deparser 'deparser': start
[16:06:47.604] [bmv2] [T] [thread 2647] [4.0] [cxt 0] Skipping checksum 'cksum' update because condition not met
[16:06:47.604] [bmv2] [D] [thread 2647] [4.0] [cxt 0] Deparsing header 'ethernet'
[16:06:47.604] [bmv2] [D] [thread 2647] [4.0] [cxt 0] Deparser 'deparser': end
[16:06:47.604] [bmv2] [D] [thread 2651] [4.0] [cxt 0] Transmitting packet of size 86 out of port 0
