Warning: you requested the nanomsg event logger, but bmv2 was compiled without -DBMELOG, and the event logger cannot be activated
Calling target program-options parser
[20:28:35.859] [bmv2] [D] [thread 11183] Set default default entry for table 'MyIngress.ipv4_lpm': MyIngress.drop - 
[20:28:35.860] [bmv2] [D] [thread 11183] Set default default entry for table 'tbl_read_alternativePort': MyIngress.read_alternativePort - 
[20:28:35.860] [bmv2] [D] [thread 11183] Set default default entry for table 'tbl_fast_reroute97': fast_reroute97 - 
[20:28:35.860] [bmv2] [D] [thread 11183] Set default default entry for table 'MyIngress.rewrite_mac': MyIngress.drop - 
Adding interface s6-eth1 as port 1
[20:28:35.863] [bmv2] [D] [thread 11183] Adding interface s6-eth1 as port 1
Adding interface s6-eth2 as port 2
[20:28:35.909] [bmv2] [D] [thread 11183] Adding interface s6-eth2 as port 2
Adding interface s6-eth3 as port 3
[20:28:35.989] [bmv2] [D] [thread 11183] Adding interface s6-eth3 as port 3
Adding interface s6-eth4 as port 4
[20:28:36.025] [bmv2] [D] [thread 11183] Adding interface s6-eth4 as port 4
[20:28:36.081] [bmv2] [I] [thread 11183] Starting Thrift server on port 9095
[20:28:36.082] [bmv2] [I] [thread 11183] Thrift server was started
[20:28:36.174] [bmv2] [D] [thread 11189] [0.0] [cxt 0] Processing packet received on port 1
[20:28:36.174] [bmv2] [D] [thread 11189] [0.0] [cxt 0] Parser 'parser': start
[20:28:36.174] [bmv2] [D] [thread 11189] [0.0] [cxt 0] Parser 'parser' entering state 'start'
[20:28:36.174] [bmv2] [D] [thread 11189] [0.0] [cxt 0] Extracting header 'ethernet'
[20:28:36.175] [bmv2] [D] [thread 11189] [0.0] [cxt 0] Parser state 'start': key is 86dd
[20:28:36.175] [bmv2] [T] [thread 11189] [0.0] [cxt 0] Bytes parsed: 14
[20:28:36.175] [bmv2] [D] [thread 11189] [0.0] [cxt 0] Parser 'parser': end
[20:28:36.175] [bmv2] [D] [thread 11189] [0.0] [cxt 0] Pipeline 'ingress': start
[20:28:36.175] [bmv2] [T] [thread 11189] [0.0] [cxt 0] /home/p4/git/master_degree_p4_unipampa/FRR_old/p4src/fast_reroute.p4(88) Condition "hdr.ipv4.isValid()" (node_2) is false
[20:28:36.175] [bmv2] [D] [thread 11189] [0.0] [cxt 0] Pipeline 'ingress': end
[20:28:36.175] [bmv2] [D] [thread 11189] [0.0] [cxt 0] Egress port is 0
[20:28:36.175] [bmv2] [D] [thread 11190] [0.0] [cxt 0] Pipeline 'egress': start
[20:28:36.175] [bmv2] [D] [thread 11190] [0.0] [cxt 0] Pipeline 'egress': end
[20:28:36.175] [bmv2] [D] [thread 11190] [0.0] [cxt 0] Deparser 'deparser': start
[20:28:36.175] [bmv2] [T] [thread 11190] [0.0] [cxt 0] Skipping checksum 'cksum' update because condition not met
[20:28:36.175] [bmv2] [D] [thread 11190] [0.0] [cxt 0] Deparsing header 'ethernet'
[20:28:36.175] [bmv2] [D] [thread 11190] [0.0] [cxt 0] Deparser 'deparser': end
[20:28:36.175] [bmv2] [D] [thread 11194] [0.0] [cxt 0] Transmitting packet of size 90 out of port 0
[20:28:36.206] [bmv2] [D] [thread 11189] [1.0] [cxt 0] Processing packet received on port 1
[20:28:36.207] [bmv2] [D] [thread 11189] [1.0] [cxt 0] Parser 'parser': start
[20:28:36.207] [bmv2] [D] [thread 11189] [1.0] [cxt 0] Parser 'parser' entering state 'start'
[20:28:36.207] [bmv2] [D] [thread 11189] [1.0] [cxt 0] Extracting header 'ethernet'
[20:28:36.207] [bmv2] [D] [thread 11189] [1.0] [cxt 0] Parser state 'start': key is 86dd
[20:28:36.207] [bmv2] [T] [thread 11189] [1.0] [cxt 0] Bytes parsed: 14
[20:28:36.207] [bmv2] [D] [thread 11189] [1.0] [cxt 0] Parser 'parser': end
[20:28:36.207] [bmv2] [D] [thread 11189] [1.0] [cxt 0] Pipeline 'ingress': start
[20:28:36.207] [bmv2] [T] [thread 11189] [1.0] [cxt 0] /home/p4/git/master_degree_p4_unipampa/FRR_old/p4src/fast_reroute.p4(88) Condition "hdr.ipv4.isValid()" (node_2) is false
[20:28:36.207] [bmv2] [D] [thread 11189] [1.0] [cxt 0] Pipeline 'ingress': end
[20:28:36.207] [bmv2] [D] [thread 11189] [1.0] [cxt 0] Egress port is 0
[20:28:36.207] [bmv2] [D] [thread 11189] [2.0] [cxt 0] Processing packet received on port 3
[20:28:36.207] [bmv2] [D] [thread 11189] [2.0] [cxt 0] Parser 'parser': start
[20:28:36.207] [bmv2] [D] [thread 11189] [2.0] [cxt 0] Parser 'parser' entering state 'start'
[20:28:36.207] [bmv2] [D] [thread 11189] [2.0] [cxt 0] Extracting header 'ethernet'
[20:28:36.208] [bmv2] [D] [thread 11189] [2.0] [cxt 0] Parser state 'start': key is 86dd
[20:28:36.208] [bmv2] [T] [thread 11189] [2.0] [cxt 0] Bytes parsed: 14
[20:28:36.208] [bmv2] [D] [thread 11189] [2.0] [cxt 0] Parser 'parser': end
[20:28:36.208] [bmv2] [D] [thread 11189] [2.0] [cxt 0] Pipeline 'ingress': start
[20:28:36.208] [bmv2] [T] [thread 11189] [2.0] [cxt 0] /home/p4/git/master_degree_p4_unipampa/FRR_old/p4src/fast_reroute.p4(88) Condition "hdr.ipv4.isValid()" (node_2) is false
[20:28:36.208] [bmv2] [D] [thread 11189] [2.0] [cxt 0] Pipeline 'ingress': end
[20:28:36.208] [bmv2] [D] [thread 11189] [2.0] [cxt 0] Egress port is 0
[20:28:36.207] [bmv2] [D] [thread 11190] [1.0] [cxt 0] Pipeline 'egress': start
[20:28:36.208] [bmv2] [D] [thread 11190] [1.0] [cxt 0] Pipeline 'egress': end
[20:28:36.208] [bmv2] [D] [thread 11190] [1.0] [cxt 0] Deparser 'deparser': start
[20:28:36.208] [bmv2] [T] [thread 11190] [1.0] [cxt 0] Skipping checksum 'cksum' update because condition not met
[20:28:36.208] [bmv2] [D] [thread 11190] [1.0] [cxt 0] Deparsing header 'ethernet'
[20:28:36.208] [bmv2] [D] [thread 11190] [1.0] [cxt 0] Deparser 'deparser': end
[20:28:36.208] [bmv2] [D] [thread 11190] [2.0] [cxt 0] Pipeline 'egress': start
[20:28:36.208] [bmv2] [D] [thread 11190] [2.0] [cxt 0] Pipeline 'egress': end
[20:28:36.208] [bmv2] [D] [thread 11190] [2.0] [cxt 0] Deparser 'deparser': start
[20:28:36.208] [bmv2] [T] [thread 11190] [2.0] [cxt 0] Skipping checksum 'cksum' update because condition not met
[20:28:36.209] [bmv2] [D] [thread 11190] [2.0] [cxt 0] Deparsing header 'ethernet'
[20:28:36.209] [bmv2] [D] [thread 11190] [2.0] [cxt 0] Deparser 'deparser': end
[20:28:36.208] [bmv2] [D] [thread 11194] [1.0] [cxt 0] Transmitting packet of size 86 out of port 0
[20:28:36.209] [bmv2] [D] [thread 11194] [2.0] [cxt 0] Transmitting packet of size 86 out of port 0
open: No such file or directory
open: No such file or directory
open: No such file or directory
open: No such file or directory
