Warning: you requested the nanomsg event logger, but bmv2 was compiled without -DBMELOG, and the event logger cannot be activated
Calling target program-options parser
[16:06:46.966] [bmv2] [D] [thread 2602] Set default default entry for table 'MyIngress.ipv4_lpm': MyIngress.drop - 
[16:06:46.966] [bmv2] [D] [thread 2602] Set default default entry for table 'tbl_read_alternativePort': MyIngress.read_alternativePort - 
[16:06:46.966] [bmv2] [D] [thread 2602] Set default default entry for table 'tbl_fast_reroute97': fast_reroute97 - 
[16:06:46.966] [bmv2] [D] [thread 2602] Set default default entry for table 'MyIngress.rewrite_mac': MyIngress.drop - 
Adding interface s2-eth1 as port 1
[16:06:46.984] [bmv2] [D] [thread 2602] Adding interface s2-eth1 as port 1
Adding interface s2-eth2 as port 2
[16:06:47.015] [bmv2] [D] [thread 2602] Adding interface s2-eth2 as port 2
Adding interface s2-eth3 as port 3
[16:06:47.028] [bmv2] [D] [thread 2602] Adding interface s2-eth3 as port 3
[16:06:47.067] [bmv2] [I] [thread 2602] Starting Thrift server on port 9091
[16:06:47.068] [bmv2] [I] [thread 2602] Thrift server was started
[16:06:47.069] [bmv2] [D] [thread 2620] [0.0] [cxt 0] Processing packet received on port 1
[16:06:47.069] [bmv2] [D] [thread 2620] [0.0] [cxt 0] Parser 'parser': start
[16:06:47.069] [bmv2] [D] [thread 2620] [0.0] [cxt 0] Parser 'parser' entering state 'start'
[16:06:47.069] [bmv2] [D] [thread 2620] [0.0] [cxt 0] Extracting header 'ethernet'
[16:06:47.069] [bmv2] [D] [thread 2620] [0.0] [cxt 0] Parser state 'start': key is 86dd
[16:06:47.069] [bmv2] [T] [thread 2620] [0.0] [cxt 0] Bytes parsed: 14
[16:06:47.069] [bmv2] [D] [thread 2620] [0.0] [cxt 0] Parser 'parser': end
[16:06:47.069] [bmv2] [D] [thread 2620] [0.0] [cxt 0] Pipeline 'ingress': start
[16:06:47.069] [bmv2] [T] [thread 2620] [0.0] [cxt 0] /home/p4/git/master_degree_p4_unipampa/FRR/p4src/fast_reroute.p4(88) Condition "hdr.ipv4.isValid()" (node_2) is false
[16:06:47.069] [bmv2] [D] [thread 2620] [0.0] [cxt 0] Pipeline 'ingress': end
[16:06:47.069] [bmv2] [D] [thread 2620] [0.0] [cxt 0] Egress port is 0
[16:06:47.069] [bmv2] [D] [thread 2621] [0.0] [cxt 0] Pipeline 'egress': start
[16:06:47.069] [bmv2] [D] [thread 2621] [0.0] [cxt 0] Pipeline 'egress': end
[16:06:47.069] [bmv2] [D] [thread 2621] [0.0] [cxt 0] Deparser 'deparser': start
[16:06:47.069] [bmv2] [T] [thread 2621] [0.0] [cxt 0] Skipping checksum 'cksum' update because condition not met
[16:06:47.069] [bmv2] [D] [thread 2621] [0.0] [cxt 0] Deparsing header 'ethernet'
[16:06:47.069] [bmv2] [D] [thread 2621] [0.0] [cxt 0] Deparser 'deparser': end
[16:06:47.069] [bmv2] [D] [thread 2625] [0.0] [cxt 0] Transmitting packet of size 90 out of port 0
[16:06:47.124] [bmv2] [D] [thread 2620] [1.0] [cxt 0] Processing packet received on port 1
[16:06:47.124] [bmv2] [D] [thread 2620] [1.0] [cxt 0] Parser 'parser': start
[16:06:47.124] [bmv2] [D] [thread 2620] [1.0] [cxt 0] Parser 'parser' entering state 'start'
[16:06:47.124] [bmv2] [D] [thread 2620] [1.0] [cxt 0] Extracting header 'ethernet'
[16:06:47.124] [bmv2] [D] [thread 2620] [1.0] [cxt 0] Parser state 'start': key is 86dd
[16:06:47.124] [bmv2] [T] [thread 2620] [1.0] [cxt 0] Bytes parsed: 14
[16:06:47.124] [bmv2] [D] [thread 2620] [1.0] [cxt 0] Parser 'parser': end
[16:06:47.124] [bmv2] [D] [thread 2620] [1.0] [cxt 0] Pipeline 'ingress': start
[16:06:47.124] [bmv2] [T] [thread 2620] [1.0] [cxt 0] /home/p4/git/master_degree_p4_unipampa/FRR/p4src/fast_reroute.p4(88) Condition "hdr.ipv4.isValid()" (node_2) is false
[16:06:47.124] [bmv2] [D] [thread 2620] [1.0] [cxt 0] Pipeline 'ingress': end
[16:06:47.124] [bmv2] [D] [thread 2620] [1.0] [cxt 0] Egress port is 0
[16:06:47.124] [bmv2] [D] [thread 2621] [1.0] [cxt 0] Pipeline 'egress': start
[16:06:47.124] [bmv2] [D] [thread 2621] [1.0] [cxt 0] Pipeline 'egress': end
[16:06:47.124] [bmv2] [D] [thread 2621] [1.0] [cxt 0] Deparser 'deparser': start
[16:06:47.124] [bmv2] [T] [thread 2621] [1.0] [cxt 0] Skipping checksum 'cksum' update because condition not met
[16:06:47.124] [bmv2] [D] [thread 2621] [1.0] [cxt 0] Deparsing header 'ethernet'
[16:06:47.124] [bmv2] [D] [thread 2621] [1.0] [cxt 0] Deparser 'deparser': end
[16:06:47.124] [bmv2] [D] [thread 2625] [1.0] [cxt 0] Transmitting packet of size 90 out of port 0
[16:06:47.287] [bmv2] [D] [thread 2620] [2.0] [cxt 0] Processing packet received on port 2
[16:06:47.287] [bmv2] [D] [thread 2620] [2.0] [cxt 0] Parser 'parser': start
[16:06:47.287] [bmv2] [D] [thread 2620] [2.0] [cxt 0] Parser 'parser' entering state 'start'
[16:06:47.287] [bmv2] [D] [thread 2620] [2.0] [cxt 0] Extracting header 'ethernet'
[16:06:47.287] [bmv2] [D] [thread 2620] [2.0] [cxt 0] Parser state 'start': key is 86dd
[16:06:47.287] [bmv2] [T] [thread 2620] [2.0] [cxt 0] Bytes parsed: 14
[16:06:47.287] [bmv2] [D] [thread 2620] [2.0] [cxt 0] Parser 'parser': end
[16:06:47.287] [bmv2] [D] [thread 2620] [2.0] [cxt 0] Pipeline 'ingress': start
[16:06:47.288] [bmv2] [T] [thread 2620] [2.0] [cxt 0] /home/p4/git/master_degree_p4_unipampa/FRR/p4src/fast_reroute.p4(88) Condition "hdr.ipv4.isValid()" (node_2) is false
[16:06:47.288] [bmv2] [D] [thread 2620] [2.0] [cxt 0] Pipeline 'ingress': end
[16:06:47.288] [bmv2] [D] [thread 2620] [2.0] [cxt 0] Egress port is 0
[16:06:47.288] [bmv2] [D] [thread 2621] [2.0] [cxt 0] Pipeline 'egress': start
[16:06:47.288] [bmv2] [D] [thread 2621] [2.0] [cxt 0] Pipeline 'egress': end
[16:06:47.288] [bmv2] [D] [thread 2621] [2.0] [cxt 0] Deparser 'deparser': start
[16:06:47.288] [bmv2] [T] [thread 2621] [2.0] [cxt 0] Skipping checksum 'cksum' update because condition not met
[16:06:47.288] [bmv2] [D] [thread 2621] [2.0] [cxt 0] Deparsing header 'ethernet'
[16:06:47.288] [bmv2] [D] [thread 2621] [2.0] [cxt 0] Deparser 'deparser': end
[16:06:47.288] [bmv2] [D] [thread 2625] [2.0] [cxt 0] Transmitting packet of size 90 out of port 0
[16:06:47.412] [bmv2] [D] [thread 2620] [3.0] [cxt 0] Processing packet received on port 1
[16:06:47.412] [bmv2] [D] [thread 2620] [3.0] [cxt 0] Parser 'parser': start
[16:06:47.412] [bmv2] [D] [thread 2620] [3.0] [cxt 0] Parser 'parser' entering state 'start'
[16:06:47.412] [bmv2] [D] [thread 2620] [3.0] [cxt 0] Extracting header 'ethernet'
[16:06:47.412] [bmv2] [D] [thread 2620] [3.0] [cxt 0] Parser state 'start': key is 86dd
[16:06:47.412] [bmv2] [T] [thread 2620] [3.0] [cxt 0] Bytes parsed: 14
[16:06:47.412] [bmv2] [D] [thread 2620] [3.0] [cxt 0] Parser 'parser': end
[16:06:47.412] [bmv2] [D] [thread 2620] [3.0] [cxt 0] Pipeline 'ingress': start
[16:06:47.412] [bmv2] [T] [thread 2620] [3.0] [cxt 0] /home/p4/git/master_degree_p4_unipampa/FRR/p4src/fast_reroute.p4(88) Condition "hdr.ipv4.isValid()" (node_2) is false
[16:06:47.412] [bmv2] [D] [thread 2620] [3.0] [cxt 0] Pipeline 'ingress': end
[16:06:47.412] [bmv2] [D] [thread 2620] [3.0] [cxt 0] Egress port is 0
[16:06:47.412] [bmv2] [D] [thread 2621] [3.0] [cxt 0] Pipeline 'egress': start
[16:06:47.412] [bmv2] [D] [thread 2621] [3.0] [cxt 0] Pipeline 'egress': end
[16:06:47.412] [bmv2] [D] [thread 2621] [3.0] [cxt 0] Deparser 'deparser': start
[16:06:47.412] [bmv2] [T] [thread 2621] [3.0] [cxt 0] Skipping checksum 'cksum' update because condition not met
[16:06:47.412] [bmv2] [D] [thread 2621] [3.0] [cxt 0] Deparsing header 'ethernet'
[16:06:47.412] [bmv2] [D] [thread 2621] [3.0] [cxt 0] Deparser 'deparser': end
[16:06:47.412] [bmv2] [D] [thread 2625] [3.0] [cxt 0] Transmitting packet of size 86 out of port 0
[16:06:47.476] [bmv2] [D] [thread 2620] [4.0] [cxt 0] Processing packet received on port 2
[16:06:47.476] [bmv2] [D] [thread 2620] [4.0] [cxt 0] Parser 'parser': start
[16:06:47.476] [bmv2] [D] [thread 2620] [4.0] [cxt 0] Parser 'parser' entering state 'start'
[16:06:47.476] [bmv2] [D] [thread 2620] [4.0] [cxt 0] Extracting header 'ethernet'
[16:06:47.476] [bmv2] [D] [thread 2620] [4.0] [cxt 0] Parser state 'start': key is 86dd
[16:06:47.476] [bmv2] [T] [thread 2620] [4.0] [cxt 0] Bytes parsed: 14
[16:06:47.476] [bmv2] [D] [thread 2620] [4.0] [cxt 0] Parser 'parser': end
[16:06:47.476] [bmv2] [D] [thread 2620] [4.0] [cxt 0] Pipeline 'ingress': start
[16:06:47.476] [bmv2] [T] [thread 2620] [4.0] [cxt 0] /home/p4/git/master_degree_p4_unipampa/FRR/p4src/fast_reroute.p4(88) Condition "hdr.ipv4.isValid()" (node_2) is false
[16:06:47.476] [bmv2] [D] [thread 2620] [4.0] [cxt 0] Pipeline 'ingress': end
[16:06:47.476] [bmv2] [D] [thread 2620] [4.0] [cxt 0] Egress port is 0
[16:06:47.476] [bmv2] [D] [thread 2621] [4.0] [cxt 0] Pipeline 'egress': start
[16:06:47.476] [bmv2] [D] [thread 2621] [4.0] [cxt 0] Pipeline 'egress': end
[16:06:47.476] [bmv2] [D] [thread 2621] [4.0] [cxt 0] Deparser 'deparser': start
[16:06:47.476] [bmv2] [T] [thread 2621] [4.0] [cxt 0] Skipping checksum 'cksum' update because condition not met
[16:06:47.476] [bmv2] [D] [thread 2621] [4.0] [cxt 0] Deparsing header 'ethernet'
[16:06:47.476] [bmv2] [D] [thread 2621] [4.0] [cxt 0] Deparser 'deparser': end
[16:06:47.476] [bmv2] [D] [thread 2625] [4.0] [cxt 0] Transmitting packet of size 86 out of port 0
[16:06:47.508] [bmv2] [D] [thread 2620] [5.0] [cxt 0] Processing packet received on port 1
[16:06:47.508] [bmv2] [D] [thread 2620] [5.0] [cxt 0] Parser 'parser': start
[16:06:47.508] [bmv2] [D] [thread 2620] [5.0] [cxt 0] Parser 'parser' entering state 'start'
[16:06:47.508] [bmv2] [D] [thread 2620] [5.0] [cxt 0] Extracting header 'ethernet'
[16:06:47.508] [bmv2] [D] [thread 2620] [5.0] [cxt 0] Parser state 'start': key is 86dd
[16:06:47.508] [bmv2] [T] [thread 2620] [5.0] [cxt 0] Bytes parsed: 14
[16:06:47.508] [bmv2] [D] [thread 2620] [5.0] [cxt 0] Parser 'parser': end
[16:06:47.508] [bmv2] [D] [thread 2620] [5.0] [cxt 0] Pipeline 'ingress': start
[16:06:47.508] [bmv2] [T] [thread 2620] [5.0] [cxt 0] /home/p4/git/master_degree_p4_unipampa/FRR/p4src/fast_reroute.p4(88) Condition "hdr.ipv4.isValid()" (node_2) is false
[16:06:47.508] [bmv2] [D] [thread 2620] [5.0] [cxt 0] Pipeline 'ingress': end
[16:06:47.508] [bmv2] [D] [thread 2620] [5.0] [cxt 0] Egress port is 0
[16:06:47.508] [bmv2] [D] [thread 2621] [5.0] [cxt 0] Pipeline 'egress': start
[16:06:47.508] [bmv2] [D] [thread 2621] [5.0] [cxt 0] Pipeline 'egress': end
[16:06:47.508] [bmv2] [D] [thread 2621] [5.0] [cxt 0] Deparser 'deparser': start
[16:06:47.508] [bmv2] [T] [thread 2621] [5.0] [cxt 0] Skipping checksum 'cksum' update because condition not met
[16:06:47.508] [bmv2] [D] [thread 2621] [5.0] [cxt 0] Deparsing header 'ethernet'
[16:06:47.508] [bmv2] [D] [thread 2621] [5.0] [cxt 0] Deparser 'deparser': end
[16:06:47.508] [bmv2] [D] [thread 2625] [5.0] [cxt 0] Transmitting packet of size 86 out of port 0
[16:06:47.539] [bmv2] [D] [thread 2620] [6.0] [cxt 0] Processing packet received on port 3
[16:06:47.539] [bmv2] [D] [thread 2620] [6.0] [cxt 0] Parser 'parser': start
[16:06:47.539] [bmv2] [D] [thread 2620] [6.0] [cxt 0] Parser 'parser' entering state 'start'
[16:06:47.539] [bmv2] [D] [thread 2620] [6.0] [cxt 0] Extracting header 'ethernet'
[16:06:47.539] [bmv2] [D] [thread 2620] [6.0] [cxt 0] Parser state 'start': key is 86dd
[16:06:47.539] [bmv2] [T] [thread 2620] [6.0] [cxt 0] Bytes parsed: 14
[16:06:47.539] [bmv2] [D] [thread 2620] [6.0] [cxt 0] Parser 'parser': end
[16:06:47.539] [bmv2] [D] [thread 2620] [6.0] [cxt 0] Pipeline 'ingress': start
[16:06:47.539] [bmv2] [T] [thread 2620] [6.0] [cxt 0] /home/p4/git/master_degree_p4_unipampa/FRR/p4src/fast_reroute.p4(88) Condition "hdr.ipv4.isValid()" (node_2) is false
[16:06:47.539] [bmv2] [D] [thread 2620] [6.0] [cxt 0] Pipeline 'ingress': end
[16:06:47.539] [bmv2] [D] [thread 2620] [6.0] [cxt 0] Egress port is 0
[16:06:47.539] [bmv2] [D] [thread 2621] [6.0] [cxt 0] Pipeline 'egress': start
[16:06:47.539] [bmv2] [D] [thread 2621] [6.0] [cxt 0] Pipeline 'egress': end
[16:06:47.539] [bmv2] [D] [thread 2621] [6.0] [cxt 0] Deparser 'deparser': start
[16:06:47.539] [bmv2] [T] [thread 2621] [6.0] [cxt 0] Skipping checksum 'cksum' update because condition not met
[16:06:47.540] [bmv2] [D] [thread 2621] [6.0] [cxt 0] Deparsing header 'ethernet'
[16:06:47.540] [bmv2] [D] [thread 2621] [6.0] [cxt 0] Deparser 'deparser': end
[16:06:47.540] [bmv2] [D] [thread 2625] [6.0] [cxt 0] Transmitting packet of size 86 out of port 0
