Warning: you requested the nanomsg event logger, but bmv2 was compiled without -DBMELOG, and the event logger cannot be activated
Calling target program-options parser
[16:06:46.842] [bmv2] [D] [thread 2412] Set default default entry for table 'MyIngress.ipv4_lpm': MyIngress.drop - 
[16:06:46.842] [bmv2] [D] [thread 2412] Set default default entry for table 'tbl_read_alternativePort': MyIngress.read_alternativePort - 
[16:06:46.842] [bmv2] [D] [thread 2412] Set default default entry for table 'tbl_fast_reroute97': fast_reroute97 - 
[16:06:46.842] [bmv2] [D] [thread 2412] Set default default entry for table 'MyIngress.rewrite_mac': MyIngress.drop - 
Adding interface s1-eth1 as port 1
[16:06:46.843] [bmv2] [D] [thread 2412] Adding interface s1-eth1 as port 1
Adding interface s1-eth2 as port 2
[16:06:46.874] [bmv2] [D] [thread 2412] Adding interface s1-eth2 as port 2
Adding interface s1-eth3 as port 3
[16:06:46.901] [bmv2] [D] [thread 2412] Adding interface s1-eth3 as port 3
Adding interface s1-eth4 as port 4
[16:06:46.924] [bmv2] [D] [thread 2412] Adding interface s1-eth4 as port 4
[16:06:46.951] [bmv2] [I] [thread 2412] Starting Thrift server on port 9090
[16:06:46.952] [bmv2] [I] [thread 2412] Thrift server was started
[16:06:47.060] [bmv2] [D] [thread 2593] [0.0] [cxt 0] Processing packet received on port 2
[16:06:47.060] [bmv2] [D] [thread 2593] [0.0] [cxt 0] Parser 'parser': start
[16:06:47.060] [bmv2] [D] [thread 2593] [0.0] [cxt 0] Parser 'parser' entering state 'start'
[16:06:47.060] [bmv2] [D] [thread 2593] [0.0] [cxt 0] Extracting header 'ethernet'
[16:06:47.060] [bmv2] [D] [thread 2593] [0.0] [cxt 0] Parser state 'start': key is 86dd
[16:06:47.060] [bmv2] [T] [thread 2593] [0.0] [cxt 0] Bytes parsed: 14
[16:06:47.060] [bmv2] [D] [thread 2593] [0.0] [cxt 0] Parser 'parser': end
[16:06:47.060] [bmv2] [D] [thread 2593] [0.0] [cxt 0] Pipeline 'ingress': start
[16:06:47.060] [bmv2] [T] [thread 2593] [0.0] [cxt 0] /home/p4/git/master_degree_p4_unipampa/FRR/p4src/fast_reroute.p4(88) Condition "hdr.ipv4.isValid()" (node_2) is false
[16:06:47.060] [bmv2] [D] [thread 2593] [0.0] [cxt 0] Pipeline 'ingress': end
[16:06:47.060] [bmv2] [D] [thread 2593] [0.0] [cxt 0] Egress port is 0
[16:06:47.060] [bmv2] [D] [thread 2594] [0.0] [cxt 0] Pipeline 'egress': start
[16:06:47.060] [bmv2] [D] [thread 2594] [0.0] [cxt 0] Pipeline 'egress': end
[16:06:47.060] [bmv2] [D] [thread 2594] [0.0] [cxt 0] Deparser 'deparser': start
[16:06:47.060] [bmv2] [T] [thread 2594] [0.0] [cxt 0] Skipping checksum 'cksum' update because condition not met
[16:06:47.060] [bmv2] [D] [thread 2594] [0.0] [cxt 0] Deparsing header 'ethernet'
[16:06:47.060] [bmv2] [D] [thread 2594] [0.0] [cxt 0] Deparser 'deparser': end
[16:06:47.060] [bmv2] [D] [thread 2598] [0.0] [cxt 0] Transmitting packet of size 90 out of port 0
[16:06:47.124] [bmv2] [D] [thread 2593] [1.0] [cxt 0] Processing packet received on port 2
[16:06:47.124] [bmv2] [D] [thread 2593] [1.0] [cxt 0] Parser 'parser': start
[16:06:47.124] [bmv2] [D] [thread 2593] [1.0] [cxt 0] Parser 'parser' entering state 'start'
[16:06:47.124] [bmv2] [D] [thread 2593] [1.0] [cxt 0] Extracting header 'ethernet'
[16:06:47.124] [bmv2] [D] [thread 2593] [1.0] [cxt 0] Parser state 'start': key is 86dd
[16:06:47.124] [bmv2] [T] [thread 2593] [1.0] [cxt 0] Bytes parsed: 14
[16:06:47.124] [bmv2] [D] [thread 2593] [1.0] [cxt 0] Parser 'parser': end
[16:06:47.124] [bmv2] [D] [thread 2593] [1.0] [cxt 0] Pipeline 'ingress': start
[16:06:47.124] [bmv2] [T] [thread 2593] [1.0] [cxt 0] /home/p4/git/master_degree_p4_unipampa/FRR/p4src/fast_reroute.p4(88) Condition "hdr.ipv4.isValid()" (node_2) is false
[16:06:47.124] [bmv2] [D] [thread 2593] [1.0] [cxt 0] Pipeline 'ingress': end
[16:06:47.124] [bmv2] [D] [thread 2593] [1.0] [cxt 0] Egress port is 0
[16:06:47.124] [bmv2] [D] [thread 2594] [1.0] [cxt 0] Pipeline 'egress': start
[16:06:47.124] [bmv2] [D] [thread 2594] [1.0] [cxt 0] Pipeline 'egress': end
[16:06:47.124] [bmv2] [D] [thread 2594] [1.0] [cxt 0] Deparser 'deparser': start
[16:06:47.124] [bmv2] [T] [thread 2594] [1.0] [cxt 0] Skipping checksum 'cksum' update because condition not met
[16:06:47.124] [bmv2] [D] [thread 2594] [1.0] [cxt 0] Deparsing header 'ethernet'
[16:06:47.124] [bmv2] [D] [thread 2594] [1.0] [cxt 0] Deparser 'deparser': end
[16:06:47.124] [bmv2] [D] [thread 2598] [1.0] [cxt 0] Transmitting packet of size 90 out of port 0
[16:06:47.159] [bmv2] [D] [thread 2593] [2.0] [cxt 0] Processing packet received on port 3
[16:06:47.159] [bmv2] [D] [thread 2593] [2.0] [cxt 0] Parser 'parser': start
[16:06:47.159] [bmv2] [D] [thread 2593] [2.0] [cxt 0] Parser 'parser' entering state 'start'
[16:06:47.159] [bmv2] [D] [thread 2593] [2.0] [cxt 0] Extracting header 'ethernet'
[16:06:47.159] [bmv2] [D] [thread 2593] [2.0] [cxt 0] Parser state 'start': key is 86dd
[16:06:47.159] [bmv2] [T] [thread 2593] [2.0] [cxt 0] Bytes parsed: 14
[16:06:47.159] [bmv2] [D] [thread 2593] [2.0] [cxt 0] Parser 'parser': end
[16:06:47.159] [bmv2] [D] [thread 2593] [2.0] [cxt 0] Pipeline 'ingress': start
[16:06:47.159] [bmv2] [T] [thread 2593] [2.0] [cxt 0] /home/p4/git/master_degree_p4_unipampa/FRR/p4src/fast_reroute.p4(88) Condition "hdr.ipv4.isValid()" (node_2) is false
[16:06:47.159] [bmv2] [D] [thread 2593] [2.0] [cxt 0] Pipeline 'ingress': end
[16:06:47.159] [bmv2] [D] [thread 2593] [2.0] [cxt 0] Egress port is 0
[16:06:47.159] [bmv2] [D] [thread 2594] [2.0] [cxt 0] Pipeline 'egress': start
[16:06:47.159] [bmv2] [D] [thread 2594] [2.0] [cxt 0] Pipeline 'egress': end
[16:06:47.159] [bmv2] [D] [thread 2594] [2.0] [cxt 0] Deparser 'deparser': start
[16:06:47.159] [bmv2] [T] [thread 2594] [2.0] [cxt 0] Skipping checksum 'cksum' update because condition not met
[16:06:47.159] [bmv2] [D] [thread 2594] [2.0] [cxt 0] Deparsing header 'ethernet'
[16:06:47.159] [bmv2] [D] [thread 2594] [2.0] [cxt 0] Deparser 'deparser': end
[16:06:47.159] [bmv2] [D] [thread 2598] [2.0] [cxt 0] Transmitting packet of size 90 out of port 0
[16:06:47.347] [bmv2] [D] [thread 2593] [3.0] [cxt 0] Processing packet received on port 1
[16:06:47.347] [bmv2] [D] [thread 2593] [3.0] [cxt 0] Parser 'parser': start
[16:06:47.347] [bmv2] [D] [thread 2593] [3.0] [cxt 0] Parser 'parser' entering state 'start'
[16:06:47.347] [bmv2] [D] [thread 2593] [3.0] [cxt 0] Extracting header 'ethernet'
[16:06:47.347] [bmv2] [D] [thread 2593] [3.0] [cxt 0] Parser state 'start': key is 86dd
[16:06:47.348] [bmv2] [T] [thread 2593] [3.0] [cxt 0] Bytes parsed: 14
[16:06:47.348] [bmv2] [D] [thread 2593] [3.0] [cxt 0] Parser 'parser': end
[16:06:47.348] [bmv2] [D] [thread 2593] [3.0] [cxt 0] Pipeline 'ingress': start
[16:06:47.348] [bmv2] [T] [thread 2593] [3.0] [cxt 0] /home/p4/git/master_degree_p4_unipampa/FRR/p4src/fast_reroute.p4(88) Condition "hdr.ipv4.isValid()" (node_2) is false
[16:06:47.348] [bmv2] [D] [thread 2593] [3.0] [cxt 0] Pipeline 'ingress': end
[16:06:47.348] [bmv2] [D] [thread 2593] [3.0] [cxt 0] Egress port is 0
[16:06:47.348] [bmv2] [D] [thread 2594] [3.0] [cxt 0] Pipeline 'egress': start
[16:06:47.348] [bmv2] [D] [thread 2594] [3.0] [cxt 0] Pipeline 'egress': end
[16:06:47.348] [bmv2] [D] [thread 2594] [3.0] [cxt 0] Deparser 'deparser': start
[16:06:47.348] [bmv2] [T] [thread 2594] [3.0] [cxt 0] Skipping checksum 'cksum' update because condition not met
[16:06:47.348] [bmv2] [D] [thread 2594] [3.0] [cxt 0] Deparsing header 'ethernet'
[16:06:47.348] [bmv2] [D] [thread 2594] [3.0] [cxt 0] Deparser 'deparser': end
[16:06:47.348] [bmv2] [D] [thread 2598] [3.0] [cxt 0] Transmitting packet of size 90 out of port 0
[16:06:47.379] [bmv2] [D] [thread 2593] [4.0] [cxt 0] Processing packet received on port 3
[16:06:47.379] [bmv2] [D] [thread 2593] [4.0] [cxt 0] Parser 'parser': start
[16:06:47.379] [bmv2] [D] [thread 2593] [4.0] [cxt 0] Parser 'parser' entering state 'start'
[16:06:47.379] [bmv2] [D] [thread 2593] [4.0] [cxt 0] Extracting header 'ethernet'
[16:06:47.379] [bmv2] [D] [thread 2593] [4.0] [cxt 0] Parser state 'start': key is 86dd
[16:06:47.379] [bmv2] [T] [thread 2593] [4.0] [cxt 0] Bytes parsed: 14
[16:06:47.379] [bmv2] [D] [thread 2593] [4.0] [cxt 0] Parser 'parser': end
[16:06:47.379] [bmv2] [D] [thread 2593] [4.0] [cxt 0] Pipeline 'ingress': start
[16:06:47.379] [bmv2] [T] [thread 2593] [4.0] [cxt 0] /home/p4/git/master_degree_p4_unipampa/FRR/p4src/fast_reroute.p4(88) Condition "hdr.ipv4.isValid()" (node_2) is false
[16:06:47.379] [bmv2] [D] [thread 2593] [4.0] [cxt 0] Pipeline 'ingress': end
[16:06:47.380] [bmv2] [D] [thread 2593] [4.0] [cxt 0] Egress port is 0
[16:06:47.380] [bmv2] [D] [thread 2594] [4.0] [cxt 0] Pipeline 'egress': start
[16:06:47.380] [bmv2] [D] [thread 2594] [4.0] [cxt 0] Pipeline 'egress': end
[16:06:47.380] [bmv2] [D] [thread 2594] [4.0] [cxt 0] Deparser 'deparser': start
[16:06:47.380] [bmv2] [T] [thread 2594] [4.0] [cxt 0] Skipping checksum 'cksum' update because condition not met
[16:06:47.380] [bmv2] [D] [thread 2594] [4.0] [cxt 0] Deparsing header 'ethernet'
[16:06:47.380] [bmv2] [D] [thread 2594] [4.0] [cxt 0] Deparser 'deparser': end
[16:06:47.380] [bmv2] [D] [thread 2598] [4.0] [cxt 0] Transmitting packet of size 90 out of port 0
[16:06:47.412] [bmv2] [D] [thread 2593] [5.0] [cxt 0] Processing packet received on port 2
[16:06:47.412] [bmv2] [D] [thread 2593] [5.0] [cxt 0] Parser 'parser': start
[16:06:47.412] [bmv2] [D] [thread 2593] [5.0] [cxt 0] Parser 'parser' entering state 'start'
[16:06:47.412] [bmv2] [D] [thread 2593] [5.0] [cxt 0] Extracting header 'ethernet'
[16:06:47.412] [bmv2] [D] [thread 2593] [5.0] [cxt 0] Parser state 'start': key is 86dd
[16:06:47.412] [bmv2] [T] [thread 2593] [5.0] [cxt 0] Bytes parsed: 14
[16:06:47.412] [bmv2] [D] [thread 2593] [5.0] [cxt 0] Parser 'parser': end
[16:06:47.412] [bmv2] [D] [thread 2593] [5.0] [cxt 0] Pipeline 'ingress': start
[16:06:47.412] [bmv2] [T] [thread 2593] [5.0] [cxt 0] /home/p4/git/master_degree_p4_unipampa/FRR/p4src/fast_reroute.p4(88) Condition "hdr.ipv4.isValid()" (node_2) is false
[16:06:47.412] [bmv2] [D] [thread 2593] [5.0] [cxt 0] Pipeline 'ingress': end
[16:06:47.412] [bmv2] [D] [thread 2593] [5.0] [cxt 0] Egress port is 0
[16:06:47.412] [bmv2] [D] [thread 2594] [5.0] [cxt 0] Pipeline 'egress': start
[16:06:47.412] [bmv2] [D] [thread 2594] [5.0] [cxt 0] Pipeline 'egress': end
[16:06:47.412] [bmv2] [D] [thread 2594] [5.0] [cxt 0] Deparser 'deparser': start
[16:06:47.412] [bmv2] [T] [thread 2594] [5.0] [cxt 0] Skipping checksum 'cksum' update because condition not met
[16:06:47.412] [bmv2] [D] [thread 2594] [5.0] [cxt 0] Deparsing header 'ethernet'
[16:06:47.412] [bmv2] [D] [thread 2594] [5.0] [cxt 0] Deparser 'deparser': end
[16:06:47.412] [bmv2] [D] [thread 2598] [5.0] [cxt 0] Transmitting packet of size 86 out of port 0
[16:06:47.448] [bmv2] [D] [thread 2593] [6.0] [cxt 0] Processing packet received on port 4
[16:06:47.448] [bmv2] [D] [thread 2593] [6.0] [cxt 0] Parser 'parser': start
[16:06:47.448] [bmv2] [D] [thread 2593] [6.0] [cxt 0] Parser 'parser' entering state 'start'
[16:06:47.448] [bmv2] [D] [thread 2593] [6.0] [cxt 0] Extracting header 'ethernet'
[16:06:47.448] [bmv2] [D] [thread 2593] [6.0] [cxt 0] Parser state 'start': key is 86dd
[16:06:47.448] [bmv2] [T] [thread 2593] [6.0] [cxt 0] Bytes parsed: 14
[16:06:47.448] [bmv2] [D] [thread 2593] [6.0] [cxt 0] Parser 'parser': end
[16:06:47.448] [bmv2] [D] [thread 2593] [6.0] [cxt 0] Pipeline 'ingress': start
[16:06:47.448] [bmv2] [T] [thread 2593] [6.0] [cxt 0] /home/p4/git/master_degree_p4_unipampa/FRR/p4src/fast_reroute.p4(88) Condition "hdr.ipv4.isValid()" (node_2) is false
[16:06:47.448] [bmv2] [D] [thread 2593] [6.0] [cxt 0] Pipeline 'ingress': end
[16:06:47.448] [bmv2] [D] [thread 2593] [6.0] [cxt 0] Egress port is 0
[16:06:47.448] [bmv2] [D] [thread 2593] [7.0] [cxt 0] Processing packet received on port 3
[16:06:47.448] [bmv2] [D] [thread 2593] [7.0] [cxt 0] Parser 'parser': start
[16:06:47.448] [bmv2] [D] [thread 2593] [7.0] [cxt 0] Parser 'parser' entering state 'start'
[16:06:47.448] [bmv2] [D] [thread 2593] [7.0] [cxt 0] Extracting header 'ethernet'
[16:06:47.448] [bmv2] [D] [thread 2593] [7.0] [cxt 0] Parser state 'start': key is 86dd
[16:06:47.448] [bmv2] [T] [thread 2593] [7.0] [cxt 0] Bytes parsed: 14
[16:06:47.448] [bmv2] [D] [thread 2593] [7.0] [cxt 0] Parser 'parser': end
[16:06:47.448] [bmv2] [D] [thread 2593] [7.0] [cxt 0] Pipeline 'ingress': start
[16:06:47.448] [bmv2] [T] [thread 2593] [7.0] [cxt 0] /home/p4/git/master_degree_p4_unipampa/FRR/p4src/fast_reroute.p4(88) Condition "hdr.ipv4.isValid()" (node_2) is false
[16:06:47.448] [bmv2] [D] [thread 2593] [7.0] [cxt 0] Pipeline 'ingress': end
[16:06:47.448] [bmv2] [D] [thread 2593] [7.0] [cxt 0] Egress port is 0
[16:06:47.448] [bmv2] [D] [thread 2593] [8.0] [cxt 0] Processing packet received on port 4
[16:06:47.448] [bmv2] [D] [thread 2593] [8.0] [cxt 0] Parser 'parser': start
[16:06:47.448] [bmv2] [D] [thread 2593] [8.0] [cxt 0] Parser 'parser' entering state 'start'
[16:06:47.448] [bmv2] [D] [thread 2593] [8.0] [cxt 0] Extracting header 'ethernet'
[16:06:47.448] [bmv2] [D] [thread 2593] [8.0] [cxt 0] Parser state 'start': key is 86dd
[16:06:47.448] [bmv2] [T] [thread 2593] [8.0] [cxt 0] Bytes parsed: 14
[16:06:47.448] [bmv2] [D] [thread 2593] [8.0] [cxt 0] Parser 'parser': end
[16:06:47.448] [bmv2] [D] [thread 2593] [8.0] [cxt 0] Pipeline 'ingress': start
[16:06:47.448] [bmv2] [T] [thread 2593] [8.0] [cxt 0] /home/p4/git/master_degree_p4_unipampa/FRR/p4src/fast_reroute.p4(88) Condition "hdr.ipv4.isValid()" (node_2) is false
[16:06:47.448] [bmv2] [D] [thread 2593] [8.0] [cxt 0] Pipeline 'ingress': end
[16:06:47.448] [bmv2] [D] [thread 2593] [8.0] [cxt 0] Egress port is 0
[16:06:47.448] [bmv2] [D] [thread 2594] [6.0] [cxt 0] Pipeline 'egress': start
[16:06:47.448] [bmv2] [D] [thread 2594] [6.0] [cxt 0] Pipeline 'egress': end
[16:06:47.448] [bmv2] [D] [thread 2594] [6.0] [cxt 0] Deparser 'deparser': start
[16:06:47.448] [bmv2] [T] [thread 2594] [6.0] [cxt 0] Skipping checksum 'cksum' update because condition not met
[16:06:47.448] [bmv2] [D] [thread 2594] [6.0] [cxt 0] Deparsing header 'ethernet'
[16:06:47.448] [bmv2] [D] [thread 2594] [6.0] [cxt 0] Deparser 'deparser': end
[16:06:47.448] [bmv2] [D] [thread 2594] [7.0] [cxt 0] Pipeline 'egress': start
[16:06:47.448] [bmv2] [D] [thread 2594] [7.0] [cxt 0] Pipeline 'egress': end
[16:06:47.448] [bmv2] [D] [thread 2594] [7.0] [cxt 0] Deparser 'deparser': start
[16:06:47.448] [bmv2] [D] [thread 2598] [6.0] [cxt 0] Transmitting packet of size 86 out of port 0
[16:06:47.448] [bmv2] [T] [thread 2594] [7.0] [cxt 0] Skipping checksum 'cksum' update because condition not met
[16:06:47.448] [bmv2] [D] [thread 2594] [7.0] [cxt 0] Deparsing header 'ethernet'
[16:06:47.448] [bmv2] [D] [thread 2594] [7.0] [cxt 0] Deparser 'deparser': end
[16:06:47.448] [bmv2] [D] [thread 2594] [8.0] [cxt 0] Pipeline 'egress': start
[16:06:47.448] [bmv2] [D] [thread 2598] [7.0] [cxt 0] Transmitting packet of size 86 out of port 0
[16:06:47.448] [bmv2] [D] [thread 2594] [8.0] [cxt 0] Pipeline 'egress': end
[16:06:47.448] [bmv2] [D] [thread 2594] [8.0] [cxt 0] Deparser 'deparser': start
[16:06:47.448] [bmv2] [T] [thread 2594] [8.0] [cxt 0] Skipping checksum 'cksum' update because condition not met
[16:06:47.448] [bmv2] [D] [thread 2594] [8.0] [cxt 0] Deparsing header 'ethernet'
[16:06:47.448] [bmv2] [D] [thread 2594] [8.0] [cxt 0] Deparser 'deparser': end
[16:06:47.448] [bmv2] [D] [thread 2598] [8.0] [cxt 0] Transmitting packet of size 86 out of port 0
[16:06:47.508] [bmv2] [D] [thread 2593] [9.0] [cxt 0] Processing packet received on port 2
[16:06:47.508] [bmv2] [D] [thread 2593] [9.0] [cxt 0] Parser 'parser': start
[16:06:47.508] [bmv2] [D] [thread 2593] [9.0] [cxt 0] Parser 'parser' entering state 'start'
[16:06:47.508] [bmv2] [D] [thread 2593] [9.0] [cxt 0] Extracting header 'ethernet'
[16:06:47.508] [bmv2] [D] [thread 2593] [9.0] [cxt 0] Parser state 'start': key is 86dd
[16:06:47.508] [bmv2] [T] [thread 2593] [9.0] [cxt 0] Bytes parsed: 14
[16:06:47.508] [bmv2] [D] [thread 2593] [9.0] [cxt 0] Parser 'parser': end
[16:06:47.508] [bmv2] [D] [thread 2593] [9.0] [cxt 0] Pipeline 'ingress': start
[16:06:47.508] [bmv2] [T] [thread 2593] [9.0] [cxt 0] /home/p4/git/master_degree_p4_unipampa/FRR/p4src/fast_reroute.p4(88) Condition "hdr.ipv4.isValid()" (node_2) is false
[16:06:47.508] [bmv2] [D] [thread 2593] [9.0] [cxt 0] Pipeline 'ingress': end
[16:06:47.508] [bmv2] [D] [thread 2593] [9.0] [cxt 0] Egress port is 0
[16:06:47.508] [bmv2] [D] [thread 2594] [9.0] [cxt 0] Pipeline 'egress': start
[16:06:47.508] [bmv2] [D] [thread 2594] [9.0] [cxt 0] Pipeline 'egress': end
[16:06:47.508] [bmv2] [D] [thread 2594] [9.0] [cxt 0] Deparser 'deparser': start
[16:06:47.508] [bmv2] [T] [thread 2594] [9.0] [cxt 0] Skipping checksum 'cksum' update because condition not met
[16:06:47.508] [bmv2] [D] [thread 2594] [9.0] [cxt 0] Deparsing header 'ethernet'
[16:06:47.508] [bmv2] [D] [thread 2594] [9.0] [cxt 0] Deparser 'deparser': end
[16:06:47.508] [bmv2] [D] [thread 2598] [9.0] [cxt 0] Transmitting packet of size 86 out of port 0
[16:06:47.543] [bmv2] [D] [thread 2593] [10.0] [cxt 0] Processing packet received on port 4
[16:06:47.543] [bmv2] [D] [thread 2593] [10.0] [cxt 0] Parser 'parser': start
[16:06:47.543] [bmv2] [D] [thread 2593] [10.0] [cxt 0] Parser 'parser' entering state 'start'
[16:06:47.543] [bmv2] [D] [thread 2593] [10.0] [cxt 0] Extracting header 'ethernet'
[16:06:47.543] [bmv2] [D] [thread 2593] [10.0] [cxt 0] Parser state 'start': key is 86dd
[16:06:47.543] [bmv2] [T] [thread 2593] [10.0] [cxt 0] Bytes parsed: 14
[16:06:47.543] [bmv2] [D] [thread 2593] [10.0] [cxt 0] Parser 'parser': end
[16:06:47.543] [bmv2] [D] [thread 2593] [10.0] [cxt 0] Pipeline 'ingress': start
[16:06:47.543] [bmv2] [T] [thread 2593] [10.0] [cxt 0] /home/p4/git/master_degree_p4_unipampa/FRR/p4src/fast_reroute.p4(88) Condition "hdr.ipv4.isValid()" (node_2) is false
[16:06:47.543] [bmv2] [D] [thread 2593] [10.0] [cxt 0] Pipeline 'ingress': end
[16:06:47.543] [bmv2] [D] [thread 2593] [10.0] [cxt 0] Egress port is 0
[16:06:47.543] [bmv2] [D] [thread 2594] [10.0] [cxt 0] Pipeline 'egress': start
[16:06:47.543] [bmv2] [D] [thread 2594] [10.0] [cxt 0] Pipeline 'egress': end
[16:06:47.543] [bmv2] [D] [thread 2594] [10.0] [cxt 0] Deparser 'deparser': start
[16:06:47.543] [bmv2] [T] [thread 2594] [10.0] [cxt 0] Skipping checksum 'cksum' update because condition not met
[16:06:47.544] [bmv2] [D] [thread 2594] [10.0] [cxt 0] Deparsing header 'ethernet'
[16:06:47.544] [bmv2] [D] [thread 2594] [10.0] [cxt 0] Deparser 'deparser': end
[16:06:47.544] [bmv2] [D] [thread 2598] [10.0] [cxt 0] Transmitting packet of size 90 out of port 0
