Warning: you requested the nanomsg event logger, but bmv2 was compiled without -DBMELOG, and the event logger cannot be activated
Calling target program-options parser
[20:28:35.514] [bmv2] [D] [thread 11092] Set default default entry for table 'MyIngress.ipv4_lpm': MyIngress.drop - 
[20:28:35.514] [bmv2] [D] [thread 11092] Set default default entry for table 'tbl_read_alternativePort': MyIngress.read_alternativePort - 
[20:28:35.514] [bmv2] [D] [thread 11092] Set default default entry for table 'tbl_fast_reroute97': fast_reroute97 - 
[20:28:35.514] [bmv2] [D] [thread 11092] Set default default entry for table 'MyIngress.rewrite_mac': MyIngress.drop - 
Adding interface s3-eth1 as port 1
[20:28:35.525] [bmv2] [D] [thread 11092] Adding interface s3-eth1 as port 1
Adding interface s3-eth2 as port 2
[20:28:35.561] [bmv2] [D] [thread 11092] Adding interface s3-eth2 as port 2
[20:28:35.597] [bmv2] [I] [thread 11092] Starting Thrift server on port 9092
[20:28:35.597] [bmv2] [I] [thread 11092] Thrift server was started
[20:28:35.598] [bmv2] [D] [thread 11143] [0.0] [cxt 0] Processing packet received on port 1
[20:28:35.598] [bmv2] [D] [thread 11143] [0.0] [cxt 0] Parser 'parser': start
[20:28:35.598] [bmv2] [D] [thread 11143] [0.0] [cxt 0] Parser 'parser' entering state 'start'
[20:28:35.598] [bmv2] [D] [thread 11143] [0.0] [cxt 0] Extracting header 'ethernet'
[20:28:35.598] [bmv2] [D] [thread 11143] [0.0] [cxt 0] Parser state 'start': key is 86dd
[20:28:35.598] [bmv2] [T] [thread 11143] [0.0] [cxt 0] Bytes parsed: 14
[20:28:35.598] [bmv2] [D] [thread 11143] [0.0] [cxt 0] Parser 'parser': end
[20:28:35.598] [bmv2] [D] [thread 11143] [0.0] [cxt 0] Pipeline 'ingress': start
[20:28:35.598] [bmv2] [T] [thread 11143] [0.0] [cxt 0] /home/p4/git/master_degree_p4_unipampa/FRR_old/p4src/fast_reroute.p4(88) Condition "hdr.ipv4.isValid()" (node_2) is false
[20:28:35.598] [bmv2] [D] [thread 11143] [0.0] [cxt 0] Pipeline 'ingress': end
[20:28:35.598] [bmv2] [D] [thread 11143] [0.0] [cxt 0] Egress port is 0
[20:28:35.598] [bmv2] [D] [thread 11143] [1.0] [cxt 0] Processing packet received on port 1
[20:28:35.598] [bmv2] [D] [thread 11143] [1.0] [cxt 0] Parser 'parser': start
[20:28:35.598] [bmv2] [D] [thread 11143] [1.0] [cxt 0] Parser 'parser' entering state 'start'
[20:28:35.598] [bmv2] [D] [thread 11143] [1.0] [cxt 0] Extracting header 'ethernet'
[20:28:35.598] [bmv2] [D] [thread 11143] [1.0] [cxt 0] Parser state 'start': key is 86dd
[20:28:35.598] [bmv2] [T] [thread 11143] [1.0] [cxt 0] Bytes parsed: 14
[20:28:35.598] [bmv2] [D] [thread 11143] [1.0] [cxt 0] Parser 'parser': end
[20:28:35.598] [bmv2] [D] [thread 11143] [1.0] [cxt 0] Pipeline 'ingress': start
[20:28:35.598] [bmv2] [T] [thread 11143] [1.0] [cxt 0] /home/p4/git/master_degree_p4_unipampa/FRR_old/p4src/fast_reroute.p4(88) Condition "hdr.ipv4.isValid()" (node_2) is false
[20:28:35.598] [bmv2] [D] [thread 11143] [1.0] [cxt 0] Pipeline 'ingress': end
[20:28:35.598] [bmv2] [D] [thread 11143] [1.0] [cxt 0] Egress port is 0
[20:28:35.598] [bmv2] [D] [thread 11144] [0.0] [cxt 0] Pipeline 'egress': start
[20:28:35.598] [bmv2] [D] [thread 11144] [0.0] [cxt 0] Pipeline 'egress': end
[20:28:35.598] [bmv2] [D] [thread 11144] [0.0] [cxt 0] Deparser 'deparser': start
[20:28:35.598] [bmv2] [T] [thread 11144] [0.0] [cxt 0] Skipping checksum 'cksum' update because condition not met
[20:28:35.598] [bmv2] [D] [thread 11144] [0.0] [cxt 0] Deparsing header 'ethernet'
[20:28:35.598] [bmv2] [D] [thread 11144] [0.0] [cxt 0] Deparser 'deparser': end
[20:28:35.598] [bmv2] [D] [thread 11144] [1.0] [cxt 0] Pipeline 'egress': start
[20:28:35.598] [bmv2] [D] [thread 11144] [1.0] [cxt 0] Pipeline 'egress': end
[20:28:35.598] [bmv2] [D] [thread 11144] [1.0] [cxt 0] Deparser 'deparser': start
[20:28:35.598] [bmv2] [T] [thread 11144] [1.0] [cxt 0] Skipping checksum 'cksum' update because condition not met
[20:28:35.598] [bmv2] [D] [thread 11144] [1.0] [cxt 0] Deparsing header 'ethernet'
[20:28:35.598] [bmv2] [D] [thread 11144] [1.0] [cxt 0] Deparser 'deparser': end
[20:28:35.598] [bmv2] [D] [thread 11148] [0.0] [cxt 0] Transmitting packet of size 86 out of port 0
[20:28:35.598] [bmv2] [D] [thread 11148] [1.0] [cxt 0] Transmitting packet of size 86 out of port 0
[20:28:35.725] [bmv2] [D] [thread 11143] [2.0] [cxt 0] Processing packet received on port 2
[20:28:35.725] [bmv2] [D] [thread 11143] [2.0] [cxt 0] Parser 'parser': start
[20:28:35.725] [bmv2] [D] [thread 11143] [2.0] [cxt 0] Parser 'parser' entering state 'start'
[20:28:35.725] [bmv2] [D] [thread 11143] [2.0] [cxt 0] Extracting header 'ethernet'
[20:28:35.725] [bmv2] [D] [thread 11143] [2.0] [cxt 0] Parser state 'start': key is 86dd
[20:28:35.725] [bmv2] [T] [thread 11143] [2.0] [cxt 0] Bytes parsed: 14
[20:28:35.725] [bmv2] [D] [thread 11143] [2.0] [cxt 0] Parser 'parser': end
[20:28:35.725] [bmv2] [D] [thread 11143] [2.0] [cxt 0] Pipeline 'ingress': start
[20:28:35.725] [bmv2] [T] [thread 11143] [2.0] [cxt 0] /home/p4/git/master_degree_p4_unipampa/FRR_old/p4src/fast_reroute.p4(88) Condition "hdr.ipv4.isValid()" (node_2) is false
[20:28:35.725] [bmv2] [D] [thread 11143] [2.0] [cxt 0] Pipeline 'ingress': end
[20:28:35.725] [bmv2] [D] [thread 11143] [2.0] [cxt 0] Egress port is 0
[20:28:35.726] [bmv2] [D] [thread 11144] [2.0] [cxt 0] Pipeline 'egress': start
[20:28:35.726] [bmv2] [D] [thread 11144] [2.0] [cxt 0] Pipeline 'egress': end
[20:28:35.726] [bmv2] [D] [thread 11144] [2.0] [cxt 0] Deparser 'deparser': start
[20:28:35.726] [bmv2] [T] [thread 11144] [2.0] [cxt 0] Skipping checksum 'cksum' update because condition not met
[20:28:35.726] [bmv2] [D] [thread 11144] [2.0] [cxt 0] Deparsing header 'ethernet'
[20:28:35.726] [bmv2] [D] [thread 11144] [2.0] [cxt 0] Deparser 'deparser': end
[20:28:35.726] [bmv2] [D] [thread 11148] [2.0] [cxt 0] Transmitting packet of size 90 out of port 0
[20:28:36.046] [bmv2] [D] [thread 11143] [3.0] [cxt 0] Processing packet received on port 2
[20:28:36.046] [bmv2] [D] [thread 11143] [3.0] [cxt 0] Parser 'parser': start
[20:28:36.046] [bmv2] [D] [thread 11143] [3.0] [cxt 0] Parser 'parser' entering state 'start'
[20:28:36.046] [bmv2] [D] [thread 11143] [3.0] [cxt 0] Extracting header 'ethernet'
[20:28:36.046] [bmv2] [D] [thread 11143] [3.0] [cxt 0] Parser state 'start': key is 86dd
[20:28:36.046] [bmv2] [T] [thread 11143] [3.0] [cxt 0] Bytes parsed: 14
[20:28:36.046] [bmv2] [D] [thread 11143] [3.0] [cxt 0] Parser 'parser': end
[20:28:36.046] [bmv2] [D] [thread 11143] [3.0] [cxt 0] Pipeline 'ingress': start
[20:28:36.046] [bmv2] [T] [thread 11143] [3.0] [cxt 0] /home/p4/git/master_degree_p4_unipampa/FRR_old/p4src/fast_reroute.p4(88) Condition "hdr.ipv4.isValid()" (node_2) is false
[20:28:36.046] [bmv2] [D] [thread 11143] [3.0] [cxt 0] Pipeline 'ingress': end
[20:28:36.046] [bmv2] [D] [thread 11143] [3.0] [cxt 0] Egress port is 0
[20:28:36.046] [bmv2] [D] [thread 11143] [4.0] [cxt 0] Processing packet received on port 2
[20:28:36.046] [bmv2] [D] [thread 11143] [4.0] [cxt 0] Parser 'parser': start
[20:28:36.046] [bmv2] [D] [thread 11143] [4.0] [cxt 0] Parser 'parser' entering state 'start'
[20:28:36.046] [bmv2] [D] [thread 11143] [4.0] [cxt 0] Extracting header 'ethernet'
[20:28:36.047] [bmv2] [D] [thread 11143] [4.0] [cxt 0] Parser state 'start': key is 86dd
[20:28:36.047] [bmv2] [T] [thread 11143] [4.0] [cxt 0] Bytes parsed: 14
[20:28:36.047] [bmv2] [D] [thread 11143] [4.0] [cxt 0] Parser 'parser': end
[20:28:36.047] [bmv2] [D] [thread 11143] [4.0] [cxt 0] Pipeline 'ingress': start
[20:28:36.047] [bmv2] [T] [thread 11143] [4.0] [cxt 0] /home/p4/git/master_degree_p4_unipampa/FRR_old/p4src/fast_reroute.p4(88) Condition "hdr.ipv4.isValid()" (node_2) is false
[20:28:36.047] [bmv2] [D] [thread 11143] [4.0] [cxt 0] Pipeline 'ingress': end
[20:28:36.047] [bmv2] [D] [thread 11143] [4.0] [cxt 0] Egress port is 0
[20:28:36.047] [bmv2] [D] [thread 11144] [3.0] [cxt 0] Pipeline 'egress': start
[20:28:36.047] [bmv2] [D] [thread 11144] [3.0] [cxt 0] Pipeline 'egress': end
[20:28:36.047] [bmv2] [D] [thread 11144] [3.0] [cxt 0] Deparser 'deparser': start
[20:28:36.047] [bmv2] [T] [thread 11144] [3.0] [cxt 0] Skipping checksum 'cksum' update because condition not met
[20:28:36.047] [bmv2] [D] [thread 11144] [3.0] [cxt 0] Deparsing header 'ethernet'
[20:28:36.047] [bmv2] [D] [thread 11144] [3.0] [cxt 0] Deparser 'deparser': end
[20:28:36.047] [bmv2] [D] [thread 11144] [4.0] [cxt 0] Pipeline 'egress': start
[20:28:36.047] [bmv2] [D] [thread 11148] [3.0] [cxt 0] Transmitting packet of size 86 out of port 0
[20:28:36.047] [bmv2] [D] [thread 11144] [4.0] [cxt 0] Pipeline 'egress': end
[20:28:36.047] [bmv2] [D] [thread 11144] [4.0] [cxt 0] Deparser 'deparser': start
[20:28:36.047] [bmv2] [T] [thread 11144] [4.0] [cxt 0] Skipping checksum 'cksum' update because condition not met
[20:28:36.047] [bmv2] [D] [thread 11144] [4.0] [cxt 0] Deparsing header 'ethernet'
[20:28:36.047] [bmv2] [D] [thread 11144] [4.0] [cxt 0] Deparser 'deparser': end
[20:28:36.047] [bmv2] [D] [thread 11148] [4.0] [cxt 0] Transmitting packet of size 90 out of port 0
[20:28:36.079] [bmv2] [D] [thread 11143] [5.0] [cxt 0] Processing packet received on port 2
[20:28:36.079] [bmv2] [D] [thread 11143] [5.0] [cxt 0] Parser 'parser': start
[20:28:36.079] [bmv2] [D] [thread 11143] [5.0] [cxt 0] Parser 'parser' entering state 'start'
[20:28:36.079] [bmv2] [D] [thread 11143] [5.0] [cxt 0] Extracting header 'ethernet'
[20:28:36.079] [bmv2] [D] [thread 11143] [5.0] [cxt 0] Parser state 'start': key is 86dd
[20:28:36.079] [bmv2] [T] [thread 11143] [5.0] [cxt 0] Bytes parsed: 14
[20:28:36.079] [bmv2] [D] [thread 11143] [5.0] [cxt 0] Parser 'parser': end
[20:28:36.079] [bmv2] [D] [thread 11143] [5.0] [cxt 0] Pipeline 'ingress': start
[20:28:36.079] [bmv2] [T] [thread 11143] [5.0] [cxt 0] /home/p4/git/master_degree_p4_unipampa/FRR_old/p4src/fast_reroute.p4(88) Condition "hdr.ipv4.isValid()" (node_2) is false
[20:28:36.079] [bmv2] [D] [thread 11143] [5.0] [cxt 0] Pipeline 'ingress': end
[20:28:36.079] [bmv2] [D] [thread 11143] [5.0] [cxt 0] Egress port is 0
[20:28:36.079] [bmv2] [D] [thread 11144] [5.0] [cxt 0] Pipeline 'egress': start
[20:28:36.079] [bmv2] [D] [thread 11144] [5.0] [cxt 0] Pipeline 'egress': end
[20:28:36.079] [bmv2] [D] [thread 11144] [5.0] [cxt 0] Deparser 'deparser': start
[20:28:36.079] [bmv2] [T] [thread 11144] [5.0] [cxt 0] Skipping checksum 'cksum' update because condition not met
[20:28:36.079] [bmv2] [D] [thread 11144] [5.0] [cxt 0] Deparsing header 'ethernet'
[20:28:36.079] [bmv2] [D] [thread 11144] [5.0] [cxt 0] Deparser 'deparser': end
[20:28:36.079] [bmv2] [D] [thread 11148] [5.0] [cxt 0] Transmitting packet of size 86 out of port 0
open: No such file or directory
open: No such file or directory
