Warning: you requested the nanomsg event logger, but bmv2 was compiled without -DBMELOG, and the event logger cannot be activated
Calling target program-options parser
[20:28:35.742] [bmv2] [D] [thread 11170] Set default default entry for table 'MyIngress.ipv4_lpm': MyIngress.drop - 
[20:28:35.742] [bmv2] [D] [thread 11170] Set default default entry for table 'tbl_read_alternativePort': MyIngress.read_alternativePort - 
[20:28:35.742] [bmv2] [D] [thread 11170] Set default default entry for table 'tbl_fast_reroute97': fast_reroute97 - 
[20:28:35.742] [bmv2] [D] [thread 11170] Set default default entry for table 'MyIngress.rewrite_mac': MyIngress.drop - 
Adding interface s5-eth1 as port 1
[20:28:35.743] [bmv2] [D] [thread 11170] Adding interface s5-eth1 as port 1
Adding interface s5-eth2 as port 2
[20:28:35.777] [bmv2] [D] [thread 11170] Adding interface s5-eth2 as port 2
Adding interface s5-eth3 as port 3
[20:28:35.801] [bmv2] [D] [thread 11170] Adding interface s5-eth3 as port 3
[20:28:35.829] [bmv2] [I] [thread 11170] Starting Thrift server on port 9094
[20:28:35.829] [bmv2] [I] [thread 11170] Thrift server was started
[20:28:35.830] [bmv2] [D] [thread 11176] [0.0] [cxt 0] Processing packet received on port 1
[20:28:35.830] [bmv2] [D] [thread 11176] [0.0] [cxt 0] Parser 'parser': start
[20:28:35.830] [bmv2] [D] [thread 11176] [0.0] [cxt 0] Parser 'parser' entering state 'start'
[20:28:35.830] [bmv2] [D] [thread 11176] [0.0] [cxt 0] Extracting header 'ethernet'
[20:28:35.830] [bmv2] [D] [thread 11176] [0.0] [cxt 0] Parser state 'start': key is 86dd
[20:28:35.831] [bmv2] [T] [thread 11176] [0.0] [cxt 0] Bytes parsed: 14
[20:28:35.831] [bmv2] [D] [thread 11176] [0.0] [cxt 0] Parser 'parser': end
[20:28:35.831] [bmv2] [D] [thread 11176] [0.0] [cxt 0] Pipeline 'ingress': start
[20:28:35.831] [bmv2] [T] [thread 11176] [0.0] [cxt 0] /home/p4/git/master_degree_p4_unipampa/FRR_old/p4src/fast_reroute.p4(88) Condition "hdr.ipv4.isValid()" (node_2) is false
[20:28:35.831] [bmv2] [D] [thread 11176] [0.0] [cxt 0] Pipeline 'ingress': end
[20:28:35.831] [bmv2] [D] [thread 11176] [0.0] [cxt 0] Egress port is 0
[20:28:35.831] [bmv2] [D] [thread 11177] [0.0] [cxt 0] Pipeline 'egress': start
[20:28:35.831] [bmv2] [D] [thread 11177] [0.0] [cxt 0] Pipeline 'egress': end
[20:28:35.831] [bmv2] [D] [thread 11177] [0.0] [cxt 0] Deparser 'deparser': start
[20:28:35.831] [bmv2] [T] [thread 11177] [0.0] [cxt 0] Skipping checksum 'cksum' update because condition not met
[20:28:35.831] [bmv2] [D] [thread 11177] [0.0] [cxt 0] Deparsing header 'ethernet'
[20:28:35.831] [bmv2] [D] [thread 11177] [0.0] [cxt 0] Deparser 'deparser': end
[20:28:35.831] [bmv2] [D] [thread 11181] [0.0] [cxt 0] Transmitting packet of size 90 out of port 0
[20:28:35.981] [bmv2] [D] [thread 11176] [1.0] [cxt 0] Processing packet received on port 3
[20:28:35.981] [bmv2] [D] [thread 11176] [1.0] [cxt 0] Parser 'parser': start
[20:28:35.981] [bmv2] [D] [thread 11176] [1.0] [cxt 0] Parser 'parser' entering state 'start'
[20:28:35.981] [bmv2] [D] [thread 11176] [1.0] [cxt 0] Extracting header 'ethernet'
[20:28:35.981] [bmv2] [D] [thread 11176] [1.0] [cxt 0] Parser state 'start': key is 86dd
[20:28:35.981] [bmv2] [T] [thread 11176] [1.0] [cxt 0] Bytes parsed: 14
[20:28:35.981] [bmv2] [D] [thread 11176] [1.0] [cxt 0] Parser 'parser': end
[20:28:35.981] [bmv2] [D] [thread 11176] [1.0] [cxt 0] Pipeline 'ingress': start
[20:28:35.981] [bmv2] [T] [thread 11176] [1.0] [cxt 0] /home/p4/git/master_degree_p4_unipampa/FRR_old/p4src/fast_reroute.p4(88) Condition "hdr.ipv4.isValid()" (node_2) is false
[20:28:35.981] [bmv2] [D] [thread 11176] [1.0] [cxt 0] Pipeline 'ingress': end
[20:28:35.981] [bmv2] [D] [thread 11176] [1.0] [cxt 0] Egress port is 0
[20:28:35.982] [bmv2] [D] [thread 11177] [1.0] [cxt 0] Pipeline 'egress': start
[20:28:35.982] [bmv2] [D] [thread 11177] [1.0] [cxt 0] Pipeline 'egress': end
[20:28:35.982] [bmv2] [D] [thread 11177] [1.0] [cxt 0] Deparser 'deparser': start
[20:28:35.982] [bmv2] [T] [thread 11177] [1.0] [cxt 0] Skipping checksum 'cksum' update because condition not met
[20:28:35.982] [bmv2] [D] [thread 11177] [1.0] [cxt 0] Deparsing header 'ethernet'
[20:28:35.982] [bmv2] [D] [thread 11177] [1.0] [cxt 0] Deparser 'deparser': end
[20:28:35.982] [bmv2] [D] [thread 11181] [1.0] [cxt 0] Transmitting packet of size 90 out of port 0
[20:28:36.013] [bmv2] [D] [thread 11176] [2.0] [cxt 0] Processing packet received on port 3
[20:28:36.013] [bmv2] [D] [thread 11176] [2.0] [cxt 0] Parser 'parser': start
[20:28:36.013] [bmv2] [D] [thread 11176] [2.0] [cxt 0] Parser 'parser' entering state 'start'
[20:28:36.013] [bmv2] [D] [thread 11176] [2.0] [cxt 0] Extracting header 'ethernet'
[20:28:36.013] [bmv2] [D] [thread 11176] [2.0] [cxt 0] Parser state 'start': key is 86dd
[20:28:36.013] [bmv2] [T] [thread 11176] [2.0] [cxt 0] Bytes parsed: 14
[20:28:36.013] [bmv2] [D] [thread 11176] [2.0] [cxt 0] Parser 'parser': end
[20:28:36.013] [bmv2] [D] [thread 11176] [2.0] [cxt 0] Pipeline 'ingress': start
[20:28:36.014] [bmv2] [T] [thread 11176] [2.0] [cxt 0] /home/p4/git/master_degree_p4_unipampa/FRR_old/p4src/fast_reroute.p4(88) Condition "hdr.ipv4.isValid()" (node_2) is false
[20:28:36.014] [bmv2] [D] [thread 11176] [2.0] [cxt 0] Pipeline 'ingress': end
[20:28:36.014] [bmv2] [D] [thread 11176] [2.0] [cxt 0] Egress port is 0
[20:28:36.014] [bmv2] [D] [thread 11177] [2.0] [cxt 0] Pipeline 'egress': start
[20:28:36.014] [bmv2] [D] [thread 11177] [2.0] [cxt 0] Pipeline 'egress': end
[20:28:36.014] [bmv2] [D] [thread 11177] [2.0] [cxt 0] Deparser 'deparser': start
[20:28:36.014] [bmv2] [T] [thread 11177] [2.0] [cxt 0] Skipping checksum 'cksum' update because condition not met
[20:28:36.014] [bmv2] [D] [thread 11177] [2.0] [cxt 0] Deparsing header 'ethernet'
[20:28:36.014] [bmv2] [D] [thread 11177] [2.0] [cxt 0] Deparser 'deparser': end
[20:28:36.014] [bmv2] [D] [thread 11181] [2.0] [cxt 0] Transmitting packet of size 86 out of port 0
[20:28:36.141] [bmv2] [D] [thread 11176] [3.0] [cxt 0] Processing packet received on port 1
[20:28:36.141] [bmv2] [D] [thread 11176] [3.0] [cxt 0] Parser 'parser': start
[20:28:36.141] [bmv2] [D] [thread 11176] [3.0] [cxt 0] Parser 'parser' entering state 'start'
[20:28:36.141] [bmv2] [D] [thread 11176] [3.0] [cxt 0] Extracting header 'ethernet'
[20:28:36.141] [bmv2] [D] [thread 11176] [3.0] [cxt 0] Parser state 'start': key is 86dd
[20:28:36.141] [bmv2] [T] [thread 11176] [3.0] [cxt 0] Bytes parsed: 14
[20:28:36.141] [bmv2] [D] [thread 11176] [3.0] [cxt 0] Parser 'parser': end
[20:28:36.141] [bmv2] [D] [thread 11176] [3.0] [cxt 0] Pipeline 'ingress': start
[20:28:36.142] [bmv2] [T] [thread 11176] [3.0] [cxt 0] /home/p4/git/master_degree_p4_unipampa/FRR_old/p4src/fast_reroute.p4(88) Condition "hdr.ipv4.isValid()" (node_2) is false
[20:28:36.142] [bmv2] [D] [thread 11176] [3.0] [cxt 0] Pipeline 'ingress': end
[20:28:36.142] [bmv2] [D] [thread 11176] [3.0] [cxt 0] Egress port is 0
[20:28:36.142] [bmv2] [D] [thread 11177] [3.0] [cxt 0] Pipeline 'egress': start
[20:28:36.142] [bmv2] [D] [thread 11177] [3.0] [cxt 0] Pipeline 'egress': end
[20:28:36.142] [bmv2] [D] [thread 11177] [3.0] [cxt 0] Deparser 'deparser': start
[20:28:36.142] [bmv2] [T] [thread 11177] [3.0] [cxt 0] Skipping checksum 'cksum' update because condition not met
[20:28:36.142] [bmv2] [D] [thread 11177] [3.0] [cxt 0] Deparsing header 'ethernet'
[20:28:36.142] [bmv2] [D] [thread 11177] [3.0] [cxt 0] Deparser 'deparser': end
[20:28:36.142] [bmv2] [D] [thread 11181] [3.0] [cxt 0] Transmitting packet of size 90 out of port 0
[20:28:36.205] [bmv2] [D] [thread 11176] [4.0] [cxt 0] Processing packet received on port 2
[20:28:36.205] [bmv2] [D] [thread 11176] [4.0] [cxt 0] Parser 'parser': start
[20:28:36.205] [bmv2] [D] [thread 11176] [4.0] [cxt 0] Parser 'parser' entering state 'start'
[20:28:36.205] [bmv2] [D] [thread 11176] [4.0] [cxt 0] Extracting header 'ethernet'
[20:28:36.205] [bmv2] [D] [thread 11176] [4.0] [cxt 0] Parser state 'start': key is 86dd
[20:28:36.205] [bmv2] [T] [thread 11176] [4.0] [cxt 0] Bytes parsed: 14
[20:28:36.205] [bmv2] [D] [thread 11176] [4.0] [cxt 0] Parser 'parser': end
[20:28:36.205] [bmv2] [D] [thread 11176] [4.0] [cxt 0] Pipeline 'ingress': start
[20:28:36.206] [bmv2] [T] [thread 11176] [4.0] [cxt 0] /home/p4/git/master_degree_p4_unipampa/FRR_old/p4src/fast_reroute.p4(88) Condition "hdr.ipv4.isValid()" (node_2) is false
[20:28:36.206] [bmv2] [D] [thread 11176] [4.0] [cxt 0] Pipeline 'ingress': end
[20:28:36.206] [bmv2] [D] [thread 11176] [4.0] [cxt 0] Egress port is 0
[20:28:36.206] [bmv2] [D] [thread 11177] [4.0] [cxt 0] Pipeline 'egress': start
[20:28:36.206] [bmv2] [D] [thread 11177] [4.0] [cxt 0] Pipeline 'egress': end
[20:28:36.206] [bmv2] [D] [thread 11177] [4.0] [cxt 0] Deparser 'deparser': start
[20:28:36.206] [bmv2] [T] [thread 11177] [4.0] [cxt 0] Skipping checksum 'cksum' update because condition not met
[20:28:36.206] [bmv2] [D] [thread 11177] [4.0] [cxt 0] Deparsing header 'ethernet'
[20:28:36.206] [bmv2] [D] [thread 11177] [4.0] [cxt 0] Deparser 'deparser': end
[20:28:36.206] [bmv2] [D] [thread 11181] [4.0] [cxt 0] Transmitting packet of size 86 out of port 0
