Warning: you requested the nanomsg event logger, but bmv2 was compiled without -DBMELOG, and the event logger cannot be activated
Calling target program-options parser
[14:15:20.015] [bmv2] [D] [thread 2907] Set default default entry for table 'tbl_update_curr_path_size': MyIngress.update_curr_path_size - 
[14:15:20.015] [bmv2] [D] [thread 2907] Set default default entry for table 'MyIngress.len_primary_path': NoAction - 
[14:15:20.015] [bmv2] [D] [thread 2907] Set default default entry for table 'MyIngress.len_alternative_path': NoAction - 
[14:15:20.015] [bmv2] [D] [thread 2907] Set default default entry for table 'tbl_fast_reroute121': fast_reroute121 - 
[14:15:20.015] [bmv2] [D] [thread 2907] Set default default entry for table 'tbl_read_depot_port': MyIngress.read_depot_port - 
[14:15:20.015] [bmv2] [D] [thread 2907] Set default default entry for table 'tbl_fast_reroute148': fast_reroute148 - 
[14:15:20.015] [bmv2] [D] [thread 2907] Set default default entry for table 'tbl_reset_curr_path_size': MyIngress.reset_curr_path_size - 
Adding interface s5-eth1 as port 1
[14:15:20.016] [bmv2] [D] [thread 2907] Adding interface s5-eth1 as port 1
Adding interface s5-eth2 as port 2
[14:15:20.047] [bmv2] [D] [thread 2907] Adding interface s5-eth2 as port 2
Adding interface s5-eth3 as port 3
[14:15:20.075] [bmv2] [D] [thread 2907] Adding interface s5-eth3 as port 3
Adding interface s5-eth4 as port 4
[14:15:20.107] [bmv2] [D] [thread 2907] Adding interface s5-eth4 as port 4
[14:15:20.135] [bmv2] [I] [thread 2907] Starting Thrift server on port 9094
[14:15:20.135] [bmv2] [I] [thread 2907] Thrift server was started
[14:15:20.137] [bmv2] [D] [thread 2913] [0.0] [cxt 0] Processing packet received on port 1
[14:15:20.137] [bmv2] [D] [thread 2913] [0.0] [cxt 0] Parser 'parser': start
[14:15:20.137] [bmv2] [D] [thread 2913] [0.0] [cxt 0] Parser 'parser' entering state 'start'
[14:15:20.137] [bmv2] [D] [thread 2913] [0.0] [cxt 0] Extracting header 'ethernet'
[14:15:20.137] [bmv2] [D] [thread 2913] [0.0] [cxt 0] Parser state 'start': key is 86dd
[14:15:20.137] [bmv2] [T] [thread 2913] [0.0] [cxt 0] Bytes parsed: 14
[14:15:20.137] [bmv2] [D] [thread 2913] [0.0] [cxt 0] Parser 'parser': end
[14:15:20.137] [bmv2] [D] [thread 2913] [0.0] [cxt 0] Pipeline 'ingress': start
[14:15:20.137] [bmv2] [T] [thread 2913] [0.0] [cxt 0] /home/p4/git/master_degree_p4_unipampa/Patcher_v0/p4src/fast_reroute.p4(110) Condition "hdr.ipv4.isValid()" (node_2) is false
[14:15:20.137] [bmv2] [D] [thread 2913] [0.0] [cxt 0] Pipeline 'ingress': end
[14:15:20.137] [bmv2] [D] [thread 2913] [0.0] [cxt 0] Egress port is 0
[14:15:20.137] [bmv2] [D] [thread 2914] [0.0] [cxt 0] Pipeline 'egress': start
[14:15:20.137] [bmv2] [D] [thread 2914] [0.0] [cxt 0] Pipeline 'egress': end
[14:15:20.137] [bmv2] [D] [thread 2914] [0.0] [cxt 0] Deparser 'deparser': start
[14:15:20.137] [bmv2] [T] [thread 2914] [0.0] [cxt 0] Skipping checksum 'cksum' update because condition not met
[14:15:20.137] [bmv2] [D] [thread 2914] [0.0] [cxt 0] Deparsing header 'ethernet'
[14:15:20.137] [bmv2] [D] [thread 2914] [0.0] [cxt 0] Deparser 'deparser': end
[14:15:20.137] [bmv2] [D] [thread 2918] [0.0] [cxt 0] Transmitting packet of size 90 out of port 0
[14:15:20.223] [bmv2] [D] [thread 2913] [1.0] [cxt 0] Processing packet received on port 4
[14:15:20.223] [bmv2] [D] [thread 2913] [1.0] [cxt 0] Parser 'parser': start
[14:15:20.223] [bmv2] [D] [thread 2913] [1.0] [cxt 0] Parser 'parser' entering state 'start'
[14:15:20.223] [bmv2] [D] [thread 2913] [1.0] [cxt 0] Extracting header 'ethernet'
[14:15:20.223] [bmv2] [D] [thread 2913] [1.0] [cxt 0] Parser state 'start': key is 86dd
[14:15:20.223] [bmv2] [T] [thread 2913] [1.0] [cxt 0] Bytes parsed: 14
[14:15:20.223] [bmv2] [D] [thread 2913] [1.0] [cxt 0] Parser 'parser': end
[14:15:20.223] [bmv2] [D] [thread 2913] [1.0] [cxt 0] Pipeline 'ingress': start
[14:15:20.223] [bmv2] [T] [thread 2913] [1.0] [cxt 0] /home/p4/git/master_degree_p4_unipampa/Patcher_v0/p4src/fast_reroute.p4(110) Condition "hdr.ipv4.isValid()" (node_2) is false
[14:15:20.223] [bmv2] [D] [thread 2913] [1.0] [cxt 0] Pipeline 'ingress': end
[14:15:20.223] [bmv2] [D] [thread 2913] [1.0] [cxt 0] Egress port is 0
[14:15:20.223] [bmv2] [D] [thread 2914] [1.0] [cxt 0] Pipeline 'egress': start
[14:15:20.223] [bmv2] [D] [thread 2914] [1.0] [cxt 0] Pipeline 'egress': end
[14:15:20.223] [bmv2] [D] [thread 2914] [1.0] [cxt 0] Deparser 'deparser': start
[14:15:20.223] [bmv2] [T] [thread 2914] [1.0] [cxt 0] Skipping checksum 'cksum' update because condition not met
[14:15:20.223] [bmv2] [D] [thread 2914] [1.0] [cxt 0] Deparsing header 'ethernet'
[14:15:20.224] [bmv2] [D] [thread 2914] [1.0] [cxt 0] Deparser 'deparser': end
[14:15:20.224] [bmv2] [D] [thread 2918] [1.0] [cxt 0] Transmitting packet of size 86 out of port 0
[14:15:20.445] [bmv2] [D] [thread 2913] [2.0] [cxt 0] Processing packet received on port 1
[14:15:20.445] [bmv2] [D] [thread 2913] [2.0] [cxt 0] Parser 'parser': start
[14:15:20.445] [bmv2] [D] [thread 2913] [2.0] [cxt 0] Parser 'parser' entering state 'start'
[14:15:20.445] [bmv2] [D] [thread 2913] [2.0] [cxt 0] Extracting header 'ethernet'
[14:15:20.445] [bmv2] [D] [thread 2913] [2.0] [cxt 0] Parser state 'start': key is 86dd
[14:15:20.445] [bmv2] [T] [thread 2913] [2.0] [cxt 0] Bytes parsed: 14
[14:15:20.445] [bmv2] [D] [thread 2913] [2.0] [cxt 0] Parser 'parser': end
[14:15:20.445] [bmv2] [D] [thread 2913] [2.0] [cxt 0] Pipeline 'ingress': start
[14:15:20.445] [bmv2] [T] [thread 2913] [2.0] [cxt 0] /home/p4/git/master_degree_p4_unipampa/Patcher_v0/p4src/fast_reroute.p4(110) Condition "hdr.ipv4.isValid()" (node_2) is false
[14:15:20.445] [bmv2] [D] [thread 2913] [2.0] [cxt 0] Pipeline 'ingress': end
[14:15:20.445] [bmv2] [D] [thread 2913] [2.0] [cxt 0] Egress port is 0
[14:15:20.445] [bmv2] [D] [thread 2913] [3.0] [cxt 0] Processing packet received on port 3
[14:15:20.445] [bmv2] [D] [thread 2913] [3.0] [cxt 0] Parser 'parser': start
[14:15:20.445] [bmv2] [D] [thread 2913] [3.0] [cxt 0] Parser 'parser' entering state 'start'
[14:15:20.445] [bmv2] [D] [thread 2913] [3.0] [cxt 0] Extracting header 'ethernet'
[14:15:20.445] [bmv2] [D] [thread 2913] [3.0] [cxt 0] Parser state 'start': key is 86dd
[14:15:20.445] [bmv2] [T] [thread 2913] [3.0] [cxt 0] Bytes parsed: 14
[14:15:20.445] [bmv2] [D] [thread 2913] [3.0] [cxt 0] Parser 'parser': end
[14:15:20.445] [bmv2] [D] [thread 2913] [3.0] [cxt 0] Pipeline 'ingress': start
[14:15:20.445] [bmv2] [T] [thread 2913] [3.0] [cxt 0] /home/p4/git/master_degree_p4_unipampa/Patcher_v0/p4src/fast_reroute.p4(110) Condition "hdr.ipv4.isValid()" (node_2) is false
[14:15:20.445] [bmv2] [D] [thread 2913] [3.0] [cxt 0] Pipeline 'ingress': end
[14:15:20.445] [bmv2] [D] [thread 2913] [3.0] [cxt 0] Egress port is 0
[14:15:20.445] [bmv2] [D] [thread 2913] [4.0] [cxt 0] Processing packet received on port 1
[14:15:20.445] [bmv2] [D] [thread 2913] [4.0] [cxt 0] Parser 'parser': start
[14:15:20.445] [bmv2] [D] [thread 2913] [4.0] [cxt 0] Parser 'parser' entering state 'start'
[14:15:20.445] [bmv2] [D] [thread 2913] [4.0] [cxt 0] Extracting header 'ethernet'
[14:15:20.445] [bmv2] [D] [thread 2913] [4.0] [cxt 0] Parser state 'start': key is 86dd
[14:15:20.445] [bmv2] [T] [thread 2913] [4.0] [cxt 0] Bytes parsed: 14
[14:15:20.445] [bmv2] [D] [thread 2913] [4.0] [cxt 0] Parser 'parser': end
[14:15:20.445] [bmv2] [D] [thread 2913] [4.0] [cxt 0] Pipeline 'ingress': start
[14:15:20.445] [bmv2] [T] [thread 2913] [4.0] [cxt 0] /home/p4/git/master_degree_p4_unipampa/Patcher_v0/p4src/fast_reroute.p4(110) Condition "hdr.ipv4.isValid()" (node_2) is false
[14:15:20.445] [bmv2] [D] [thread 2913] [4.0] [cxt 0] Pipeline 'ingress': end
[14:15:20.445] [bmv2] [D] [thread 2913] [4.0] [cxt 0] Egress port is 0
[14:15:20.445] [bmv2] [D] [thread 2913] [5.0] [cxt 0] Processing packet received on port 3
[14:15:20.445] [bmv2] [D] [thread 2913] [5.0] [cxt 0] Parser 'parser': start
[14:15:20.445] [bmv2] [D] [thread 2913] [5.0] [cxt 0] Parser 'parser' entering state 'start'
[14:15:20.445] [bmv2] [D] [thread 2913] [5.0] [cxt 0] Extracting header 'ethernet'
[14:15:20.445] [bmv2] [D] [thread 2913] [5.0] [cxt 0] Parser state 'start': key is 86dd
[14:15:20.445] [bmv2] [T] [thread 2913] [5.0] [cxt 0] Bytes parsed: 14
[14:15:20.445] [bmv2] [D] [thread 2913] [5.0] [cxt 0] Parser 'parser': end
[14:15:20.445] [bmv2] [D] [thread 2913] [5.0] [cxt 0] Pipeline 'ingress': start
[14:15:20.445] [bmv2] [T] [thread 2913] [5.0] [cxt 0] /home/p4/git/master_degree_p4_unipampa/Patcher_v0/p4src/fast_reroute.p4(110) Condition "hdr.ipv4.isValid()" (node_2) is false
[14:15:20.445] [bmv2] [D] [thread 2913] [5.0] [cxt 0] Pipeline 'ingress': end
[14:15:20.445] [bmv2] [D] [thread 2913] [5.0] [cxt 0] Egress port is 0
[14:15:20.445] [bmv2] [D] [thread 2914] [2.0] [cxt 0] Pipeline 'egress': start
[14:15:20.445] [bmv2] [D] [thread 2914] [2.0] [cxt 0] Pipeline 'egress': end
[14:15:20.445] [bmv2] [D] [thread 2914] [2.0] [cxt 0] Deparser 'deparser': start
[14:15:20.445] [bmv2] [T] [thread 2914] [2.0] [cxt 0] Skipping checksum 'cksum' update because condition not met
[14:15:20.445] [bmv2] [D] [thread 2914] [2.0] [cxt 0] Deparsing header 'ethernet'
[14:15:20.445] [bmv2] [D] [thread 2914] [2.0] [cxt 0] Deparser 'deparser': end
[14:15:20.445] [bmv2] [D] [thread 2914] [3.0] [cxt 0] Pipeline 'egress': start
[14:15:20.445] [bmv2] [D] [thread 2914] [3.0] [cxt 0] Pipeline 'egress': end
[14:15:20.445] [bmv2] [D] [thread 2914] [3.0] [cxt 0] Deparser 'deparser': start
[14:15:20.445] [bmv2] [T] [thread 2914] [3.0] [cxt 0] Skipping checksum 'cksum' update because condition not met
[14:15:20.445] [bmv2] [D] [thread 2914] [3.0] [cxt 0] Deparsing header 'ethernet'
[14:15:20.445] [bmv2] [D] [thread 2914] [3.0] [cxt 0] Deparser 'deparser': end
[14:15:20.445] [bmv2] [D] [thread 2914] [4.0] [cxt 0] Pipeline 'egress': start
[14:15:20.445] [bmv2] [D] [thread 2914] [4.0] [cxt 0] Pipeline 'egress': end
[14:15:20.445] [bmv2] [D] [thread 2914] [4.0] [cxt 0] Deparser 'deparser': start
[14:15:20.445] [bmv2] [T] [thread 2914] [4.0] [cxt 0] Skipping checksum 'cksum' update because condition not met
[14:15:20.445] [bmv2] [D] [thread 2914] [4.0] [cxt 0] Deparsing header 'ethernet'
[14:15:20.445] [bmv2] [D] [thread 2914] [4.0] [cxt 0] Deparser 'deparser': end
[14:15:20.445] [bmv2] [D] [thread 2914] [5.0] [cxt 0] Pipeline 'egress': start
[14:15:20.445] [bmv2] [D] [thread 2914] [5.0] [cxt 0] Pipeline 'egress': end
[14:15:20.445] [bmv2] [D] [thread 2914] [5.0] [cxt 0] Deparser 'deparser': start
[14:15:20.445] [bmv2] [T] [thread 2914] [5.0] [cxt 0] Skipping checksum 'cksum' update because condition not met
[14:15:20.445] [bmv2] [D] [thread 2914] [5.0] [cxt 0] Deparsing header 'ethernet'
[14:15:20.445] [bmv2] [D] [thread 2914] [5.0] [cxt 0] Deparser 'deparser': end
[14:15:20.445] [bmv2] [D] [thread 2918] [2.0] [cxt 0] Transmitting packet of size 90 out of port 0
[14:15:20.445] [bmv2] [D] [thread 2918] [3.0] [cxt 0] Transmitting packet of size 90 out of port 0
[14:15:20.445] [bmv2] [D] [thread 2918] [4.0] [cxt 0] Transmitting packet of size 70 out of port 0
[14:15:20.445] [bmv2] [D] [thread 2918] [5.0] [cxt 0] Transmitting packet of size 70 out of port 0
[14:15:20.455] [bmv2] [D] [thread 2913] [6.0] [cxt 0] Processing packet received on port 3
[14:15:20.455] [bmv2] [D] [thread 2913] [6.0] [cxt 0] Parser 'parser': start
[14:15:20.455] [bmv2] [D] [thread 2913] [6.0] [cxt 0] Parser 'parser' entering state 'start'
[14:15:20.455] [bmv2] [D] [thread 2913] [6.0] [cxt 0] Extracting header 'ethernet'
[14:15:20.455] [bmv2] [D] [thread 2913] [6.0] [cxt 0] Parser state 'start': key is 86dd
[14:15:20.455] [bmv2] [T] [thread 2913] [6.0] [cxt 0] Bytes parsed: 14
[14:15:20.455] [bmv2] [D] [thread 2913] [6.0] [cxt 0] Parser 'parser': end
[14:15:20.455] [bmv2] [D] [thread 2913] [6.0] [cxt 0] Pipeline 'ingress': start
[14:15:20.455] [bmv2] [T] [thread 2913] [6.0] [cxt 0] /home/p4/git/master_degree_p4_unipampa/Patcher_v0/p4src/fast_reroute.p4(110) Condition "hdr.ipv4.isValid()" (node_2) is false
[14:15:20.455] [bmv2] [D] [thread 2913] [6.0] [cxt 0] Pipeline 'ingress': end
[14:15:20.455] [bmv2] [D] [thread 2913] [6.0] [cxt 0] Egress port is 0
[14:15:20.455] [bmv2] [D] [thread 2914] [6.0] [cxt 0] Pipeline 'egress': start
[14:15:20.455] [bmv2] [D] [thread 2914] [6.0] [cxt 0] Pipeline 'egress': end
[14:15:20.455] [bmv2] [D] [thread 2914] [6.0] [cxt 0] Deparser 'deparser': start
[14:15:20.455] [bmv2] [T] [thread 2914] [6.0] [cxt 0] Skipping checksum 'cksum' update because condition not met
[14:15:20.455] [bmv2] [D] [thread 2914] [6.0] [cxt 0] Deparsing header 'ethernet'
[14:15:20.455] [bmv2] [D] [thread 2914] [6.0] [cxt 0] Deparser 'deparser': end
[14:15:20.456] [bmv2] [D] [thread 2918] [6.0] [cxt 0] Transmitting packet of size 90 out of port 0
[14:15:20.457] [bmv2] [D] [thread 2913] [7.0] [cxt 0] Processing packet received on port 1
[14:15:20.457] [bmv2] [D] [thread 2913] [7.0] [cxt 0] Parser 'parser': start
[14:15:20.457] [bmv2] [D] [thread 2913] [7.0] [cxt 0] Parser 'parser' entering state 'start'
[14:15:20.457] [bmv2] [D] [thread 2913] [7.0] [cxt 0] Extracting header 'ethernet'
[14:15:20.457] [bmv2] [D] [thread 2913] [7.0] [cxt 0] Parser state 'start': key is 86dd
[14:15:20.457] [bmv2] [T] [thread 2913] [7.0] [cxt 0] Bytes parsed: 14
[14:15:20.457] [bmv2] [D] [thread 2913] [7.0] [cxt 0] Parser 'parser': end
[14:15:20.457] [bmv2] [D] [thread 2913] [7.0] [cxt 0] Pipeline 'ingress': start
[14:15:20.457] [bmv2] [T] [thread 2913] [7.0] [cxt 0] /home/p4/git/master_degree_p4_unipampa/Patcher_v0/p4src/fast_reroute.p4(110) Condition "hdr.ipv4.isValid()" (node_2) is false
[14:15:20.457] [bmv2] [D] [thread 2913] [7.0] [cxt 0] Pipeline 'ingress': end
[14:15:20.458] [bmv2] [D] [thread 2913] [7.0] [cxt 0] Egress port is 0
[14:15:20.458] [bmv2] [D] [thread 2914] [7.0] [cxt 0] Pipeline 'egress': start
[14:15:20.458] [bmv2] [D] [thread 2914] [7.0] [cxt 0] Pipeline 'egress': end
[14:15:20.458] [bmv2] [D] [thread 2914] [7.0] [cxt 0] Deparser 'deparser': start
[14:15:20.458] [bmv2] [T] [thread 2914] [7.0] [cxt 0] Skipping checksum 'cksum' update because condition not met
[14:15:20.458] [bmv2] [D] [thread 2914] [7.0] [cxt 0] Deparsing header 'ethernet'
[14:15:20.458] [bmv2] [D] [thread 2914] [7.0] [cxt 0] Deparser 'deparser': end
[14:15:20.458] [bmv2] [D] [thread 2918] [7.0] [cxt 0] Transmitting packet of size 90 out of port 0
[14:15:20.544] [bmv2] [D] [thread 2913] [8.0] [cxt 0] Processing packet received on port 1
[14:15:20.544] [bmv2] [D] [thread 2913] [8.0] [cxt 0] Parser 'parser': start
[14:15:20.544] [bmv2] [D] [thread 2913] [8.0] [cxt 0] Parser 'parser' entering state 'start'
[14:15:20.544] [bmv2] [D] [thread 2913] [8.0] [cxt 0] Extracting header 'ethernet'
[14:15:20.545] [bmv2] [D] [thread 2913] [8.0] [cxt 0] Parser state 'start': key is 86dd
[14:15:20.545] [bmv2] [T] [thread 2913] [8.0] [cxt 0] Bytes parsed: 14
[14:15:20.545] [bmv2] [D] [thread 2913] [8.0] [cxt 0] Parser 'parser': end
[14:15:20.545] [bmv2] [D] [thread 2913] [8.0] [cxt 0] Pipeline 'ingress': start
[14:15:20.545] [bmv2] [T] [thread 2913] [8.0] [cxt 0] /home/p4/git/master_degree_p4_unipampa/Patcher_v0/p4src/fast_reroute.p4(110) Condition "hdr.ipv4.isValid()" (node_2) is false
[14:15:20.545] [bmv2] [D] [thread 2913] [8.0] [cxt 0] Pipeline 'ingress': end
[14:15:20.545] [bmv2] [D] [thread 2913] [8.0] [cxt 0] Egress port is 0
[14:15:20.545] [bmv2] [D] [thread 2913] [9.0] [cxt 0] Processing packet received on port 3
[14:15:20.545] [bmv2] [D] [thread 2913] [9.0] [cxt 0] Parser 'parser': start
[14:15:20.545] [bmv2] [D] [thread 2913] [9.0] [cxt 0] Parser 'parser' entering state 'start'
[14:15:20.545] [bmv2] [D] [thread 2913] [9.0] [cxt 0] Extracting header 'ethernet'
[14:15:20.545] [bmv2] [D] [thread 2913] [9.0] [cxt 0] Parser state 'start': key is 86dd
[14:15:20.545] [bmv2] [T] [thread 2913] [9.0] [cxt 0] Bytes parsed: 14
[14:15:20.545] [bmv2] [D] [thread 2913] [9.0] [cxt 0] Parser 'parser': end
[14:15:20.545] [bmv2] [D] [thread 2913] [9.0] [cxt 0] Pipeline 'ingress': start
[14:15:20.545] [bmv2] [T] [thread 2913] [9.0] [cxt 0] /home/p4/git/master_degree_p4_unipampa/Patcher_v0/p4src/fast_reroute.p4(110) Condition "hdr.ipv4.isValid()" (node_2) is false
[14:15:20.545] [bmv2] [D] [thread 2913] [9.0] [cxt 0] Pipeline 'ingress': end
[14:15:20.545] [bmv2] [D] [thread 2913] [9.0] [cxt 0] Egress port is 0
[14:15:20.545] [bmv2] [D] [thread 2914] [8.0] [cxt 0] Pipeline 'egress': start
[14:15:20.545] [bmv2] [D] [thread 2914] [8.0] [cxt 0] Pipeline 'egress': end
[14:15:20.545] [bmv2] [D] [thread 2914] [8.0] [cxt 0] Deparser 'deparser': start
[14:15:20.545] [bmv2] [T] [thread 2914] [8.0] [cxt 0] Skipping checksum 'cksum' update because condition not met
[14:15:20.545] [bmv2] [D] [thread 2914] [8.0] [cxt 0] Deparsing header 'ethernet'
[14:15:20.545] [bmv2] [D] [thread 2914] [8.0] [cxt 0] Deparser 'deparser': end
[14:15:20.545] [bmv2] [D] [thread 2914] [9.0] [cxt 0] Pipeline 'egress': start
[14:15:20.545] [bmv2] [D] [thread 2914] [9.0] [cxt 0] Pipeline 'egress': end
[14:15:20.545] [bmv2] [D] [thread 2914] [9.0] [cxt 0] Deparser 'deparser': start
[14:15:20.545] [bmv2] [T] [thread 2914] [9.0] [cxt 0] Skipping checksum 'cksum' update because condition not met
[14:15:20.545] [bmv2] [D] [thread 2914] [9.0] [cxt 0] Deparsing header 'ethernet'
[14:15:20.545] [bmv2] [D] [thread 2914] [9.0] [cxt 0] Deparser 'deparser': end
[14:15:20.545] [bmv2] [D] [thread 2918] [8.0] [cxt 0] Transmitting packet of size 125 out of port 0
[14:15:20.545] [bmv2] [D] [thread 2918] [9.0] [cxt 0] Transmitting packet of size 125 out of port 0
[14:15:20.638] [bmv2] [D] [thread 2913] [10.0] [cxt 0] Processing packet received on port 3
[14:15:20.638] [bmv2] [D] [thread 2913] [10.0] [cxt 0] Parser 'parser': start
[14:15:20.638] [bmv2] [D] [thread 2913] [10.0] [cxt 0] Parser 'parser' entering state 'start'
[14:15:20.638] [bmv2] [D] [thread 2913] [10.0] [cxt 0] Extracting header 'ethernet'
[14:15:20.638] [bmv2] [D] [thread 2913] [10.0] [cxt 0] Parser state 'start': key is 86dd
[14:15:20.638] [bmv2] [T] [thread 2913] [10.0] [cxt 0] Bytes parsed: 14
[14:15:20.638] [bmv2] [D] [thread 2913] [10.0] [cxt 0] Parser 'parser': end
[14:15:20.638] [bmv2] [D] [thread 2913] [10.0] [cxt 0] Pipeline 'ingress': start
[14:15:20.638] [bmv2] [T] [thread 2913] [10.0] [cxt 0] /home/p4/git/master_degree_p4_unipampa/Patcher_v0/p4src/fast_reroute.p4(110) Condition "hdr.ipv4.isValid()" (node_2) is false
[14:15:20.638] [bmv2] [D] [thread 2913] [10.0] [cxt 0] Pipeline 'ingress': end
[14:15:20.638] [bmv2] [D] [thread 2913] [10.0] [cxt 0] Egress port is 0
[14:15:20.638] [bmv2] [D] [thread 2913] [11.0] [cxt 0] Processing packet received on port 3
[14:15:20.638] [bmv2] [D] [thread 2913] [11.0] [cxt 0] Parser 'parser': start
[14:15:20.638] [bmv2] [D] [thread 2913] [11.0] [cxt 0] Parser 'parser' entering state 'start'
[14:15:20.638] [bmv2] [D] [thread 2913] [11.0] [cxt 0] Extracting header 'ethernet'
[14:15:20.638] [bmv2] [D] [thread 2913] [11.0] [cxt 0] Parser state 'start': key is 86dd
[14:15:20.638] [bmv2] [T] [thread 2913] [11.0] [cxt 0] Bytes parsed: 14
[14:15:20.638] [bmv2] [D] [thread 2913] [11.0] [cxt 0] Parser 'parser': end
[14:15:20.638] [bmv2] [D] [thread 2913] [11.0] [cxt 0] Pipeline 'ingress': start
[14:15:20.638] [bmv2] [T] [thread 2913] [11.0] [cxt 0] /home/p4/git/master_degree_p4_unipampa/Patcher_v0/p4src/fast_reroute.p4(110) Condition "hdr.ipv4.isValid()" (node_2) is false
[14:15:20.638] [bmv2] [D] [thread 2913] [11.0] [cxt 0] Pipeline 'ingress': end
[14:15:20.638] [bmv2] [D] [thread 2913] [11.0] [cxt 0] Egress port is 0
[14:15:20.638] [bmv2] [D] [thread 2914] [10.0] [cxt 0] Pipeline 'egress': start
[14:15:20.638] [bmv2] [D] [thread 2914] [10.0] [cxt 0] Pipeline 'egress': end
[14:15:20.638] [bmv2] [D] [thread 2914] [10.0] [cxt 0] Deparser 'deparser': start
[14:15:20.638] [bmv2] [T] [thread 2914] [10.0] [cxt 0] Skipping checksum 'cksum' update because condition not met
[14:15:20.638] [bmv2] [D] [thread 2914] [10.0] [cxt 0] Deparsing header 'ethernet'
[14:15:20.638] [bmv2] [D] [thread 2914] [10.0] [cxt 0] Deparser 'deparser': end
[14:15:20.638] [bmv2] [D] [thread 2914] [11.0] [cxt 0] Pipeline 'egress': start
[14:15:20.638] [bmv2] [D] [thread 2914] [11.0] [cxt 0] Pipeline 'egress': end
[14:15:20.638] [bmv2] [D] [thread 2914] [11.0] [cxt 0] Deparser 'deparser': start
[14:15:20.638] [bmv2] [T] [thread 2914] [11.0] [cxt 0] Skipping checksum 'cksum' update because condition not met
[14:15:20.638] [bmv2] [D] [thread 2914] [11.0] [cxt 0] Deparsing header 'ethernet'
[14:15:20.638] [bmv2] [D] [thread 2914] [11.0] [cxt 0] Deparser 'deparser': end
[14:15:20.638] [bmv2] [D] [thread 2918] [10.0] [cxt 0] Transmitting packet of size 90 out of port 0
[14:15:20.638] [bmv2] [D] [thread 2918] [11.0] [cxt 0] Transmitting packet of size 70 out of port 0
[14:15:20.647] [bmv2] [D] [thread 2913] [12.0] [cxt 0] Processing packet received on port 3
[14:15:20.647] [bmv2] [D] [thread 2913] [12.0] [cxt 0] Parser 'parser': start
[14:15:20.647] [bmv2] [D] [thread 2913] [12.0] [cxt 0] Parser 'parser' entering state 'start'
[14:15:20.647] [bmv2] [D] [thread 2913] [12.0] [cxt 0] Extracting header 'ethernet'
[14:15:20.647] [bmv2] [D] [thread 2913] [12.0] [cxt 0] Parser state 'start': key is 86dd
[14:15:20.647] [bmv2] [T] [thread 2913] [12.0] [cxt 0] Bytes parsed: 14
[14:15:20.647] [bmv2] [D] [thread 2913] [12.0] [cxt 0] Parser 'parser': end
[14:15:20.647] [bmv2] [D] [thread 2913] [12.0] [cxt 0] Pipeline 'ingress': start
[14:15:20.647] [bmv2] [T] [thread 2913] [12.0] [cxt 0] /home/p4/git/master_degree_p4_unipampa/Patcher_v0/p4src/fast_reroute.p4(110) Condition "hdr.ipv4.isValid()" (node_2) is false
[14:15:20.647] [bmv2] [D] [thread 2913] [12.0] [cxt 0] Pipeline 'ingress': end
[14:15:20.647] [bmv2] [D] [thread 2913] [12.0] [cxt 0] Egress port is 0
[14:15:20.647] [bmv2] [D] [thread 2914] [12.0] [cxt 0] Pipeline 'egress': start
[14:15:20.647] [bmv2] [D] [thread 2914] [12.0] [cxt 0] Pipeline 'egress': end
[14:15:20.647] [bmv2] [D] [thread 2914] [12.0] [cxt 0] Deparser 'deparser': start
[14:15:20.647] [bmv2] [T] [thread 2914] [12.0] [cxt 0] Skipping checksum 'cksum' update because condition not met
[14:15:20.647] [bmv2] [D] [thread 2914] [12.0] [cxt 0] Deparsing header 'ethernet'
[14:15:20.647] [bmv2] [D] [thread 2914] [12.0] [cxt 0] Deparser 'deparser': end
[14:15:20.647] [bmv2] [D] [thread 2918] [12.0] [cxt 0] Transmitting packet of size 90 out of port 0
[14:15:24.389] [bmv2] [T] [thread 3151] bm_get_config
[14:15:24.390] [bmv2] [T] [thread 3151] bm_mt_get_entries
[14:15:24.390] [bmv2] [T] [thread 3151] bm_mt_get_entries
[14:15:24.420] [bmv2] [T] [thread 3151] bm_reset_state
[14:15:24.426] [bmv2] [D] [thread 3151] Resetting simple_switch target-specific state
[14:15:24.426] [bmv2] [D] [thread 3151] resetting PRE state
[14:15:24.471] [bmv2] [T] [thread 3151] bm_register_write
[14:15:24.471] [bmv2] [T] [thread 3151] bm_table_add_entry
[14:15:24.472] [bmv2] [D] [thread 3151] Entry 0 added to table 'MyIngress.len_primary_path'
[14:15:24.472] [bmv2] [D] [thread 3151] Dumping entry 0
Match key:
* hdr.pathHops.path_id: EXACT     00000000
Action entry: MyIngress.read_len_primary_path - 0,

[14:15:24.482] [bmv2] [T] [thread 3151] bm_register_write
[14:15:24.483] [bmv2] [T] [thread 3151] bm_register_write
[14:15:24.483] [bmv2] [T] [thread 3151] bm_register_write
[14:15:42.289] [bmv2] [T] [thread 3238] bm_get_config
[14:15:42.289] [bmv2] [T] [thread 3238] bm_mt_get_entries
[14:15:42.290] [bmv2] [T] [thread 3238] bm_mt_get_entries
[14:15:42.319] [bmv2] [T] [thread 3238] bm_reset_state
[14:15:42.322] [bmv2] [D] [thread 3238] Resetting simple_switch target-specific state
[14:15:42.322] [bmv2] [D] [thread 3238] resetting PRE state
[14:15:42.355] [bmv2] [T] [thread 3238] bm_register_write
[14:15:42.355] [bmv2] [T] [thread 3238] bm_table_add_entry
[14:15:42.355] [bmv2] [D] [thread 3238] Entry 0 added to table 'MyIngress.len_primary_path'
[14:15:42.355] [bmv2] [D] [thread 3238] Dumping entry 0
Match key:
* hdr.pathHops.path_id: EXACT     00000000
Action entry: MyIngress.read_len_primary_path - 0,

[14:15:42.387] [bmv2] [T] [thread 3238] bm_register_write
[14:15:42.387] [bmv2] [T] [thread 3238] bm_register_write
[14:15:42.387] [bmv2] [T] [thread 3238] bm_register_write
[14:17:51.405] [bmv2] [T] [thread 3283] bm_get_config
[14:17:51.405] [bmv2] [T] [thread 3283] bm_mt_get_entries
[14:17:51.406] [bmv2] [T] [thread 3283] bm_mt_get_entries
[14:17:51.437] [bmv2] [T] [thread 3283] bm_reset_state
[14:17:51.443] [bmv2] [D] [thread 3283] Resetting simple_switch target-specific state
[14:17:51.443] [bmv2] [D] [thread 3283] resetting PRE state
[14:17:51.477] [bmv2] [T] [thread 3283] bm_register_write
[14:17:51.478] [bmv2] [T] [thread 3283] bm_table_add_entry
[14:17:51.478] [bmv2] [D] [thread 3283] Entry 0 added to table 'MyIngress.len_primary_path'
[14:17:51.478] [bmv2] [D] [thread 3283] Dumping entry 0
Match key:
* hdr.pathHops.path_id: EXACT     00000000
Action entry: MyIngress.read_len_primary_path - 0,

[14:17:51.480] [bmv2] [T] [thread 3283] bm_register_write
[14:17:51.480] [bmv2] [T] [thread 3283] bm_register_write
[14:17:51.480] [bmv2] [T] [thread 3283] bm_register_write
[14:46:35.803] [bmv2] [T] [thread 6701] bm_get_config
[14:46:35.804] [bmv2] [T] [thread 6701] bm_mt_get_entries
[14:46:35.804] [bmv2] [T] [thread 6701] bm_mt_get_entries
[14:46:35.834] [bmv2] [T] [thread 6701] bm_reset_state
[14:46:35.836] [bmv2] [D] [thread 6701] Resetting simple_switch target-specific state
[14:46:35.836] [bmv2] [D] [thread 6701] resetting PRE state
[14:46:35.865] [bmv2] [T] [thread 6701] bm_register_write
[14:46:35.866] [bmv2] [T] [thread 6701] bm_table_add_entry
[14:46:35.866] [bmv2] [D] [thread 6701] Entry 0 added to table 'MyIngress.len_primary_path'
[14:46:35.866] [bmv2] [D] [thread 6701] Dumping entry 0
Match key:
* hdr.pathHops.path_id: EXACT     00000000
Action entry: MyIngress.read_len_primary_path - 0,

[14:46:35.869] [bmv2] [T] [thread 6701] bm_register_write
[14:46:35.869] [bmv2] [T] [thread 6701] bm_register_write
[14:46:35.869] [bmv2] [T] [thread 6701] bm_register_write
[14:47:19.010] [bmv2] [T] [thread 6793] bm_get_config
[14:47:19.011] [bmv2] [T] [thread 6793] bm_mt_get_entries
[14:47:19.012] [bmv2] [T] [thread 6793] bm_mt_get_entries
[14:47:19.042] [bmv2] [T] [thread 6793] bm_reset_state
[14:47:19.048] [bmv2] [D] [thread 6793] Resetting simple_switch target-specific state
[14:47:19.048] [bmv2] [D] [thread 6793] resetting PRE state
[14:47:19.088] [bmv2] [T] [thread 6793] bm_register_write
[14:47:19.090] [bmv2] [T] [thread 6793] bm_table_add_entry
[14:47:19.090] [bmv2] [D] [thread 6793] Entry 0 added to table 'MyIngress.len_primary_path'
[14:47:19.090] [bmv2] [D] [thread 6793] Dumping entry 0
Match key:
* hdr.pathHops.path_id: EXACT     00000000
Action entry: MyIngress.read_len_primary_path - 0,

[14:47:19.103] [bmv2] [T] [thread 6793] bm_register_write
[14:47:19.103] [bmv2] [T] [thread 6793] bm_register_write
[14:47:19.103] [bmv2] [T] [thread 6793] bm_register_write
[14:57:03.086] [bmv2] [T] [thread 6881] bm_get_config
[14:57:03.086] [bmv2] [T] [thread 6881] bm_mt_get_entries
[14:57:03.086] [bmv2] [T] [thread 6881] bm_mt_get_entries
[14:57:03.113] [bmv2] [T] [thread 6881] bm_reset_state
[14:57:03.118] [bmv2] [D] [thread 6881] Resetting simple_switch target-specific state
[14:57:03.118] [bmv2] [D] [thread 6881] resetting PRE state
[14:57:03.157] [bmv2] [T] [thread 6881] bm_register_write
[14:57:03.158] [bmv2] [T] [thread 6881] bm_table_add_entry
[14:57:03.159] [bmv2] [D] [thread 6881] Entry 0 added to table 'MyIngress.len_primary_path'
[14:57:03.159] [bmv2] [D] [thread 6881] Dumping entry 0
Match key:
* hdr.pathHops.path_id: EXACT     00000000
Action entry: MyIngress.read_len_primary_path - 0,

[14:57:03.165] [bmv2] [T] [thread 6881] bm_register_write
[14:57:03.165] [bmv2] [T] [thread 6881] bm_register_write
[14:57:03.165] [bmv2] [T] [thread 6881] bm_register_write
[14:57:24.353] [bmv2] [T] [thread 6907] bm_get_config
[14:57:24.354] [bmv2] [T] [thread 6907] bm_mt_get_entries
[14:57:24.354] [bmv2] [T] [thread 6907] bm_mt_get_entries
[14:57:24.383] [bmv2] [T] [thread 6907] bm_reset_state
[14:57:24.389] [bmv2] [D] [thread 6907] Resetting simple_switch target-specific state
[14:57:24.389] [bmv2] [D] [thread 6907] resetting PRE state
[14:57:24.424] [bmv2] [T] [thread 6907] bm_register_write
[14:57:24.424] [bmv2] [T] [thread 6907] bm_table_add_entry
[14:57:24.424] [bmv2] [D] [thread 6907] Entry 0 added to table 'MyIngress.len_primary_path'
[14:57:24.424] [bmv2] [D] [thread 6907] Dumping entry 0
Match key:
* hdr.pathHops.path_id: EXACT     00000000
Action entry: MyIngress.read_len_primary_path - 0,

[14:57:24.426] [bmv2] [T] [thread 6907] bm_register_write
[14:57:24.427] [bmv2] [T] [thread 6907] bm_register_write
[14:57:24.427] [bmv2] [T] [thread 6907] bm_register_write
[14:57:33.846] [bmv2] [T] [thread 6993] bm_get_config
[14:57:33.847] [bmv2] [T] [thread 6993] bm_mt_get_entries
[14:57:33.847] [bmv2] [T] [thread 6993] bm_mt_get_entries
[14:57:33.876] [bmv2] [T] [thread 6993] bm_reset_state
[14:57:33.878] [bmv2] [D] [thread 6993] Resetting simple_switch target-specific state
[14:57:33.878] [bmv2] [D] [thread 6993] resetting PRE state
[14:57:33.912] [bmv2] [T] [thread 6993] bm_register_write
[14:57:33.913] [bmv2] [T] [thread 6993] bm_table_add_entry
[14:57:33.913] [bmv2] [D] [thread 6993] Entry 0 added to table 'MyIngress.len_primary_path'
[14:57:33.913] [bmv2] [D] [thread 6993] Dumping entry 0
Match key:
* hdr.pathHops.path_id: EXACT     00000000
Action entry: MyIngress.read_len_primary_path - 0,

[14:57:33.921] [bmv2] [T] [thread 6993] bm_register_write
[14:57:33.921] [bmv2] [T] [thread 6993] bm_register_write
[14:57:33.921] [bmv2] [T] [thread 6993] bm_register_write
[14:57:53.626] [bmv2] [T] [thread 7077] bm_get_config
[14:57:53.626] [bmv2] [T] [thread 7077] bm_mt_get_entries
[14:57:53.627] [bmv2] [T] [thread 7077] bm_mt_get_entries
[14:57:53.655] [bmv2] [T] [thread 7077] bm_reset_state
[14:57:53.660] [bmv2] [D] [thread 7077] Resetting simple_switch target-specific state
[14:57:53.660] [bmv2] [D] [thread 7077] resetting PRE state
[14:57:53.693] [bmv2] [T] [thread 7077] bm_register_write
[14:57:53.693] [bmv2] [T] [thread 7077] bm_table_add_entry
[14:57:53.693] [bmv2] [D] [thread 7077] Entry 0 added to table 'MyIngress.len_primary_path'
[14:57:53.693] [bmv2] [D] [thread 7077] Dumping entry 0
Match key:
* hdr.pathHops.path_id: EXACT     00000000
Action entry: MyIngress.read_len_primary_path - 0,

[14:57:53.695] [bmv2] [T] [thread 7077] bm_register_write
[14:57:53.695] [bmv2] [T] [thread 7077] bm_register_write
[14:57:53.695] [bmv2] [T] [thread 7077] bm_register_write
[14:58:25.896] [bmv2] [T] [thread 7162] bm_get_config
[14:58:25.896] [bmv2] [T] [thread 7162] bm_mt_get_entries
[14:58:25.897] [bmv2] [T] [thread 7162] bm_mt_get_entries
[14:58:25.927] [bmv2] [T] [thread 7162] bm_reset_state
[14:58:25.933] [bmv2] [D] [thread 7162] Resetting simple_switch target-specific state
[14:58:25.933] [bmv2] [D] [thread 7162] resetting PRE state
[14:58:25.985] [bmv2] [T] [thread 7162] bm_register_write
[14:58:25.986] [bmv2] [T] [thread 7162] bm_table_add_entry
[14:58:25.986] [bmv2] [D] [thread 7162] Entry 0 added to table 'MyIngress.len_primary_path'
[14:58:25.986] [bmv2] [D] [thread 7162] Dumping entry 0
Match key:
* hdr.pathHops.path_id: EXACT     00000000
Action entry: MyIngress.read_len_primary_path - 0,

[14:58:25.991] [bmv2] [T] [thread 7162] bm_register_write
[14:58:25.991] [bmv2] [T] [thread 7162] bm_register_write
[14:58:25.991] [bmv2] [T] [thread 7162] bm_register_write
[14:59:46.616] [bmv2] [T] [thread 7247] bm_get_config
[14:59:46.617] [bmv2] [T] [thread 7247] bm_mt_get_entries
[14:59:46.617] [bmv2] [T] [thread 7247] bm_mt_get_entries
[14:59:46.645] [bmv2] [T] [thread 7247] bm_reset_state
[14:59:46.650] [bmv2] [D] [thread 7247] Resetting simple_switch target-specific state
[14:59:46.650] [bmv2] [D] [thread 7247] resetting PRE state
[14:59:46.688] [bmv2] [T] [thread 7247] bm_register_write
[14:59:46.688] [bmv2] [T] [thread 7247] bm_table_add_entry
[14:59:46.689] [bmv2] [D] [thread 7247] Entry 0 added to table 'MyIngress.len_primary_path'
[14:59:46.689] [bmv2] [D] [thread 7247] Dumping entry 0
Match key:
* hdr.pathHops.path_id: EXACT     00000000
Action entry: MyIngress.read_len_primary_path - 0,

[14:59:46.697] [bmv2] [T] [thread 7247] bm_register_write
[14:59:46.698] [bmv2] [T] [thread 7247] bm_register_write
[14:59:46.698] [bmv2] [T] [thread 7247] bm_register_write
[15:00:19.012] [bmv2] [T] [thread 7337] bm_get_config
[15:00:19.012] [bmv2] [T] [thread 7337] bm_mt_get_entries
[15:00:19.013] [bmv2] [T] [thread 7337] bm_mt_get_entries
[15:00:19.040] [bmv2] [T] [thread 7337] bm_reset_state
[15:00:19.043] [bmv2] [D] [thread 7337] Resetting simple_switch target-specific state
[15:00:19.043] [bmv2] [D] [thread 7337] resetting PRE state
[15:00:19.069] [bmv2] [T] [thread 7337] bm_register_write
[15:00:19.069] [bmv2] [T] [thread 7337] bm_table_add_entry
[15:00:19.069] [bmv2] [D] [thread 7337] Entry 0 added to table 'MyIngress.len_primary_path'
[15:00:19.069] [bmv2] [D] [thread 7337] Dumping entry 0
Match key:
* hdr.pathHops.path_id: EXACT     00000000
Action entry: MyIngress.read_len_primary_path - 0,

[15:00:19.072] [bmv2] [T] [thread 7337] bm_register_write
[15:00:19.072] [bmv2] [T] [thread 7337] bm_register_write
[15:00:19.072] [bmv2] [T] [thread 7337] bm_register_write
[15:00:33.759] [bmv2] [T] [thread 7456] bm_get_config
[15:00:33.759] [bmv2] [T] [thread 7456] bm_mt_get_entries
[15:00:33.760] [bmv2] [T] [thread 7456] bm_mt_get_entries
[15:00:33.788] [bmv2] [T] [thread 7456] bm_reset_state
[15:00:33.790] [bmv2] [D] [thread 7456] Resetting simple_switch target-specific state
[15:00:33.790] [bmv2] [D] [thread 7456] resetting PRE state
[15:00:33.806] [bmv2] [T] [thread 7456] bm_register_write
[15:00:33.807] [bmv2] [T] [thread 7456] bm_table_add_entry
[15:00:33.807] [bmv2] [D] [thread 7456] Entry 0 added to table 'MyIngress.len_primary_path'
[15:00:33.807] [bmv2] [D] [thread 7456] Dumping entry 0
Match key:
* hdr.pathHops.path_id: EXACT     00000000
Action entry: MyIngress.read_len_primary_path - 0,

[15:00:33.809] [bmv2] [T] [thread 7456] bm_register_write
[15:00:33.809] [bmv2] [T] [thread 7456] bm_register_write
[15:00:33.809] [bmv2] [T] [thread 7456] bm_register_write
[15:00:46.018] [bmv2] [T] [thread 7578] bm_get_config
[15:00:46.018] [bmv2] [T] [thread 7578] bm_mt_get_entries
[15:00:46.018] [bmv2] [T] [thread 7578] bm_mt_get_entries
[15:00:46.050] [bmv2] [T] [thread 7578] bm_reset_state
[15:00:46.055] [bmv2] [D] [thread 7578] Resetting simple_switch target-specific state
[15:00:46.055] [bmv2] [D] [thread 7578] resetting PRE state
[15:00:46.094] [bmv2] [T] [thread 7578] bm_register_write
[15:00:46.095] [bmv2] [T] [thread 7578] bm_table_add_entry
[15:00:46.095] [bmv2] [D] [thread 7578] Entry 0 added to table 'MyIngress.len_primary_path'
[15:00:46.095] [bmv2] [D] [thread 7578] Dumping entry 0
Match key:
* hdr.pathHops.path_id: EXACT     00000000
Action entry: MyIngress.read_len_primary_path - 0,

[15:00:46.102] [bmv2] [T] [thread 7578] bm_register_write
[15:00:46.103] [bmv2] [T] [thread 7578] bm_register_write
[15:00:46.105] [bmv2] [T] [thread 7578] bm_register_write
[15:00:56.089] [bmv2] [T] [thread 7699] bm_get_config
[15:00:56.090] [bmv2] [T] [thread 7699] bm_mt_get_entries
[15:00:56.090] [bmv2] [T] [thread 7699] bm_mt_get_entries
[15:00:56.121] [bmv2] [T] [thread 7699] bm_reset_state
[15:00:56.127] [bmv2] [D] [thread 7699] Resetting simple_switch target-specific state
[15:00:56.127] [bmv2] [D] [thread 7699] resetting PRE state
[15:00:56.166] [bmv2] [T] [thread 7699] bm_register_write
[15:00:56.166] [bmv2] [T] [thread 7699] bm_table_add_entry
[15:00:56.166] [bmv2] [D] [thread 7699] Entry 0 added to table 'MyIngress.len_primary_path'
[15:00:56.167] [bmv2] [D] [thread 7699] Dumping entry 0
Match key:
* hdr.pathHops.path_id: EXACT     00000000
Action entry: MyIngress.read_len_primary_path - 0,

[15:00:56.171] [bmv2] [T] [thread 7699] bm_register_write
[15:00:56.171] [bmv2] [T] [thread 7699] bm_register_write
[15:00:56.172] [bmv2] [T] [thread 7699] bm_register_write
[15:10:05.311] [bmv2] [T] [thread 7900] bm_get_config
[15:10:05.312] [bmv2] [T] [thread 7900] bm_mt_get_entries
[15:10:05.312] [bmv2] [T] [thread 7900] bm_mt_get_entries
[15:10:05.339] [bmv2] [T] [thread 7900] bm_reset_state
[15:10:05.342] [bmv2] [D] [thread 7900] Resetting simple_switch target-specific state
[15:10:05.342] [bmv2] [D] [thread 7900] resetting PRE state
[15:10:05.370] [bmv2] [T] [thread 7900] bm_register_write
[15:10:05.370] [bmv2] [T] [thread 7900] bm_table_add_entry
[15:10:05.370] [bmv2] [D] [thread 7900] Entry 0 added to table 'MyIngress.len_primary_path'
[15:10:05.370] [bmv2] [D] [thread 7900] Dumping entry 0
Match key:
* hdr.pathHops.path_id: EXACT     00000000
Action entry: MyIngress.read_len_primary_path - 0,

[15:10:05.372] [bmv2] [T] [thread 7900] bm_register_write
[15:10:05.372] [bmv2] [T] [thread 7900] bm_register_write
[15:10:05.373] [bmv2] [T] [thread 7900] bm_register_write
[15:11:36.805] [bmv2] [T] [thread 8083] bm_get_config
[15:11:36.805] [bmv2] [T] [thread 8083] bm_mt_get_entries
[15:11:36.806] [bmv2] [T] [thread 8083] bm_mt_get_entries
[15:11:36.833] [bmv2] [T] [thread 8083] bm_reset_state
[15:11:36.839] [bmv2] [D] [thread 8083] Resetting simple_switch target-specific state
[15:11:36.839] [bmv2] [D] [thread 8083] resetting PRE state
[15:11:36.873] [bmv2] [T] [thread 8083] bm_register_write
[15:11:36.873] [bmv2] [T] [thread 8083] bm_table_add_entry
[15:11:36.873] [bmv2] [D] [thread 8083] Entry 0 added to table 'MyIngress.len_primary_path'
[15:11:36.873] [bmv2] [D] [thread 8083] Dumping entry 0
Match key:
* hdr.pathHops.path_id: EXACT     00000000
Action entry: MyIngress.read_len_primary_path - 0,

[15:11:36.875] [bmv2] [T] [thread 8083] bm_register_write
[15:11:36.876] [bmv2] [T] [thread 8083] bm_register_write
[15:11:36.876] [bmv2] [T] [thread 8083] bm_register_write
[15:12:17.351] [bmv2] [T] [thread 8176] bm_get_config
[15:12:17.352] [bmv2] [T] [thread 8176] bm_mt_get_entries
[15:12:17.352] [bmv2] [T] [thread 8176] bm_mt_get_entries
[15:12:17.380] [bmv2] [T] [thread 8176] bm_reset_state
[15:12:17.382] [bmv2] [D] [thread 8176] Resetting simple_switch target-specific state
[15:12:17.382] [bmv2] [D] [thread 8176] resetting PRE state
[15:12:17.415] [bmv2] [T] [thread 8176] bm_register_write
[15:12:17.416] [bmv2] [T] [thread 8176] bm_table_add_entry
[15:12:17.416] [bmv2] [D] [thread 8176] Entry 0 added to table 'MyIngress.len_primary_path'
[15:12:17.416] [bmv2] [D] [thread 8176] Dumping entry 0
Match key:
* hdr.pathHops.path_id: EXACT     00000000
Action entry: MyIngress.read_len_primary_path - 0,

[15:12:17.423] [bmv2] [T] [thread 8176] bm_register_write
[15:12:17.430] [bmv2] [T] [thread 8176] bm_register_write
[15:12:17.430] [bmv2] [T] [thread 8176] bm_register_write
[15:13:15.243] [bmv2] [T] [thread 8268] bm_get_config
[15:13:15.243] [bmv2] [T] [thread 8268] bm_mt_get_entries
[15:13:15.243] [bmv2] [T] [thread 8268] bm_mt_get_entries
[15:13:15.271] [bmv2] [T] [thread 8268] bm_reset_state
[15:13:15.273] [bmv2] [D] [thread 8268] Resetting simple_switch target-specific state
[15:13:15.273] [bmv2] [D] [thread 8268] resetting PRE state
[15:13:15.309] [bmv2] [T] [thread 8268] bm_register_write
[15:13:15.311] [bmv2] [T] [thread 8268] bm_table_add_entry
[15:13:15.311] [bmv2] [D] [thread 8268] Entry 0 added to table 'MyIngress.len_primary_path'
[15:13:15.311] [bmv2] [D] [thread 8268] Dumping entry 0
Match key:
* hdr.pathHops.path_id: EXACT     00000000
Action entry: MyIngress.read_len_primary_path - 0,

[15:13:15.318] [bmv2] [T] [thread 8268] bm_register_write
[15:13:15.318] [bmv2] [T] [thread 8268] bm_register_write
[15:13:15.318] [bmv2] [T] [thread 8268] bm_register_write
[15:15:06.241] [bmv2] [T] [thread 8375] bm_get_config
[15:15:06.241] [bmv2] [T] [thread 8375] bm_mt_get_entries
[15:15:06.242] [bmv2] [T] [thread 8375] bm_mt_get_entries
[15:15:06.269] [bmv2] [T] [thread 8375] bm_reset_state
[15:15:06.274] [bmv2] [D] [thread 8375] Resetting simple_switch target-specific state
[15:15:06.274] [bmv2] [D] [thread 8375] resetting PRE state
[15:15:06.319] [bmv2] [T] [thread 8375] bm_register_write
[15:15:06.322] [bmv2] [T] [thread 8375] bm_table_add_entry
[15:15:06.323] [bmv2] [D] [thread 8375] Entry 0 added to table 'MyIngress.len_primary_path'
[15:15:06.323] [bmv2] [D] [thread 8375] Dumping entry 0
Match key:
* hdr.pathHops.path_id: EXACT     00000000
Action entry: MyIngress.read_len_primary_path - 0,

[15:15:06.330] [bmv2] [T] [thread 8375] bm_register_write
[15:15:06.330] [bmv2] [T] [thread 8375] bm_register_write
[15:15:06.332] [bmv2] [T] [thread 8375] bm_register_write
[15:15:38.958] [bmv2] [T] [thread 8466] bm_get_config
[15:15:38.958] [bmv2] [T] [thread 8466] bm_mt_get_entries
[15:15:38.959] [bmv2] [T] [thread 8466] bm_mt_get_entries
[15:15:38.987] [bmv2] [T] [thread 8466] bm_reset_state
[15:15:38.992] [bmv2] [D] [thread 8466] Resetting simple_switch target-specific state
[15:15:38.992] [bmv2] [D] [thread 8466] resetting PRE state
[15:15:39.032] [bmv2] [T] [thread 8466] bm_register_write
[15:15:39.033] [bmv2] [T] [thread 8466] bm_table_add_entry
[15:15:39.033] [bmv2] [D] [thread 8466] Entry 0 added to table 'MyIngress.len_primary_path'
[15:15:39.033] [bmv2] [D] [thread 8466] Dumping entry 0
Match key:
* hdr.pathHops.path_id: EXACT     00000000
Action entry: MyIngress.read_len_primary_path - 0,

[15:15:39.042] [bmv2] [T] [thread 8466] bm_register_write
[15:15:39.043] [bmv2] [T] [thread 8466] bm_register_write
[15:15:39.043] [bmv2] [T] [thread 8466] bm_register_write
[15:20:28.076] [bmv2] [T] [thread 8563] bm_get_config
[15:20:28.077] [bmv2] [T] [thread 8563] bm_mt_get_entries
[15:20:28.077] [bmv2] [T] [thread 8563] bm_mt_get_entries
[15:20:28.108] [bmv2] [T] [thread 8563] bm_reset_state
[15:20:28.114] [bmv2] [D] [thread 8563] Resetting simple_switch target-specific state
[15:20:28.114] [bmv2] [D] [thread 8563] resetting PRE state
[15:20:28.154] [bmv2] [T] [thread 8563] bm_register_write
[15:20:28.155] [bmv2] [T] [thread 8563] bm_table_add_entry
[15:20:28.155] [bmv2] [D] [thread 8563] Entry 0 added to table 'MyIngress.len_primary_path'
[15:20:28.155] [bmv2] [D] [thread 8563] Dumping entry 0
Match key:
* hdr.pathHops.path_id: EXACT     00000000
Action entry: MyIngress.read_len_primary_path - 0,

[15:20:28.158] [bmv2] [T] [thread 8563] bm_register_write
[15:20:28.158] [bmv2] [T] [thread 8563] bm_register_write
[15:20:28.158] [bmv2] [T] [thread 8563] bm_register_write
[15:21:13.481] [bmv2] [T] [thread 8658] bm_get_config
[15:21:13.482] [bmv2] [T] [thread 8658] bm_mt_get_entries
[15:21:13.483] [bmv2] [T] [thread 8658] bm_mt_get_entries
[15:21:13.513] [bmv2] [T] [thread 8658] bm_reset_state
[15:21:13.518] [bmv2] [D] [thread 8658] Resetting simple_switch target-specific state
[15:21:13.518] [bmv2] [D] [thread 8658] resetting PRE state
[15:21:13.558] [bmv2] [T] [thread 8658] bm_register_write
[15:21:13.559] [bmv2] [T] [thread 8658] bm_table_add_entry
[15:21:13.560] [bmv2] [D] [thread 8658] Entry 0 added to table 'MyIngress.len_primary_path'
[15:21:13.560] [bmv2] [D] [thread 8658] Dumping entry 0
Match key:
* hdr.pathHops.path_id: EXACT     00000000
Action entry: MyIngress.read_len_primary_path - 0,

[15:21:13.571] [bmv2] [T] [thread 8658] bm_register_write
[15:21:13.571] [bmv2] [T] [thread 8658] bm_register_write
[15:21:13.571] [bmv2] [T] [thread 8658] bm_register_write
