Warning: you requested the nanomsg event logger, but bmv2 was compiled without -DBMELOG, and the event logger cannot be activated
Calling target program-options parser
[19:55:53.390] [bmv2] [D] [thread 3463] Set default default entry for table 'tbl_update_curr_path_size': MyIngress.update_curr_path_size - 
[19:55:53.390] [bmv2] [D] [thread 3463] Set default default entry for table 'tbl_fast_reroute99': fast_reroute99 - 
[19:55:53.390] [bmv2] [D] [thread 3463] Set default default entry for table 'tbl_fast_reroute125': fast_reroute125 - 
[19:55:53.390] [bmv2] [D] [thread 3463] Set default default entry for table 'tbl_fast_reroute127': fast_reroute127 - 
[19:55:53.390] [bmv2] [D] [thread 3463] Set default default entry for table 'tbl_fast_reroute130': fast_reroute130 - 
[19:55:53.390] [bmv2] [D] [thread 3463] Set default default entry for table 'tbl_fast_reroute132': fast_reroute132 - 
[19:55:53.390] [bmv2] [D] [thread 3463] Set default default entry for table 'MyIngress.len_path_size': NoAction - 
[19:55:53.390] [bmv2] [D] [thread 3463] Set default default entry for table 'tbl_clone_packet_i2e': MyIngress.clone_packet_i2e - 
[19:55:53.390] [bmv2] [D] [thread 3463] Set default default entry for table 'tbl_fast_reroute144': fast_reroute144 - 
[19:55:53.390] [bmv2] [D] [thread 3463] Set default default entry for table 'tbl_read_depot_port': MyIngress.read_depot_port - 
[19:55:53.390] [bmv2] [D] [thread 3463] Set default default entry for table 'tbl_fast_reroute158': fast_reroute158 - 
[19:55:53.390] [bmv2] [D] [thread 3463] Set default default entry for table 'tbl_reset_curr_path_size': MyIngress.reset_curr_path_size - 
[19:55:53.391] [bmv2] [D] [thread 3463] Set default default entry for table 'tbl_change_egress_port': MyEgress.change_egress_port - 
[19:55:53.391] [bmv2] [D] [thread 3463] Set default default entry for table 'tbl_increment_counter': MyEgress.increment_counter - 
Adding interface s45-eth1 as port 1
[19:55:53.394] [bmv2] [D] [thread 3463] Adding interface s45-eth1 as port 1
Adding interface s45-eth2 as port 2
[19:55:53.419] [bmv2] [D] [thread 3463] Adding interface s45-eth2 as port 2
[19:55:53.446] [bmv2] [I] [thread 3463] Starting Thrift server on port 9098
[19:55:53.446] [bmv2] [I] [thread 3463] Thrift server was started
[19:55:53.483] [bmv2] [D] [thread 3469] [0.0] [cxt 0] Processing packet received on port 1
[19:55:53.483] [bmv2] [D] [thread 3469] [0.0] [cxt 0] Parser 'parser': start
[19:55:53.483] [bmv2] [D] [thread 3469] [0.0] [cxt 0] Parser 'parser' entering state 'start'
[19:55:53.483] [bmv2] [D] [thread 3469] [0.0] [cxt 0] Extracting header 'ethernet'
[19:55:53.483] [bmv2] [D] [thread 3469] [0.0] [cxt 0] Parser state 'start': key is 86dd
[19:55:53.483] [bmv2] [T] [thread 3469] [0.0] [cxt 0] Bytes parsed: 14
[19:55:53.483] [bmv2] [D] [thread 3469] [0.0] [cxt 0] Parser 'parser': end
[19:55:53.483] [bmv2] [D] [thread 3469] [0.0] [cxt 0] Pipeline 'ingress': start
[19:55:53.483] [bmv2] [T] [thread 3469] [0.0] [cxt 0] /home/p4/git/master_degree_p4_unipampa/Patcher_v0/p4src/fast_reroute.p4(94) Condition "hdr.ipv4.isValid()" (node_2) is false
[19:55:53.483] [bmv2] [D] [thread 3469] [0.0] [cxt 0] Pipeline 'ingress': end
[19:55:53.483] [bmv2] [D] [thread 3469] [0.0] [cxt 0] Egress port is 0
[19:55:53.483] [bmv2] [D] [thread 3469] [1.0] [cxt 0] Processing packet received on port 1
[19:55:53.483] [bmv2] [D] [thread 3469] [1.0] [cxt 0] Parser 'parser': start
[19:55:53.483] [bmv2] [D] [thread 3469] [1.0] [cxt 0] Parser 'parser' entering state 'start'
[19:55:53.483] [bmv2] [D] [thread 3469] [1.0] [cxt 0] Extracting header 'ethernet'
[19:55:53.483] [bmv2] [D] [thread 3469] [1.0] [cxt 0] Parser state 'start': key is 86dd
[19:55:53.483] [bmv2] [T] [thread 3469] [1.0] [cxt 0] Bytes parsed: 14
[19:55:53.483] [bmv2] [D] [thread 3469] [1.0] [cxt 0] Parser 'parser': end
[19:55:53.483] [bmv2] [D] [thread 3469] [1.0] [cxt 0] Pipeline 'ingress': start
[19:55:53.483] [bmv2] [T] [thread 3469] [1.0] [cxt 0] /home/p4/git/master_degree_p4_unipampa/Patcher_v0/p4src/fast_reroute.p4(94) Condition "hdr.ipv4.isValid()" (node_2) is false
[19:55:53.483] [bmv2] [D] [thread 3469] [1.0] [cxt 0] Pipeline 'ingress': end
[19:55:53.483] [bmv2] [D] [thread 3469] [1.0] [cxt 0] Egress port is 0
[19:55:53.484] [bmv2] [D] [thread 3470] [0.0] [cxt 0] Pipeline 'egress': start
[19:55:53.484] [bmv2] [T] [thread 3470] [0.0] [cxt 0] /home/p4/git/master_degree_p4_unipampa/Patcher_v0/p4src/fast_reroute.p4(192) Condition "standard_metadata.instance_type == 1" (node_21) is false
[19:55:53.484] [bmv2] [D] [thread 3470] [0.0] [cxt 0] Pipeline 'egress': end
[19:55:53.484] [bmv2] [D] [thread 3470] [0.0] [cxt 0] Deparser 'deparser': start
[19:55:53.484] [bmv2] [T] [thread 3470] [0.0] [cxt 0] Skipping checksum 'cksum' update because condition not met
[19:55:53.484] [bmv2] [D] [thread 3470] [0.0] [cxt 0] Deparsing header 'ethernet'
[19:55:53.484] [bmv2] [D] [thread 3470] [0.0] [cxt 0] Deparser 'deparser': end
[19:55:53.484] [bmv2] [D] [thread 3470] [1.0] [cxt 0] Pipeline 'egress': start
[19:55:53.484] [bmv2] [T] [thread 3470] [1.0] [cxt 0] /home/p4/git/master_degree_p4_unipampa/Patcher_v0/p4src/fast_reroute.p4(192) Condition "standard_metadata.instance_type == 1" (node_21) is false
[19:55:53.484] [bmv2] [D] [thread 3470] [1.0] [cxt 0] Pipeline 'egress': end
[19:55:53.484] [bmv2] [D] [thread 3470] [1.0] [cxt 0] Deparser 'deparser': start
[19:55:53.484] [bmv2] [T] [thread 3470] [1.0] [cxt 0] Skipping checksum 'cksum' update because condition not met
[19:55:53.484] [bmv2] [D] [thread 3470] [1.0] [cxt 0] Deparsing header 'ethernet'
[19:55:53.484] [bmv2] [D] [thread 3470] [1.0] [cxt 0] Deparser 'deparser': end
[19:55:53.486] [bmv2] [D] [thread 3474] [0.0] [cxt 0] Transmitting packet of size 90 out of port 0
[19:55:53.486] [bmv2] [D] [thread 3474] [1.0] [cxt 0] Transmitting packet of size 70 out of port 0
[19:55:53.494] [bmv2] [D] [thread 3469] [2.0] [cxt 0] Processing packet received on port 1
[19:55:53.494] [bmv2] [D] [thread 3469] [2.0] [cxt 0] Parser 'parser': start
[19:55:53.494] [bmv2] [D] [thread 3469] [2.0] [cxt 0] Parser 'parser' entering state 'start'
[19:55:53.494] [bmv2] [D] [thread 3469] [2.0] [cxt 0] Extracting header 'ethernet'
[19:55:53.494] [bmv2] [D] [thread 3469] [2.0] [cxt 0] Parser state 'start': key is 86dd
[19:55:53.494] [bmv2] [T] [thread 3469] [2.0] [cxt 0] Bytes parsed: 14
[19:55:53.494] [bmv2] [D] [thread 3469] [2.0] [cxt 0] Parser 'parser': end
[19:55:53.494] [bmv2] [D] [thread 3469] [2.0] [cxt 0] Pipeline 'ingress': start
[19:55:53.494] [bmv2] [T] [thread 3469] [2.0] [cxt 0] /home/p4/git/master_degree_p4_unipampa/Patcher_v0/p4src/fast_reroute.p4(94) Condition "hdr.ipv4.isValid()" (node_2) is false
[19:55:53.494] [bmv2] [D] [thread 3469] [2.0] [cxt 0] Pipeline 'ingress': end
[19:55:53.494] [bmv2] [D] [thread 3469] [2.0] [cxt 0] Egress port is 0
[19:55:53.494] [bmv2] [D] [thread 3470] [2.0] [cxt 0] Pipeline 'egress': start
[19:55:53.494] [bmv2] [T] [thread 3470] [2.0] [cxt 0] /home/p4/git/master_degree_p4_unipampa/Patcher_v0/p4src/fast_reroute.p4(192) Condition "standard_metadata.instance_type == 1" (node_21) is false
[19:55:53.494] [bmv2] [D] [thread 3470] [2.0] [cxt 0] Pipeline 'egress': end
[19:55:53.494] [bmv2] [D] [thread 3470] [2.0] [cxt 0] Deparser 'deparser': start
[19:55:53.494] [bmv2] [T] [thread 3470] [2.0] [cxt 0] Skipping checksum 'cksum' update because condition not met
[19:55:53.494] [bmv2] [D] [thread 3470] [2.0] [cxt 0] Deparsing header 'ethernet'
[19:55:53.494] [bmv2] [D] [thread 3470] [2.0] [cxt 0] Deparser 'deparser': end
[19:55:53.498] [bmv2] [D] [thread 3474] [2.0] [cxt 0] Transmitting packet of size 90 out of port 0
[19:55:53.584] [bmv2] [D] [thread 3469] [3.0] [cxt 0] Processing packet received on port 1
[19:55:53.584] [bmv2] [D] [thread 3469] [3.0] [cxt 0] Parser 'parser': start
[19:55:53.584] [bmv2] [D] [thread 3469] [3.0] [cxt 0] Parser 'parser' entering state 'start'
[19:55:53.584] [bmv2] [D] [thread 3469] [3.0] [cxt 0] Extracting header 'ethernet'
[19:55:53.584] [bmv2] [D] [thread 3469] [3.0] [cxt 0] Parser state 'start': key is 86dd
[19:55:53.584] [bmv2] [T] [thread 3469] [3.0] [cxt 0] Bytes parsed: 14
[19:55:53.584] [bmv2] [D] [thread 3469] [3.0] [cxt 0] Parser 'parser': end
[19:55:53.584] [bmv2] [D] [thread 3469] [3.0] [cxt 0] Pipeline 'ingress': start
[19:55:53.584] [bmv2] [T] [thread 3469] [3.0] [cxt 0] /home/p4/git/master_degree_p4_unipampa/Patcher_v0/p4src/fast_reroute.p4(94) Condition "hdr.ipv4.isValid()" (node_2) is false
[19:55:53.584] [bmv2] [D] [thread 3469] [3.0] [cxt 0] Pipeline 'ingress': end
[19:55:53.584] [bmv2] [D] [thread 3469] [3.0] [cxt 0] Egress port is 0
[19:55:53.584] [bmv2] [D] [thread 3470] [3.0] [cxt 0] Pipeline 'egress': start
[19:55:53.584] [bmv2] [T] [thread 3470] [3.0] [cxt 0] /home/p4/git/master_degree_p4_unipampa/Patcher_v0/p4src/fast_reroute.p4(192) Condition "standard_metadata.instance_type == 1" (node_21) is false
[19:55:53.584] [bmv2] [D] [thread 3470] [3.0] [cxt 0] Pipeline 'egress': end
[19:55:53.584] [bmv2] [D] [thread 3470] [3.0] [cxt 0] Deparser 'deparser': start
[19:55:53.584] [bmv2] [T] [thread 3470] [3.0] [cxt 0] Skipping checksum 'cksum' update because condition not met
[19:55:53.584] [bmv2] [D] [thread 3470] [3.0] [cxt 0] Deparsing header 'ethernet'
[19:55:53.584] [bmv2] [D] [thread 3470] [3.0] [cxt 0] Deparser 'deparser': end
[19:55:53.584] [bmv2] [D] [thread 3474] [3.0] [cxt 0] Transmitting packet of size 125 out of port 0
[19:55:53.610] [bmv2] [D] [thread 3469] [4.0] [cxt 0] Processing packet received on port 1
[19:55:53.610] [bmv2] [D] [thread 3469] [4.0] [cxt 0] Parser 'parser': start
[19:55:53.610] [bmv2] [D] [thread 3469] [4.0] [cxt 0] Parser 'parser' entering state 'start'
[19:55:53.610] [bmv2] [D] [thread 3469] [4.0] [cxt 0] Extracting header 'ethernet'
[19:55:53.610] [bmv2] [D] [thread 3469] [4.0] [cxt 0] Parser state 'start': key is 86dd
[19:55:53.610] [bmv2] [T] [thread 3469] [4.0] [cxt 0] Bytes parsed: 14
[19:55:53.610] [bmv2] [D] [thread 3469] [4.0] [cxt 0] Parser 'parser': end
[19:55:53.610] [bmv2] [D] [thread 3469] [4.0] [cxt 0] Pipeline 'ingress': start
[19:55:53.610] [bmv2] [T] [thread 3469] [4.0] [cxt 0] /home/p4/git/master_degree_p4_unipampa/Patcher_v0/p4src/fast_reroute.p4(94) Condition "hdr.ipv4.isValid()" (node_2) is false
[19:55:53.610] [bmv2] [D] [thread 3469] [4.0] [cxt 0] Pipeline 'ingress': end
[19:55:53.610] [bmv2] [D] [thread 3469] [4.0] [cxt 0] Egress port is 0
[19:55:53.610] [bmv2] [D] [thread 3469] [5.0] [cxt 0] Processing packet received on port 1
[19:55:53.610] [bmv2] [D] [thread 3469] [5.0] [cxt 0] Parser 'parser': start
[19:55:53.610] [bmv2] [D] [thread 3469] [5.0] [cxt 0] Parser 'parser' entering state 'start'
[19:55:53.610] [bmv2] [D] [thread 3469] [5.0] [cxt 0] Extracting header 'ethernet'
[19:55:53.610] [bmv2] [D] [thread 3469] [5.0] [cxt 0] Parser state 'start': key is 86dd
[19:55:53.610] [bmv2] [T] [thread 3469] [5.0] [cxt 0] Bytes parsed: 14
[19:55:53.610] [bmv2] [D] [thread 3469] [5.0] [cxt 0] Parser 'parser': end
[19:55:53.610] [bmv2] [D] [thread 3469] [5.0] [cxt 0] Pipeline 'ingress': start
[19:55:53.610] [bmv2] [T] [thread 3469] [5.0] [cxt 0] /home/p4/git/master_degree_p4_unipampa/Patcher_v0/p4src/fast_reroute.p4(94) Condition "hdr.ipv4.isValid()" (node_2) is false
[19:55:53.610] [bmv2] [D] [thread 3469] [5.0] [cxt 0] Pipeline 'ingress': end
[19:55:53.610] [bmv2] [D] [thread 3469] [5.0] [cxt 0] Egress port is 0
[19:55:53.610] [bmv2] [D] [thread 3470] [4.0] [cxt 0] Pipeline 'egress': start
[19:55:53.610] [bmv2] [T] [thread 3470] [4.0] [cxt 0] /home/p4/git/master_degree_p4_unipampa/Patcher_v0/p4src/fast_reroute.p4(192) Condition "standard_metadata.instance_type == 1" (node_21) is false
[19:55:53.610] [bmv2] [D] [thread 3470] [4.0] [cxt 0] Pipeline 'egress': end
[19:55:53.610] [bmv2] [D] [thread 3470] [4.0] [cxt 0] Deparser 'deparser': start
[19:55:53.610] [bmv2] [T] [thread 3470] [4.0] [cxt 0] Skipping checksum 'cksum' update because condition not met
[19:55:53.610] [bmv2] [D] [thread 3470] [4.0] [cxt 0] Deparsing header 'ethernet'
[19:55:53.610] [bmv2] [D] [thread 3470] [4.0] [cxt 0] Deparser 'deparser': end
[19:55:53.610] [bmv2] [D] [thread 3470] [5.0] [cxt 0] Pipeline 'egress': start
[19:55:53.610] [bmv2] [T] [thread 3470] [5.0] [cxt 0] /home/p4/git/master_degree_p4_unipampa/Patcher_v0/p4src/fast_reroute.p4(192) Condition "standard_metadata.instance_type == 1" (node_21) is false
[19:55:53.610] [bmv2] [D] [thread 3470] [5.0] [cxt 0] Pipeline 'egress': end
[19:55:53.610] [bmv2] [D] [thread 3474] [4.0] [cxt 0] Transmitting packet of size 90 out of port 0
[19:55:53.610] [bmv2] [D] [thread 3470] [5.0] [cxt 0] Deparser 'deparser': start
[19:55:53.611] [bmv2] [T] [thread 3470] [5.0] [cxt 0] Skipping checksum 'cksum' update because condition not met
[19:55:53.611] [bmv2] [D] [thread 3470] [5.0] [cxt 0] Deparsing header 'ethernet'
[19:55:53.611] [bmv2] [D] [thread 3470] [5.0] [cxt 0] Deparser 'deparser': end
[19:55:53.611] [bmv2] [D] [thread 3474] [5.0] [cxt 0] Transmitting packet of size 70 out of port 0
[19:55:53.622] [bmv2] [D] [thread 3469] [6.0] [cxt 0] Processing packet received on port 1
[19:55:53.622] [bmv2] [D] [thread 3469] [6.0] [cxt 0] Parser 'parser': start
[19:55:53.622] [bmv2] [D] [thread 3469] [6.0] [cxt 0] Parser 'parser' entering state 'start'
[19:55:53.622] [bmv2] [D] [thread 3469] [6.0] [cxt 0] Extracting header 'ethernet'
[19:55:53.622] [bmv2] [D] [thread 3469] [6.0] [cxt 0] Parser state 'start': key is 86dd
[19:55:53.622] [bmv2] [T] [thread 3469] [6.0] [cxt 0] Bytes parsed: 14
[19:55:53.622] [bmv2] [D] [thread 3469] [6.0] [cxt 0] Parser 'parser': end
[19:55:53.622] [bmv2] [D] [thread 3469] [6.0] [cxt 0] Pipeline 'ingress': start
[19:55:53.622] [bmv2] [T] [thread 3469] [6.0] [cxt 0] /home/p4/git/master_degree_p4_unipampa/Patcher_v0/p4src/fast_reroute.p4(94) Condition "hdr.ipv4.isValid()" (node_2) is false
[19:55:53.622] [bmv2] [D] [thread 3469] [6.0] [cxt 0] Pipeline 'ingress': end
[19:55:53.622] [bmv2] [D] [thread 3469] [6.0] [cxt 0] Egress port is 0
[19:55:53.622] [bmv2] [D] [thread 3470] [6.0] [cxt 0] Pipeline 'egress': start
[19:55:53.622] [bmv2] [T] [thread 3470] [6.0] [cxt 0] /home/p4/git/master_degree_p4_unipampa/Patcher_v0/p4src/fast_reroute.p4(192) Condition "standard_metadata.instance_type == 1" (node_21) is false
[19:55:53.622] [bmv2] [D] [thread 3470] [6.0] [cxt 0] Pipeline 'egress': end
[19:55:53.622] [bmv2] [D] [thread 3470] [6.0] [cxt 0] Deparser 'deparser': start
[19:55:53.622] [bmv2] [T] [thread 3470] [6.0] [cxt 0] Skipping checksum 'cksum' update because condition not met
[19:55:53.622] [bmv2] [D] [thread 3470] [6.0] [cxt 0] Deparsing header 'ethernet'
[19:55:53.622] [bmv2] [D] [thread 3470] [6.0] [cxt 0] Deparser 'deparser': end
[19:55:53.622] [bmv2] [D] [thread 3474] [6.0] [cxt 0] Transmitting packet of size 90 out of port 0
[19:56:04.402] [bmv2] [T] [thread 3710] bm_get_config
[19:56:04.403] [bmv2] [T] [thread 3710] bm_mt_get_entries
[19:56:04.488] [bmv2] [T] [thread 3710] bm_reset_state
[19:56:04.492] [bmv2] [D] [thread 3710] Resetting simple_switch target-specific state
[19:56:04.492] [bmv2] [D] [thread 3710] resetting PRE state
[19:56:04.529] [bmv2] [T] [thread 3710] bm_reset_state
[19:56:04.532] [bmv2] [D] [thread 3710] Resetting simple_switch target-specific state
[19:56:04.532] [bmv2] [D] [thread 3710] resetting PRE state
[19:56:17.189] [bmv2] [T] [thread 3710] bm_reset_state
[19:56:17.192] [bmv2] [D] [thread 3710] Resetting simple_switch target-specific state
[19:56:17.192] [bmv2] [D] [thread 3710] resetting PRE state
open: No such file or directory
open: No such file or directory
