Warning: you requested the nanomsg event logger, but bmv2 was compiled without -DBMELOG, and the event logger cannot be activated
Calling target program-options parser
[13:13:35.775] [bmv2] [D] [thread 10257] Set default default entry for table 'MyIngress.ipv4_lpm': MyIngress.drop - 
[13:13:35.775] [bmv2] [D] [thread 10257] Set default default entry for table 'tbl_update_curr_path_size': MyIngress.update_curr_path_size - 
[13:13:35.775] [bmv2] [D] [thread 10257] Set default default entry for table 'tbl_fast_reroute126': fast_reroute126 - 
[13:13:35.775] [bmv2] [D] [thread 10257] Set default default entry for table 'tbl_read_alternativePort': MyIngress.read_alternativePort - 
[13:13:35.775] [bmv2] [D] [thread 10257] Set default default entry for table 'MyIngress.max_path_size': NoAction - 
[13:13:35.775] [bmv2] [D] [thread 10257] Set default default entry for table 'tbl_read_depot_port': MyIngress.read_depot_port - 
[13:13:35.775] [bmv2] [D] [thread 10257] Set default default entry for table 'tbl_fast_reroute141': fast_reroute141 - 
[13:13:35.775] [bmv2] [D] [thread 10257] Set default default entry for table 'tbl_reset_curr_path_size': MyIngress.reset_curr_path_size - 
Adding interface s6-eth1 as port 1
[13:13:35.777] [bmv2] [D] [thread 10257] Adding interface s6-eth1 as port 1
Adding interface s6-eth2 as port 2
[13:13:35.832] [bmv2] [D] [thread 10257] Adding interface s6-eth2 as port 2
Adding interface s6-eth3 as port 3
[13:13:35.877] [bmv2] [D] [thread 10257] Adding interface s6-eth3 as port 3
Adding interface s6-eth4 as port 4
[13:13:35.904] [bmv2] [D] [thread 10257] Adding interface s6-eth4 as port 4
[13:13:35.941] [bmv2] [I] [thread 10257] Starting Thrift server on port 9095
[13:13:35.942] [bmv2] [I] [thread 10257] Thrift server was started
[13:13:36.060] [bmv2] [D] [thread 10263] [0.0] [cxt 0] Processing packet received on port 3
[13:13:36.060] [bmv2] [D] [thread 10263] [0.0] [cxt 0] Parser 'parser': start
[13:13:36.060] [bmv2] [D] [thread 10263] [0.0] [cxt 0] Parser 'parser' entering state 'start'
[13:13:36.060] [bmv2] [D] [thread 10263] [0.0] [cxt 0] Extracting header 'ethernet'
[13:13:36.060] [bmv2] [D] [thread 10263] [0.0] [cxt 0] Parser state 'start': key is 86dd
[13:13:36.060] [bmv2] [T] [thread 10263] [0.0] [cxt 0] Bytes parsed: 14
[13:13:36.061] [bmv2] [D] [thread 10263] [0.0] [cxt 0] Parser 'parser': end
[13:13:36.061] [bmv2] [D] [thread 10263] [0.0] [cxt 0] Pipeline 'ingress': start
[13:13:36.061] [bmv2] [T] [thread 10263] [0.0] [cxt 0] /home/p4/git/master_degree_p4_unipampa/Patcher_v0/p4src/fast_reroute.p4(117) Condition "hdr.ipv4.isValid()" (node_2) is false
[13:13:36.061] [bmv2] [D] [thread 10263] [0.0] [cxt 0] Pipeline 'ingress': end
[13:13:36.061] [bmv2] [D] [thread 10263] [0.0] [cxt 0] Egress port is 0
[13:13:36.061] [bmv2] [D] [thread 10264] [0.0] [cxt 0] Pipeline 'egress': start
[13:13:36.061] [bmv2] [D] [thread 10264] [0.0] [cxt 0] Pipeline 'egress': end
[13:13:36.061] [bmv2] [D] [thread 10264] [0.0] [cxt 0] Deparser 'deparser': start
[13:13:36.061] [bmv2] [T] [thread 10264] [0.0] [cxt 0] Skipping checksum 'cksum' update because condition not met
[13:13:36.061] [bmv2] [D] [thread 10264] [0.0] [cxt 0] Deparsing header 'ethernet'
[13:13:36.061] [bmv2] [D] [thread 10264] [0.0] [cxt 0] Deparser 'deparser': end
[13:13:36.061] [bmv2] [D] [thread 10268] [0.0] [cxt 0] Transmitting packet of size 90 out of port 0
[14:14:07.533] [bmv2] [T] [thread 10536] bm_get_config
[14:14:07.534] [bmv2] [T] [thread 10536] bm_mt_get_entries
[14:14:07.534] [bmv2] [T] [thread 10536] bm_mt_get_entries
[14:14:07.553] [bmv2] [T] [thread 10536] bm_reset_state
[14:14:07.557] [bmv2] [D] [thread 10536] Resetting simple_switch target-specific state
[14:14:07.557] [bmv2] [D] [thread 10536] resetting PRE state
[14:14:07.565] [bmv2] [T] [thread 10536] bm_register_write
[14:14:07.566] [bmv2] [T] [thread 10536] bm_table_add_entry
[14:14:07.566] [bmv2] [D] [thread 10536] Entry 0 added to table 'MyIngress.max_path_size'
[14:14:07.566] [bmv2] [D] [thread 10536] Dumping entry 0
Match key:
* hdr.ipv4.dstAddr    : LPM       0a000102/24
Action entry: MyIngress.read_max_curr_path_size - 0,

[14:14:07.574] [bmv2] [T] [thread 10536] bm_register_write
[14:14:07.575] [bmv2] [T] [thread 10536] bm_table_add_entry
[14:14:07.575] [bmv2] [D] [thread 10536] Entry 0 added to table 'MyIngress.ipv4_lpm'
[14:14:07.575] [bmv2] [D] [thread 10536] Dumping entry 0
Match key:
* hdr.ipv4.dstAddr    : LPM       0a000102/24
Action entry: MyIngress.read_port - 0,

[14:14:10.182] [bmv2] [D] [thread 10263] [1.0] [cxt 0] Processing packet received on port 3
[14:14:10.182] [bmv2] [D] [thread 10263] [1.0] [cxt 0] Parser 'parser': start
[14:14:10.182] [bmv2] [D] [thread 10263] [1.0] [cxt 0] Parser 'parser' entering state 'start'
[14:14:10.182] [bmv2] [D] [thread 10263] [1.0] [cxt 0] Extracting header 'ethernet'
[14:14:10.182] [bmv2] [D] [thread 10263] [1.0] [cxt 0] Parser state 'start': key is 0800
[14:14:10.182] [bmv2] [T] [thread 10263] [1.0] [cxt 0] Bytes parsed: 14
[14:14:10.182] [bmv2] [D] [thread 10263] [1.0] [cxt 0] Parser 'parser' entering state 'parse_ipv4'
[14:14:10.182] [bmv2] [D] [thread 10263] [1.0] [cxt 0] Extracting header 'ipv4'
[14:14:10.182] [bmv2] [D] [thread 10263] [1.0] [cxt 0] Extracting header 'pathHops'
[14:14:10.182] [bmv2] [D] [thread 10263] [1.0] [cxt 0] Parser state 'parse_ipv4' has no switch, going to default next state
[14:14:10.182] [bmv2] [T] [thread 10263] [1.0] [cxt 0] Bytes parsed: 38
[14:14:10.182] [bmv2] [D] [thread 10263] [1.0] [cxt 0] Parser 'parser': end
[14:14:10.182] [bmv2] [D] [thread 10263] [1.0] [cxt 0] Pipeline 'ingress': start
[14:14:10.182] [bmv2] [T] [thread 10263] [1.0] [cxt 0] /home/p4/git/master_degree_p4_unipampa/Patcher_v0/p4src/fast_reroute.p4(117) Condition "hdr.ipv4.isValid()" (node_2) is true
[14:14:10.182] [bmv2] [T] [thread 10263] [1.0] [cxt 0] Applying table 'MyIngress.ipv4_lpm'
[14:14:10.182] [bmv2] [D] [thread 10263] [1.0] [cxt 0] Looking up key:
* hdr.ipv4.dstAddr    : 0a000102

[14:14:10.182] [bmv2] [D] [thread 10263] [1.0] [cxt 0] Table 'MyIngress.ipv4_lpm': hit with handle 0
[14:14:10.182] [bmv2] [D] [thread 10263] [1.0] [cxt 0] Dumping entry 0
Match key:
* hdr.ipv4.dstAddr    : LPM       0a000102/24
Action entry: MyIngress.read_port - 0,

[14:14:10.182] [bmv2] [D] [thread 10263] [1.0] [cxt 0] Action entry is MyIngress.read_port - 0,
[14:14:10.182] [bmv2] [T] [thread 10263] [1.0] [cxt 0] Action MyIngress.read_port
[14:14:10.182] [bmv2] [T] [thread 10263] [1.0] [cxt 0] /home/p4/git/master_degree_p4_unipampa/Patcher_v0/p4src/fast_reroute.p4(54) Primitive meta.indexPath = indexPath
[14:14:10.182] [bmv2] [T] [thread 10263] [1.0] [cxt 0] /home/p4/git/master_degree_p4_unipampa/Patcher_v0/p4src/fast_reroute.p4(56) Primitive primaryNH.read(meta.nextHop, meta.indexPath)
[14:14:10.182] [bmv2] [T] [thread 10263] [1.0] [cxt 0] Read register 'MyIngress.primaryNH' at index 0 read value 4
[14:14:10.182] [bmv2] [T] [thread 10263] [1.0] [cxt 0] /home/p4/git/master_degree_p4_unipampa/Patcher_v0/p4src/fast_reroute.p4(59) Primitive linkState.read(meta.linkState, meta.nextHop)
[14:14:10.182] [bmv2] [T] [thread 10263] [1.0] [cxt 0] Read register 'MyIngress.linkState' at index 4 read value 0
[14:14:10.182] [bmv2] [T] [thread 10263] [1.0] [cxt 0] Applying table 'tbl_update_curr_path_size'
[14:14:10.182] [bmv2] [D] [thread 10263] [1.0] [cxt 0] Looking up key:

[14:14:10.182] [bmv2] [D] [thread 10263] [1.0] [cxt 0] Table 'tbl_update_curr_path_size': miss
[14:14:10.182] [bmv2] [D] [thread 10263] [1.0] [cxt 0] Action entry is MyIngress.update_curr_path_size - 
[14:14:10.182] [bmv2] [T] [thread 10263] [1.0] [cxt 0] Action MyIngress.update_curr_path_size
[14:14:10.182] [bmv2] [T] [thread 10263] [1.0] [cxt 0] /home/p4/git/master_degree_p4_unipampa/Patcher_v0/p4src/fast_reroute.p4(73) Primitive currPathSize.read(meta.currPathSize, meta.indexPath)
[14:14:10.182] [bmv2] [T] [thread 10263] [1.0] [cxt 0] Read register 'MyIngress.currPathSize' at index 0 read value 0
[14:14:10.182] [bmv2] [T] [thread 10263] [1.0] [cxt 0] /home/p4/git/master_degree_p4_unipampa/Patcher_v0/p4src/fast_reroute.p4(74) Primitive meta.currPathSize + 1
[14:14:10.182] [bmv2] [T] [thread 10263] [1.0] [cxt 0] /home/p4/git/master_degree_p4_unipampa/Patcher_v0/p4src/fast_reroute.p4(74) Primitive currPathSize.write(meta.indexPath, meta.currPathSize + 1)
[14:14:10.182] [bmv2] [T] [thread 10263] [1.0] [cxt 0] Wrote register 'MyIngress.currPathSize' at index 0 with value 1
[14:14:10.182] [bmv2] [T] [thread 10263] [1.0] [cxt 0] /home/p4/git/master_degree_p4_unipampa/Patcher_v0/p4src/fast_reroute.p4(75) Primitive currPathSize.read(meta.currPathSize, meta.indexPath)
[14:14:10.182] [bmv2] [T] [thread 10263] [1.0] [cxt 0] Read register 'MyIngress.currPathSize' at index 0 read value 1
[14:14:10.182] [bmv2] [T] [thread 10263] [1.0] [cxt 0] /home/p4/git/master_degree_p4_unipampa/Patcher_v0/p4src/fast_reroute.p4(76) Primitive hdr.pathHops.currHop = hdr.pathHops.currHop + 1
[14:14:10.182] [bmv2] [T] [thread 10263] [1.0] [cxt 0] Applying table 'tbl_fast_reroute126'
[14:14:10.182] [bmv2] [D] [thread 10263] [1.0] [cxt 0] Looking up key:

[14:14:10.182] [bmv2] [D] [thread 10263] [1.0] [cxt 0] Table 'tbl_fast_reroute126': miss
[14:14:10.182] [bmv2] [D] [thread 10263] [1.0] [cxt 0] Action entry is fast_reroute126 - 
[14:14:10.182] [bmv2] [T] [thread 10263] [1.0] [cxt 0] Action fast_reroute126
[14:14:10.182] [bmv2] [T] [thread 10263] [1.0] [cxt 0] /home/p4/git/master_degree_p4_unipampa/Patcher_v0/p4src/fast_reroute.p4(126) Primitive standard_metadata.egress_spec = (bit<9>) meta.nextHop
[14:14:10.182] [bmv2] [T] [thread 10263] [1.0] [cxt 0] /home/p4/git/master_degree_p4_unipampa/Patcher_v0/p4src/fast_reroute.p4(129) Condition "meta.linkState > 0" (node_6) is false
[14:14:10.182] [bmv2] [T] [thread 10263] [1.0] [cxt 0] Applying table 'MyIngress.max_path_size'
[14:14:10.182] [bmv2] [D] [thread 10263] [1.0] [cxt 0] Looking up key:
* hdr.ipv4.dstAddr    : 0a000102

[14:14:10.182] [bmv2] [D] [thread 10263] [1.0] [cxt 0] Table 'MyIngress.max_path_size': hit with handle 0
[14:14:10.182] [bmv2] [D] [thread 10263] [1.0] [cxt 0] Dumping entry 0
Match key:
* hdr.ipv4.dstAddr    : LPM       0a000102/24
Action entry: MyIngress.read_max_curr_path_size - 0,

[14:14:10.182] [bmv2] [D] [thread 10263] [1.0] [cxt 0] Action entry is MyIngress.read_max_curr_path_size - 0,
[14:14:10.182] [bmv2] [T] [thread 10263] [1.0] [cxt 0] Action MyIngress.read_max_curr_path_size
[14:14:10.182] [bmv2] [T] [thread 10263] [1.0] [cxt 0] /home/p4/git/master_degree_p4_unipampa/Patcher_v0/p4src/fast_reroute.p4(68) Primitive meta.indexPath = indexPath
[14:14:10.182] [bmv2] [T] [thread 10263] [1.0] [cxt 0] /home/p4/git/master_degree_p4_unipampa/Patcher_v0/p4src/fast_reroute.p4(69) Primitive maxPathSize.read(meta.maxPathSize, meta.indexPath)
[14:14:10.182] [bmv2] [T] [thread 10263] [1.0] [cxt 0] Read register 'MyIngress.maxPathSize' at index 0 read value 7
[14:14:10.182] [bmv2] [T] [thread 10263] [1.0] [cxt 0] /home/p4/git/master_degree_p4_unipampa/Patcher_v0/p4src/fast_reroute.p4(139) Condition "hdr.pathHops.currHop == meta.maxPathSize" (node_9) is false
[14:14:10.182] [bmv2] [D] [thread 10263] [1.0] [cxt 0] Pipeline 'ingress': end
[14:14:10.182] [bmv2] [D] [thread 10263] [1.0] [cxt 0] Egress port is 4
[14:14:10.182] [bmv2] [D] [thread 10264] [1.0] [cxt 0] Pipeline 'egress': start
[14:14:10.182] [bmv2] [D] [thread 10264] [1.0] [cxt 0] Pipeline 'egress': end
[14:14:10.182] [bmv2] [D] [thread 10264] [1.0] [cxt 0] Deparser 'deparser': start
[14:14:10.182] [bmv2] [D] [thread 10264] [1.0] [cxt 0] Updating checksum 'cksum'
[14:14:10.182] [bmv2] [D] [thread 10264] [1.0] [cxt 0] Deparsing header 'ethernet'
[14:14:10.182] [bmv2] [D] [thread 10264] [1.0] [cxt 0] Deparsing header 'ipv4'
[14:14:10.182] [bmv2] [D] [thread 10264] [1.0] [cxt 0] Deparsing header 'pathHops'
[14:14:10.182] [bmv2] [D] [thread 10264] [1.0] [cxt 0] Deparser 'deparser': end
[14:14:10.182] [bmv2] [D] [thread 10268] [1.0] [cxt 0] Transmitting packet of size 38 out of port 4
[14:25:00.485] [bmv2] [T] [thread 10681] bm_get_config
[14:25:00.486] [bmv2] [T] [thread 10681] bm_mt_get_entries
[14:25:00.486] [bmv2] [T] [thread 10681] bm_mt_get_entries
[14:25:00.516] [bmv2] [T] [thread 10681] bm_reset_state
[14:25:00.522] [bmv2] [D] [thread 10681] Resetting simple_switch target-specific state
[14:25:00.522] [bmv2] [D] [thread 10681] resetting PRE state
[14:25:00.533] [bmv2] [T] [thread 10681] bm_register_write
[14:25:00.533] [bmv2] [T] [thread 10681] bm_table_add_entry
[14:25:00.533] [bmv2] [D] [thread 10681] Entry 0 added to table 'MyIngress.max_path_size'
[14:25:00.533] [bmv2] [D] [thread 10681] Dumping entry 0
Match key:
* hdr.ipv4.dstAddr    : LPM       0a000102/24
Action entry: MyIngress.read_max_curr_path_size - 0,

[14:25:00.543] [bmv2] [T] [thread 10681] bm_register_write
[14:25:00.544] [bmv2] [T] [thread 10681] bm_table_add_entry
[14:25:00.544] [bmv2] [D] [thread 10681] Entry 0 added to table 'MyIngress.ipv4_lpm'
[14:25:00.544] [bmv2] [D] [thread 10681] Dumping entry 0
Match key:
* hdr.ipv4.dstAddr    : LPM       0a000102/24
Action entry: MyIngress.read_port - 0,

[14:25:13.355] [bmv2] [T] [thread 10720] bm_get_config
[14:25:13.355] [bmv2] [T] [thread 10720] bm_mt_get_entries
[14:25:13.356] [bmv2] [T] [thread 10720] bm_mt_get_entries
[14:25:13.375] [bmv2] [T] [thread 10720] bm_reset_state
[14:25:13.378] [bmv2] [D] [thread 10720] Resetting simple_switch target-specific state
[14:25:13.378] [bmv2] [D] [thread 10720] resetting PRE state
[14:25:13.421] [bmv2] [T] [thread 10720] bm_register_write
[14:25:13.421] [bmv2] [T] [thread 10720] bm_table_add_entry
[14:25:13.421] [bmv2] [D] [thread 10720] Entry 0 added to table 'MyIngress.max_path_size'
[14:25:13.421] [bmv2] [D] [thread 10720] Dumping entry 0
Match key:
* hdr.ipv4.dstAddr    : LPM       0a000102/24
Action entry: MyIngress.read_max_curr_path_size - 0,

[14:25:13.425] [bmv2] [T] [thread 10720] bm_register_write
[14:25:13.426] [bmv2] [T] [thread 10720] bm_table_add_entry
[14:25:13.426] [bmv2] [D] [thread 10720] Entry 0 added to table 'MyIngress.ipv4_lpm'
[14:25:13.426] [bmv2] [D] [thread 10720] Dumping entry 0
Match key:
* hdr.ipv4.dstAddr    : LPM       0a000102/24
Action entry: MyIngress.read_port - 0,

[14:25:50.827] [bmv2] [T] [thread 10786] bm_get_config
[14:25:50.828] [bmv2] [T] [thread 10786] bm_mt_get_entries
[14:25:50.828] [bmv2] [T] [thread 10786] bm_mt_get_entries
[14:25:50.843] [bmv2] [T] [thread 10786] bm_reset_state
[14:25:50.845] [bmv2] [D] [thread 10786] Resetting simple_switch target-specific state
[14:25:50.845] [bmv2] [D] [thread 10786] resetting PRE state
[14:25:50.852] [bmv2] [T] [thread 10786] bm_register_write
[14:25:50.853] [bmv2] [T] [thread 10786] bm_table_add_entry
[14:25:50.853] [bmv2] [D] [thread 10786] Entry 0 added to table 'MyIngress.max_path_size'
[14:25:50.853] [bmv2] [D] [thread 10786] Dumping entry 0
Match key:
* hdr.ipv4.dstAddr    : LPM       0a000102/24
Action entry: MyIngress.read_max_curr_path_size - 0,

[14:25:50.857] [bmv2] [T] [thread 10786] bm_register_write
[14:25:50.858] [bmv2] [T] [thread 10786] bm_table_add_entry
[14:25:50.858] [bmv2] [D] [thread 10786] Entry 0 added to table 'MyIngress.ipv4_lpm'
[14:25:50.858] [bmv2] [D] [thread 10786] Dumping entry 0
Match key:
* hdr.ipv4.dstAddr    : LPM       0a000102/24
Action entry: MyIngress.read_port - 0,

[14:27:45.896] [bmv2] [T] [thread 11015] bm_get_config
[14:27:45.897] [bmv2] [T] [thread 11015] bm_mt_get_entries
[14:27:45.897] [bmv2] [T] [thread 11015] bm_mt_get_entries
[14:27:45.912] [bmv2] [T] [thread 11015] bm_reset_state
[14:27:45.915] [bmv2] [D] [thread 11015] Resetting simple_switch target-specific state
[14:27:45.915] [bmv2] [D] [thread 11015] resetting PRE state
[14:27:45.923] [bmv2] [T] [thread 11015] bm_register_write
[14:27:45.923] [bmv2] [T] [thread 11015] bm_table_add_entry
[14:27:45.923] [bmv2] [D] [thread 11015] Entry 0 added to table 'MyIngress.max_path_size'
[14:27:45.923] [bmv2] [D] [thread 11015] Dumping entry 0
Match key:
* hdr.ipv4.dstAddr    : LPM       0a000102/24
Action entry: MyIngress.read_max_curr_path_size - 0,

[14:27:45.930] [bmv2] [T] [thread 11015] bm_register_write
[14:27:45.933] [bmv2] [T] [thread 11015] bm_table_add_entry
[14:27:45.933] [bmv2] [D] [thread 11015] Entry 0 added to table 'MyIngress.ipv4_lpm'
[14:27:45.933] [bmv2] [D] [thread 11015] Dumping entry 0
Match key:
* hdr.ipv4.dstAddr    : LPM       0a000102/24
Action entry: MyIngress.read_port - 0,

[14:27:51.417] [bmv2] [D] [thread 10263] [2.0] [cxt 0] Processing packet received on port 3
[14:27:51.417] [bmv2] [D] [thread 10263] [2.0] [cxt 0] Parser 'parser': start
[14:27:51.417] [bmv2] [D] [thread 10263] [2.0] [cxt 0] Parser 'parser' entering state 'start'
[14:27:51.417] [bmv2] [D] [thread 10263] [2.0] [cxt 0] Extracting header 'ethernet'
[14:27:51.417] [bmv2] [D] [thread 10263] [2.0] [cxt 0] Parser state 'start': key is 0800
[14:27:51.417] [bmv2] [T] [thread 10263] [2.0] [cxt 0] Bytes parsed: 14
[14:27:51.417] [bmv2] [D] [thread 10263] [2.0] [cxt 0] Parser 'parser' entering state 'parse_ipv4'
[14:27:51.417] [bmv2] [D] [thread 10263] [2.0] [cxt 0] Extracting header 'ipv4'
[14:27:51.417] [bmv2] [D] [thread 10263] [2.0] [cxt 0] Extracting header 'pathHops'
[14:27:51.417] [bmv2] [D] [thread 10263] [2.0] [cxt 0] Parser state 'parse_ipv4' has no switch, going to default next state
[14:27:51.417] [bmv2] [T] [thread 10263] [2.0] [cxt 0] Bytes parsed: 38
[14:27:51.417] [bmv2] [D] [thread 10263] [2.0] [cxt 0] Parser 'parser': end
[14:27:51.417] [bmv2] [D] [thread 10263] [2.0] [cxt 0] Pipeline 'ingress': start
[14:27:51.417] [bmv2] [T] [thread 10263] [2.0] [cxt 0] /home/p4/git/master_degree_p4_unipampa/Patcher_v0/p4src/fast_reroute.p4(117) Condition "hdr.ipv4.isValid()" (node_2) is true
[14:27:51.417] [bmv2] [T] [thread 10263] [2.0] [cxt 0] Applying table 'MyIngress.ipv4_lpm'
[14:27:51.417] [bmv2] [D] [thread 10263] [2.0] [cxt 0] Looking up key:
* hdr.ipv4.dstAddr    : 0a000102

[14:27:51.417] [bmv2] [D] [thread 10263] [2.0] [cxt 0] Table 'MyIngress.ipv4_lpm': hit with handle 0
[14:27:51.417] [bmv2] [D] [thread 10263] [2.0] [cxt 0] Dumping entry 0
Match key:
* hdr.ipv4.dstAddr    : LPM       0a000102/24
Action entry: MyIngress.read_port - 0,

[14:27:51.417] [bmv2] [D] [thread 10263] [2.0] [cxt 0] Action entry is MyIngress.read_port - 0,
[14:27:51.417] [bmv2] [T] [thread 10263] [2.0] [cxt 0] Action MyIngress.read_port
[14:27:51.417] [bmv2] [T] [thread 10263] [2.0] [cxt 0] /home/p4/git/master_degree_p4_unipampa/Patcher_v0/p4src/fast_reroute.p4(54) Primitive meta.indexPath = indexPath
[14:27:51.417] [bmv2] [T] [thread 10263] [2.0] [cxt 0] /home/p4/git/master_degree_p4_unipampa/Patcher_v0/p4src/fast_reroute.p4(56) Primitive primaryNH.read(meta.nextHop, meta.indexPath)
[14:27:51.417] [bmv2] [T] [thread 10263] [2.0] [cxt 0] Read register 'MyIngress.primaryNH' at index 0 read value 4
[14:27:51.417] [bmv2] [T] [thread 10263] [2.0] [cxt 0] /home/p4/git/master_degree_p4_unipampa/Patcher_v0/p4src/fast_reroute.p4(59) Primitive linkState.read(meta.linkState, meta.nextHop)
[14:27:51.417] [bmv2] [T] [thread 10263] [2.0] [cxt 0] Read register 'MyIngress.linkState' at index 4 read value 0
[14:27:51.417] [bmv2] [T] [thread 10263] [2.0] [cxt 0] Applying table 'tbl_update_curr_path_size'
[14:27:51.417] [bmv2] [D] [thread 10263] [2.0] [cxt 0] Looking up key:

[14:27:51.417] [bmv2] [D] [thread 10263] [2.0] [cxt 0] Table 'tbl_update_curr_path_size': miss
[14:27:51.417] [bmv2] [D] [thread 10263] [2.0] [cxt 0] Action entry is MyIngress.update_curr_path_size - 
[14:27:51.417] [bmv2] [T] [thread 10263] [2.0] [cxt 0] Action MyIngress.update_curr_path_size
[14:27:51.417] [bmv2] [T] [thread 10263] [2.0] [cxt 0] /home/p4/git/master_degree_p4_unipampa/Patcher_v0/p4src/fast_reroute.p4(73) Primitive currPathSize.read(meta.currPathSize, meta.indexPath)
[14:27:51.417] [bmv2] [T] [thread 10263] [2.0] [cxt 0] Read register 'MyIngress.currPathSize' at index 0 read value 0
[14:27:51.417] [bmv2] [T] [thread 10263] [2.0] [cxt 0] /home/p4/git/master_degree_p4_unipampa/Patcher_v0/p4src/fast_reroute.p4(74) Primitive meta.currPathSize + 1
[14:27:51.417] [bmv2] [T] [thread 10263] [2.0] [cxt 0] /home/p4/git/master_degree_p4_unipampa/Patcher_v0/p4src/fast_reroute.p4(74) Primitive currPathSize.write(meta.indexPath, meta.currPathSize + 1)
[14:27:51.417] [bmv2] [T] [thread 10263] [2.0] [cxt 0] Wrote register 'MyIngress.currPathSize' at index 0 with value 1
[14:27:51.417] [bmv2] [T] [thread 10263] [2.0] [cxt 0] /home/p4/git/master_degree_p4_unipampa/Patcher_v0/p4src/fast_reroute.p4(75) Primitive currPathSize.read(meta.currPathSize, meta.indexPath)
[14:27:51.417] [bmv2] [T] [thread 10263] [2.0] [cxt 0] Read register 'MyIngress.currPathSize' at index 0 read value 1
[14:27:51.417] [bmv2] [T] [thread 10263] [2.0] [cxt 0] /home/p4/git/master_degree_p4_unipampa/Patcher_v0/p4src/fast_reroute.p4(76) Primitive hdr.pathHops.currHop = hdr.pathHops.currHop + 1
[14:27:51.417] [bmv2] [T] [thread 10263] [2.0] [cxt 0] Applying table 'tbl_fast_reroute126'
[14:27:51.417] [bmv2] [D] [thread 10263] [2.0] [cxt 0] Looking up key:

[14:27:51.417] [bmv2] [D] [thread 10263] [2.0] [cxt 0] Table 'tbl_fast_reroute126': miss
[14:27:51.417] [bmv2] [D] [thread 10263] [2.0] [cxt 0] Action entry is fast_reroute126 - 
[14:27:51.417] [bmv2] [T] [thread 10263] [2.0] [cxt 0] Action fast_reroute126
[14:27:51.417] [bmv2] [T] [thread 10263] [2.0] [cxt 0] /home/p4/git/master_degree_p4_unipampa/Patcher_v0/p4src/fast_reroute.p4(126) Primitive standard_metadata.egress_spec = (bit<9>) meta.nextHop
[14:27:51.417] [bmv2] [T] [thread 10263] [2.0] [cxt 0] /home/p4/git/master_degree_p4_unipampa/Patcher_v0/p4src/fast_reroute.p4(129) Condition "meta.linkState > 0" (node_6) is false
[14:27:51.417] [bmv2] [T] [thread 10263] [2.0] [cxt 0] Applying table 'MyIngress.max_path_size'
[14:27:51.417] [bmv2] [D] [thread 10263] [2.0] [cxt 0] Looking up key:
* hdr.ipv4.dstAddr    : 0a000102

[14:27:51.417] [bmv2] [D] [thread 10263] [2.0] [cxt 0] Table 'MyIngress.max_path_size': hit with handle 0
[14:27:51.417] [bmv2] [D] [thread 10263] [2.0] [cxt 0] Dumping entry 0
Match key:
* hdr.ipv4.dstAddr    : LPM       0a000102/24
Action entry: MyIngress.read_max_curr_path_size - 0,

[14:27:51.417] [bmv2] [D] [thread 10263] [2.0] [cxt 0] Action entry is MyIngress.read_max_curr_path_size - 0,
[14:27:51.417] [bmv2] [T] [thread 10263] [2.0] [cxt 0] Action MyIngress.read_max_curr_path_size
[14:27:51.417] [bmv2] [T] [thread 10263] [2.0] [cxt 0] /home/p4/git/master_degree_p4_unipampa/Patcher_v0/p4src/fast_reroute.p4(68) Primitive meta.indexPath = indexPath
[14:27:51.417] [bmv2] [T] [thread 10263] [2.0] [cxt 0] /home/p4/git/master_degree_p4_unipampa/Patcher_v0/p4src/fast_reroute.p4(69) Primitive maxPathSize.read(meta.maxPathSize, meta.indexPath)
[14:27:51.417] [bmv2] [T] [thread 10263] [2.0] [cxt 0] Read register 'MyIngress.maxPathSize' at index 0 read value 7
[14:27:51.417] [bmv2] [T] [thread 10263] [2.0] [cxt 0] /home/p4/git/master_degree_p4_unipampa/Patcher_v0/p4src/fast_reroute.p4(139) Condition "hdr.pathHops.currHop == meta.maxPathSize" (node_9) is false
[14:27:51.417] [bmv2] [D] [thread 10263] [2.0] [cxt 0] Pipeline 'ingress': end
[14:27:51.417] [bmv2] [D] [thread 10263] [2.0] [cxt 0] Egress port is 4
[14:27:51.417] [bmv2] [D] [thread 10264] [2.0] [cxt 0] Pipeline 'egress': start
[14:27:51.417] [bmv2] [D] [thread 10264] [2.0] [cxt 0] Pipeline 'egress': end
[14:27:51.417] [bmv2] [D] [thread 10264] [2.0] [cxt 0] Deparser 'deparser': start
[14:27:51.417] [bmv2] [D] [thread 10264] [2.0] [cxt 0] Updating checksum 'cksum'
[14:27:51.417] [bmv2] [D] [thread 10264] [2.0] [cxt 0] Deparsing header 'ethernet'
[14:27:51.417] [bmv2] [D] [thread 10264] [2.0] [cxt 0] Deparsing header 'ipv4'
[14:27:51.417] [bmv2] [D] [thread 10264] [2.0] [cxt 0] Deparsing header 'pathHops'
[14:27:51.417] [bmv2] [D] [thread 10264] [2.0] [cxt 0] Deparser 'deparser': end
[14:27:51.417] [bmv2] [D] [thread 10268] [2.0] [cxt 0] Transmitting packet of size 38 out of port 4
open: No such file or directory
