Warning: you requested the nanomsg event logger, but bmv2 was compiled without -DBMELOG, and the event logger cannot be activated
Calling target program-options parser
[14:15:19.764] [bmv2] [D] [thread 2840] Set default default entry for table 'tbl_update_curr_path_size': MyIngress.update_curr_path_size - 
[14:15:19.765] [bmv2] [D] [thread 2840] Set default default entry for table 'MyIngress.len_primary_path': NoAction - 
[14:15:19.765] [bmv2] [D] [thread 2840] Set default default entry for table 'MyIngress.len_alternative_path': NoAction - 
[14:15:19.765] [bmv2] [D] [thread 2840] Set default default entry for table 'tbl_fast_reroute121': fast_reroute121 - 
[14:15:19.765] [bmv2] [D] [thread 2840] Set default default entry for table 'tbl_read_depot_port': MyIngress.read_depot_port - 
[14:15:19.765] [bmv2] [D] [thread 2840] Set default default entry for table 'tbl_fast_reroute148': fast_reroute148 - 
[14:15:19.765] [bmv2] [D] [thread 2840] Set default default entry for table 'tbl_reset_curr_path_size': MyIngress.reset_curr_path_size - 
Adding interface s3-eth1 as port 1
[14:15:19.773] [bmv2] [D] [thread 2840] Adding interface s3-eth1 as port 1
Adding interface s3-eth2 as port 2
[14:15:19.799] [bmv2] [D] [thread 2840] Adding interface s3-eth2 as port 2
Adding interface s3-eth3 as port 3
[14:15:19.809] [bmv2] [D] [thread 2840] Adding interface s3-eth3 as port 3
Adding interface s3-eth4 as port 4
[14:15:19.847] [bmv2] [D] [thread 2840] Adding interface s3-eth4 as port 4
[14:15:19.863] [bmv2] [I] [thread 2840] Starting Thrift server on port 9092
[14:15:19.864] [bmv2] [I] [thread 2840] Thrift server was started
[14:15:19.865] [bmv2] [D] [thread 2887] [0.0] [cxt 0] Processing packet received on port 1
[14:15:19.865] [bmv2] [D] [thread 2887] [0.0] [cxt 0] Parser 'parser': start
[14:15:19.865] [bmv2] [D] [thread 2887] [0.0] [cxt 0] Parser 'parser' entering state 'start'
[14:15:19.865] [bmv2] [D] [thread 2887] [0.0] [cxt 0] Extracting header 'ethernet'
[14:15:19.865] [bmv2] [D] [thread 2887] [0.0] [cxt 0] Parser state 'start': key is 86dd
[14:15:19.865] [bmv2] [T] [thread 2887] [0.0] [cxt 0] Bytes parsed: 14
[14:15:19.865] [bmv2] [D] [thread 2887] [0.0] [cxt 0] Parser 'parser': end
[14:15:19.865] [bmv2] [D] [thread 2887] [0.0] [cxt 0] Pipeline 'ingress': start
[14:15:19.865] [bmv2] [T] [thread 2887] [0.0] [cxt 0] /home/p4/git/master_degree_p4_unipampa/Patcher_v0/p4src/fast_reroute.p4(110) Condition "hdr.ipv4.isValid()" (node_2) is false
[14:15:19.865] [bmv2] [D] [thread 2887] [0.0] [cxt 0] Pipeline 'ingress': end
[14:15:19.865] [bmv2] [D] [thread 2887] [0.0] [cxt 0] Egress port is 0
[14:15:19.865] [bmv2] [D] [thread 2887] [1.0] [cxt 0] Processing packet received on port 1
[14:15:19.865] [bmv2] [D] [thread 2887] [1.0] [cxt 0] Parser 'parser': start
[14:15:19.865] [bmv2] [D] [thread 2887] [1.0] [cxt 0] Parser 'parser' entering state 'start'
[14:15:19.865] [bmv2] [D] [thread 2887] [1.0] [cxt 0] Extracting header 'ethernet'
[14:15:19.865] [bmv2] [D] [thread 2887] [1.0] [cxt 0] Parser state 'start': key is 86dd
[14:15:19.865] [bmv2] [T] [thread 2887] [1.0] [cxt 0] Bytes parsed: 14
[14:15:19.865] [bmv2] [D] [thread 2887] [1.0] [cxt 0] Parser 'parser': end
[14:15:19.865] [bmv2] [D] [thread 2887] [1.0] [cxt 0] Pipeline 'ingress': start
[14:15:19.865] [bmv2] [T] [thread 2887] [1.0] [cxt 0] /home/p4/git/master_degree_p4_unipampa/Patcher_v0/p4src/fast_reroute.p4(110) Condition "hdr.ipv4.isValid()" (node_2) is false
[14:15:19.865] [bmv2] [D] [thread 2887] [1.0] [cxt 0] Pipeline 'ingress': end
[14:15:19.865] [bmv2] [D] [thread 2887] [1.0] [cxt 0] Egress port is 0
[14:15:19.865] [bmv2] [D] [thread 2888] [0.0] [cxt 0] Pipeline 'egress': start
[14:15:19.865] [bmv2] [D] [thread 2888] [0.0] [cxt 0] Pipeline 'egress': end
[14:15:19.865] [bmv2] [D] [thread 2888] [0.0] [cxt 0] Deparser 'deparser': start
[14:15:19.865] [bmv2] [T] [thread 2888] [0.0] [cxt 0] Skipping checksum 'cksum' update because condition not met
[14:15:19.865] [bmv2] [D] [thread 2888] [0.0] [cxt 0] Deparsing header 'ethernet'
[14:15:19.865] [bmv2] [D] [thread 2888] [0.0] [cxt 0] Deparser 'deparser': end
[14:15:19.865] [bmv2] [D] [thread 2888] [1.0] [cxt 0] Pipeline 'egress': start
[14:15:19.865] [bmv2] [D] [thread 2888] [1.0] [cxt 0] Pipeline 'egress': end
[14:15:19.865] [bmv2] [D] [thread 2888] [1.0] [cxt 0] Deparser 'deparser': start
[14:15:19.865] [bmv2] [T] [thread 2888] [1.0] [cxt 0] Skipping checksum 'cksum' update because condition not met
[14:15:19.865] [bmv2] [D] [thread 2888] [1.0] [cxt 0] Deparsing header 'ethernet'
[14:15:19.865] [bmv2] [D] [thread 2888] [1.0] [cxt 0] Deparser 'deparser': end
[14:15:19.865] [bmv2] [D] [thread 2892] [0.0] [cxt 0] Transmitting packet of size 90 out of port 0
[14:15:19.865] [bmv2] [D] [thread 2892] [1.0] [cxt 0] Transmitting packet of size 86 out of port 0
[14:15:19.867] [bmv2] [D] [thread 2887] [2.0] [cxt 0] Processing packet received on port 3
[14:15:19.867] [bmv2] [D] [thread 2887] [2.0] [cxt 0] Parser 'parser': start
[14:15:19.867] [bmv2] [D] [thread 2887] [2.0] [cxt 0] Parser 'parser' entering state 'start'
[14:15:19.867] [bmv2] [D] [thread 2887] [2.0] [cxt 0] Extracting header 'ethernet'
[14:15:19.867] [bmv2] [D] [thread 2887] [2.0] [cxt 0] Parser state 'start': key is 86dd
[14:15:19.867] [bmv2] [T] [thread 2887] [2.0] [cxt 0] Bytes parsed: 14
[14:15:19.867] [bmv2] [D] [thread 2887] [2.0] [cxt 0] Parser 'parser': end
[14:15:19.867] [bmv2] [D] [thread 2887] [2.0] [cxt 0] Pipeline 'ingress': start
[14:15:19.867] [bmv2] [T] [thread 2887] [2.0] [cxt 0] /home/p4/git/master_degree_p4_unipampa/Patcher_v0/p4src/fast_reroute.p4(110) Condition "hdr.ipv4.isValid()" (node_2) is false
[14:15:19.867] [bmv2] [D] [thread 2887] [2.0] [cxt 0] Pipeline 'ingress': end
[14:15:19.867] [bmv2] [D] [thread 2887] [2.0] [cxt 0] Egress port is 0
[14:15:19.867] [bmv2] [D] [thread 2888] [2.0] [cxt 0] Pipeline 'egress': start
[14:15:19.867] [bmv2] [D] [thread 2888] [2.0] [cxt 0] Pipeline 'egress': end
[14:15:19.867] [bmv2] [D] [thread 2888] [2.0] [cxt 0] Deparser 'deparser': start
[14:15:19.867] [bmv2] [T] [thread 2888] [2.0] [cxt 0] Skipping checksum 'cksum' update because condition not met
[14:15:19.867] [bmv2] [D] [thread 2888] [2.0] [cxt 0] Deparsing header 'ethernet'
[14:15:19.867] [bmv2] [D] [thread 2888] [2.0] [cxt 0] Deparser 'deparser': end
[14:15:19.867] [bmv2] [D] [thread 2892] [2.0] [cxt 0] Transmitting packet of size 90 out of port 0
[14:15:19.931] [bmv2] [D] [thread 2887] [3.0] [cxt 0] Processing packet received on port 4
[14:15:19.931] [bmv2] [D] [thread 2887] [3.0] [cxt 0] Parser 'parser': start
[14:15:19.931] [bmv2] [D] [thread 2887] [3.0] [cxt 0] Parser 'parser' entering state 'start'
[14:15:19.931] [bmv2] [D] [thread 2887] [3.0] [cxt 0] Extracting header 'ethernet'
[14:15:19.931] [bmv2] [D] [thread 2887] [3.0] [cxt 0] Parser state 'start': key is 86dd
[14:15:19.931] [bmv2] [T] [thread 2887] [3.0] [cxt 0] Bytes parsed: 14
[14:15:19.931] [bmv2] [D] [thread 2887] [3.0] [cxt 0] Parser 'parser': end
[14:15:19.931] [bmv2] [D] [thread 2887] [3.0] [cxt 0] Pipeline 'ingress': start
[14:15:19.931] [bmv2] [T] [thread 2887] [3.0] [cxt 0] /home/p4/git/master_degree_p4_unipampa/Patcher_v0/p4src/fast_reroute.p4(110) Condition "hdr.ipv4.isValid()" (node_2) is false
[14:15:19.931] [bmv2] [D] [thread 2887] [3.0] [cxt 0] Pipeline 'ingress': end
[14:15:19.931] [bmv2] [D] [thread 2887] [3.0] [cxt 0] Egress port is 0
[14:15:19.931] [bmv2] [D] [thread 2888] [3.0] [cxt 0] Pipeline 'egress': start
[14:15:19.931] [bmv2] [D] [thread 2888] [3.0] [cxt 0] Pipeline 'egress': end
[14:15:19.931] [bmv2] [D] [thread 2888] [3.0] [cxt 0] Deparser 'deparser': start
[14:15:19.931] [bmv2] [T] [thread 2888] [3.0] [cxt 0] Skipping checksum 'cksum' update because condition not met
[14:15:19.931] [bmv2] [D] [thread 2888] [3.0] [cxt 0] Deparsing header 'ethernet'
[14:15:19.931] [bmv2] [D] [thread 2888] [3.0] [cxt 0] Deparser 'deparser': end
[14:15:19.932] [bmv2] [D] [thread 2892] [3.0] [cxt 0] Transmitting packet of size 90 out of port 0
[14:15:20.027] [bmv2] [D] [thread 2887] [4.0] [cxt 0] Processing packet received on port 4
[14:15:20.027] [bmv2] [D] [thread 2887] [4.0] [cxt 0] Parser 'parser': start
[14:15:20.027] [bmv2] [D] [thread 2887] [4.0] [cxt 0] Parser 'parser' entering state 'start'
[14:15:20.027] [bmv2] [D] [thread 2887] [4.0] [cxt 0] Extracting header 'ethernet'
[14:15:20.027] [bmv2] [D] [thread 2887] [4.0] [cxt 0] Parser state 'start': key is 86dd
[14:15:20.027] [bmv2] [T] [thread 2887] [4.0] [cxt 0] Bytes parsed: 14
[14:15:20.027] [bmv2] [D] [thread 2887] [4.0] [cxt 0] Parser 'parser': end
[14:15:20.027] [bmv2] [D] [thread 2887] [4.0] [cxt 0] Pipeline 'ingress': start
[14:15:20.028] [bmv2] [T] [thread 2887] [4.0] [cxt 0] /home/p4/git/master_degree_p4_unipampa/Patcher_v0/p4src/fast_reroute.p4(110) Condition "hdr.ipv4.isValid()" (node_2) is false
[14:15:20.028] [bmv2] [D] [thread 2887] [4.0] [cxt 0] Pipeline 'ingress': end
[14:15:20.028] [bmv2] [D] [thread 2887] [4.0] [cxt 0] Egress port is 0
[14:15:20.028] [bmv2] [D] [thread 2888] [4.0] [cxt 0] Pipeline 'egress': start
[14:15:20.028] [bmv2] [D] [thread 2888] [4.0] [cxt 0] Pipeline 'egress': end
[14:15:20.028] [bmv2] [D] [thread 2888] [4.0] [cxt 0] Deparser 'deparser': start
[14:15:20.028] [bmv2] [T] [thread 2888] [4.0] [cxt 0] Skipping checksum 'cksum' update because condition not met
[14:15:20.028] [bmv2] [D] [thread 2888] [4.0] [cxt 0] Deparsing header 'ethernet'
[14:15:20.028] [bmv2] [D] [thread 2888] [4.0] [cxt 0] Deparser 'deparser': end
[14:15:20.028] [bmv2] [D] [thread 2892] [4.0] [cxt 0] Transmitting packet of size 90 out of port 0
[14:15:20.155] [bmv2] [D] [thread 2887] [5.0] [cxt 0] Processing packet received on port 2
[14:15:20.155] [bmv2] [D] [thread 2887] [5.0] [cxt 0] Parser 'parser': start
[14:15:20.155] [bmv2] [D] [thread 2887] [5.0] [cxt 0] Parser 'parser' entering state 'start'
[14:15:20.155] [bmv2] [D] [thread 2887] [5.0] [cxt 0] Extracting header 'ethernet'
[14:15:20.155] [bmv2] [D] [thread 2887] [5.0] [cxt 0] Parser state 'start': key is 86dd
[14:15:20.155] [bmv2] [T] [thread 2887] [5.0] [cxt 0] Bytes parsed: 14
[14:15:20.155] [bmv2] [D] [thread 2887] [5.0] [cxt 0] Parser 'parser': end
[14:15:20.155] [bmv2] [D] [thread 2887] [5.0] [cxt 0] Pipeline 'ingress': start
[14:15:20.155] [bmv2] [T] [thread 2887] [5.0] [cxt 0] /home/p4/git/master_degree_p4_unipampa/Patcher_v0/p4src/fast_reroute.p4(110) Condition "hdr.ipv4.isValid()" (node_2) is false
[14:15:20.155] [bmv2] [D] [thread 2887] [5.0] [cxt 0] Pipeline 'ingress': end
[14:15:20.155] [bmv2] [D] [thread 2887] [5.0] [cxt 0] Egress port is 0
[14:15:20.155] [bmv2] [D] [thread 2888] [5.0] [cxt 0] Pipeline 'egress': start
[14:15:20.155] [bmv2] [D] [thread 2888] [5.0] [cxt 0] Pipeline 'egress': end
[14:15:20.155] [bmv2] [D] [thread 2888] [5.0] [cxt 0] Deparser 'deparser': start
[14:15:20.155] [bmv2] [T] [thread 2888] [5.0] [cxt 0] Skipping checksum 'cksum' update because condition not met
[14:15:20.156] [bmv2] [D] [thread 2888] [5.0] [cxt 0] Deparsing header 'ethernet'
[14:15:20.156] [bmv2] [D] [thread 2888] [5.0] [cxt 0] Deparser 'deparser': end
[14:15:20.156] [bmv2] [D] [thread 2892] [5.0] [cxt 0] Transmitting packet of size 90 out of port 0
[14:15:20.219] [bmv2] [D] [thread 2887] [6.0] [cxt 0] Processing packet received on port 2
[14:15:20.219] [bmv2] [D] [thread 2887] [6.0] [cxt 0] Parser 'parser': start
[14:15:20.219] [bmv2] [D] [thread 2887] [6.0] [cxt 0] Parser 'parser' entering state 'start'
[14:15:20.219] [bmv2] [D] [thread 2887] [6.0] [cxt 0] Extracting header 'ethernet'
[14:15:20.219] [bmv2] [D] [thread 2887] [6.0] [cxt 0] Parser state 'start': key is 86dd
[14:15:20.219] [bmv2] [T] [thread 2887] [6.0] [cxt 0] Bytes parsed: 14
[14:15:20.219] [bmv2] [D] [thread 2887] [6.0] [cxt 0] Parser 'parser': end
[14:15:20.219] [bmv2] [D] [thread 2887] [6.0] [cxt 0] Pipeline 'ingress': start
[14:15:20.220] [bmv2] [T] [thread 2887] [6.0] [cxt 0] /home/p4/git/master_degree_p4_unipampa/Patcher_v0/p4src/fast_reroute.p4(110) Condition "hdr.ipv4.isValid()" (node_2) is false
[14:15:20.220] [bmv2] [D] [thread 2887] [6.0] [cxt 0] Pipeline 'ingress': end
[14:15:20.220] [bmv2] [D] [thread 2887] [6.0] [cxt 0] Egress port is 0
[14:15:20.220] [bmv2] [D] [thread 2888] [6.0] [cxt 0] Pipeline 'egress': start
[14:15:20.220] [bmv2] [D] [thread 2888] [6.0] [cxt 0] Pipeline 'egress': end
[14:15:20.220] [bmv2] [D] [thread 2888] [6.0] [cxt 0] Deparser 'deparser': start
[14:15:20.220] [bmv2] [T] [thread 2888] [6.0] [cxt 0] Skipping checksum 'cksum' update because condition not met
[14:15:20.220] [bmv2] [D] [thread 2888] [6.0] [cxt 0] Deparsing header 'ethernet'
[14:15:20.220] [bmv2] [D] [thread 2888] [6.0] [cxt 0] Deparser 'deparser': end
[14:15:20.220] [bmv2] [D] [thread 2892] [6.0] [cxt 0] Transmitting packet of size 86 out of port 0
[14:15:20.251] [bmv2] [D] [thread 2887] [7.0] [cxt 0] Processing packet received on port 4
[14:15:20.251] [bmv2] [D] [thread 2887] [7.0] [cxt 0] Parser 'parser': start
[14:15:20.251] [bmv2] [D] [thread 2887] [7.0] [cxt 0] Parser 'parser' entering state 'start'
[14:15:20.251] [bmv2] [D] [thread 2887] [7.0] [cxt 0] Extracting header 'ethernet'
[14:15:20.251] [bmv2] [D] [thread 2887] [7.0] [cxt 0] Parser state 'start': key is 86dd
[14:15:20.251] [bmv2] [T] [thread 2887] [7.0] [cxt 0] Bytes parsed: 14
[14:15:20.251] [bmv2] [D] [thread 2887] [7.0] [cxt 0] Parser 'parser': end
[14:15:20.251] [bmv2] [D] [thread 2887] [7.0] [cxt 0] Pipeline 'ingress': start
[14:15:20.251] [bmv2] [T] [thread 2887] [7.0] [cxt 0] /home/p4/git/master_degree_p4_unipampa/Patcher_v0/p4src/fast_reroute.p4(110) Condition "hdr.ipv4.isValid()" (node_2) is false
[14:15:20.251] [bmv2] [D] [thread 2887] [7.0] [cxt 0] Pipeline 'ingress': end
[14:15:20.251] [bmv2] [D] [thread 2887] [7.0] [cxt 0] Egress port is 0
[14:15:20.251] [bmv2] [D] [thread 2888] [7.0] [cxt 0] Pipeline 'egress': start
[14:15:20.251] [bmv2] [D] [thread 2888] [7.0] [cxt 0] Pipeline 'egress': end
[14:15:20.252] [bmv2] [D] [thread 2888] [7.0] [cxt 0] Deparser 'deparser': start
[14:15:20.252] [bmv2] [T] [thread 2888] [7.0] [cxt 0] Skipping checksum 'cksum' update because condition not met
[14:15:20.252] [bmv2] [D] [thread 2888] [7.0] [cxt 0] Deparsing header 'ethernet'
[14:15:20.252] [bmv2] [D] [thread 2888] [7.0] [cxt 0] Deparser 'deparser': end
[14:15:20.252] [bmv2] [D] [thread 2892] [7.0] [cxt 0] Transmitting packet of size 86 out of port 0
[14:15:20.252] [bmv2] [D] [thread 2887] [8.0] [cxt 0] Processing packet received on port 3
[14:15:20.252] [bmv2] [D] [thread 2887] [8.0] [cxt 0] Parser 'parser': start
[14:15:20.252] [bmv2] [D] [thread 2887] [8.0] [cxt 0] Parser 'parser' entering state 'start'
[14:15:20.252] [bmv2] [D] [thread 2887] [8.0] [cxt 0] Extracting header 'ethernet'
[14:15:20.252] [bmv2] [D] [thread 2887] [8.0] [cxt 0] Parser state 'start': key is 86dd
[14:15:20.252] [bmv2] [T] [thread 2887] [8.0] [cxt 0] Bytes parsed: 14
[14:15:20.252] [bmv2] [D] [thread 2887] [8.0] [cxt 0] Parser 'parser': end
[14:15:20.252] [bmv2] [D] [thread 2887] [8.0] [cxt 0] Pipeline 'ingress': start
[14:15:20.252] [bmv2] [T] [thread 2887] [8.0] [cxt 0] /home/p4/git/master_degree_p4_unipampa/Patcher_v0/p4src/fast_reroute.p4(110) Condition "hdr.ipv4.isValid()" (node_2) is false
[14:15:20.252] [bmv2] [D] [thread 2887] [8.0] [cxt 0] Pipeline 'ingress': end
[14:15:20.252] [bmv2] [D] [thread 2887] [8.0] [cxt 0] Egress port is 0
[14:15:20.252] [bmv2] [D] [thread 2888] [8.0] [cxt 0] Pipeline 'egress': start
[14:15:20.252] [bmv2] [D] [thread 2888] [8.0] [cxt 0] Pipeline 'egress': end
[14:15:20.252] [bmv2] [D] [thread 2888] [8.0] [cxt 0] Deparser 'deparser': start
[14:15:20.252] [bmv2] [T] [thread 2888] [8.0] [cxt 0] Skipping checksum 'cksum' update because condition not met
[14:15:20.252] [bmv2] [D] [thread 2888] [8.0] [cxt 0] Deparsing header 'ethernet'
[14:15:20.252] [bmv2] [D] [thread 2888] [8.0] [cxt 0] Deparser 'deparser': end
[14:15:20.252] [bmv2] [D] [thread 2892] [8.0] [cxt 0] Transmitting packet of size 86 out of port 0
[14:15:20.349] [bmv2] [D] [thread 2887] [9.0] [cxt 0] Processing packet received on port 2
[14:15:20.349] [bmv2] [D] [thread 2887] [9.0] [cxt 0] Parser 'parser': start
[14:15:20.349] [bmv2] [D] [thread 2887] [9.0] [cxt 0] Parser 'parser' entering state 'start'
[14:15:20.349] [bmv2] [D] [thread 2887] [9.0] [cxt 0] Extracting header 'ethernet'
[14:15:20.349] [bmv2] [D] [thread 2887] [9.0] [cxt 0] Parser state 'start': key is 86dd
[14:15:20.349] [bmv2] [T] [thread 2887] [9.0] [cxt 0] Bytes parsed: 14
[14:15:20.349] [bmv2] [D] [thread 2887] [9.0] [cxt 0] Parser 'parser': end
[14:15:20.349] [bmv2] [D] [thread 2887] [9.0] [cxt 0] Pipeline 'ingress': start
[14:15:20.349] [bmv2] [T] [thread 2887] [9.0] [cxt 0] /home/p4/git/master_degree_p4_unipampa/Patcher_v0/p4src/fast_reroute.p4(110) Condition "hdr.ipv4.isValid()" (node_2) is false
[14:15:20.349] [bmv2] [D] [thread 2887] [9.0] [cxt 0] Pipeline 'ingress': end
[14:15:20.349] [bmv2] [D] [thread 2887] [9.0] [cxt 0] Egress port is 0
[14:15:20.349] [bmv2] [D] [thread 2887] [10.0] [cxt 0] Processing packet received on port 4
[14:15:20.349] [bmv2] [D] [thread 2887] [10.0] [cxt 0] Parser 'parser': start
[14:15:20.349] [bmv2] [D] [thread 2887] [10.0] [cxt 0] Parser 'parser' entering state 'start'
[14:15:20.349] [bmv2] [D] [thread 2887] [10.0] [cxt 0] Extracting header 'ethernet'
[14:15:20.349] [bmv2] [D] [thread 2887] [10.0] [cxt 0] Parser state 'start': key is 86dd
[14:15:20.349] [bmv2] [T] [thread 2887] [10.0] [cxt 0] Bytes parsed: 14
[14:15:20.349] [bmv2] [D] [thread 2887] [10.0] [cxt 0] Parser 'parser': end
[14:15:20.349] [bmv2] [D] [thread 2887] [10.0] [cxt 0] Pipeline 'ingress': start
[14:15:20.349] [bmv2] [T] [thread 2887] [10.0] [cxt 0] /home/p4/git/master_degree_p4_unipampa/Patcher_v0/p4src/fast_reroute.p4(110) Condition "hdr.ipv4.isValid()" (node_2) is false
[14:15:20.349] [bmv2] [D] [thread 2887] [10.0] [cxt 0] Pipeline 'ingress': end
[14:15:20.349] [bmv2] [D] [thread 2887] [10.0] [cxt 0] Egress port is 0
[14:15:20.349] [bmv2] [D] [thread 2887] [11.0] [cxt 0] Processing packet received on port 2
[14:15:20.349] [bmv2] [D] [thread 2887] [11.0] [cxt 0] Parser 'parser': start
[14:15:20.349] [bmv2] [D] [thread 2887] [11.0] [cxt 0] Parser 'parser' entering state 'start'
[14:15:20.349] [bmv2] [D] [thread 2887] [11.0] [cxt 0] Extracting header 'ethernet'
[14:15:20.349] [bmv2] [D] [thread 2887] [11.0] [cxt 0] Parser state 'start': key is 86dd
[14:15:20.349] [bmv2] [T] [thread 2887] [11.0] [cxt 0] Bytes parsed: 14
[14:15:20.349] [bmv2] [D] [thread 2887] [11.0] [cxt 0] Parser 'parser': end
[14:15:20.349] [bmv2] [D] [thread 2887] [11.0] [cxt 0] Pipeline 'ingress': start
[14:15:20.349] [bmv2] [T] [thread 2887] [11.0] [cxt 0] /home/p4/git/master_degree_p4_unipampa/Patcher_v0/p4src/fast_reroute.p4(110) Condition "hdr.ipv4.isValid()" (node_2) is false
[14:15:20.349] [bmv2] [D] [thread 2887] [11.0] [cxt 0] Pipeline 'ingress': end
[14:15:20.349] [bmv2] [D] [thread 2887] [11.0] [cxt 0] Egress port is 0
[14:15:20.349] [bmv2] [D] [thread 2887] [12.0] [cxt 0] Processing packet received on port 4
[14:15:20.349] [bmv2] [D] [thread 2887] [12.0] [cxt 0] Parser 'parser': start
[14:15:20.349] [bmv2] [D] [thread 2887] [12.0] [cxt 0] Parser 'parser' entering state 'start'
[14:15:20.349] [bmv2] [D] [thread 2887] [12.0] [cxt 0] Extracting header 'ethernet'
[14:15:20.349] [bmv2] [D] [thread 2887] [12.0] [cxt 0] Parser state 'start': key is 86dd
[14:15:20.349] [bmv2] [T] [thread 2887] [12.0] [cxt 0] Bytes parsed: 14
[14:15:20.349] [bmv2] [D] [thread 2887] [12.0] [cxt 0] Parser 'parser': end
[14:15:20.349] [bmv2] [D] [thread 2887] [12.0] [cxt 0] Pipeline 'ingress': start
[14:15:20.349] [bmv2] [T] [thread 2887] [12.0] [cxt 0] /home/p4/git/master_degree_p4_unipampa/Patcher_v0/p4src/fast_reroute.p4(110) Condition "hdr.ipv4.isValid()" (node_2) is false
[14:15:20.349] [bmv2] [D] [thread 2887] [12.0] [cxt 0] Pipeline 'ingress': end
[14:15:20.349] [bmv2] [D] [thread 2887] [12.0] [cxt 0] Egress port is 0
[14:15:20.349] [bmv2] [D] [thread 2888] [9.0] [cxt 0] Pipeline 'egress': start
[14:15:20.349] [bmv2] [D] [thread 2888] [9.0] [cxt 0] Pipeline 'egress': end
[14:15:20.349] [bmv2] [D] [thread 2888] [9.0] [cxt 0] Deparser 'deparser': start
[14:15:20.349] [bmv2] [T] [thread 2888] [9.0] [cxt 0] Skipping checksum 'cksum' update because condition not met
[14:15:20.349] [bmv2] [D] [thread 2888] [9.0] [cxt 0] Deparsing header 'ethernet'
[14:15:20.349] [bmv2] [D] [thread 2888] [9.0] [cxt 0] Deparser 'deparser': end
[14:15:20.349] [bmv2] [D] [thread 2888] [10.0] [cxt 0] Pipeline 'egress': start
[14:15:20.349] [bmv2] [D] [thread 2888] [10.0] [cxt 0] Pipeline 'egress': end
[14:15:20.349] [bmv2] [D] [thread 2888] [10.0] [cxt 0] Deparser 'deparser': start
[14:15:20.349] [bmv2] [T] [thread 2888] [10.0] [cxt 0] Skipping checksum 'cksum' update because condition not met
[14:15:20.349] [bmv2] [D] [thread 2888] [10.0] [cxt 0] Deparsing header 'ethernet'
[14:15:20.349] [bmv2] [D] [thread 2888] [10.0] [cxt 0] Deparser 'deparser': end
[14:15:20.349] [bmv2] [D] [thread 2888] [11.0] [cxt 0] Pipeline 'egress': start
[14:15:20.349] [bmv2] [D] [thread 2888] [11.0] [cxt 0] Pipeline 'egress': end
[14:15:20.349] [bmv2] [D] [thread 2888] [11.0] [cxt 0] Deparser 'deparser': start
[14:15:20.349] [bmv2] [T] [thread 2888] [11.0] [cxt 0] Skipping checksum 'cksum' update because condition not met
[14:15:20.349] [bmv2] [D] [thread 2888] [11.0] [cxt 0] Deparsing header 'ethernet'
[14:15:20.349] [bmv2] [D] [thread 2888] [11.0] [cxt 0] Deparser 'deparser': end
[14:15:20.349] [bmv2] [D] [thread 2888] [12.0] [cxt 0] Pipeline 'egress': start
[14:15:20.349] [bmv2] [D] [thread 2888] [12.0] [cxt 0] Pipeline 'egress': end
[14:15:20.349] [bmv2] [D] [thread 2888] [12.0] [cxt 0] Deparser 'deparser': start
[14:15:20.349] [bmv2] [T] [thread 2888] [12.0] [cxt 0] Skipping checksum 'cksum' update because condition not met
[14:15:20.349] [bmv2] [D] [thread 2888] [12.0] [cxt 0] Deparsing header 'ethernet'
[14:15:20.349] [bmv2] [D] [thread 2888] [12.0] [cxt 0] Deparser 'deparser': end
[14:15:20.349] [bmv2] [D] [thread 2892] [9.0] [cxt 0] Transmitting packet of size 90 out of port 0
[14:15:20.349] [bmv2] [D] [thread 2892] [10.0] [cxt 0] Transmitting packet of size 90 out of port 0
[14:15:20.349] [bmv2] [D] [thread 2892] [11.0] [cxt 0] Transmitting packet of size 70 out of port 0
[14:15:20.349] [bmv2] [D] [thread 2892] [12.0] [cxt 0] Transmitting packet of size 70 out of port 0
[14:15:20.353] [bmv2] [D] [thread 2887] [13.0] [cxt 0] Processing packet received on port 3
[14:15:20.353] [bmv2] [D] [thread 2887] [13.0] [cxt 0] Parser 'parser': start
[14:15:20.353] [bmv2] [D] [thread 2887] [13.0] [cxt 0] Parser 'parser' entering state 'start'
[14:15:20.353] [bmv2] [D] [thread 2887] [13.0] [cxt 0] Extracting header 'ethernet'
[14:15:20.353] [bmv2] [D] [thread 2887] [13.0] [cxt 0] Parser state 'start': key is 86dd
[14:15:20.353] [bmv2] [T] [thread 2887] [13.0] [cxt 0] Bytes parsed: 14
[14:15:20.353] [bmv2] [D] [thread 2887] [13.0] [cxt 0] Parser 'parser': end
[14:15:20.353] [bmv2] [D] [thread 2887] [13.0] [cxt 0] Pipeline 'ingress': start
[14:15:20.353] [bmv2] [T] [thread 2887] [13.0] [cxt 0] /home/p4/git/master_degree_p4_unipampa/Patcher_v0/p4src/fast_reroute.p4(110) Condition "hdr.ipv4.isValid()" (node_2) is false
[14:15:20.353] [bmv2] [D] [thread 2887] [13.0] [cxt 0] Pipeline 'ingress': end
[14:15:20.353] [bmv2] [D] [thread 2887] [13.0] [cxt 0] Egress port is 0
[14:15:20.353] [bmv2] [D] [thread 2887] [14.0] [cxt 0] Processing packet received on port 3
[14:15:20.353] [bmv2] [D] [thread 2887] [14.0] [cxt 0] Parser 'parser': start
[14:15:20.353] [bmv2] [D] [thread 2887] [14.0] [cxt 0] Parser 'parser' entering state 'start'
[14:15:20.353] [bmv2] [D] [thread 2887] [14.0] [cxt 0] Extracting header 'ethernet'
[14:15:20.353] [bmv2] [D] [thread 2887] [14.0] [cxt 0] Parser state 'start': key is 86dd
[14:15:20.353] [bmv2] [T] [thread 2887] [14.0] [cxt 0] Bytes parsed: 14
[14:15:20.353] [bmv2] [D] [thread 2887] [14.0] [cxt 0] Parser 'parser': end
[14:15:20.353] [bmv2] [D] [thread 2887] [14.0] [cxt 0] Pipeline 'ingress': start
[14:15:20.353] [bmv2] [T] [thread 2887] [14.0] [cxt 0] /home/p4/git/master_degree_p4_unipampa/Patcher_v0/p4src/fast_reroute.p4(110) Condition "hdr.ipv4.isValid()" (node_2) is false
[14:15:20.353] [bmv2] [D] [thread 2887] [14.0] [cxt 0] Pipeline 'ingress': end
[14:15:20.353] [bmv2] [D] [thread 2887] [14.0] [cxt 0] Egress port is 0
[14:15:20.353] [bmv2] [D] [thread 2888] [13.0] [cxt 0] Pipeline 'egress': start
[14:15:20.353] [bmv2] [D] [thread 2888] [13.0] [cxt 0] Pipeline 'egress': end
[14:15:20.353] [bmv2] [D] [thread 2888] [13.0] [cxt 0] Deparser 'deparser': start
[14:15:20.353] [bmv2] [T] [thread 2888] [13.0] [cxt 0] Skipping checksum 'cksum' update because condition not met
[14:15:20.353] [bmv2] [D] [thread 2888] [13.0] [cxt 0] Deparsing header 'ethernet'
[14:15:20.353] [bmv2] [D] [thread 2888] [13.0] [cxt 0] Deparser 'deparser': end
[14:15:20.353] [bmv2] [D] [thread 2888] [14.0] [cxt 0] Pipeline 'egress': start
[14:15:20.353] [bmv2] [D] [thread 2888] [14.0] [cxt 0] Pipeline 'egress': end
[14:15:20.353] [bmv2] [D] [thread 2888] [14.0] [cxt 0] Deparser 'deparser': start
[14:15:20.353] [bmv2] [T] [thread 2888] [14.0] [cxt 0] Skipping checksum 'cksum' update because condition not met
[14:15:20.353] [bmv2] [D] [thread 2888] [14.0] [cxt 0] Deparsing header 'ethernet'
[14:15:20.353] [bmv2] [D] [thread 2888] [14.0] [cxt 0] Deparser 'deparser': end
[14:15:20.353] [bmv2] [D] [thread 2892] [13.0] [cxt 0] Transmitting packet of size 90 out of port 0
[14:15:20.353] [bmv2] [D] [thread 2892] [14.0] [cxt 0] Transmitting packet of size 70 out of port 0
[14:15:20.360] [bmv2] [D] [thread 2887] [15.0] [cxt 0] Processing packet received on port 2
[14:15:20.360] [bmv2] [D] [thread 2887] [15.0] [cxt 0] Parser 'parser': start
[14:15:20.360] [bmv2] [D] [thread 2887] [15.0] [cxt 0] Parser 'parser' entering state 'start'
[14:15:20.360] [bmv2] [D] [thread 2887] [15.0] [cxt 0] Extracting header 'ethernet'
[14:15:20.360] [bmv2] [D] [thread 2887] [15.0] [cxt 0] Parser state 'start': key is 86dd
[14:15:20.360] [bmv2] [T] [thread 2887] [15.0] [cxt 0] Bytes parsed: 14
[14:15:20.360] [bmv2] [D] [thread 2887] [15.0] [cxt 0] Parser 'parser': end
[14:15:20.360] [bmv2] [D] [thread 2887] [15.0] [cxt 0] Pipeline 'ingress': start
[14:15:20.360] [bmv2] [T] [thread 2887] [15.0] [cxt 0] /home/p4/git/master_degree_p4_unipampa/Patcher_v0/p4src/fast_reroute.p4(110) Condition "hdr.ipv4.isValid()" (node_2) is false
[14:15:20.360] [bmv2] [D] [thread 2887] [15.0] [cxt 0] Pipeline 'ingress': end
[14:15:20.360] [bmv2] [D] [thread 2887] [15.0] [cxt 0] Egress port is 0
[14:15:20.360] [bmv2] [D] [thread 2888] [15.0] [cxt 0] Pipeline 'egress': start
[14:15:20.360] [bmv2] [D] [thread 2888] [15.0] [cxt 0] Pipeline 'egress': end
[14:15:20.360] [bmv2] [D] [thread 2888] [15.0] [cxt 0] Deparser 'deparser': start
[14:15:20.360] [bmv2] [T] [thread 2888] [15.0] [cxt 0] Skipping checksum 'cksum' update because condition not met
[14:15:20.360] [bmv2] [D] [thread 2888] [15.0] [cxt 0] Deparsing header 'ethernet'
[14:15:20.360] [bmv2] [D] [thread 2888] [15.0] [cxt 0] Deparser 'deparser': end
[14:15:20.360] [bmv2] [D] [thread 2892] [15.0] [cxt 0] Transmitting packet of size 90 out of port 0
[14:15:20.360] [bmv2] [D] [thread 2887] [16.0] [cxt 0] Processing packet received on port 3
[14:15:20.360] [bmv2] [D] [thread 2887] [16.0] [cxt 0] Parser 'parser': start
[14:15:20.360] [bmv2] [D] [thread 2887] [16.0] [cxt 0] Parser 'parser' entering state 'start'
[14:15:20.360] [bmv2] [D] [thread 2887] [16.0] [cxt 0] Extracting header 'ethernet'
[14:15:20.360] [bmv2] [D] [thread 2887] [16.0] [cxt 0] Parser state 'start': key is 86dd
[14:15:20.360] [bmv2] [T] [thread 2887] [16.0] [cxt 0] Bytes parsed: 14
[14:15:20.360] [bmv2] [D] [thread 2887] [16.0] [cxt 0] Parser 'parser': end
[14:15:20.360] [bmv2] [D] [thread 2887] [16.0] [cxt 0] Pipeline 'ingress': start
[14:15:20.360] [bmv2] [T] [thread 2887] [16.0] [cxt 0] /home/p4/git/master_degree_p4_unipampa/Patcher_v0/p4src/fast_reroute.p4(110) Condition "hdr.ipv4.isValid()" (node_2) is false
[14:15:20.360] [bmv2] [D] [thread 2887] [16.0] [cxt 0] Pipeline 'ingress': end
[14:15:20.360] [bmv2] [D] [thread 2887] [16.0] [cxt 0] Egress port is 0
[14:15:20.360] [bmv2] [D] [thread 2888] [16.0] [cxt 0] Pipeline 'egress': start
[14:15:20.360] [bmv2] [D] [thread 2888] [16.0] [cxt 0] Pipeline 'egress': end
[14:15:20.360] [bmv2] [D] [thread 2888] [16.0] [cxt 0] Deparser 'deparser': start
[14:15:20.360] [bmv2] [T] [thread 2888] [16.0] [cxt 0] Skipping checksum 'cksum' update because condition not met
[14:15:20.360] [bmv2] [D] [thread 2888] [16.0] [cxt 0] Deparsing header 'ethernet'
[14:15:20.360] [bmv2] [D] [thread 2888] [16.0] [cxt 0] Deparser 'deparser': end
[14:15:20.361] [bmv2] [D] [thread 2892] [16.0] [cxt 0] Transmitting packet of size 90 out of port 0
[14:15:20.361] [bmv2] [D] [thread 2887] [17.0] [cxt 0] Processing packet received on port 4
[14:15:20.361] [bmv2] [D] [thread 2887] [17.0] [cxt 0] Parser 'parser': start
[14:15:20.361] [bmv2] [D] [thread 2887] [17.0] [cxt 0] Parser 'parser' entering state 'start'
[14:15:20.361] [bmv2] [D] [thread 2887] [17.0] [cxt 0] Extracting header 'ethernet'
[14:15:20.361] [bmv2] [D] [thread 2887] [17.0] [cxt 0] Parser state 'start': key is 86dd
[14:15:20.361] [bmv2] [T] [thread 2887] [17.0] [cxt 0] Bytes parsed: 14
[14:15:20.361] [bmv2] [D] [thread 2887] [17.0] [cxt 0] Parser 'parser': end
[14:15:20.361] [bmv2] [D] [thread 2887] [17.0] [cxt 0] Pipeline 'ingress': start
[14:15:20.361] [bmv2] [T] [thread 2887] [17.0] [cxt 0] /home/p4/git/master_degree_p4_unipampa/Patcher_v0/p4src/fast_reroute.p4(110) Condition "hdr.ipv4.isValid()" (node_2) is false
[14:15:20.361] [bmv2] [D] [thread 2887] [17.0] [cxt 0] Pipeline 'ingress': end
[14:15:20.361] [bmv2] [D] [thread 2887] [17.0] [cxt 0] Egress port is 0
[14:15:20.361] [bmv2] [D] [thread 2888] [17.0] [cxt 0] Pipeline 'egress': start
[14:15:20.361] [bmv2] [D] [thread 2888] [17.0] [cxt 0] Pipeline 'egress': end
[14:15:20.361] [bmv2] [D] [thread 2888] [17.0] [cxt 0] Deparser 'deparser': start
[14:15:20.361] [bmv2] [T] [thread 2888] [17.0] [cxt 0] Skipping checksum 'cksum' update because condition not met
[14:15:20.361] [bmv2] [D] [thread 2888] [17.0] [cxt 0] Deparsing header 'ethernet'
[14:15:20.361] [bmv2] [D] [thread 2888] [17.0] [cxt 0] Deparser 'deparser': end
[14:15:20.361] [bmv2] [D] [thread 2892] [17.0] [cxt 0] Transmitting packet of size 90 out of port 0
[14:15:20.381] [bmv2] [D] [thread 2887] [18.0] [cxt 0] Processing packet received on port 1
[14:15:20.381] [bmv2] [D] [thread 2887] [18.0] [cxt 0] Parser 'parser': start
[14:15:20.381] [bmv2] [D] [thread 2887] [18.0] [cxt 0] Parser 'parser' entering state 'start'
[14:15:20.381] [bmv2] [D] [thread 2887] [18.0] [cxt 0] Extracting header 'ethernet'
[14:15:20.381] [bmv2] [D] [thread 2887] [18.0] [cxt 0] Parser state 'start': key is 86dd
[14:15:20.381] [bmv2] [T] [thread 2887] [18.0] [cxt 0] Bytes parsed: 14
[14:15:20.381] [bmv2] [D] [thread 2887] [18.0] [cxt 0] Parser 'parser': end
[14:15:20.381] [bmv2] [D] [thread 2887] [18.0] [cxt 0] Pipeline 'ingress': start
[14:15:20.381] [bmv2] [T] [thread 2887] [18.0] [cxt 0] /home/p4/git/master_degree_p4_unipampa/Patcher_v0/p4src/fast_reroute.p4(110) Condition "hdr.ipv4.isValid()" (node_2) is false
[14:15:20.381] [bmv2] [D] [thread 2887] [18.0] [cxt 0] Pipeline 'ingress': end
[14:15:20.381] [bmv2] [D] [thread 2887] [18.0] [cxt 0] Egress port is 0
[14:15:20.381] [bmv2] [D] [thread 2888] [18.0] [cxt 0] Pipeline 'egress': start
[14:15:20.381] [bmv2] [D] [thread 2888] [18.0] [cxt 0] Pipeline 'egress': end
[14:15:20.381] [bmv2] [D] [thread 2888] [18.0] [cxt 0] Deparser 'deparser': start
[14:15:20.381] [bmv2] [T] [thread 2888] [18.0] [cxt 0] Skipping checksum 'cksum' update because condition not met
[14:15:20.381] [bmv2] [D] [thread 2888] [18.0] [cxt 0] Deparsing header 'ethernet'
[14:15:20.381] [bmv2] [D] [thread 2888] [18.0] [cxt 0] Deparser 'deparser': end
[14:15:20.381] [bmv2] [D] [thread 2892] [18.0] [cxt 0] Transmitting packet of size 90 out of port 0
[14:15:20.381] [bmv2] [D] [thread 2887] [19.0] [cxt 0] Processing packet received on port 1
[14:15:20.381] [bmv2] [D] [thread 2887] [19.0] [cxt 0] Parser 'parser': start
[14:15:20.381] [bmv2] [D] [thread 2887] [19.0] [cxt 0] Parser 'parser' entering state 'start'
[14:15:20.381] [bmv2] [D] [thread 2887] [19.0] [cxt 0] Extracting header 'ethernet'
[14:15:20.381] [bmv2] [D] [thread 2887] [19.0] [cxt 0] Parser state 'start': key is 86dd
[14:15:20.381] [bmv2] [T] [thread 2887] [19.0] [cxt 0] Bytes parsed: 14
[14:15:20.381] [bmv2] [D] [thread 2887] [19.0] [cxt 0] Parser 'parser': end
[14:15:20.381] [bmv2] [D] [thread 2887] [19.0] [cxt 0] Pipeline 'ingress': start
[14:15:20.381] [bmv2] [T] [thread 2887] [19.0] [cxt 0] /home/p4/git/master_degree_p4_unipampa/Patcher_v0/p4src/fast_reroute.p4(110) Condition "hdr.ipv4.isValid()" (node_2) is false
[14:15:20.381] [bmv2] [D] [thread 2887] [19.0] [cxt 0] Pipeline 'ingress': end
[14:15:20.381] [bmv2] [D] [thread 2887] [19.0] [cxt 0] Egress port is 0
[14:15:20.381] [bmv2] [D] [thread 2888] [19.0] [cxt 0] Pipeline 'egress': start
[14:15:20.381] [bmv2] [D] [thread 2888] [19.0] [cxt 0] Pipeline 'egress': end
[14:15:20.381] [bmv2] [D] [thread 2888] [19.0] [cxt 0] Deparser 'deparser': start
[14:15:20.381] [bmv2] [T] [thread 2888] [19.0] [cxt 0] Skipping checksum 'cksum' update because condition not met
[14:15:20.381] [bmv2] [D] [thread 2888] [19.0] [cxt 0] Deparsing header 'ethernet'
[14:15:20.381] [bmv2] [D] [thread 2888] [19.0] [cxt 0] Deparser 'deparser': end
[14:15:20.381] [bmv2] [D] [thread 2892] [19.0] [cxt 0] Transmitting packet of size 70 out of port 0
[14:15:20.391] [bmv2] [D] [thread 2887] [20.0] [cxt 0] Processing packet received on port 1
[14:15:20.391] [bmv2] [D] [thread 2887] [20.0] [cxt 0] Parser 'parser': start
[14:15:20.391] [bmv2] [D] [thread 2887] [20.0] [cxt 0] Parser 'parser' entering state 'start'
[14:15:20.391] [bmv2] [D] [thread 2887] [20.0] [cxt 0] Extracting header 'ethernet'
[14:15:20.391] [bmv2] [D] [thread 2887] [20.0] [cxt 0] Parser state 'start': key is 86dd
[14:15:20.391] [bmv2] [T] [thread 2887] [20.0] [cxt 0] Bytes parsed: 14
[14:15:20.391] [bmv2] [D] [thread 2887] [20.0] [cxt 0] Parser 'parser': end
[14:15:20.391] [bmv2] [D] [thread 2887] [20.0] [cxt 0] Pipeline 'ingress': start
[14:15:20.391] [bmv2] [T] [thread 2887] [20.0] [cxt 0] /home/p4/git/master_degree_p4_unipampa/Patcher_v0/p4src/fast_reroute.p4(110) Condition "hdr.ipv4.isValid()" (node_2) is false
[14:15:20.391] [bmv2] [D] [thread 2887] [20.0] [cxt 0] Pipeline 'ingress': end
[14:15:20.391] [bmv2] [D] [thread 2887] [20.0] [cxt 0] Egress port is 0
[14:15:20.392] [bmv2] [D] [thread 2888] [20.0] [cxt 0] Pipeline 'egress': start
[14:15:20.392] [bmv2] [D] [thread 2888] [20.0] [cxt 0] Pipeline 'egress': end
[14:15:20.392] [bmv2] [D] [thread 2888] [20.0] [cxt 0] Deparser 'deparser': start
[14:15:20.392] [bmv2] [T] [thread 2888] [20.0] [cxt 0] Skipping checksum 'cksum' update because condition not met
[14:15:20.392] [bmv2] [D] [thread 2888] [20.0] [cxt 0] Deparsing header 'ethernet'
[14:15:20.392] [bmv2] [D] [thread 2888] [20.0] [cxt 0] Deparser 'deparser': end
[14:15:20.392] [bmv2] [D] [thread 2892] [20.0] [cxt 0] Transmitting packet of size 90 out of port 0
[14:15:20.435] [bmv2] [D] [thread 2887] [21.0] [cxt 0] Processing packet received on port 2
[14:15:20.435] [bmv2] [D] [thread 2887] [21.0] [cxt 0] Parser 'parser': start
[14:15:20.435] [bmv2] [D] [thread 2887] [21.0] [cxt 0] Parser 'parser' entering state 'start'
[14:15:20.435] [bmv2] [D] [thread 2887] [21.0] [cxt 0] Extracting header 'ethernet'
[14:15:20.435] [bmv2] [D] [thread 2887] [21.0] [cxt 0] Parser state 'start': key is 86dd
[14:15:20.435] [bmv2] [T] [thread 2887] [21.0] [cxt 0] Bytes parsed: 14
[14:15:20.435] [bmv2] [D] [thread 2887] [21.0] [cxt 0] Parser 'parser': end
[14:15:20.435] [bmv2] [D] [thread 2887] [21.0] [cxt 0] Pipeline 'ingress': start
[14:15:20.435] [bmv2] [T] [thread 2887] [21.0] [cxt 0] /home/p4/git/master_degree_p4_unipampa/Patcher_v0/p4src/fast_reroute.p4(110) Condition "hdr.ipv4.isValid()" (node_2) is false
[14:15:20.435] [bmv2] [D] [thread 2887] [21.0] [cxt 0] Pipeline 'ingress': end
[14:15:20.435] [bmv2] [D] [thread 2887] [21.0] [cxt 0] Egress port is 0
[14:15:20.436] [bmv2] [D] [thread 2888] [21.0] [cxt 0] Pipeline 'egress': start
[14:15:20.436] [bmv2] [D] [thread 2888] [21.0] [cxt 0] Pipeline 'egress': end
[14:15:20.436] [bmv2] [D] [thread 2888] [21.0] [cxt 0] Deparser 'deparser': start
[14:15:20.436] [bmv2] [T] [thread 2888] [21.0] [cxt 0] Skipping checksum 'cksum' update because condition not met
[14:15:20.436] [bmv2] [D] [thread 2888] [21.0] [cxt 0] Deparsing header 'ethernet'
[14:15:20.436] [bmv2] [D] [thread 2888] [21.0] [cxt 0] Deparser 'deparser': end
[14:15:20.436] [bmv2] [D] [thread 2892] [21.0] [cxt 0] Transmitting packet of size 90 out of port 0
[14:15:20.449] [bmv2] [D] [thread 2887] [22.0] [cxt 0] Processing packet received on port 2
[14:15:20.449] [bmv2] [D] [thread 2887] [22.0] [cxt 0] Parser 'parser': start
[14:15:20.449] [bmv2] [D] [thread 2887] [22.0] [cxt 0] Parser 'parser' entering state 'start'
[14:15:20.449] [bmv2] [D] [thread 2887] [22.0] [cxt 0] Extracting header 'ethernet'
[14:15:20.449] [bmv2] [D] [thread 2887] [22.0] [cxt 0] Parser state 'start': key is 86dd
[14:15:20.449] [bmv2] [T] [thread 2887] [22.0] [cxt 0] Bytes parsed: 14
[14:15:20.449] [bmv2] [D] [thread 2887] [22.0] [cxt 0] Parser 'parser': end
[14:15:20.449] [bmv2] [D] [thread 2887] [22.0] [cxt 0] Pipeline 'ingress': start
[14:15:20.449] [bmv2] [T] [thread 2887] [22.0] [cxt 0] /home/p4/git/master_degree_p4_unipampa/Patcher_v0/p4src/fast_reroute.p4(110) Condition "hdr.ipv4.isValid()" (node_2) is false
[14:15:20.449] [bmv2] [D] [thread 2887] [22.0] [cxt 0] Pipeline 'ingress': end
[14:15:20.449] [bmv2] [D] [thread 2887] [22.0] [cxt 0] Egress port is 0
[14:15:20.449] [bmv2] [D] [thread 2888] [22.0] [cxt 0] Pipeline 'egress': start
[14:15:20.449] [bmv2] [D] [thread 2888] [22.0] [cxt 0] Pipeline 'egress': end
[14:15:20.449] [bmv2] [D] [thread 2888] [22.0] [cxt 0] Deparser 'deparser': start
[14:15:20.449] [bmv2] [T] [thread 2888] [22.0] [cxt 0] Skipping checksum 'cksum' update because condition not met
[14:15:20.449] [bmv2] [D] [thread 2888] [22.0] [cxt 0] Deparsing header 'ethernet'
[14:15:20.449] [bmv2] [D] [thread 2888] [22.0] [cxt 0] Deparser 'deparser': end
[14:15:20.449] [bmv2] [D] [thread 2892] [22.0] [cxt 0] Transmitting packet of size 125 out of port 0
[14:15:20.449] [bmv2] [D] [thread 2887] [23.0] [cxt 0] Processing packet received on port 4
[14:15:20.449] [bmv2] [D] [thread 2887] [23.0] [cxt 0] Parser 'parser': start
[14:15:20.449] [bmv2] [D] [thread 2887] [23.0] [cxt 0] Parser 'parser' entering state 'start'
[14:15:20.449] [bmv2] [D] [thread 2887] [23.0] [cxt 0] Extracting header 'ethernet'
[14:15:20.449] [bmv2] [D] [thread 2887] [23.0] [cxt 0] Parser state 'start': key is 86dd
[14:15:20.449] [bmv2] [T] [thread 2887] [23.0] [cxt 0] Bytes parsed: 14
[14:15:20.449] [bmv2] [D] [thread 2887] [23.0] [cxt 0] Parser 'parser': end
[14:15:20.449] [bmv2] [D] [thread 2887] [23.0] [cxt 0] Pipeline 'ingress': start
[14:15:20.449] [bmv2] [T] [thread 2887] [23.0] [cxt 0] /home/p4/git/master_degree_p4_unipampa/Patcher_v0/p4src/fast_reroute.p4(110) Condition "hdr.ipv4.isValid()" (node_2) is false
[14:15:20.449] [bmv2] [D] [thread 2887] [23.0] [cxt 0] Pipeline 'ingress': end
[14:15:20.449] [bmv2] [D] [thread 2887] [23.0] [cxt 0] Egress port is 0
[14:15:20.449] [bmv2] [D] [thread 2888] [23.0] [cxt 0] Pipeline 'egress': start
[14:15:20.449] [bmv2] [D] [thread 2888] [23.0] [cxt 0] Pipeline 'egress': end
[14:15:20.449] [bmv2] [D] [thread 2888] [23.0] [cxt 0] Deparser 'deparser': start
[14:15:20.449] [bmv2] [T] [thread 2888] [23.0] [cxt 0] Skipping checksum 'cksum' update because condition not met
[14:15:20.450] [bmv2] [D] [thread 2888] [23.0] [cxt 0] Deparsing header 'ethernet'
[14:15:20.450] [bmv2] [D] [thread 2888] [23.0] [cxt 0] Deparser 'deparser': end
[14:15:20.450] [bmv2] [D] [thread 2892] [23.0] [cxt 0] Transmitting packet of size 125 out of port 0
[14:15:20.451] [bmv2] [D] [thread 2887] [24.0] [cxt 0] Processing packet received on port 3
[14:15:20.451] [bmv2] [D] [thread 2887] [24.0] [cxt 0] Parser 'parser': start
[14:15:20.451] [bmv2] [D] [thread 2887] [24.0] [cxt 0] Parser 'parser' entering state 'start'
[14:15:20.451] [bmv2] [D] [thread 2887] [24.0] [cxt 0] Extracting header 'ethernet'
[14:15:20.451] [bmv2] [D] [thread 2887] [24.0] [cxt 0] Parser state 'start': key is 86dd
[14:15:20.451] [bmv2] [T] [thread 2887] [24.0] [cxt 0] Bytes parsed: 14
[14:15:20.451] [bmv2] [D] [thread 2887] [24.0] [cxt 0] Parser 'parser': end
[14:15:20.451] [bmv2] [D] [thread 2887] [24.0] [cxt 0] Pipeline 'ingress': start
[14:15:20.451] [bmv2] [T] [thread 2887] [24.0] [cxt 0] /home/p4/git/master_degree_p4_unipampa/Patcher_v0/p4src/fast_reroute.p4(110) Condition "hdr.ipv4.isValid()" (node_2) is false
[14:15:20.451] [bmv2] [D] [thread 2887] [24.0] [cxt 0] Pipeline 'ingress': end
[14:15:20.451] [bmv2] [D] [thread 2887] [24.0] [cxt 0] Egress port is 0
[14:15:20.451] [bmv2] [D] [thread 2888] [24.0] [cxt 0] Pipeline 'egress': start
[14:15:20.451] [bmv2] [D] [thread 2888] [24.0] [cxt 0] Pipeline 'egress': end
[14:15:20.451] [bmv2] [D] [thread 2888] [24.0] [cxt 0] Deparser 'deparser': start
[14:15:20.451] [bmv2] [T] [thread 2888] [24.0] [cxt 0] Skipping checksum 'cksum' update because condition not met
[14:15:20.451] [bmv2] [D] [thread 2888] [24.0] [cxt 0] Deparsing header 'ethernet'
[14:15:20.451] [bmv2] [D] [thread 2888] [24.0] [cxt 0] Deparser 'deparser': end
[14:15:20.451] [bmv2] [D] [thread 2892] [24.0] [cxt 0] Transmitting packet of size 125 out of port 0
[14:15:20.480] [bmv2] [D] [thread 2887] [25.0] [cxt 0] Processing packet received on port 1
[14:15:20.480] [bmv2] [D] [thread 2887] [25.0] [cxt 0] Parser 'parser': start
[14:15:20.480] [bmv2] [D] [thread 2887] [25.0] [cxt 0] Parser 'parser' entering state 'start'
[14:15:20.480] [bmv2] [D] [thread 2887] [25.0] [cxt 0] Extracting header 'ethernet'
[14:15:20.480] [bmv2] [D] [thread 2887] [25.0] [cxt 0] Parser state 'start': key is 86dd
[14:15:20.480] [bmv2] [T] [thread 2887] [25.0] [cxt 0] Bytes parsed: 14
[14:15:20.480] [bmv2] [D] [thread 2887] [25.0] [cxt 0] Parser 'parser': end
[14:15:20.480] [bmv2] [D] [thread 2887] [25.0] [cxt 0] Pipeline 'ingress': start
[14:15:20.480] [bmv2] [T] [thread 2887] [25.0] [cxt 0] /home/p4/git/master_degree_p4_unipampa/Patcher_v0/p4src/fast_reroute.p4(110) Condition "hdr.ipv4.isValid()" (node_2) is false
[14:15:20.481] [bmv2] [D] [thread 2887] [25.0] [cxt 0] Pipeline 'ingress': end
[14:15:20.481] [bmv2] [D] [thread 2887] [25.0] [cxt 0] Egress port is 0
[14:15:20.481] [bmv2] [D] [thread 2888] [25.0] [cxt 0] Pipeline 'egress': start
[14:15:20.481] [bmv2] [D] [thread 2888] [25.0] [cxt 0] Pipeline 'egress': end
[14:15:20.481] [bmv2] [D] [thread 2888] [25.0] [cxt 0] Deparser 'deparser': start
[14:15:20.481] [bmv2] [T] [thread 2888] [25.0] [cxt 0] Skipping checksum 'cksum' update because condition not met
[14:15:20.481] [bmv2] [D] [thread 2888] [25.0] [cxt 0] Deparsing header 'ethernet'
[14:15:20.481] [bmv2] [D] [thread 2888] [25.0] [cxt 0] Deparser 'deparser': end
[14:15:20.481] [bmv2] [D] [thread 2892] [25.0] [cxt 0] Transmitting packet of size 125 out of port 0
[14:15:20.504] [bmv2] [D] [thread 2887] [26.0] [cxt 0] Processing packet received on port 2
[14:15:20.504] [bmv2] [D] [thread 2887] [26.0] [cxt 0] Parser 'parser': start
[14:15:20.504] [bmv2] [D] [thread 2887] [26.0] [cxt 0] Parser 'parser' entering state 'start'
[14:15:20.504] [bmv2] [D] [thread 2887] [26.0] [cxt 0] Extracting header 'ethernet'
[14:15:20.504] [bmv2] [D] [thread 2887] [26.0] [cxt 0] Parser state 'start': key is 86dd
[14:15:20.504] [bmv2] [T] [thread 2887] [26.0] [cxt 0] Bytes parsed: 14
[14:15:20.504] [bmv2] [D] [thread 2887] [26.0] [cxt 0] Parser 'parser': end
[14:15:20.504] [bmv2] [D] [thread 2887] [26.0] [cxt 0] Pipeline 'ingress': start
[14:15:20.504] [bmv2] [T] [thread 2887] [26.0] [cxt 0] /home/p4/git/master_degree_p4_unipampa/Patcher_v0/p4src/fast_reroute.p4(110) Condition "hdr.ipv4.isValid()" (node_2) is false
[14:15:20.504] [bmv2] [D] [thread 2887] [26.0] [cxt 0] Pipeline 'ingress': end
[14:15:20.504] [bmv2] [D] [thread 2887] [26.0] [cxt 0] Egress port is 0
[14:15:20.504] [bmv2] [D] [thread 2888] [26.0] [cxt 0] Pipeline 'egress': start
[14:15:20.504] [bmv2] [D] [thread 2888] [26.0] [cxt 0] Pipeline 'egress': end
[14:15:20.504] [bmv2] [D] [thread 2888] [26.0] [cxt 0] Deparser 'deparser': start
[14:15:20.504] [bmv2] [T] [thread 2888] [26.0] [cxt 0] Skipping checksum 'cksum' update because condition not met
[14:15:20.504] [bmv2] [D] [thread 2888] [26.0] [cxt 0] Deparsing header 'ethernet'
[14:15:20.504] [bmv2] [D] [thread 2888] [26.0] [cxt 0] Deparser 'deparser': end
[14:15:20.504] [bmv2] [D] [thread 2892] [26.0] [cxt 0] Transmitting packet of size 110 out of port 0
[14:15:20.579] [bmv2] [D] [thread 2887] [27.0] [cxt 0] Processing packet received on port 3
[14:15:20.579] [bmv2] [D] [thread 2887] [27.0] [cxt 0] Parser 'parser': start
[14:15:20.579] [bmv2] [D] [thread 2887] [27.0] [cxt 0] Parser 'parser' entering state 'start'
[14:15:20.579] [bmv2] [D] [thread 2887] [27.0] [cxt 0] Extracting header 'ethernet'
[14:15:20.579] [bmv2] [D] [thread 2887] [27.0] [cxt 0] Parser state 'start': key is 86dd
[14:15:20.579] [bmv2] [T] [thread 2887] [27.0] [cxt 0] Bytes parsed: 14
[14:15:20.579] [bmv2] [D] [thread 2887] [27.0] [cxt 0] Parser 'parser': end
[14:15:20.579] [bmv2] [D] [thread 2887] [27.0] [cxt 0] Pipeline 'ingress': start
[14:15:20.579] [bmv2] [T] [thread 2887] [27.0] [cxt 0] /home/p4/git/master_degree_p4_unipampa/Patcher_v0/p4src/fast_reroute.p4(110) Condition "hdr.ipv4.isValid()" (node_2) is false
[14:15:20.579] [bmv2] [D] [thread 2887] [27.0] [cxt 0] Pipeline 'ingress': end
[14:15:20.579] [bmv2] [D] [thread 2887] [27.0] [cxt 0] Egress port is 0
[14:15:20.579] [bmv2] [D] [thread 2888] [27.0] [cxt 0] Pipeline 'egress': start
[14:15:20.579] [bmv2] [D] [thread 2888] [27.0] [cxt 0] Pipeline 'egress': end
[14:15:20.579] [bmv2] [D] [thread 2888] [27.0] [cxt 0] Deparser 'deparser': start
[14:15:20.579] [bmv2] [T] [thread 2888] [27.0] [cxt 0] Skipping checksum 'cksum' update because condition not met
[14:15:20.579] [bmv2] [D] [thread 2888] [27.0] [cxt 0] Deparsing header 'ethernet'
[14:15:20.579] [bmv2] [D] [thread 2888] [27.0] [cxt 0] Deparser 'deparser': end
[14:15:20.579] [bmv2] [D] [thread 2892] [27.0] [cxt 0] Transmitting packet of size 110 out of port 0
[14:15:20.621] [bmv2] [D] [thread 2887] [28.0] [cxt 0] Processing packet received on port 2
[14:15:20.621] [bmv2] [D] [thread 2887] [28.0] [cxt 0] Parser 'parser': start
[14:15:20.621] [bmv2] [D] [thread 2887] [28.0] [cxt 0] Parser 'parser' entering state 'start'
[14:15:20.621] [bmv2] [D] [thread 2887] [28.0] [cxt 0] Extracting header 'ethernet'
[14:15:20.621] [bmv2] [D] [thread 2887] [28.0] [cxt 0] Parser state 'start': key is 86dd
[14:15:20.621] [bmv2] [T] [thread 2887] [28.0] [cxt 0] Bytes parsed: 14
[14:15:20.621] [bmv2] [D] [thread 2887] [28.0] [cxt 0] Parser 'parser': end
[14:15:20.621] [bmv2] [D] [thread 2887] [28.0] [cxt 0] Pipeline 'ingress': start
[14:15:20.621] [bmv2] [T] [thread 2887] [28.0] [cxt 0] /home/p4/git/master_degree_p4_unipampa/Patcher_v0/p4src/fast_reroute.p4(110) Condition "hdr.ipv4.isValid()" (node_2) is false
[14:15:20.621] [bmv2] [D] [thread 2887] [28.0] [cxt 0] Pipeline 'ingress': end
[14:15:20.621] [bmv2] [D] [thread 2887] [28.0] [cxt 0] Egress port is 0
[14:15:20.621] [bmv2] [D] [thread 2888] [28.0] [cxt 0] Pipeline 'egress': start
[14:15:20.621] [bmv2] [D] [thread 2888] [28.0] [cxt 0] Pipeline 'egress': end
[14:15:20.621] [bmv2] [D] [thread 2888] [28.0] [cxt 0] Deparser 'deparser': start
[14:15:20.621] [bmv2] [T] [thread 2888] [28.0] [cxt 0] Skipping checksum 'cksum' update because condition not met
[14:15:20.621] [bmv2] [D] [thread 2888] [28.0] [cxt 0] Deparsing header 'ethernet'
[14:15:20.621] [bmv2] [D] [thread 2888] [28.0] [cxt 0] Deparser 'deparser': end
[14:15:20.621] [bmv2] [D] [thread 2892] [28.0] [cxt 0] Transmitting packet of size 210 out of port 0
[14:15:24.387] [bmv2] [T] [thread 3149] bm_get_config
[14:15:24.387] [bmv2] [T] [thread 3149] bm_mt_get_entries
[14:15:24.387] [bmv2] [T] [thread 3149] bm_mt_get_entries
[14:15:24.406] [bmv2] [T] [thread 3149] bm_reset_state
[14:15:24.413] [bmv2] [D] [thread 3149] Resetting simple_switch target-specific state
[14:15:24.413] [bmv2] [D] [thread 3149] resetting PRE state
[14:15:24.467] [bmv2] [T] [thread 3149] bm_register_write
[14:15:24.468] [bmv2] [T] [thread 3149] bm_table_add_entry
[14:15:24.468] [bmv2] [D] [thread 3149] Entry 0 added to table 'MyIngress.len_primary_path'
[14:15:24.468] [bmv2] [D] [thread 3149] Dumping entry 0
Match key:
* hdr.pathHops.path_id: EXACT     00000000
Action entry: MyIngress.read_len_primary_path - 0,

[14:15:24.478] [bmv2] [T] [thread 3149] bm_register_write
[14:15:24.481] [bmv2] [T] [thread 3149] bm_register_write
[14:15:42.286] [bmv2] [T] [thread 3236] bm_get_config
[14:15:42.286] [bmv2] [T] [thread 3236] bm_mt_get_entries
[14:15:42.286] [bmv2] [T] [thread 3236] bm_mt_get_entries
[14:15:42.309] [bmv2] [T] [thread 3236] bm_reset_state
[14:15:42.312] [bmv2] [D] [thread 3236] Resetting simple_switch target-specific state
[14:15:42.312] [bmv2] [D] [thread 3236] resetting PRE state
[14:15:42.352] [bmv2] [T] [thread 3236] bm_register_write
[14:15:42.352] [bmv2] [T] [thread 3236] bm_table_add_entry
[14:15:42.353] [bmv2] [D] [thread 3236] Entry 0 added to table 'MyIngress.len_primary_path'
[14:15:42.353] [bmv2] [D] [thread 3236] Dumping entry 0
Match key:
* hdr.pathHops.path_id: EXACT     00000000
Action entry: MyIngress.read_len_primary_path - 0,

[14:15:42.358] [bmv2] [T] [thread 3236] bm_register_write
[14:15:42.358] [bmv2] [T] [thread 3236] bm_register_write
[14:17:51.402] [bmv2] [T] [thread 3281] bm_get_config
[14:17:51.403] [bmv2] [T] [thread 3281] bm_mt_get_entries
[14:17:51.403] [bmv2] [T] [thread 3281] bm_mt_get_entries
[14:17:51.425] [bmv2] [T] [thread 3281] bm_reset_state
[14:17:51.431] [bmv2] [D] [thread 3281] Resetting simple_switch target-specific state
[14:17:51.431] [bmv2] [D] [thread 3281] resetting PRE state
[14:17:51.476] [bmv2] [T] [thread 3281] bm_register_write
[14:17:51.476] [bmv2] [T] [thread 3281] bm_table_add_entry
[14:17:51.477] [bmv2] [D] [thread 3281] Entry 0 added to table 'MyIngress.len_primary_path'
[14:17:51.477] [bmv2] [D] [thread 3281] Dumping entry 0
Match key:
* hdr.pathHops.path_id: EXACT     00000000
Action entry: MyIngress.read_len_primary_path - 0,

[14:17:51.479] [bmv2] [T] [thread 3281] bm_register_write
[14:17:51.479] [bmv2] [T] [thread 3281] bm_register_write
[14:46:35.799] [bmv2] [T] [thread 6699] bm_get_config
[14:46:35.800] [bmv2] [T] [thread 6699] bm_mt_get_entries
[14:46:35.801] [bmv2] [T] [thread 6699] bm_mt_get_entries
[14:46:35.824] [bmv2] [T] [thread 6699] bm_reset_state
[14:46:35.827] [bmv2] [D] [thread 6699] Resetting simple_switch target-specific state
[14:46:35.827] [bmv2] [D] [thread 6699] resetting PRE state
[14:46:35.863] [bmv2] [T] [thread 6699] bm_register_write
[14:46:35.864] [bmv2] [T] [thread 6699] bm_table_add_entry
[14:46:35.864] [bmv2] [D] [thread 6699] Entry 0 added to table 'MyIngress.len_primary_path'
[14:46:35.864] [bmv2] [D] [thread 6699] Dumping entry 0
Match key:
* hdr.pathHops.path_id: EXACT     00000000
Action entry: MyIngress.read_len_primary_path - 0,

[14:46:35.868] [bmv2] [T] [thread 6699] bm_register_write
[14:46:35.868] [bmv2] [T] [thread 6699] bm_register_write
[14:47:19.007] [bmv2] [T] [thread 6791] bm_get_config
[14:47:19.008] [bmv2] [T] [thread 6791] bm_mt_get_entries
[14:47:19.008] [bmv2] [T] [thread 6791] bm_mt_get_entries
[14:47:19.030] [bmv2] [T] [thread 6791] bm_reset_state
[14:47:19.036] [bmv2] [D] [thread 6791] Resetting simple_switch target-specific state
[14:47:19.036] [bmv2] [D] [thread 6791] resetting PRE state
[14:47:19.084] [bmv2] [T] [thread 6791] bm_register_write
[14:47:19.086] [bmv2] [T] [thread 6791] bm_table_add_entry
[14:47:19.086] [bmv2] [D] [thread 6791] Entry 0 added to table 'MyIngress.len_primary_path'
[14:47:19.086] [bmv2] [D] [thread 6791] Dumping entry 0
Match key:
* hdr.pathHops.path_id: EXACT     00000000
Action entry: MyIngress.read_len_primary_path - 0,

[14:47:19.101] [bmv2] [T] [thread 6791] bm_register_write
[14:47:19.101] [bmv2] [T] [thread 6791] bm_register_write
[14:57:03.082] [bmv2] [T] [thread 6879] bm_get_config
[14:57:03.083] [bmv2] [T] [thread 6879] bm_mt_get_entries
[14:57:03.084] [bmv2] [T] [thread 6879] bm_mt_get_entries
[14:57:03.101] [bmv2] [T] [thread 6879] bm_reset_state
[14:57:03.106] [bmv2] [D] [thread 6879] Resetting simple_switch target-specific state
[14:57:03.107] [bmv2] [D] [thread 6879] resetting PRE state
[14:57:03.153] [bmv2] [T] [thread 6879] bm_register_write
[14:57:03.154] [bmv2] [T] [thread 6879] bm_table_add_entry
[14:57:03.154] [bmv2] [D] [thread 6879] Entry 0 added to table 'MyIngress.len_primary_path'
[14:57:03.154] [bmv2] [D] [thread 6879] Dumping entry 0
Match key:
* hdr.pathHops.path_id: EXACT     00000000
Action entry: MyIngress.read_len_primary_path - 0,

[14:57:03.164] [bmv2] [T] [thread 6879] bm_register_write
[14:57:03.164] [bmv2] [T] [thread 6879] bm_register_write
[14:57:24.350] [bmv2] [T] [thread 6905] bm_get_config
[14:57:24.351] [bmv2] [T] [thread 6905] bm_mt_get_entries
[14:57:24.351] [bmv2] [T] [thread 6905] bm_mt_get_entries
[14:57:24.372] [bmv2] [T] [thread 6905] bm_reset_state
[14:57:24.378] [bmv2] [D] [thread 6905] Resetting simple_switch target-specific state
[14:57:24.378] [bmv2] [D] [thread 6905] resetting PRE state
[14:57:24.422] [bmv2] [T] [thread 6905] bm_register_write
[14:57:24.423] [bmv2] [T] [thread 6905] bm_table_add_entry
[14:57:24.423] [bmv2] [D] [thread 6905] Entry 0 added to table 'MyIngress.len_primary_path'
[14:57:24.423] [bmv2] [D] [thread 6905] Dumping entry 0
Match key:
* hdr.pathHops.path_id: EXACT     00000000
Action entry: MyIngress.read_len_primary_path - 0,

[14:57:24.426] [bmv2] [T] [thread 6905] bm_register_write
[14:57:24.426] [bmv2] [T] [thread 6905] bm_register_write
[14:57:33.843] [bmv2] [T] [thread 6991] bm_get_config
[14:57:33.844] [bmv2] [T] [thread 6991] bm_mt_get_entries
[14:57:33.844] [bmv2] [T] [thread 6991] bm_mt_get_entries
[14:57:33.866] [bmv2] [T] [thread 6991] bm_reset_state
[14:57:33.869] [bmv2] [D] [thread 6991] Resetting simple_switch target-specific state
[14:57:33.869] [bmv2] [D] [thread 6991] resetting PRE state
[14:57:33.909] [bmv2] [T] [thread 6991] bm_register_write
[14:57:33.909] [bmv2] [T] [thread 6991] bm_table_add_entry
[14:57:33.909] [bmv2] [D] [thread 6991] Entry 0 added to table 'MyIngress.len_primary_path'
[14:57:33.910] [bmv2] [D] [thread 6991] Dumping entry 0
Match key:
* hdr.pathHops.path_id: EXACT     00000000
Action entry: MyIngress.read_len_primary_path - 0,

[14:57:33.916] [bmv2] [T] [thread 6991] bm_register_write
[14:57:33.919] [bmv2] [T] [thread 6991] bm_register_write
[14:57:53.623] [bmv2] [T] [thread 7075] bm_get_config
[14:57:53.623] [bmv2] [T] [thread 7075] bm_mt_get_entries
[14:57:53.624] [bmv2] [T] [thread 7075] bm_mt_get_entries
[14:57:53.644] [bmv2] [T] [thread 7075] bm_reset_state
[14:57:53.649] [bmv2] [D] [thread 7075] Resetting simple_switch target-specific state
[14:57:53.649] [bmv2] [D] [thread 7075] resetting PRE state
[14:57:53.691] [bmv2] [T] [thread 7075] bm_register_write
[14:57:53.692] [bmv2] [T] [thread 7075] bm_table_add_entry
[14:57:53.692] [bmv2] [D] [thread 7075] Entry 0 added to table 'MyIngress.len_primary_path'
[14:57:53.692] [bmv2] [D] [thread 7075] Dumping entry 0
Match key:
* hdr.pathHops.path_id: EXACT     00000000
Action entry: MyIngress.read_len_primary_path - 0,

[14:57:53.694] [bmv2] [T] [thread 7075] bm_register_write
[14:57:53.694] [bmv2] [T] [thread 7075] bm_register_write
[14:58:25.893] [bmv2] [T] [thread 7160] bm_get_config
[14:58:25.893] [bmv2] [T] [thread 7160] bm_mt_get_entries
[14:58:25.894] [bmv2] [T] [thread 7160] bm_mt_get_entries
[14:58:25.915] [bmv2] [T] [thread 7160] bm_reset_state
[14:58:25.920] [bmv2] [D] [thread 7160] Resetting simple_switch target-specific state
[14:58:25.920] [bmv2] [D] [thread 7160] resetting PRE state
[14:58:25.980] [bmv2] [T] [thread 7160] bm_register_write
[14:58:25.982] [bmv2] [T] [thread 7160] bm_table_add_entry
[14:58:25.982] [bmv2] [D] [thread 7160] Entry 0 added to table 'MyIngress.len_primary_path'
[14:58:25.982] [bmv2] [D] [thread 7160] Dumping entry 0
Match key:
* hdr.pathHops.path_id: EXACT     00000000
Action entry: MyIngress.read_len_primary_path - 0,

[14:58:25.990] [bmv2] [T] [thread 7160] bm_register_write
[14:58:25.990] [bmv2] [T] [thread 7160] bm_register_write
[14:59:46.613] [bmv2] [T] [thread 7245] bm_get_config
[14:59:46.614] [bmv2] [T] [thread 7245] bm_mt_get_entries
[14:59:46.614] [bmv2] [T] [thread 7245] bm_mt_get_entries
[14:59:46.634] [bmv2] [T] [thread 7245] bm_reset_state
[14:59:46.639] [bmv2] [D] [thread 7245] Resetting simple_switch target-specific state
[14:59:46.639] [bmv2] [D] [thread 7245] resetting PRE state
[14:59:46.685] [bmv2] [T] [thread 7245] bm_register_write
[14:59:46.686] [bmv2] [T] [thread 7245] bm_table_add_entry
[14:59:46.686] [bmv2] [D] [thread 7245] Entry 0 added to table 'MyIngress.len_primary_path'
[14:59:46.686] [bmv2] [D] [thread 7245] Dumping entry 0
Match key:
* hdr.pathHops.path_id: EXACT     00000000
Action entry: MyIngress.read_len_primary_path - 0,

[14:59:46.693] [bmv2] [T] [thread 7245] bm_register_write
[14:59:46.695] [bmv2] [T] [thread 7245] bm_register_write
[15:00:19.009] [bmv2] [T] [thread 7335] bm_get_config
[15:00:19.009] [bmv2] [T] [thread 7335] bm_mt_get_entries
[15:00:19.010] [bmv2] [T] [thread 7335] bm_mt_get_entries
[15:00:19.031] [bmv2] [T] [thread 7335] bm_reset_state
[15:00:19.034] [bmv2] [D] [thread 7335] Resetting simple_switch target-specific state
[15:00:19.034] [bmv2] [D] [thread 7335] resetting PRE state
[15:00:19.067] [bmv2] [T] [thread 7335] bm_register_write
[15:00:19.067] [bmv2] [T] [thread 7335] bm_table_add_entry
[15:00:19.067] [bmv2] [D] [thread 7335] Entry 0 added to table 'MyIngress.len_primary_path'
[15:00:19.067] [bmv2] [D] [thread 7335] Dumping entry 0
Match key:
* hdr.pathHops.path_id: EXACT     00000000
Action entry: MyIngress.read_len_primary_path - 0,

[15:00:19.071] [bmv2] [T] [thread 7335] bm_register_write
[15:00:19.071] [bmv2] [T] [thread 7335] bm_register_write
[15:00:33.756] [bmv2] [T] [thread 7454] bm_get_config
[15:00:33.756] [bmv2] [T] [thread 7454] bm_mt_get_entries
[15:00:33.757] [bmv2] [T] [thread 7454] bm_mt_get_entries
[15:00:33.779] [bmv2] [T] [thread 7454] bm_reset_state
[15:00:33.784] [bmv2] [D] [thread 7454] Resetting simple_switch target-specific state
[15:00:33.784] [bmv2] [D] [thread 7454] resetting PRE state
[15:00:33.805] [bmv2] [T] [thread 7454] bm_register_write
[15:00:33.805] [bmv2] [T] [thread 7454] bm_table_add_entry
[15:00:33.805] [bmv2] [D] [thread 7454] Entry 0 added to table 'MyIngress.len_primary_path'
[15:00:33.805] [bmv2] [D] [thread 7454] Dumping entry 0
Match key:
* hdr.pathHops.path_id: EXACT     00000000
Action entry: MyIngress.read_len_primary_path - 0,

[15:00:33.808] [bmv2] [T] [thread 7454] bm_register_write
[15:00:33.808] [bmv2] [T] [thread 7454] bm_register_write
[15:00:46.014] [bmv2] [T] [thread 7576] bm_get_config
[15:00:46.015] [bmv2] [T] [thread 7576] bm_mt_get_entries
[15:00:46.015] [bmv2] [T] [thread 7576] bm_mt_get_entries
[15:00:46.038] [bmv2] [T] [thread 7576] bm_reset_state
[15:00:46.043] [bmv2] [D] [thread 7576] Resetting simple_switch target-specific state
[15:00:46.044] [bmv2] [D] [thread 7576] resetting PRE state
[15:00:46.091] [bmv2] [T] [thread 7576] bm_register_write
[15:00:46.092] [bmv2] [T] [thread 7576] bm_table_add_entry
[15:00:46.092] [bmv2] [D] [thread 7576] Entry 0 added to table 'MyIngress.len_primary_path'
[15:00:46.092] [bmv2] [D] [thread 7576] Dumping entry 0
Match key:
* hdr.pathHops.path_id: EXACT     00000000
Action entry: MyIngress.read_len_primary_path - 0,

[15:00:46.098] [bmv2] [T] [thread 7576] bm_register_write
[15:00:46.099] [bmv2] [T] [thread 7576] bm_register_write
[15:00:56.086] [bmv2] [T] [thread 7697] bm_get_config
[15:00:56.087] [bmv2] [T] [thread 7697] bm_mt_get_entries
[15:00:56.087] [bmv2] [T] [thread 7697] bm_mt_get_entries
[15:00:56.109] [bmv2] [T] [thread 7697] bm_reset_state
[15:00:56.114] [bmv2] [D] [thread 7697] Resetting simple_switch target-specific state
[15:00:56.114] [bmv2] [D] [thread 7697] resetting PRE state
[15:00:56.163] [bmv2] [T] [thread 7697] bm_register_write
[15:00:56.164] [bmv2] [T] [thread 7697] bm_table_add_entry
[15:00:56.164] [bmv2] [D] [thread 7697] Entry 0 added to table 'MyIngress.len_primary_path'
[15:00:56.164] [bmv2] [D] [thread 7697] Dumping entry 0
Match key:
* hdr.pathHops.path_id: EXACT     00000000
Action entry: MyIngress.read_len_primary_path - 0,

[15:00:56.169] [bmv2] [T] [thread 7697] bm_register_write
[15:00:56.169] [bmv2] [T] [thread 7697] bm_register_write
[15:10:05.308] [bmv2] [T] [thread 7898] bm_get_config
[15:10:05.309] [bmv2] [T] [thread 7898] bm_mt_get_entries
[15:10:05.309] [bmv2] [T] [thread 7898] bm_mt_get_entries
[15:10:05.331] [bmv2] [T] [thread 7898] bm_reset_state
[15:10:05.333] [bmv2] [D] [thread 7898] Resetting simple_switch target-specific state
[15:10:05.333] [bmv2] [D] [thread 7898] resetting PRE state
[15:10:05.368] [bmv2] [T] [thread 7898] bm_register_write
[15:10:05.369] [bmv2] [T] [thread 7898] bm_table_add_entry
[15:10:05.369] [bmv2] [D] [thread 7898] Entry 0 added to table 'MyIngress.len_primary_path'
[15:10:05.369] [bmv2] [D] [thread 7898] Dumping entry 0
Match key:
* hdr.pathHops.path_id: EXACT     00000000
Action entry: MyIngress.read_len_primary_path - 0,

[15:10:05.372] [bmv2] [T] [thread 7898] bm_register_write
[15:10:05.372] [bmv2] [T] [thread 7898] bm_register_write
[15:11:36.802] [bmv2] [T] [thread 8081] bm_get_config
[15:11:36.802] [bmv2] [T] [thread 8081] bm_mt_get_entries
[15:11:36.802] [bmv2] [T] [thread 8081] bm_mt_get_entries
[15:11:36.824] [bmv2] [T] [thread 8081] bm_reset_state
[15:11:36.827] [bmv2] [D] [thread 8081] Resetting simple_switch target-specific state
[15:11:36.827] [bmv2] [D] [thread 8081] resetting PRE state
[15:11:36.872] [bmv2] [T] [thread 8081] bm_register_write
[15:11:36.872] [bmv2] [T] [thread 8081] bm_table_add_entry
[15:11:36.872] [bmv2] [D] [thread 8081] Entry 0 added to table 'MyIngress.len_primary_path'
[15:11:36.872] [bmv2] [D] [thread 8081] Dumping entry 0
Match key:
* hdr.pathHops.path_id: EXACT     00000000
Action entry: MyIngress.read_len_primary_path - 0,

[15:11:36.875] [bmv2] [T] [thread 8081] bm_register_write
[15:11:36.875] [bmv2] [T] [thread 8081] bm_register_write
[15:12:17.348] [bmv2] [T] [thread 8174] bm_get_config
[15:12:17.349] [bmv2] [T] [thread 8174] bm_mt_get_entries
[15:12:17.349] [bmv2] [T] [thread 8174] bm_mt_get_entries
[15:12:17.371] [bmv2] [T] [thread 8174] bm_reset_state
[15:12:17.377] [bmv2] [D] [thread 8174] Resetting simple_switch target-specific state
[15:12:17.377] [bmv2] [D] [thread 8174] resetting PRE state
[15:12:17.412] [bmv2] [T] [thread 8174] bm_register_write
[15:12:17.413] [bmv2] [T] [thread 8174] bm_table_add_entry
[15:12:17.413] [bmv2] [D] [thread 8174] Entry 0 added to table 'MyIngress.len_primary_path'
[15:12:17.413] [bmv2] [D] [thread 8174] Dumping entry 0
Match key:
* hdr.pathHops.path_id: EXACT     00000000
Action entry: MyIngress.read_len_primary_path - 0,

[15:12:17.422] [bmv2] [T] [thread 8174] bm_register_write
[15:12:17.422] [bmv2] [T] [thread 8174] bm_register_write
[15:13:15.240] [bmv2] [T] [thread 8266] bm_get_config
[15:13:15.240] [bmv2] [T] [thread 8266] bm_mt_get_entries
[15:13:15.241] [bmv2] [T] [thread 8266] bm_mt_get_entries
[15:13:15.262] [bmv2] [T] [thread 8266] bm_reset_state
[15:13:15.268] [bmv2] [D] [thread 8266] Resetting simple_switch target-specific state
[15:13:15.268] [bmv2] [D] [thread 8266] resetting PRE state
[15:13:15.305] [bmv2] [T] [thread 8266] bm_register_write
[15:13:15.306] [bmv2] [T] [thread 8266] bm_table_add_entry
[15:13:15.306] [bmv2] [D] [thread 8266] Entry 0 added to table 'MyIngress.len_primary_path'
[15:13:15.306] [bmv2] [D] [thread 8266] Dumping entry 0
Match key:
* hdr.pathHops.path_id: EXACT     00000000
Action entry: MyIngress.read_len_primary_path - 0,

[15:13:15.317] [bmv2] [T] [thread 8266] bm_register_write
[15:13:15.318] [bmv2] [T] [thread 8266] bm_register_write
[15:15:06.238] [bmv2] [T] [thread 8373] bm_get_config
[15:15:06.238] [bmv2] [T] [thread 8373] bm_mt_get_entries
[15:15:06.239] [bmv2] [T] [thread 8373] bm_mt_get_entries
[15:15:06.259] [bmv2] [T] [thread 8373] bm_reset_state
[15:15:06.262] [bmv2] [D] [thread 8373] Resetting simple_switch target-specific state
[15:15:06.262] [bmv2] [D] [thread 8373] resetting PRE state
[15:15:06.312] [bmv2] [T] [thread 8373] bm_register_write
[15:15:06.313] [bmv2] [T] [thread 8373] bm_table_add_entry
[15:15:06.313] [bmv2] [D] [thread 8373] Entry 0 added to table 'MyIngress.len_primary_path'
[15:15:06.313] [bmv2] [D] [thread 8373] Dumping entry 0
Match key:
* hdr.pathHops.path_id: EXACT     00000000
Action entry: MyIngress.read_len_primary_path - 0,

[15:15:06.327] [bmv2] [T] [thread 8373] bm_register_write
[15:15:06.328] [bmv2] [T] [thread 8373] bm_register_write
[15:15:38.955] [bmv2] [T] [thread 8464] bm_get_config
[15:15:38.955] [bmv2] [T] [thread 8464] bm_mt_get_entries
[15:15:38.956] [bmv2] [T] [thread 8464] bm_mt_get_entries
[15:15:38.977] [bmv2] [T] [thread 8464] bm_reset_state
[15:15:38.980] [bmv2] [D] [thread 8464] Resetting simple_switch target-specific state
[15:15:38.980] [bmv2] [D] [thread 8464] resetting PRE state
[15:15:39.029] [bmv2] [T] [thread 8464] bm_register_write
[15:15:39.030] [bmv2] [T] [thread 8464] bm_table_add_entry
[15:15:39.030] [bmv2] [D] [thread 8464] Entry 0 added to table 'MyIngress.len_primary_path'
[15:15:39.030] [bmv2] [D] [thread 8464] Dumping entry 0
Match key:
* hdr.pathHops.path_id: EXACT     00000000
Action entry: MyIngress.read_len_primary_path - 0,

[15:15:39.040] [bmv2] [T] [thread 8464] bm_register_write
[15:15:39.041] [bmv2] [T] [thread 8464] bm_register_write
[15:20:28.072] [bmv2] [T] [thread 8561] bm_get_config
[15:20:28.073] [bmv2] [T] [thread 8561] bm_mt_get_entries
[15:20:28.073] [bmv2] [T] [thread 8561] bm_mt_get_entries
[15:20:28.097] [bmv2] [T] [thread 8561] bm_reset_state
[15:20:28.099] [bmv2] [D] [thread 8561] Resetting simple_switch target-specific state
[15:20:28.099] [bmv2] [D] [thread 8561] resetting PRE state
[15:20:28.153] [bmv2] [T] [thread 8561] bm_register_write
[15:20:28.153] [bmv2] [T] [thread 8561] bm_table_add_entry
[15:20:28.153] [bmv2] [D] [thread 8561] Entry 0 added to table 'MyIngress.len_primary_path'
[15:20:28.153] [bmv2] [D] [thread 8561] Dumping entry 0
Match key:
* hdr.pathHops.path_id: EXACT     00000000
Action entry: MyIngress.read_len_primary_path - 0,

[15:20:28.157] [bmv2] [T] [thread 8561] bm_register_write
[15:20:28.157] [bmv2] [T] [thread 8561] bm_register_write
[15:21:13.478] [bmv2] [T] [thread 8656] bm_get_config
[15:21:13.478] [bmv2] [T] [thread 8656] bm_mt_get_entries
[15:21:13.479] [bmv2] [T] [thread 8656] bm_mt_get_entries
[15:21:13.504] [bmv2] [T] [thread 8656] bm_reset_state
[15:21:13.506] [bmv2] [D] [thread 8656] Resetting simple_switch target-specific state
[15:21:13.506] [bmv2] [D] [thread 8656] resetting PRE state
[15:21:13.555] [bmv2] [T] [thread 8656] bm_register_write
[15:21:13.556] [bmv2] [T] [thread 8656] bm_table_add_entry
[15:21:13.556] [bmv2] [D] [thread 8656] Entry 0 added to table 'MyIngress.len_primary_path'
[15:21:13.556] [bmv2] [D] [thread 8656] Dumping entry 0
Match key:
* hdr.pathHops.path_id: EXACT     00000000
Action entry: MyIngress.read_len_primary_path - 0,

[15:21:13.568] [bmv2] [T] [thread 8656] bm_register_write
[15:21:13.569] [bmv2] [T] [thread 8656] bm_register_write
