Warning: you requested the nanomsg event logger, but bmv2 was compiled without -DBMELOG, and the event logger cannot be activated
Calling target program-options parser
[14:15:19.386] [bmv2] [D] [thread 2524] Set default default entry for table 'tbl_update_curr_path_size': MyIngress.update_curr_path_size - 
[14:15:19.386] [bmv2] [D] [thread 2524] Set default default entry for table 'MyIngress.len_primary_path': NoAction - 
[14:15:19.386] [bmv2] [D] [thread 2524] Set default default entry for table 'MyIngress.len_alternative_path': NoAction - 
[14:15:19.386] [bmv2] [D] [thread 2524] Set default default entry for table 'tbl_fast_reroute121': fast_reroute121 - 
[14:15:19.386] [bmv2] [D] [thread 2524] Set default default entry for table 'tbl_read_depot_port': MyIngress.read_depot_port - 
[14:15:19.386] [bmv2] [D] [thread 2524] Set default default entry for table 'tbl_fast_reroute148': fast_reroute148 - 
[14:15:19.386] [bmv2] [D] [thread 2524] Set default default entry for table 'tbl_reset_curr_path_size': MyIngress.reset_curr_path_size - 
Adding interface s1-eth1 as port 1
[14:15:19.404] [bmv2] [D] [thread 2524] Adding interface s1-eth1 as port 1
Adding interface s1-eth2 as port 2
[14:15:19.431] [bmv2] [D] [thread 2524] Adding interface s1-eth2 as port 2
Adding interface s1-eth3 as port 3
[14:15:19.459] [bmv2] [D] [thread 2524] Adding interface s1-eth3 as port 3
Adding interface s1-eth4 as port 4
[14:15:19.487] [bmv2] [D] [thread 2524] Adding interface s1-eth4 as port 4
Adding interface s1-eth5 as port 5
[14:15:19.515] [bmv2] [D] [thread 2524] Adding interface s1-eth5 as port 5
Adding interface s1-eth6 as port 6
[14:15:19.543] [bmv2] [D] [thread 2524] Adding interface s1-eth6 as port 6
[14:15:19.571] [bmv2] [I] [thread 2524] Starting Thrift server on port 9090
[14:15:19.571] [bmv2] [I] [thread 2524] Thrift server was started
[14:15:19.571] [bmv2] [D] [thread 2682] [0.0] [cxt 0] Processing packet received on port 3
[14:15:19.571] [bmv2] [D] [thread 2682] [0.0] [cxt 0] Parser 'parser': start
[14:15:19.571] [bmv2] [D] [thread 2682] [0.0] [cxt 0] Parser 'parser' entering state 'start'
[14:15:19.572] [bmv2] [D] [thread 2682] [0.0] [cxt 0] Extracting header 'ethernet'
[14:15:19.572] [bmv2] [D] [thread 2682] [0.0] [cxt 0] Parser state 'start': key is 86dd
[14:15:19.572] [bmv2] [T] [thread 2682] [0.0] [cxt 0] Bytes parsed: 14
[14:15:19.572] [bmv2] [D] [thread 2682] [0.0] [cxt 0] Parser 'parser': end
[14:15:19.572] [bmv2] [D] [thread 2682] [0.0] [cxt 0] Pipeline 'ingress': start
[14:15:19.572] [bmv2] [T] [thread 2682] [0.0] [cxt 0] /home/p4/git/master_degree_p4_unipampa/Patcher_v0/p4src/fast_reroute.p4(110) Condition "hdr.ipv4.isValid()" (node_2) is false
[14:15:19.572] [bmv2] [D] [thread 2682] [0.0] [cxt 0] Pipeline 'ingress': end
[14:15:19.572] [bmv2] [D] [thread 2682] [0.0] [cxt 0] Egress port is 0
[14:15:19.572] [bmv2] [D] [thread 2683] [0.0] [cxt 0] Pipeline 'egress': start
[14:15:19.572] [bmv2] [D] [thread 2683] [0.0] [cxt 0] Pipeline 'egress': end
[14:15:19.572] [bmv2] [D] [thread 2683] [0.0] [cxt 0] Deparser 'deparser': start
[14:15:19.572] [bmv2] [T] [thread 2683] [0.0] [cxt 0] Skipping checksum 'cksum' update because condition not met
[14:15:19.572] [bmv2] [D] [thread 2683] [0.0] [cxt 0] Deparsing header 'ethernet'
[14:15:19.572] [bmv2] [D] [thread 2683] [0.0] [cxt 0] Deparser 'deparser': end
[14:15:19.572] [bmv2] [D] [thread 2687] [0.0] [cxt 0] Transmitting packet of size 90 out of port 0
[14:15:19.579] [bmv2] [D] [thread 2682] [1.0] [cxt 0] Processing packet received on port 6
[14:15:19.579] [bmv2] [D] [thread 2682] [1.0] [cxt 0] Parser 'parser': start
[14:15:19.579] [bmv2] [D] [thread 2682] [1.0] [cxt 0] Parser 'parser' entering state 'start'
[14:15:19.579] [bmv2] [D] [thread 2682] [1.0] [cxt 0] Extracting header 'ethernet'
[14:15:19.579] [bmv2] [D] [thread 2682] [1.0] [cxt 0] Parser state 'start': key is 86dd
[14:15:19.579] [bmv2] [T] [thread 2682] [1.0] [cxt 0] Bytes parsed: 14
[14:15:19.579] [bmv2] [D] [thread 2682] [1.0] [cxt 0] Parser 'parser': end
[14:15:19.579] [bmv2] [D] [thread 2682] [1.0] [cxt 0] Pipeline 'ingress': start
[14:15:19.579] [bmv2] [T] [thread 2682] [1.0] [cxt 0] /home/p4/git/master_degree_p4_unipampa/Patcher_v0/p4src/fast_reroute.p4(110) Condition "hdr.ipv4.isValid()" (node_2) is false
[14:15:19.579] [bmv2] [D] [thread 2682] [1.0] [cxt 0] Pipeline 'ingress': end
[14:15:19.579] [bmv2] [D] [thread 2682] [1.0] [cxt 0] Egress port is 0
[14:15:19.579] [bmv2] [D] [thread 2683] [1.0] [cxt 0] Pipeline 'egress': start
[14:15:19.579] [bmv2] [D] [thread 2683] [1.0] [cxt 0] Pipeline 'egress': end
[14:15:19.579] [bmv2] [D] [thread 2683] [1.0] [cxt 0] Deparser 'deparser': start
[14:15:19.579] [bmv2] [T] [thread 2683] [1.0] [cxt 0] Skipping checksum 'cksum' update because condition not met
[14:15:19.579] [bmv2] [D] [thread 2683] [1.0] [cxt 0] Deparsing header 'ethernet'
[14:15:19.579] [bmv2] [D] [thread 2683] [1.0] [cxt 0] Deparser 'deparser': end
[14:15:19.579] [bmv2] [D] [thread 2687] [1.0] [cxt 0] Transmitting packet of size 90 out of port 0
[14:15:19.664] [bmv2] [D] [thread 2682] [2.0] [cxt 0] Processing packet received on port 2
[14:15:19.664] [bmv2] [D] [thread 2682] [2.0] [cxt 0] Parser 'parser': start
[14:15:19.664] [bmv2] [D] [thread 2682] [2.0] [cxt 0] Parser 'parser' entering state 'start'
[14:15:19.664] [bmv2] [D] [thread 2682] [2.0] [cxt 0] Extracting header 'ethernet'
[14:15:19.664] [bmv2] [D] [thread 2682] [2.0] [cxt 0] Parser state 'start': key is 86dd
[14:15:19.664] [bmv2] [T] [thread 2682] [2.0] [cxt 0] Bytes parsed: 14
[14:15:19.664] [bmv2] [D] [thread 2682] [2.0] [cxt 0] Parser 'parser': end
[14:15:19.664] [bmv2] [D] [thread 2682] [2.0] [cxt 0] Pipeline 'ingress': start
[14:15:19.664] [bmv2] [T] [thread 2682] [2.0] [cxt 0] /home/p4/git/master_degree_p4_unipampa/Patcher_v0/p4src/fast_reroute.p4(110) Condition "hdr.ipv4.isValid()" (node_2) is false
[14:15:19.664] [bmv2] [D] [thread 2682] [2.0] [cxt 0] Pipeline 'ingress': end
[14:15:19.664] [bmv2] [D] [thread 2682] [2.0] [cxt 0] Egress port is 0
[14:15:19.664] [bmv2] [D] [thread 2682] [3.0] [cxt 0] Processing packet received on port 3
[14:15:19.664] [bmv2] [D] [thread 2682] [3.0] [cxt 0] Parser 'parser': start
[14:15:19.664] [bmv2] [D] [thread 2682] [3.0] [cxt 0] Parser 'parser' entering state 'start'
[14:15:19.664] [bmv2] [D] [thread 2682] [3.0] [cxt 0] Extracting header 'ethernet'
[14:15:19.664] [bmv2] [D] [thread 2682] [3.0] [cxt 0] Parser state 'start': key is 86dd
[14:15:19.664] [bmv2] [T] [thread 2682] [3.0] [cxt 0] Bytes parsed: 14
[14:15:19.664] [bmv2] [D] [thread 2682] [3.0] [cxt 0] Parser 'parser': end
[14:15:19.664] [bmv2] [D] [thread 2682] [3.0] [cxt 0] Pipeline 'ingress': start
[14:15:19.664] [bmv2] [T] [thread 2682] [3.0] [cxt 0] /home/p4/git/master_degree_p4_unipampa/Patcher_v0/p4src/fast_reroute.p4(110) Condition "hdr.ipv4.isValid()" (node_2) is false
[14:15:19.664] [bmv2] [D] [thread 2682] [3.0] [cxt 0] Pipeline 'ingress': end
[14:15:19.664] [bmv2] [D] [thread 2682] [3.0] [cxt 0] Egress port is 0
[14:15:19.664] [bmv2] [D] [thread 2683] [2.0] [cxt 0] Pipeline 'egress': start
[14:15:19.664] [bmv2] [D] [thread 2683] [2.0] [cxt 0] Pipeline 'egress': end
[14:15:19.664] [bmv2] [D] [thread 2683] [2.0] [cxt 0] Deparser 'deparser': start
[14:15:19.664] [bmv2] [T] [thread 2683] [2.0] [cxt 0] Skipping checksum 'cksum' update because condition not met
[14:15:19.664] [bmv2] [D] [thread 2683] [2.0] [cxt 0] Deparsing header 'ethernet'
[14:15:19.664] [bmv2] [D] [thread 2683] [2.0] [cxt 0] Deparser 'deparser': end
[14:15:19.665] [bmv2] [D] [thread 2683] [3.0] [cxt 0] Pipeline 'egress': start
[14:15:19.665] [bmv2] [D] [thread 2683] [3.0] [cxt 0] Pipeline 'egress': end
[14:15:19.665] [bmv2] [D] [thread 2683] [3.0] [cxt 0] Deparser 'deparser': start
[14:15:19.665] [bmv2] [T] [thread 2683] [3.0] [cxt 0] Skipping checksum 'cksum' update because condition not met
[14:15:19.665] [bmv2] [D] [thread 2683] [3.0] [cxt 0] Deparsing header 'ethernet'
[14:15:19.665] [bmv2] [D] [thread 2683] [3.0] [cxt 0] Deparser 'deparser': end
[14:15:19.665] [bmv2] [D] [thread 2687] [2.0] [cxt 0] Transmitting packet of size 90 out of port 0
[14:15:19.665] [bmv2] [D] [thread 2687] [3.0] [cxt 0] Transmitting packet of size 86 out of port 0
[14:15:19.675] [bmv2] [D] [thread 2682] [4.0] [cxt 0] Processing packet received on port 1
[14:15:19.675] [bmv2] [D] [thread 2682] [4.0] [cxt 0] Parser 'parser': start
[14:15:19.675] [bmv2] [D] [thread 2682] [4.0] [cxt 0] Parser 'parser' entering state 'start'
[14:15:19.675] [bmv2] [D] [thread 2682] [4.0] [cxt 0] Extracting header 'ethernet'
[14:15:19.675] [bmv2] [D] [thread 2682] [4.0] [cxt 0] Parser state 'start': key is 86dd
[14:15:19.675] [bmv2] [T] [thread 2682] [4.0] [cxt 0] Bytes parsed: 14
[14:15:19.675] [bmv2] [D] [thread 2682] [4.0] [cxt 0] Parser 'parser': end
[14:15:19.675] [bmv2] [D] [thread 2682] [4.0] [cxt 0] Pipeline 'ingress': start
[14:15:19.675] [bmv2] [T] [thread 2682] [4.0] [cxt 0] /home/p4/git/master_degree_p4_unipampa/Patcher_v0/p4src/fast_reroute.p4(110) Condition "hdr.ipv4.isValid()" (node_2) is false
[14:15:19.675] [bmv2] [D] [thread 2682] [4.0] [cxt 0] Pipeline 'ingress': end
[14:15:19.675] [bmv2] [D] [thread 2682] [4.0] [cxt 0] Egress port is 0
[14:15:19.675] [bmv2] [D] [thread 2683] [4.0] [cxt 0] Pipeline 'egress': start
[14:15:19.675] [bmv2] [D] [thread 2683] [4.0] [cxt 0] Pipeline 'egress': end
[14:15:19.675] [bmv2] [D] [thread 2683] [4.0] [cxt 0] Deparser 'deparser': start
[14:15:19.675] [bmv2] [T] [thread 2683] [4.0] [cxt 0] Skipping checksum 'cksum' update because condition not met
[14:15:19.675] [bmv2] [D] [thread 2683] [4.0] [cxt 0] Deparsing header 'ethernet'
[14:15:19.675] [bmv2] [D] [thread 2683] [4.0] [cxt 0] Deparser 'deparser': end
[14:15:19.675] [bmv2] [D] [thread 2687] [4.0] [cxt 0] Transmitting packet of size 86 out of port 0
[14:15:19.708] [bmv2] [D] [thread 2682] [5.0] [cxt 0] Processing packet received on port 5
[14:15:19.708] [bmv2] [D] [thread 2682] [5.0] [cxt 0] Parser 'parser': start
[14:15:19.708] [bmv2] [D] [thread 2682] [5.0] [cxt 0] Parser 'parser' entering state 'start'
[14:15:19.708] [bmv2] [D] [thread 2682] [5.0] [cxt 0] Extracting header 'ethernet'
[14:15:19.708] [bmv2] [D] [thread 2682] [5.0] [cxt 0] Parser state 'start': key is 86dd
[14:15:19.708] [bmv2] [T] [thread 2682] [5.0] [cxt 0] Bytes parsed: 14
[14:15:19.708] [bmv2] [D] [thread 2682] [5.0] [cxt 0] Parser 'parser': end
[14:15:19.708] [bmv2] [D] [thread 2682] [5.0] [cxt 0] Pipeline 'ingress': start
[14:15:19.708] [bmv2] [T] [thread 2682] [5.0] [cxt 0] /home/p4/git/master_degree_p4_unipampa/Patcher_v0/p4src/fast_reroute.p4(110) Condition "hdr.ipv4.isValid()" (node_2) is false
[14:15:19.708] [bmv2] [D] [thread 2682] [5.0] [cxt 0] Pipeline 'ingress': end
[14:15:19.708] [bmv2] [D] [thread 2682] [5.0] [cxt 0] Egress port is 0
[14:15:19.708] [bmv2] [D] [thread 2683] [5.0] [cxt 0] Pipeline 'egress': start
[14:15:19.708] [bmv2] [D] [thread 2683] [5.0] [cxt 0] Pipeline 'egress': end
[14:15:19.708] [bmv2] [D] [thread 2683] [5.0] [cxt 0] Deparser 'deparser': start
[14:15:19.708] [bmv2] [T] [thread 2683] [5.0] [cxt 0] Skipping checksum 'cksum' update because condition not met
[14:15:19.708] [bmv2] [D] [thread 2683] [5.0] [cxt 0] Deparsing header 'ethernet'
[14:15:19.708] [bmv2] [D] [thread 2683] [5.0] [cxt 0] Deparser 'deparser': end
[14:15:19.708] [bmv2] [D] [thread 2687] [5.0] [cxt 0] Transmitting packet of size 86 out of port 0
[14:15:19.807] [bmv2] [D] [thread 2682] [6.0] [cxt 0] Processing packet received on port 6
[14:15:19.807] [bmv2] [D] [thread 2682] [6.0] [cxt 0] Parser 'parser': start
[14:15:19.807] [bmv2] [D] [thread 2682] [6.0] [cxt 0] Parser 'parser' entering state 'start'
[14:15:19.807] [bmv2] [D] [thread 2682] [6.0] [cxt 0] Extracting header 'ethernet'
[14:15:19.807] [bmv2] [D] [thread 2682] [6.0] [cxt 0] Parser state 'start': key is 86dd
[14:15:19.807] [bmv2] [T] [thread 2682] [6.0] [cxt 0] Bytes parsed: 14
[14:15:19.807] [bmv2] [D] [thread 2682] [6.0] [cxt 0] Parser 'parser': end
[14:15:19.807] [bmv2] [D] [thread 2682] [6.0] [cxt 0] Pipeline 'ingress': start
[14:15:19.807] [bmv2] [T] [thread 2682] [6.0] [cxt 0] /home/p4/git/master_degree_p4_unipampa/Patcher_v0/p4src/fast_reroute.p4(110) Condition "hdr.ipv4.isValid()" (node_2) is false
[14:15:19.807] [bmv2] [D] [thread 2682] [6.0] [cxt 0] Pipeline 'ingress': end
[14:15:19.807] [bmv2] [D] [thread 2682] [6.0] [cxt 0] Egress port is 0
[14:15:19.807] [bmv2] [D] [thread 2683] [6.0] [cxt 0] Pipeline 'egress': start
[14:15:19.807] [bmv2] [D] [thread 2683] [6.0] [cxt 0] Pipeline 'egress': end
[14:15:19.807] [bmv2] [D] [thread 2683] [6.0] [cxt 0] Deparser 'deparser': start
[14:15:19.807] [bmv2] [T] [thread 2683] [6.0] [cxt 0] Skipping checksum 'cksum' update because condition not met
[14:15:19.807] [bmv2] [D] [thread 2683] [6.0] [cxt 0] Deparsing header 'ethernet'
[14:15:19.807] [bmv2] [D] [thread 2683] [6.0] [cxt 0] Deparser 'deparser': end
[14:15:19.807] [bmv2] [D] [thread 2687] [6.0] [cxt 0] Transmitting packet of size 90 out of port 0
[14:15:19.899] [bmv2] [D] [thread 2682] [7.0] [cxt 0] Processing packet received on port 3
[14:15:19.899] [bmv2] [D] [thread 2682] [7.0] [cxt 0] Parser 'parser': start
[14:15:19.899] [bmv2] [D] [thread 2682] [7.0] [cxt 0] Parser 'parser' entering state 'start'
[14:15:19.899] [bmv2] [D] [thread 2682] [7.0] [cxt 0] Extracting header 'ethernet'
[14:15:19.899] [bmv2] [D] [thread 2682] [7.0] [cxt 0] Parser state 'start': key is 86dd
[14:15:19.899] [bmv2] [T] [thread 2682] [7.0] [cxt 0] Bytes parsed: 14
[14:15:19.899] [bmv2] [D] [thread 2682] [7.0] [cxt 0] Parser 'parser': end
[14:15:19.899] [bmv2] [D] [thread 2682] [7.0] [cxt 0] Pipeline 'ingress': start
[14:15:19.899] [bmv2] [T] [thread 2682] [7.0] [cxt 0] /home/p4/git/master_degree_p4_unipampa/Patcher_v0/p4src/fast_reroute.p4(110) Condition "hdr.ipv4.isValid()" (node_2) is false
[14:15:19.899] [bmv2] [D] [thread 2682] [7.0] [cxt 0] Pipeline 'ingress': end
[14:15:19.899] [bmv2] [D] [thread 2682] [7.0] [cxt 0] Egress port is 0
[14:15:19.899] [bmv2] [D] [thread 2683] [7.0] [cxt 0] Pipeline 'egress': start
[14:15:19.899] [bmv2] [D] [thread 2683] [7.0] [cxt 0] Pipeline 'egress': end
[14:15:19.899] [bmv2] [D] [thread 2683] [7.0] [cxt 0] Deparser 'deparser': start
[14:15:19.899] [bmv2] [T] [thread 2683] [7.0] [cxt 0] Skipping checksum 'cksum' update because condition not met
[14:15:19.899] [bmv2] [D] [thread 2683] [7.0] [cxt 0] Deparsing header 'ethernet'
[14:15:19.899] [bmv2] [D] [thread 2683] [7.0] [cxt 0] Deparser 'deparser': end
[14:15:19.899] [bmv2] [D] [thread 2687] [7.0] [cxt 0] Transmitting packet of size 86 out of port 0
[14:15:19.901] [bmv2] [D] [thread 2682] [8.0] [cxt 0] Processing packet received on port 1
[14:15:19.901] [bmv2] [D] [thread 2682] [8.0] [cxt 0] Parser 'parser': start
[14:15:19.901] [bmv2] [D] [thread 2682] [8.0] [cxt 0] Parser 'parser' entering state 'start'
[14:15:19.901] [bmv2] [D] [thread 2682] [8.0] [cxt 0] Extracting header 'ethernet'
[14:15:19.901] [bmv2] [D] [thread 2682] [8.0] [cxt 0] Parser state 'start': key is 86dd
[14:15:19.901] [bmv2] [T] [thread 2682] [8.0] [cxt 0] Bytes parsed: 14
[14:15:19.901] [bmv2] [D] [thread 2682] [8.0] [cxt 0] Parser 'parser': end
[14:15:19.901] [bmv2] [D] [thread 2682] [8.0] [cxt 0] Pipeline 'ingress': start
[14:15:19.901] [bmv2] [T] [thread 2682] [8.0] [cxt 0] /home/p4/git/master_degree_p4_unipampa/Patcher_v0/p4src/fast_reroute.p4(110) Condition "hdr.ipv4.isValid()" (node_2) is false
[14:15:19.901] [bmv2] [D] [thread 2682] [8.0] [cxt 0] Pipeline 'ingress': end
[14:15:19.901] [bmv2] [D] [thread 2682] [8.0] [cxt 0] Egress port is 0
[14:15:19.901] [bmv2] [D] [thread 2683] [8.0] [cxt 0] Pipeline 'egress': start
[14:15:19.901] [bmv2] [D] [thread 2683] [8.0] [cxt 0] Pipeline 'egress': end
[14:15:19.901] [bmv2] [D] [thread 2683] [8.0] [cxt 0] Deparser 'deparser': start
[14:15:19.901] [bmv2] [T] [thread 2683] [8.0] [cxt 0] Skipping checksum 'cksum' update because condition not met
[14:15:19.901] [bmv2] [D] [thread 2683] [8.0] [cxt 0] Deparsing header 'ethernet'
[14:15:19.901] [bmv2] [D] [thread 2683] [8.0] [cxt 0] Deparser 'deparser': end
[14:15:19.901] [bmv2] [D] [thread 2687] [8.0] [cxt 0] Transmitting packet of size 90 out of port 0
[14:15:19.931] [bmv2] [D] [thread 2682] [9.0] [cxt 0] Processing packet received on port 3
[14:15:19.931] [bmv2] [D] [thread 2682] [9.0] [cxt 0] Parser 'parser': start
[14:15:19.931] [bmv2] [D] [thread 2682] [9.0] [cxt 0] Parser 'parser' entering state 'start'
[14:15:19.931] [bmv2] [D] [thread 2682] [9.0] [cxt 0] Extracting header 'ethernet'
[14:15:19.931] [bmv2] [D] [thread 2682] [9.0] [cxt 0] Parser state 'start': key is 86dd
[14:15:19.931] [bmv2] [T] [thread 2682] [9.0] [cxt 0] Bytes parsed: 14
[14:15:19.931] [bmv2] [D] [thread 2682] [9.0] [cxt 0] Parser 'parser': end
[14:15:19.931] [bmv2] [D] [thread 2682] [9.0] [cxt 0] Pipeline 'ingress': start
[14:15:19.931] [bmv2] [T] [thread 2682] [9.0] [cxt 0] /home/p4/git/master_degree_p4_unipampa/Patcher_v0/p4src/fast_reroute.p4(110) Condition "hdr.ipv4.isValid()" (node_2) is false
[14:15:19.931] [bmv2] [D] [thread 2682] [9.0] [cxt 0] Pipeline 'ingress': end
[14:15:19.931] [bmv2] [D] [thread 2682] [9.0] [cxt 0] Egress port is 0
[14:15:19.931] [bmv2] [D] [thread 2683] [9.0] [cxt 0] Pipeline 'egress': start
[14:15:19.931] [bmv2] [D] [thread 2683] [9.0] [cxt 0] Pipeline 'egress': end
[14:15:19.931] [bmv2] [D] [thread 2683] [9.0] [cxt 0] Deparser 'deparser': start
[14:15:19.931] [bmv2] [T] [thread 2683] [9.0] [cxt 0] Skipping checksum 'cksum' update because condition not met
[14:15:19.931] [bmv2] [D] [thread 2683] [9.0] [cxt 0] Deparsing header 'ethernet'
[14:15:19.931] [bmv2] [D] [thread 2683] [9.0] [cxt 0] Deparser 'deparser': end
[14:15:19.931] [bmv2] [D] [thread 2687] [9.0] [cxt 0] Transmitting packet of size 90 out of port 0
[14:15:19.931] [bmv2] [D] [thread 2682] [10.0] [cxt 0] Processing packet received on port 2
[14:15:19.931] [bmv2] [D] [thread 2682] [10.0] [cxt 0] Parser 'parser': start
[14:15:19.931] [bmv2] [D] [thread 2682] [10.0] [cxt 0] Parser 'parser' entering state 'start'
[14:15:19.931] [bmv2] [D] [thread 2682] [10.0] [cxt 0] Extracting header 'ethernet'
[14:15:19.931] [bmv2] [D] [thread 2682] [10.0] [cxt 0] Parser state 'start': key is 86dd
[14:15:19.931] [bmv2] [T] [thread 2682] [10.0] [cxt 0] Bytes parsed: 14
[14:15:19.931] [bmv2] [D] [thread 2682] [10.0] [cxt 0] Parser 'parser': end
[14:15:19.931] [bmv2] [D] [thread 2682] [10.0] [cxt 0] Pipeline 'ingress': start
[14:15:19.931] [bmv2] [T] [thread 2682] [10.0] [cxt 0] /home/p4/git/master_degree_p4_unipampa/Patcher_v0/p4src/fast_reroute.p4(110) Condition "hdr.ipv4.isValid()" (node_2) is false
[14:15:19.931] [bmv2] [D] [thread 2682] [10.0] [cxt 0] Pipeline 'ingress': end
[14:15:19.931] [bmv2] [D] [thread 2682] [10.0] [cxt 0] Egress port is 0
[14:15:19.931] [bmv2] [D] [thread 2683] [10.0] [cxt 0] Pipeline 'egress': start
[14:15:19.931] [bmv2] [D] [thread 2683] [10.0] [cxt 0] Pipeline 'egress': end
[14:15:19.931] [bmv2] [D] [thread 2683] [10.0] [cxt 0] Deparser 'deparser': start
[14:15:19.931] [bmv2] [T] [thread 2683] [10.0] [cxt 0] Skipping checksum 'cksum' update because condition not met
[14:15:19.931] [bmv2] [D] [thread 2683] [10.0] [cxt 0] Deparsing header 'ethernet'
[14:15:19.931] [bmv2] [D] [thread 2683] [10.0] [cxt 0] Deparser 'deparser': end
[14:15:19.931] [bmv2] [D] [thread 2687] [10.0] [cxt 0] Transmitting packet of size 86 out of port 0
[14:15:19.963] [bmv2] [D] [thread 2682] [11.0] [cxt 0] Processing packet received on port 6
[14:15:19.963] [bmv2] [D] [thread 2682] [11.0] [cxt 0] Parser 'parser': start
[14:15:19.963] [bmv2] [D] [thread 2682] [11.0] [cxt 0] Parser 'parser' entering state 'start'
[14:15:19.963] [bmv2] [D] [thread 2682] [11.0] [cxt 0] Extracting header 'ethernet'
[14:15:19.963] [bmv2] [D] [thread 2682] [11.0] [cxt 0] Parser state 'start': key is 86dd
[14:15:19.963] [bmv2] [T] [thread 2682] [11.0] [cxt 0] Bytes parsed: 14
[14:15:19.963] [bmv2] [D] [thread 2682] [11.0] [cxt 0] Parser 'parser': end
[14:15:19.963] [bmv2] [D] [thread 2682] [11.0] [cxt 0] Pipeline 'ingress': start
[14:15:19.963] [bmv2] [T] [thread 2682] [11.0] [cxt 0] /home/p4/git/master_degree_p4_unipampa/Patcher_v0/p4src/fast_reroute.p4(110) Condition "hdr.ipv4.isValid()" (node_2) is false
[14:15:19.963] [bmv2] [D] [thread 2682] [11.0] [cxt 0] Pipeline 'ingress': end
[14:15:19.963] [bmv2] [D] [thread 2682] [11.0] [cxt 0] Egress port is 0
[14:15:19.963] [bmv2] [D] [thread 2683] [11.0] [cxt 0] Pipeline 'egress': start
[14:15:19.963] [bmv2] [D] [thread 2683] [11.0] [cxt 0] Pipeline 'egress': end
[14:15:19.963] [bmv2] [D] [thread 2683] [11.0] [cxt 0] Deparser 'deparser': start
[14:15:19.963] [bmv2] [T] [thread 2683] [11.0] [cxt 0] Skipping checksum 'cksum' update because condition not met
[14:15:19.963] [bmv2] [D] [thread 2683] [11.0] [cxt 0] Deparsing header 'ethernet'
[14:15:19.963] [bmv2] [D] [thread 2683] [11.0] [cxt 0] Deparser 'deparser': end
[14:15:19.963] [bmv2] [D] [thread 2687] [11.0] [cxt 0] Transmitting packet of size 86 out of port 0
[14:15:20.027] [bmv2] [D] [thread 2682] [12.0] [cxt 0] Processing packet received on port 5
[14:15:20.027] [bmv2] [D] [thread 2682] [12.0] [cxt 0] Parser 'parser': start
[14:15:20.027] [bmv2] [D] [thread 2682] [12.0] [cxt 0] Parser 'parser' entering state 'start'
[14:15:20.027] [bmv2] [D] [thread 2682] [12.0] [cxt 0] Extracting header 'ethernet'
[14:15:20.027] [bmv2] [D] [thread 2682] [12.0] [cxt 0] Parser state 'start': key is 86dd
[14:15:20.027] [bmv2] [T] [thread 2682] [12.0] [cxt 0] Bytes parsed: 14
[14:15:20.027] [bmv2] [D] [thread 2682] [12.0] [cxt 0] Parser 'parser': end
[14:15:20.027] [bmv2] [D] [thread 2682] [12.0] [cxt 0] Pipeline 'ingress': start
[14:15:20.027] [bmv2] [T] [thread 2682] [12.0] [cxt 0] /home/p4/git/master_degree_p4_unipampa/Patcher_v0/p4src/fast_reroute.p4(110) Condition "hdr.ipv4.isValid()" (node_2) is false
[14:15:20.027] [bmv2] [D] [thread 2682] [12.0] [cxt 0] Pipeline 'ingress': end
[14:15:20.027] [bmv2] [D] [thread 2682] [12.0] [cxt 0] Egress port is 0
[14:15:20.027] [bmv2] [D] [thread 2683] [12.0] [cxt 0] Pipeline 'egress': start
[14:15:20.027] [bmv2] [D] [thread 2683] [12.0] [cxt 0] Pipeline 'egress': end
[14:15:20.027] [bmv2] [D] [thread 2683] [12.0] [cxt 0] Deparser 'deparser': start
[14:15:20.027] [bmv2] [T] [thread 2683] [12.0] [cxt 0] Skipping checksum 'cksum' update because condition not met
[14:15:20.027] [bmv2] [D] [thread 2683] [12.0] [cxt 0] Deparsing header 'ethernet'
[14:15:20.027] [bmv2] [D] [thread 2683] [12.0] [cxt 0] Deparser 'deparser': end
[14:15:20.027] [bmv2] [D] [thread 2687] [12.0] [cxt 0] Transmitting packet of size 90 out of port 0
[14:15:20.059] [bmv2] [D] [thread 2682] [13.0] [cxt 0] Processing packet received on port 2
[14:15:20.059] [bmv2] [D] [thread 2682] [13.0] [cxt 0] Parser 'parser': start
[14:15:20.059] [bmv2] [D] [thread 2682] [13.0] [cxt 0] Parser 'parser' entering state 'start'
[14:15:20.059] [bmv2] [D] [thread 2682] [13.0] [cxt 0] Extracting header 'ethernet'
[14:15:20.059] [bmv2] [D] [thread 2682] [13.0] [cxt 0] Parser state 'start': key is 86dd
[14:15:20.059] [bmv2] [T] [thread 2682] [13.0] [cxt 0] Bytes parsed: 14
[14:15:20.059] [bmv2] [D] [thread 2682] [13.0] [cxt 0] Parser 'parser': end
[14:15:20.059] [bmv2] [D] [thread 2682] [13.0] [cxt 0] Pipeline 'ingress': start
[14:15:20.059] [bmv2] [T] [thread 2682] [13.0] [cxt 0] /home/p4/git/master_degree_p4_unipampa/Patcher_v0/p4src/fast_reroute.p4(110) Condition "hdr.ipv4.isValid()" (node_2) is false
[14:15:20.059] [bmv2] [D] [thread 2682] [13.0] [cxt 0] Pipeline 'ingress': end
[14:15:20.059] [bmv2] [D] [thread 2682] [13.0] [cxt 0] Egress port is 0
[14:15:20.059] [bmv2] [D] [thread 2683] [13.0] [cxt 0] Pipeline 'egress': start
[14:15:20.059] [bmv2] [D] [thread 2683] [13.0] [cxt 0] Pipeline 'egress': end
[14:15:20.059] [bmv2] [D] [thread 2683] [13.0] [cxt 0] Deparser 'deparser': start
[14:15:20.059] [bmv2] [T] [thread 2683] [13.0] [cxt 0] Skipping checksum 'cksum' update because condition not met
[14:15:20.059] [bmv2] [D] [thread 2683] [13.0] [cxt 0] Deparsing header 'ethernet'
[14:15:20.059] [bmv2] [D] [thread 2683] [13.0] [cxt 0] Deparser 'deparser': end
[14:15:20.059] [bmv2] [D] [thread 2687] [13.0] [cxt 0] Transmitting packet of size 90 out of port 0
[14:15:20.159] [bmv2] [D] [thread 2682] [14.0] [cxt 0] Processing packet received on port 1
[14:15:20.159] [bmv2] [D] [thread 2682] [14.0] [cxt 0] Parser 'parser': start
[14:15:20.159] [bmv2] [D] [thread 2682] [14.0] [cxt 0] Parser 'parser' entering state 'start'
[14:15:20.159] [bmv2] [D] [thread 2682] [14.0] [cxt 0] Extracting header 'ethernet'
[14:15:20.159] [bmv2] [D] [thread 2682] [14.0] [cxt 0] Parser state 'start': key is 86dd
[14:15:20.159] [bmv2] [T] [thread 2682] [14.0] [cxt 0] Bytes parsed: 14
[14:15:20.159] [bmv2] [D] [thread 2682] [14.0] [cxt 0] Parser 'parser': end
[14:15:20.159] [bmv2] [D] [thread 2682] [14.0] [cxt 0] Pipeline 'ingress': start
[14:15:20.159] [bmv2] [T] [thread 2682] [14.0] [cxt 0] /home/p4/git/master_degree_p4_unipampa/Patcher_v0/p4src/fast_reroute.p4(110) Condition "hdr.ipv4.isValid()" (node_2) is false
[14:15:20.159] [bmv2] [D] [thread 2682] [14.0] [cxt 0] Pipeline 'ingress': end
[14:15:20.159] [bmv2] [D] [thread 2682] [14.0] [cxt 0] Egress port is 0
[14:15:20.159] [bmv2] [D] [thread 2683] [14.0] [cxt 0] Pipeline 'egress': start
[14:15:20.159] [bmv2] [D] [thread 2683] [14.0] [cxt 0] Pipeline 'egress': end
[14:15:20.160] [bmv2] [D] [thread 2683] [14.0] [cxt 0] Deparser 'deparser': start
[14:15:20.160] [bmv2] [T] [thread 2683] [14.0] [cxt 0] Skipping checksum 'cksum' update because condition not met
[14:15:20.160] [bmv2] [D] [thread 2683] [14.0] [cxt 0] Deparsing header 'ethernet'
[14:15:20.160] [bmv2] [D] [thread 2683] [14.0] [cxt 0] Deparser 'deparser': end
[14:15:20.160] [bmv2] [D] [thread 2687] [14.0] [cxt 0] Transmitting packet of size 86 out of port 0
[14:15:20.284] [bmv2] [D] [thread 2682] [15.0] [cxt 0] Processing packet received on port 4
[14:15:20.284] [bmv2] [D] [thread 2682] [15.0] [cxt 0] Parser 'parser': start
[14:15:20.284] [bmv2] [D] [thread 2682] [15.0] [cxt 0] Parser 'parser' entering state 'start'
[14:15:20.284] [bmv2] [D] [thread 2682] [15.0] [cxt 0] Extracting header 'ethernet'
[14:15:20.284] [bmv2] [D] [thread 2682] [15.0] [cxt 0] Parser state 'start': key is 86dd
[14:15:20.284] [bmv2] [T] [thread 2682] [15.0] [cxt 0] Bytes parsed: 14
[14:15:20.284] [bmv2] [D] [thread 2682] [15.0] [cxt 0] Parser 'parser': end
[14:15:20.284] [bmv2] [D] [thread 2682] [15.0] [cxt 0] Pipeline 'ingress': start
[14:15:20.284] [bmv2] [T] [thread 2682] [15.0] [cxt 0] /home/p4/git/master_degree_p4_unipampa/Patcher_v0/p4src/fast_reroute.p4(110) Condition "hdr.ipv4.isValid()" (node_2) is false
[14:15:20.284] [bmv2] [D] [thread 2682] [15.0] [cxt 0] Pipeline 'ingress': end
[14:15:20.284] [bmv2] [D] [thread 2682] [15.0] [cxt 0] Egress port is 0
[14:15:20.284] [bmv2] [D] [thread 2682] [16.0] [cxt 0] Processing packet received on port 4
[14:15:20.284] [bmv2] [D] [thread 2682] [16.0] [cxt 0] Parser 'parser': start
[14:15:20.284] [bmv2] [D] [thread 2682] [16.0] [cxt 0] Parser 'parser' entering state 'start'
[14:15:20.284] [bmv2] [D] [thread 2682] [16.0] [cxt 0] Extracting header 'ethernet'
[14:15:20.284] [bmv2] [D] [thread 2682] [16.0] [cxt 0] Parser state 'start': key is 86dd
[14:15:20.284] [bmv2] [T] [thread 2682] [16.0] [cxt 0] Bytes parsed: 14
[14:15:20.284] [bmv2] [D] [thread 2682] [16.0] [cxt 0] Parser 'parser': end
[14:15:20.284] [bmv2] [D] [thread 2682] [16.0] [cxt 0] Pipeline 'ingress': start
[14:15:20.284] [bmv2] [T] [thread 2682] [16.0] [cxt 0] /home/p4/git/master_degree_p4_unipampa/Patcher_v0/p4src/fast_reroute.p4(110) Condition "hdr.ipv4.isValid()" (node_2) is false
[14:15:20.284] [bmv2] [D] [thread 2682] [16.0] [cxt 0] Pipeline 'ingress': end
[14:15:20.284] [bmv2] [D] [thread 2682] [16.0] [cxt 0] Egress port is 0
[14:15:20.284] [bmv2] [D] [thread 2683] [15.0] [cxt 0] Pipeline 'egress': start
[14:15:20.284] [bmv2] [D] [thread 2683] [15.0] [cxt 0] Pipeline 'egress': end
[14:15:20.284] [bmv2] [D] [thread 2683] [15.0] [cxt 0] Deparser 'deparser': start
[14:15:20.284] [bmv2] [T] [thread 2683] [15.0] [cxt 0] Skipping checksum 'cksum' update because condition not met
[14:15:20.284] [bmv2] [D] [thread 2683] [15.0] [cxt 0] Deparsing header 'ethernet'
[14:15:20.284] [bmv2] [D] [thread 2683] [15.0] [cxt 0] Deparser 'deparser': end
[14:15:20.284] [bmv2] [D] [thread 2683] [16.0] [cxt 0] Pipeline 'egress': start
[14:15:20.284] [bmv2] [D] [thread 2683] [16.0] [cxt 0] Pipeline 'egress': end
[14:15:20.284] [bmv2] [D] [thread 2683] [16.0] [cxt 0] Deparser 'deparser': start
[14:15:20.284] [bmv2] [T] [thread 2683] [16.0] [cxt 0] Skipping checksum 'cksum' update because condition not met
[14:15:20.284] [bmv2] [D] [thread 2683] [16.0] [cxt 0] Deparsing header 'ethernet'
[14:15:20.284] [bmv2] [D] [thread 2683] [16.0] [cxt 0] Deparser 'deparser': end
[14:15:20.284] [bmv2] [D] [thread 2687] [15.0] [cxt 0] Transmitting packet of size 90 out of port 0
[14:15:20.284] [bmv2] [D] [thread 2687] [16.0] [cxt 0] Transmitting packet of size 70 out of port 0
[14:15:20.295] [bmv2] [D] [thread 2682] [17.0] [cxt 0] Processing packet received on port 4
[14:15:20.295] [bmv2] [D] [thread 2682] [17.0] [cxt 0] Parser 'parser': start
[14:15:20.295] [bmv2] [D] [thread 2682] [17.0] [cxt 0] Parser 'parser' entering state 'start'
[14:15:20.295] [bmv2] [D] [thread 2682] [17.0] [cxt 0] Extracting header 'ethernet'
[14:15:20.295] [bmv2] [D] [thread 2682] [17.0] [cxt 0] Parser state 'start': key is 86dd
[14:15:20.295] [bmv2] [T] [thread 2682] [17.0] [cxt 0] Bytes parsed: 14
[14:15:20.295] [bmv2] [D] [thread 2682] [17.0] [cxt 0] Parser 'parser': end
[14:15:20.295] [bmv2] [D] [thread 2682] [17.0] [cxt 0] Pipeline 'ingress': start
[14:15:20.295] [bmv2] [T] [thread 2682] [17.0] [cxt 0] /home/p4/git/master_degree_p4_unipampa/Patcher_v0/p4src/fast_reroute.p4(110) Condition "hdr.ipv4.isValid()" (node_2) is false
[14:15:20.295] [bmv2] [D] [thread 2682] [17.0] [cxt 0] Pipeline 'ingress': end
[14:15:20.295] [bmv2] [D] [thread 2682] [17.0] [cxt 0] Egress port is 0
[14:15:20.295] [bmv2] [D] [thread 2683] [17.0] [cxt 0] Pipeline 'egress': start
[14:15:20.295] [bmv2] [D] [thread 2683] [17.0] [cxt 0] Pipeline 'egress': end
[14:15:20.295] [bmv2] [D] [thread 2683] [17.0] [cxt 0] Deparser 'deparser': start
[14:15:20.295] [bmv2] [T] [thread 2683] [17.0] [cxt 0] Skipping checksum 'cksum' update because condition not met
[14:15:20.295] [bmv2] [D] [thread 2683] [17.0] [cxt 0] Deparsing header 'ethernet'
[14:15:20.295] [bmv2] [D] [thread 2683] [17.0] [cxt 0] Deparser 'deparser': end
[14:15:20.295] [bmv2] [D] [thread 2687] [17.0] [cxt 0] Transmitting packet of size 90 out of port 0
[14:15:20.384] [bmv2] [D] [thread 2682] [18.0] [cxt 0] Processing packet received on port 4
[14:15:20.384] [bmv2] [D] [thread 2682] [18.0] [cxt 0] Parser 'parser': start
[14:15:20.384] [bmv2] [D] [thread 2682] [18.0] [cxt 0] Parser 'parser' entering state 'start'
[14:15:20.384] [bmv2] [D] [thread 2682] [18.0] [cxt 0] Extracting header 'ethernet'
[14:15:20.384] [bmv2] [D] [thread 2682] [18.0] [cxt 0] Parser state 'start': key is 86dd
[14:15:20.384] [bmv2] [T] [thread 2682] [18.0] [cxt 0] Bytes parsed: 14
[14:15:20.384] [bmv2] [D] [thread 2682] [18.0] [cxt 0] Parser 'parser': end
[14:15:20.384] [bmv2] [D] [thread 2682] [18.0] [cxt 0] Pipeline 'ingress': start
[14:15:20.384] [bmv2] [T] [thread 2682] [18.0] [cxt 0] /home/p4/git/master_degree_p4_unipampa/Patcher_v0/p4src/fast_reroute.p4(110) Condition "hdr.ipv4.isValid()" (node_2) is false
[14:15:20.384] [bmv2] [D] [thread 2682] [18.0] [cxt 0] Pipeline 'ingress': end
[14:15:20.384] [bmv2] [D] [thread 2682] [18.0] [cxt 0] Egress port is 0
[14:15:20.384] [bmv2] [D] [thread 2683] [18.0] [cxt 0] Pipeline 'egress': start
[14:15:20.384] [bmv2] [D] [thread 2683] [18.0] [cxt 0] Pipeline 'egress': end
[14:15:20.384] [bmv2] [D] [thread 2683] [18.0] [cxt 0] Deparser 'deparser': start
[14:15:20.384] [bmv2] [T] [thread 2683] [18.0] [cxt 0] Skipping checksum 'cksum' update because condition not met
[14:15:20.384] [bmv2] [D] [thread 2683] [18.0] [cxt 0] Deparsing header 'ethernet'
[14:15:20.384] [bmv2] [D] [thread 2683] [18.0] [cxt 0] Deparser 'deparser': end
[14:15:20.384] [bmv2] [D] [thread 2687] [18.0] [cxt 0] Transmitting packet of size 125 out of port 0
[14:15:20.415] [bmv2] [D] [thread 2682] [19.0] [cxt 0] Processing packet received on port 6
[14:15:20.415] [bmv2] [D] [thread 2682] [19.0] [cxt 0] Parser 'parser': start
[14:15:20.415] [bmv2] [D] [thread 2682] [19.0] [cxt 0] Parser 'parser' entering state 'start'
[14:15:20.415] [bmv2] [D] [thread 2682] [19.0] [cxt 0] Extracting header 'ethernet'
[14:15:20.415] [bmv2] [D] [thread 2682] [19.0] [cxt 0] Parser state 'start': key is 86dd
[14:15:20.415] [bmv2] [T] [thread 2682] [19.0] [cxt 0] Bytes parsed: 14
[14:15:20.415] [bmv2] [D] [thread 2682] [19.0] [cxt 0] Parser 'parser': end
[14:15:20.415] [bmv2] [D] [thread 2682] [19.0] [cxt 0] Pipeline 'ingress': start
[14:15:20.415] [bmv2] [T] [thread 2682] [19.0] [cxt 0] /home/p4/git/master_degree_p4_unipampa/Patcher_v0/p4src/fast_reroute.p4(110) Condition "hdr.ipv4.isValid()" (node_2) is false
[14:15:20.415] [bmv2] [D] [thread 2682] [19.0] [cxt 0] Pipeline 'ingress': end
[14:15:20.415] [bmv2] [D] [thread 2682] [19.0] [cxt 0] Egress port is 0
[14:15:20.415] [bmv2] [D] [thread 2682] [20.0] [cxt 0] Processing packet received on port 6
[14:15:20.415] [bmv2] [D] [thread 2682] [20.0] [cxt 0] Parser 'parser': start
[14:15:20.415] [bmv2] [D] [thread 2682] [20.0] [cxt 0] Parser 'parser' entering state 'start'
[14:15:20.415] [bmv2] [D] [thread 2682] [20.0] [cxt 0] Extracting header 'ethernet'
[14:15:20.415] [bmv2] [D] [thread 2682] [20.0] [cxt 0] Parser state 'start': key is 86dd
[14:15:20.415] [bmv2] [T] [thread 2682] [20.0] [cxt 0] Bytes parsed: 14
[14:15:20.415] [bmv2] [D] [thread 2682] [20.0] [cxt 0] Parser 'parser': end
[14:15:20.415] [bmv2] [D] [thread 2682] [20.0] [cxt 0] Pipeline 'ingress': start
[14:15:20.415] [bmv2] [T] [thread 2682] [20.0] [cxt 0] /home/p4/git/master_degree_p4_unipampa/Patcher_v0/p4src/fast_reroute.p4(110) Condition "hdr.ipv4.isValid()" (node_2) is false
[14:15:20.415] [bmv2] [D] [thread 2682] [20.0] [cxt 0] Pipeline 'ingress': end
[14:15:20.415] [bmv2] [D] [thread 2682] [20.0] [cxt 0] Egress port is 0
[14:15:20.415] [bmv2] [D] [thread 2683] [19.0] [cxt 0] Pipeline 'egress': start
[14:15:20.415] [bmv2] [D] [thread 2683] [19.0] [cxt 0] Pipeline 'egress': end
[14:15:20.416] [bmv2] [D] [thread 2683] [19.0] [cxt 0] Deparser 'deparser': start
[14:15:20.416] [bmv2] [T] [thread 2683] [19.0] [cxt 0] Skipping checksum 'cksum' update because condition not met
[14:15:20.416] [bmv2] [D] [thread 2683] [19.0] [cxt 0] Deparsing header 'ethernet'
[14:15:20.416] [bmv2] [D] [thread 2683] [19.0] [cxt 0] Deparser 'deparser': end
[14:15:20.416] [bmv2] [D] [thread 2683] [20.0] [cxt 0] Pipeline 'egress': start
[14:15:20.416] [bmv2] [D] [thread 2683] [20.0] [cxt 0] Pipeline 'egress': end
[14:15:20.416] [bmv2] [D] [thread 2683] [20.0] [cxt 0] Deparser 'deparser': start
[14:15:20.416] [bmv2] [T] [thread 2683] [20.0] [cxt 0] Skipping checksum 'cksum' update because condition not met
[14:15:20.416] [bmv2] [D] [thread 2683] [20.0] [cxt 0] Deparsing header 'ethernet'
[14:15:20.416] [bmv2] [D] [thread 2683] [20.0] [cxt 0] Deparser 'deparser': end
[14:15:20.416] [bmv2] [D] [thread 2687] [19.0] [cxt 0] Transmitting packet of size 90 out of port 0
[14:15:20.416] [bmv2] [D] [thread 2687] [20.0] [cxt 0] Transmitting packet of size 70 out of port 0
[14:15:20.423] [bmv2] [D] [thread 2682] [21.0] [cxt 0] Processing packet received on port 4
[14:15:20.423] [bmv2] [D] [thread 2682] [21.0] [cxt 0] Parser 'parser': start
[14:15:20.423] [bmv2] [D] [thread 2682] [21.0] [cxt 0] Parser 'parser' entering state 'start'
[14:15:20.423] [bmv2] [D] [thread 2682] [21.0] [cxt 0] Extracting header 'ethernet'
[14:15:20.423] [bmv2] [D] [thread 2682] [21.0] [cxt 0] Parser state 'start': key is 86dd
[14:15:20.423] [bmv2] [T] [thread 2682] [21.0] [cxt 0] Bytes parsed: 14
[14:15:20.423] [bmv2] [D] [thread 2682] [21.0] [cxt 0] Parser 'parser': end
[14:15:20.423] [bmv2] [D] [thread 2682] [21.0] [cxt 0] Pipeline 'ingress': start
[14:15:20.423] [bmv2] [T] [thread 2682] [21.0] [cxt 0] /home/p4/git/master_degree_p4_unipampa/Patcher_v0/p4src/fast_reroute.p4(110) Condition "hdr.ipv4.isValid()" (node_2) is false
[14:15:20.423] [bmv2] [D] [thread 2682] [21.0] [cxt 0] Pipeline 'ingress': end
[14:15:20.423] [bmv2] [D] [thread 2682] [21.0] [cxt 0] Egress port is 0
[14:15:20.423] [bmv2] [D] [thread 2683] [21.0] [cxt 0] Pipeline 'egress': start
[14:15:20.423] [bmv2] [D] [thread 2683] [21.0] [cxt 0] Pipeline 'egress': end
[14:15:20.423] [bmv2] [D] [thread 2683] [21.0] [cxt 0] Deparser 'deparser': start
[14:15:20.423] [bmv2] [T] [thread 2683] [21.0] [cxt 0] Skipping checksum 'cksum' update because condition not met
[14:15:20.423] [bmv2] [D] [thread 2683] [21.0] [cxt 0] Deparsing header 'ethernet'
[14:15:20.423] [bmv2] [D] [thread 2683] [21.0] [cxt 0] Deparser 'deparser': end
[14:15:20.423] [bmv2] [D] [thread 2687] [21.0] [cxt 0] Transmitting packet of size 110 out of port 0
[14:15:20.427] [bmv2] [D] [thread 2682] [22.0] [cxt 0] Processing packet received on port 6
[14:15:20.427] [bmv2] [D] [thread 2682] [22.0] [cxt 0] Parser 'parser': start
[14:15:20.427] [bmv2] [D] [thread 2682] [22.0] [cxt 0] Parser 'parser' entering state 'start'
[14:15:20.427] [bmv2] [D] [thread 2682] [22.0] [cxt 0] Extracting header 'ethernet'
[14:15:20.427] [bmv2] [D] [thread 2682] [22.0] [cxt 0] Parser state 'start': key is 86dd
[14:15:20.427] [bmv2] [T] [thread 2682] [22.0] [cxt 0] Bytes parsed: 14
[14:15:20.427] [bmv2] [D] [thread 2682] [22.0] [cxt 0] Parser 'parser': end
[14:15:20.427] [bmv2] [D] [thread 2682] [22.0] [cxt 0] Pipeline 'ingress': start
[14:15:20.427] [bmv2] [T] [thread 2682] [22.0] [cxt 0] /home/p4/git/master_degree_p4_unipampa/Patcher_v0/p4src/fast_reroute.p4(110) Condition "hdr.ipv4.isValid()" (node_2) is false
[14:15:20.427] [bmv2] [D] [thread 2682] [22.0] [cxt 0] Pipeline 'ingress': end
[14:15:20.427] [bmv2] [D] [thread 2682] [22.0] [cxt 0] Egress port is 0
[14:15:20.427] [bmv2] [D] [thread 2683] [22.0] [cxt 0] Pipeline 'egress': start
[14:15:20.427] [bmv2] [D] [thread 2683] [22.0] [cxt 0] Pipeline 'egress': end
[14:15:20.427] [bmv2] [D] [thread 2683] [22.0] [cxt 0] Deparser 'deparser': start
[14:15:20.427] [bmv2] [T] [thread 2683] [22.0] [cxt 0] Skipping checksum 'cksum' update because condition not met
[14:15:20.427] [bmv2] [D] [thread 2683] [22.0] [cxt 0] Deparsing header 'ethernet'
[14:15:20.427] [bmv2] [D] [thread 2683] [22.0] [cxt 0] Deparser 'deparser': end
[14:15:20.428] [bmv2] [D] [thread 2687] [22.0] [cxt 0] Transmitting packet of size 90 out of port 0
[14:15:20.444] [bmv2] [D] [thread 2682] [23.0] [cxt 0] Processing packet received on port 2
[14:15:20.444] [bmv2] [D] [thread 2682] [23.0] [cxt 0] Parser 'parser': start
[14:15:20.444] [bmv2] [D] [thread 2682] [23.0] [cxt 0] Parser 'parser' entering state 'start'
[14:15:20.444] [bmv2] [D] [thread 2682] [23.0] [cxt 0] Extracting header 'ethernet'
[14:15:20.444] [bmv2] [D] [thread 2682] [23.0] [cxt 0] Parser state 'start': key is 86dd
[14:15:20.444] [bmv2] [T] [thread 2682] [23.0] [cxt 0] Bytes parsed: 14
[14:15:20.444] [bmv2] [D] [thread 2682] [23.0] [cxt 0] Parser 'parser': end
[14:15:20.444] [bmv2] [D] [thread 2682] [23.0] [cxt 0] Pipeline 'ingress': start
[14:15:20.444] [bmv2] [T] [thread 2682] [23.0] [cxt 0] /home/p4/git/master_degree_p4_unipampa/Patcher_v0/p4src/fast_reroute.p4(110) Condition "hdr.ipv4.isValid()" (node_2) is false
[14:15:20.444] [bmv2] [D] [thread 2682] [23.0] [cxt 0] Pipeline 'ingress': end
[14:15:20.444] [bmv2] [D] [thread 2682] [23.0] [cxt 0] Egress port is 0
[14:15:20.444] [bmv2] [D] [thread 2683] [23.0] [cxt 0] Pipeline 'egress': start
[14:15:20.444] [bmv2] [D] [thread 2683] [23.0] [cxt 0] Pipeline 'egress': end
[14:15:20.444] [bmv2] [D] [thread 2683] [23.0] [cxt 0] Deparser 'deparser': start
[14:15:20.444] [bmv2] [T] [thread 2683] [23.0] [cxt 0] Skipping checksum 'cksum' update because condition not met
[14:15:20.444] [bmv2] [D] [thread 2683] [23.0] [cxt 0] Deparsing header 'ethernet'
[14:15:20.444] [bmv2] [D] [thread 2683] [23.0] [cxt 0] Deparser 'deparser': end
[14:15:20.444] [bmv2] [D] [thread 2687] [23.0] [cxt 0] Transmitting packet of size 90 out of port 0
[14:15:20.444] [bmv2] [D] [thread 2682] [24.0] [cxt 0] Processing packet received on port 2
[14:15:20.444] [bmv2] [D] [thread 2682] [24.0] [cxt 0] Parser 'parser': start
[14:15:20.444] [bmv2] [D] [thread 2682] [24.0] [cxt 0] Parser 'parser' entering state 'start'
[14:15:20.444] [bmv2] [D] [thread 2682] [24.0] [cxt 0] Extracting header 'ethernet'
[14:15:20.444] [bmv2] [D] [thread 2682] [24.0] [cxt 0] Parser state 'start': key is 86dd
[14:15:20.444] [bmv2] [T] [thread 2682] [24.0] [cxt 0] Bytes parsed: 14
[14:15:20.444] [bmv2] [D] [thread 2682] [24.0] [cxt 0] Parser 'parser': end
[14:15:20.444] [bmv2] [D] [thread 2682] [24.0] [cxt 0] Pipeline 'ingress': start
[14:15:20.444] [bmv2] [T] [thread 2682] [24.0] [cxt 0] /home/p4/git/master_degree_p4_unipampa/Patcher_v0/p4src/fast_reroute.p4(110) Condition "hdr.ipv4.isValid()" (node_2) is false
[14:15:20.444] [bmv2] [D] [thread 2682] [24.0] [cxt 0] Pipeline 'ingress': end
[14:15:20.444] [bmv2] [D] [thread 2682] [24.0] [cxt 0] Egress port is 0
[14:15:20.444] [bmv2] [D] [thread 2683] [24.0] [cxt 0] Pipeline 'egress': start
[14:15:20.444] [bmv2] [D] [thread 2683] [24.0] [cxt 0] Pipeline 'egress': end
[14:15:20.444] [bmv2] [D] [thread 2683] [24.0] [cxt 0] Deparser 'deparser': start
[14:15:20.444] [bmv2] [T] [thread 2683] [24.0] [cxt 0] Skipping checksum 'cksum' update because condition not met
[14:15:20.444] [bmv2] [D] [thread 2683] [24.0] [cxt 0] Deparsing header 'ethernet'
[14:15:20.444] [bmv2] [D] [thread 2683] [24.0] [cxt 0] Deparser 'deparser': end
[14:15:20.444] [bmv2] [D] [thread 2687] [24.0] [cxt 0] Transmitting packet of size 70 out of port 0
[14:15:20.455] [bmv2] [D] [thread 2682] [25.0] [cxt 0] Processing packet received on port 2
[14:15:20.455] [bmv2] [D] [thread 2682] [25.0] [cxt 0] Parser 'parser': start
[14:15:20.455] [bmv2] [D] [thread 2682] [25.0] [cxt 0] Parser 'parser' entering state 'start'
[14:15:20.455] [bmv2] [D] [thread 2682] [25.0] [cxt 0] Extracting header 'ethernet'
[14:15:20.455] [bmv2] [D] [thread 2682] [25.0] [cxt 0] Parser state 'start': key is 86dd
[14:15:20.455] [bmv2] [T] [thread 2682] [25.0] [cxt 0] Bytes parsed: 14
[14:15:20.455] [bmv2] [D] [thread 2682] [25.0] [cxt 0] Parser 'parser': end
[14:15:20.455] [bmv2] [D] [thread 2682] [25.0] [cxt 0] Pipeline 'ingress': start
[14:15:20.455] [bmv2] [T] [thread 2682] [25.0] [cxt 0] /home/p4/git/master_degree_p4_unipampa/Patcher_v0/p4src/fast_reroute.p4(110) Condition "hdr.ipv4.isValid()" (node_2) is false
[14:15:20.455] [bmv2] [D] [thread 2682] [25.0] [cxt 0] Pipeline 'ingress': end
[14:15:20.455] [bmv2] [D] [thread 2682] [25.0] [cxt 0] Egress port is 0
[14:15:20.455] [bmv2] [D] [thread 2683] [25.0] [cxt 0] Pipeline 'egress': start
[14:15:20.455] [bmv2] [D] [thread 2683] [25.0] [cxt 0] Pipeline 'egress': end
[14:15:20.455] [bmv2] [D] [thread 2683] [25.0] [cxt 0] Deparser 'deparser': start
[14:15:20.455] [bmv2] [T] [thread 2683] [25.0] [cxt 0] Skipping checksum 'cksum' update because condition not met
[14:15:20.455] [bmv2] [D] [thread 2683] [25.0] [cxt 0] Deparsing header 'ethernet'
[14:15:20.455] [bmv2] [D] [thread 2683] [25.0] [cxt 0] Deparser 'deparser': end
[14:15:20.455] [bmv2] [D] [thread 2687] [25.0] [cxt 0] Transmitting packet of size 90 out of port 0
[14:15:20.517] [bmv2] [D] [thread 2682] [26.0] [cxt 0] Processing packet received on port 6
[14:15:20.517] [bmv2] [D] [thread 2682] [26.0] [cxt 0] Parser 'parser': start
[14:15:20.517] [bmv2] [D] [thread 2682] [26.0] [cxt 0] Parser 'parser' entering state 'start'
[14:15:20.517] [bmv2] [D] [thread 2682] [26.0] [cxt 0] Extracting header 'ethernet'
[14:15:20.517] [bmv2] [D] [thread 2682] [26.0] [cxt 0] Parser state 'start': key is 86dd
[14:15:20.517] [bmv2] [T] [thread 2682] [26.0] [cxt 0] Bytes parsed: 14
[14:15:20.517] [bmv2] [D] [thread 2682] [26.0] [cxt 0] Parser 'parser': end
[14:15:20.517] [bmv2] [D] [thread 2682] [26.0] [cxt 0] Pipeline 'ingress': start
[14:15:20.517] [bmv2] [T] [thread 2682] [26.0] [cxt 0] /home/p4/git/master_degree_p4_unipampa/Patcher_v0/p4src/fast_reroute.p4(110) Condition "hdr.ipv4.isValid()" (node_2) is false
[14:15:20.517] [bmv2] [D] [thread 2682] [26.0] [cxt 0] Pipeline 'ingress': end
[14:15:20.517] [bmv2] [D] [thread 2682] [26.0] [cxt 0] Egress port is 0
[14:15:20.517] [bmv2] [D] [thread 2683] [26.0] [cxt 0] Pipeline 'egress': start
[14:15:20.517] [bmv2] [D] [thread 2683] [26.0] [cxt 0] Pipeline 'egress': end
[14:15:20.517] [bmv2] [D] [thread 2683] [26.0] [cxt 0] Deparser 'deparser': start
[14:15:20.517] [bmv2] [T] [thread 2683] [26.0] [cxt 0] Skipping checksum 'cksum' update because condition not met
[14:15:20.517] [bmv2] [D] [thread 2683] [26.0] [cxt 0] Deparsing header 'ethernet'
[14:15:20.517] [bmv2] [D] [thread 2683] [26.0] [cxt 0] Deparser 'deparser': end
[14:15:20.517] [bmv2] [D] [thread 2687] [26.0] [cxt 0] Transmitting packet of size 125 out of port 0
[14:15:20.544] [bmv2] [D] [thread 2682] [27.0] [cxt 0] Processing packet received on port 2
[14:15:20.544] [bmv2] [D] [thread 2682] [27.0] [cxt 0] Parser 'parser': start
[14:15:20.544] [bmv2] [D] [thread 2682] [27.0] [cxt 0] Parser 'parser' entering state 'start'
[14:15:20.544] [bmv2] [D] [thread 2682] [27.0] [cxt 0] Extracting header 'ethernet'
[14:15:20.544] [bmv2] [D] [thread 2682] [27.0] [cxt 0] Parser state 'start': key is 86dd
[14:15:20.544] [bmv2] [T] [thread 2682] [27.0] [cxt 0] Bytes parsed: 14
[14:15:20.544] [bmv2] [D] [thread 2682] [27.0] [cxt 0] Parser 'parser': end
[14:15:20.544] [bmv2] [D] [thread 2682] [27.0] [cxt 0] Pipeline 'ingress': start
[14:15:20.544] [bmv2] [T] [thread 2682] [27.0] [cxt 0] /home/p4/git/master_degree_p4_unipampa/Patcher_v0/p4src/fast_reroute.p4(110) Condition "hdr.ipv4.isValid()" (node_2) is false
[14:15:20.544] [bmv2] [D] [thread 2682] [27.0] [cxt 0] Pipeline 'ingress': end
[14:15:20.544] [bmv2] [D] [thread 2682] [27.0] [cxt 0] Egress port is 0
[14:15:20.544] [bmv2] [D] [thread 2683] [27.0] [cxt 0] Pipeline 'egress': start
[14:15:20.544] [bmv2] [D] [thread 2683] [27.0] [cxt 0] Pipeline 'egress': end
[14:15:20.544] [bmv2] [D] [thread 2683] [27.0] [cxt 0] Deparser 'deparser': start
[14:15:20.544] [bmv2] [T] [thread 2683] [27.0] [cxt 0] Skipping checksum 'cksum' update because condition not met
[14:15:20.544] [bmv2] [D] [thread 2683] [27.0] [cxt 0] Deparsing header 'ethernet'
[14:15:20.544] [bmv2] [D] [thread 2683] [27.0] [cxt 0] Deparser 'deparser': end
[14:15:20.544] [bmv2] [D] [thread 2687] [27.0] [cxt 0] Transmitting packet of size 125 out of port 0
[14:15:20.667] [bmv2] [D] [thread 2682] [28.0] [cxt 0] Processing packet received on port 3
[14:15:20.667] [bmv2] [D] [thread 2682] [28.0] [cxt 0] Parser 'parser': start
[14:15:20.667] [bmv2] [D] [thread 2682] [28.0] [cxt 0] Parser 'parser' entering state 'start'
[14:15:20.667] [bmv2] [D] [thread 2682] [28.0] [cxt 0] Extracting header 'ethernet'
[14:15:20.667] [bmv2] [D] [thread 2682] [28.0] [cxt 0] Parser state 'start': key is 86dd
[14:15:20.667] [bmv2] [T] [thread 2682] [28.0] [cxt 0] Bytes parsed: 14
[14:15:20.667] [bmv2] [D] [thread 2682] [28.0] [cxt 0] Parser 'parser': end
[14:15:20.667] [bmv2] [D] [thread 2682] [28.0] [cxt 0] Pipeline 'ingress': start
[14:15:20.667] [bmv2] [T] [thread 2682] [28.0] [cxt 0] /home/p4/git/master_degree_p4_unipampa/Patcher_v0/p4src/fast_reroute.p4(110) Condition "hdr.ipv4.isValid()" (node_2) is false
[14:15:20.667] [bmv2] [D] [thread 2682] [28.0] [cxt 0] Pipeline 'ingress': end
[14:15:20.668] [bmv2] [D] [thread 2682] [28.0] [cxt 0] Egress port is 0
[14:15:20.668] [bmv2] [D] [thread 2682] [29.0] [cxt 0] Processing packet received on port 3
[14:15:20.668] [bmv2] [D] [thread 2682] [29.0] [cxt 0] Parser 'parser': start
[14:15:20.668] [bmv2] [D] [thread 2682] [29.0] [cxt 0] Parser 'parser' entering state 'start'
[14:15:20.668] [bmv2] [D] [thread 2682] [29.0] [cxt 0] Extracting header 'ethernet'
[14:15:20.668] [bmv2] [D] [thread 2682] [29.0] [cxt 0] Parser state 'start': key is 86dd
[14:15:20.668] [bmv2] [T] [thread 2682] [29.0] [cxt 0] Bytes parsed: 14
[14:15:20.668] [bmv2] [D] [thread 2682] [29.0] [cxt 0] Parser 'parser': end
[14:15:20.668] [bmv2] [D] [thread 2682] [29.0] [cxt 0] Pipeline 'ingress': start
[14:15:20.668] [bmv2] [T] [thread 2682] [29.0] [cxt 0] /home/p4/git/master_degree_p4_unipampa/Patcher_v0/p4src/fast_reroute.p4(110) Condition "hdr.ipv4.isValid()" (node_2) is false
[14:15:20.668] [bmv2] [D] [thread 2682] [29.0] [cxt 0] Pipeline 'ingress': end
[14:15:20.668] [bmv2] [D] [thread 2682] [29.0] [cxt 0] Egress port is 0
[14:15:20.668] [bmv2] [D] [thread 2683] [28.0] [cxt 0] Pipeline 'egress': start
[14:15:20.668] [bmv2] [D] [thread 2683] [28.0] [cxt 0] Pipeline 'egress': end
[14:15:20.668] [bmv2] [D] [thread 2683] [28.0] [cxt 0] Deparser 'deparser': start
[14:15:20.668] [bmv2] [T] [thread 2683] [28.0] [cxt 0] Skipping checksum 'cksum' update because condition not met
[14:15:20.668] [bmv2] [D] [thread 2683] [28.0] [cxt 0] Deparsing header 'ethernet'
[14:15:20.668] [bmv2] [D] [thread 2683] [28.0] [cxt 0] Deparser 'deparser': end
[14:15:20.668] [bmv2] [D] [thread 2683] [29.0] [cxt 0] Pipeline 'egress': start
[14:15:20.668] [bmv2] [D] [thread 2683] [29.0] [cxt 0] Pipeline 'egress': end
[14:15:20.668] [bmv2] [D] [thread 2683] [29.0] [cxt 0] Deparser 'deparser': start
[14:15:20.668] [bmv2] [T] [thread 2683] [29.0] [cxt 0] Skipping checksum 'cksum' update because condition not met
[14:15:20.668] [bmv2] [D] [thread 2683] [29.0] [cxt 0] Deparsing header 'ethernet'
[14:15:20.668] [bmv2] [D] [thread 2683] [29.0] [cxt 0] Deparser 'deparser': end
[14:15:20.668] [bmv2] [D] [thread 2687] [28.0] [cxt 0] Transmitting packet of size 90 out of port 0
[14:15:20.668] [bmv2] [D] [thread 2687] [29.0] [cxt 0] Transmitting packet of size 70 out of port 0
[14:15:20.680] [bmv2] [D] [thread 2682] [30.0] [cxt 0] Processing packet received on port 3
[14:15:20.680] [bmv2] [D] [thread 2682] [30.0] [cxt 0] Parser 'parser': start
[14:15:20.680] [bmv2] [D] [thread 2682] [30.0] [cxt 0] Parser 'parser' entering state 'start'
[14:15:20.680] [bmv2] [D] [thread 2682] [30.0] [cxt 0] Extracting header 'ethernet'
[14:15:20.680] [bmv2] [D] [thread 2682] [30.0] [cxt 0] Parser state 'start': key is 86dd
[14:15:20.680] [bmv2] [T] [thread 2682] [30.0] [cxt 0] Bytes parsed: 14
[14:15:20.680] [bmv2] [D] [thread 2682] [30.0] [cxt 0] Parser 'parser': end
[14:15:20.680] [bmv2] [D] [thread 2682] [30.0] [cxt 0] Pipeline 'ingress': start
[14:15:20.680] [bmv2] [T] [thread 2682] [30.0] [cxt 0] /home/p4/git/master_degree_p4_unipampa/Patcher_v0/p4src/fast_reroute.p4(110) Condition "hdr.ipv4.isValid()" (node_2) is false
[14:15:20.680] [bmv2] [D] [thread 2682] [30.0] [cxt 0] Pipeline 'ingress': end
[14:15:20.680] [bmv2] [D] [thread 2682] [30.0] [cxt 0] Egress port is 0
[14:15:20.680] [bmv2] [D] [thread 2683] [30.0] [cxt 0] Pipeline 'egress': start
[14:15:20.680] [bmv2] [D] [thread 2683] [30.0] [cxt 0] Pipeline 'egress': end
[14:15:20.680] [bmv2] [D] [thread 2683] [30.0] [cxt 0] Deparser 'deparser': start
[14:15:20.680] [bmv2] [T] [thread 2683] [30.0] [cxt 0] Skipping checksum 'cksum' update because condition not met
[14:15:20.680] [bmv2] [D] [thread 2683] [30.0] [cxt 0] Deparsing header 'ethernet'
[14:15:20.680] [bmv2] [D] [thread 2683] [30.0] [cxt 0] Deparser 'deparser': end
[14:15:20.680] [bmv2] [D] [thread 2687] [30.0] [cxt 0] Transmitting packet of size 90 out of port 0
[14:15:24.382] [bmv2] [T] [thread 3147] bm_get_config
[14:15:24.383] [bmv2] [T] [thread 3147] bm_mt_get_entries
[14:15:24.385] [bmv2] [T] [thread 3147] bm_mt_get_entries
[14:15:24.397] [bmv2] [T] [thread 3147] bm_reset_state
[14:15:24.404] [bmv2] [D] [thread 3147] Resetting simple_switch target-specific state
[14:15:24.404] [bmv2] [D] [thread 3147] resetting PRE state
[14:15:24.461] [bmv2] [T] [thread 3147] bm_register_write
[14:15:24.462] [bmv2] [T] [thread 3147] bm_register_write
[14:15:24.463] [bmv2] [T] [thread 3147] bm_register_write
[14:15:24.465] [bmv2] [T] [thread 3147] bm_table_add_entry
[14:15:24.465] [bmv2] [D] [thread 3147] Entry 0 added to table 'MyIngress.len_primary_path'
[14:15:24.465] [bmv2] [D] [thread 3147] Dumping entry 0
Match key:
* hdr.pathHops.path_id: EXACT     00000000
Action entry: MyIngress.read_len_primary_path - 0,

[14:15:24.472] [bmv2] [T] [thread 3147] bm_register_write
[14:15:24.473] [bmv2] [T] [thread 3147] bm_register_write
[14:15:24.473] [bmv2] [T] [thread 3147] bm_register_write
[14:15:42.282] [bmv2] [T] [thread 3234] bm_get_config
[14:15:42.283] [bmv2] [T] [thread 3234] bm_mt_get_entries
[14:15:42.283] [bmv2] [T] [thread 3234] bm_mt_get_entries
[14:15:42.296] [bmv2] [T] [thread 3234] bm_reset_state
[14:15:42.302] [bmv2] [D] [thread 3234] Resetting simple_switch target-specific state
[14:15:42.302] [bmv2] [D] [thread 3234] resetting PRE state
[14:15:42.347] [bmv2] [T] [thread 3234] bm_register_write
[14:15:42.347] [bmv2] [T] [thread 3234] bm_register_write
[14:15:42.349] [bmv2] [T] [thread 3234] bm_register_write
[14:15:42.349] [bmv2] [T] [thread 3234] bm_table_add_entry
[14:15:42.350] [bmv2] [D] [thread 3234] Entry 0 added to table 'MyIngress.len_primary_path'
[14:15:42.350] [bmv2] [D] [thread 3234] Dumping entry 0
Match key:
* hdr.pathHops.path_id: EXACT     00000000
Action entry: MyIngress.read_len_primary_path - 0,

[14:15:42.356] [bmv2] [T] [thread 3234] bm_register_write
[14:15:42.356] [bmv2] [T] [thread 3234] bm_register_write
[14:15:42.357] [bmv2] [T] [thread 3234] bm_register_write
[14:17:51.398] [bmv2] [T] [thread 3279] bm_get_config
[14:17:51.399] [bmv2] [T] [thread 3279] bm_mt_get_entries
[14:17:51.400] [bmv2] [T] [thread 3279] bm_mt_get_entries
[14:17:51.412] [bmv2] [T] [thread 3279] bm_reset_state
[14:17:51.418] [bmv2] [D] [thread 3279] Resetting simple_switch target-specific state
[14:17:51.418] [bmv2] [D] [thread 3279] resetting PRE state
[14:17:51.473] [bmv2] [T] [thread 3279] bm_register_write
[14:17:51.474] [bmv2] [T] [thread 3279] bm_register_write
[14:17:51.474] [bmv2] [T] [thread 3279] bm_register_write
[14:17:51.475] [bmv2] [T] [thread 3279] bm_table_add_entry
[14:17:51.475] [bmv2] [D] [thread 3279] Entry 0 added to table 'MyIngress.len_primary_path'
[14:17:51.475] [bmv2] [D] [thread 3279] Dumping entry 0
Match key:
* hdr.pathHops.path_id: EXACT     00000000
Action entry: MyIngress.read_len_primary_path - 0,

[14:17:51.478] [bmv2] [T] [thread 3279] bm_register_write
[14:17:51.478] [bmv2] [T] [thread 3279] bm_register_write
[14:17:51.479] [bmv2] [T] [thread 3279] bm_register_write
[14:46:35.795] [bmv2] [T] [thread 6697] bm_get_config
[14:46:35.796] [bmv2] [T] [thread 6697] bm_mt_get_entries
[14:46:35.797] [bmv2] [T] [thread 6697] bm_mt_get_entries
[14:46:35.812] [bmv2] [T] [thread 6697] bm_reset_state
[14:46:35.818] [bmv2] [D] [thread 6697] Resetting simple_switch target-specific state
[14:46:35.818] [bmv2] [D] [thread 6697] resetting PRE state
[14:46:35.860] [bmv2] [T] [thread 6697] bm_register_write
[14:46:35.860] [bmv2] [T] [thread 6697] bm_register_write
[14:46:35.861] [bmv2] [T] [thread 6697] bm_register_write
[14:46:35.861] [bmv2] [T] [thread 6697] bm_table_add_entry
[14:46:35.862] [bmv2] [D] [thread 6697] Entry 0 added to table 'MyIngress.len_primary_path'
[14:46:35.862] [bmv2] [D] [thread 6697] Dumping entry 0
Match key:
* hdr.pathHops.path_id: EXACT     00000000
Action entry: MyIngress.read_len_primary_path - 0,

[14:46:35.866] [bmv2] [T] [thread 6697] bm_register_write
[14:46:35.867] [bmv2] [T] [thread 6697] bm_register_write
[14:46:35.867] [bmv2] [T] [thread 6697] bm_register_write
[14:47:19.004] [bmv2] [T] [thread 6789] bm_get_config
[14:47:19.004] [bmv2] [T] [thread 6789] bm_mt_get_entries
[14:47:19.005] [bmv2] [T] [thread 6789] bm_mt_get_entries
[14:47:19.018] [bmv2] [T] [thread 6789] bm_reset_state
[14:47:19.023] [bmv2] [D] [thread 6789] Resetting simple_switch target-specific state
[14:47:19.024] [bmv2] [D] [thread 6789] resetting PRE state
[14:47:19.078] [bmv2] [T] [thread 6789] bm_register_write
[14:47:19.079] [bmv2] [T] [thread 6789] bm_register_write
[14:47:19.080] [bmv2] [T] [thread 6789] bm_register_write
[14:47:19.081] [bmv2] [T] [thread 6789] bm_table_add_entry
[14:47:19.082] [bmv2] [D] [thread 6789] Entry 0 added to table 'MyIngress.len_primary_path'
[14:47:19.082] [bmv2] [D] [thread 6789] Dumping entry 0
Match key:
* hdr.pathHops.path_id: EXACT     00000000
Action entry: MyIngress.read_len_primary_path - 0,

[14:47:19.090] [bmv2] [T] [thread 6789] bm_register_write
[14:47:19.096] [bmv2] [T] [thread 6789] bm_register_write
[14:47:19.099] [bmv2] [T] [thread 6789] bm_register_write
[14:57:03.079] [bmv2] [T] [thread 6877] bm_get_config
[14:57:03.080] [bmv2] [T] [thread 6877] bm_mt_get_entries
[14:57:03.080] [bmv2] [T] [thread 6877] bm_mt_get_entries
[14:57:03.093] [bmv2] [T] [thread 6877] bm_reset_state
[14:57:03.098] [bmv2] [D] [thread 6877] Resetting simple_switch target-specific state
[14:57:03.098] [bmv2] [D] [thread 6877] resetting PRE state
[14:57:03.147] [bmv2] [T] [thread 6877] bm_register_write
[14:57:03.148] [bmv2] [T] [thread 6877] bm_register_write
[14:57:03.149] [bmv2] [T] [thread 6877] bm_register_write
[14:57:03.150] [bmv2] [T] [thread 6877] bm_table_add_entry
[14:57:03.150] [bmv2] [D] [thread 6877] Entry 0 added to table 'MyIngress.len_primary_path'
[14:57:03.151] [bmv2] [D] [thread 6877] Dumping entry 0
Match key:
* hdr.pathHops.path_id: EXACT     00000000
Action entry: MyIngress.read_len_primary_path - 0,

[14:57:03.161] [bmv2] [T] [thread 6877] bm_register_write
[14:57:03.163] [bmv2] [T] [thread 6877] bm_register_write
[14:57:03.163] [bmv2] [T] [thread 6877] bm_register_write
[14:57:24.347] [bmv2] [T] [thread 6903] bm_get_config
[14:57:24.348] [bmv2] [T] [thread 6903] bm_mt_get_entries
[14:57:24.348] [bmv2] [T] [thread 6903] bm_mt_get_entries
[14:57:24.361] [bmv2] [T] [thread 6903] bm_reset_state
[14:57:24.367] [bmv2] [D] [thread 6903] Resetting simple_switch target-specific state
[14:57:24.367] [bmv2] [D] [thread 6903] resetting PRE state
[14:57:24.420] [bmv2] [T] [thread 6903] bm_register_write
[14:57:24.420] [bmv2] [T] [thread 6903] bm_register_write
[14:57:24.421] [bmv2] [T] [thread 6903] bm_register_write
[14:57:24.421] [bmv2] [T] [thread 6903] bm_table_add_entry
[14:57:24.421] [bmv2] [D] [thread 6903] Entry 0 added to table 'MyIngress.len_primary_path'
[14:57:24.421] [bmv2] [D] [thread 6903] Dumping entry 0
Match key:
* hdr.pathHops.path_id: EXACT     00000000
Action entry: MyIngress.read_len_primary_path - 0,

[14:57:24.424] [bmv2] [T] [thread 6903] bm_register_write
[14:57:24.425] [bmv2] [T] [thread 6903] bm_register_write
[14:57:24.425] [bmv2] [T] [thread 6903] bm_register_write
[14:57:33.840] [bmv2] [T] [thread 6989] bm_get_config
[14:57:33.841] [bmv2] [T] [thread 6989] bm_mt_get_entries
[14:57:33.841] [bmv2] [T] [thread 6989] bm_mt_get_entries
[14:57:33.854] [bmv2] [T] [thread 6989] bm_reset_state
[14:57:33.859] [bmv2] [D] [thread 6989] Resetting simple_switch target-specific state
[14:57:33.859] [bmv2] [D] [thread 6989] resetting PRE state
[14:57:33.904] [bmv2] [T] [thread 6989] bm_register_write
[14:57:33.904] [bmv2] [T] [thread 6989] bm_register_write
[14:57:33.905] [bmv2] [T] [thread 6989] bm_register_write
[14:57:33.906] [bmv2] [T] [thread 6989] bm_table_add_entry
[14:57:33.906] [bmv2] [D] [thread 6989] Entry 0 added to table 'MyIngress.len_primary_path'
[14:57:33.907] [bmv2] [D] [thread 6989] Dumping entry 0
Match key:
* hdr.pathHops.path_id: EXACT     00000000
Action entry: MyIngress.read_len_primary_path - 0,

[14:57:33.913] [bmv2] [T] [thread 6989] bm_register_write
[14:57:33.914] [bmv2] [T] [thread 6989] bm_register_write
[14:57:33.914] [bmv2] [T] [thread 6989] bm_register_write
[14:57:53.620] [bmv2] [T] [thread 7073] bm_get_config
[14:57:53.620] [bmv2] [T] [thread 7073] bm_mt_get_entries
[14:57:53.621] [bmv2] [T] [thread 7073] bm_mt_get_entries
[14:57:53.633] [bmv2] [T] [thread 7073] bm_reset_state
[14:57:53.637] [bmv2] [D] [thread 7073] Resetting simple_switch target-specific state
[14:57:53.637] [bmv2] [D] [thread 7073] resetting PRE state
[14:57:53.688] [bmv2] [T] [thread 7073] bm_register_write
[14:57:53.689] [bmv2] [T] [thread 7073] bm_register_write
[14:57:53.690] [bmv2] [T] [thread 7073] bm_register_write
[14:57:53.690] [bmv2] [T] [thread 7073] bm_table_add_entry
[14:57:53.690] [bmv2] [D] [thread 7073] Entry 0 added to table 'MyIngress.len_primary_path'
[14:57:53.690] [bmv2] [D] [thread 7073] Dumping entry 0
Match key:
* hdr.pathHops.path_id: EXACT     00000000
Action entry: MyIngress.read_len_primary_path - 0,

[14:57:53.693] [bmv2] [T] [thread 7073] bm_register_write
[14:57:53.693] [bmv2] [T] [thread 7073] bm_register_write
[14:57:53.694] [bmv2] [T] [thread 7073] bm_register_write
[14:58:25.889] [bmv2] [T] [thread 7158] bm_get_config
[14:58:25.890] [bmv2] [T] [thread 7158] bm_mt_get_entries
[14:58:25.891] [bmv2] [T] [thread 7158] bm_mt_get_entries
[14:58:25.903] [bmv2] [T] [thread 7158] bm_reset_state
[14:58:25.908] [bmv2] [D] [thread 7158] Resetting simple_switch target-specific state
[14:58:25.908] [bmv2] [D] [thread 7158] resetting PRE state
[14:58:25.975] [bmv2] [T] [thread 7158] bm_register_write
[14:58:25.975] [bmv2] [T] [thread 7158] bm_register_write
[14:58:25.976] [bmv2] [T] [thread 7158] bm_register_write
[14:58:25.978] [bmv2] [T] [thread 7158] bm_table_add_entry
[14:58:25.978] [bmv2] [D] [thread 7158] Entry 0 added to table 'MyIngress.len_primary_path'
[14:58:25.978] [bmv2] [D] [thread 7158] Dumping entry 0
Match key:
* hdr.pathHops.path_id: EXACT     00000000
Action entry: MyIngress.read_len_primary_path - 0,

[14:58:25.988] [bmv2] [T] [thread 7158] bm_register_write
[14:58:25.989] [bmv2] [T] [thread 7158] bm_register_write
[14:58:25.989] [bmv2] [T] [thread 7158] bm_register_write
[14:59:46.610] [bmv2] [T] [thread 7243] bm_get_config
[14:59:46.611] [bmv2] [T] [thread 7243] bm_mt_get_entries
[14:59:46.611] [bmv2] [T] [thread 7243] bm_mt_get_entries
[14:59:46.623] [bmv2] [T] [thread 7243] bm_reset_state
[14:59:46.628] [bmv2] [D] [thread 7243] Resetting simple_switch target-specific state
[14:59:46.628] [bmv2] [D] [thread 7243] resetting PRE state
[14:59:46.680] [bmv2] [T] [thread 7243] bm_register_write
[14:59:46.680] [bmv2] [T] [thread 7243] bm_register_write
[14:59:46.681] [bmv2] [T] [thread 7243] bm_register_write
[14:59:46.682] [bmv2] [T] [thread 7243] bm_table_add_entry
[14:59:46.683] [bmv2] [D] [thread 7243] Entry 0 added to table 'MyIngress.len_primary_path'
[14:59:46.683] [bmv2] [D] [thread 7243] Dumping entry 0
Match key:
* hdr.pathHops.path_id: EXACT     00000000
Action entry: MyIngress.read_len_primary_path - 0,

[14:59:46.689] [bmv2] [T] [thread 7243] bm_register_write
[14:59:46.690] [bmv2] [T] [thread 7243] bm_register_write
[14:59:46.690] [bmv2] [T] [thread 7243] bm_register_write
[15:00:19.005] [bmv2] [T] [thread 7333] bm_get_config
[15:00:19.006] [bmv2] [T] [thread 7333] bm_mt_get_entries
[15:00:19.007] [bmv2] [T] [thread 7333] bm_mt_get_entries
[15:00:19.019] [bmv2] [T] [thread 7333] bm_reset_state
[15:00:19.025] [bmv2] [D] [thread 7333] Resetting simple_switch target-specific state
[15:00:19.025] [bmv2] [D] [thread 7333] resetting PRE state
[15:00:19.064] [bmv2] [T] [thread 7333] bm_register_write
[15:00:19.064] [bmv2] [T] [thread 7333] bm_register_write
[15:00:19.065] [bmv2] [T] [thread 7333] bm_register_write
[15:00:19.065] [bmv2] [T] [thread 7333] bm_table_add_entry
[15:00:19.066] [bmv2] [D] [thread 7333] Entry 0 added to table 'MyIngress.len_primary_path'
[15:00:19.066] [bmv2] [D] [thread 7333] Dumping entry 0
Match key:
* hdr.pathHops.path_id: EXACT     00000000
Action entry: MyIngress.read_len_primary_path - 0,

[15:00:19.069] [bmv2] [T] [thread 7333] bm_register_write
[15:00:19.070] [bmv2] [T] [thread 7333] bm_register_write
[15:00:19.070] [bmv2] [T] [thread 7333] bm_register_write
[15:00:33.752] [bmv2] [T] [thread 7452] bm_get_config
[15:00:33.753] [bmv2] [T] [thread 7452] bm_mt_get_entries
[15:00:33.753] [bmv2] [T] [thread 7452] bm_mt_get_entries
[15:00:33.766] [bmv2] [T] [thread 7452] bm_reset_state
[15:00:33.772] [bmv2] [D] [thread 7452] Resetting simple_switch target-specific state
[15:00:33.772] [bmv2] [D] [thread 7452] resetting PRE state
[15:00:33.802] [bmv2] [T] [thread 7452] bm_register_write
[15:00:33.802] [bmv2] [T] [thread 7452] bm_register_write
[15:00:33.803] [bmv2] [T] [thread 7452] bm_register_write
[15:00:33.803] [bmv2] [T] [thread 7452] bm_table_add_entry
[15:00:33.804] [bmv2] [D] [thread 7452] Entry 0 added to table 'MyIngress.len_primary_path'
[15:00:33.804] [bmv2] [D] [thread 7452] Dumping entry 0
Match key:
* hdr.pathHops.path_id: EXACT     00000000
Action entry: MyIngress.read_len_primary_path - 0,

[15:00:33.807] [bmv2] [T] [thread 7452] bm_register_write
[15:00:33.807] [bmv2] [T] [thread 7452] bm_register_write
[15:00:33.807] [bmv2] [T] [thread 7452] bm_register_write
[15:00:46.011] [bmv2] [T] [thread 7574] bm_get_config
[15:00:46.012] [bmv2] [T] [thread 7574] bm_mt_get_entries
[15:00:46.012] [bmv2] [T] [thread 7574] bm_mt_get_entries
[15:00:46.025] [bmv2] [T] [thread 7574] bm_reset_state
[15:00:46.031] [bmv2] [D] [thread 7574] Resetting simple_switch target-specific state
[15:00:46.031] [bmv2] [D] [thread 7574] resetting PRE state
[15:00:46.086] [bmv2] [T] [thread 7574] bm_register_write
[15:00:46.087] [bmv2] [T] [thread 7574] bm_register_write
[15:00:46.088] [bmv2] [T] [thread 7574] bm_register_write
[15:00:46.089] [bmv2] [T] [thread 7574] bm_table_add_entry
[15:00:46.089] [bmv2] [D] [thread 7574] Entry 0 added to table 'MyIngress.len_primary_path'
[15:00:46.089] [bmv2] [D] [thread 7574] Dumping entry 0
Match key:
* hdr.pathHops.path_id: EXACT     00000000
Action entry: MyIngress.read_len_primary_path - 0,

[15:00:46.096] [bmv2] [T] [thread 7574] bm_register_write
[15:00:46.096] [bmv2] [T] [thread 7574] bm_register_write
[15:00:46.097] [bmv2] [T] [thread 7574] bm_register_write
[15:00:56.083] [bmv2] [T] [thread 7695] bm_get_config
[15:00:56.084] [bmv2] [T] [thread 7695] bm_mt_get_entries
[15:00:56.084] [bmv2] [T] [thread 7695] bm_mt_get_entries
[15:00:56.096] [bmv2] [T] [thread 7695] bm_reset_state
[15:00:56.102] [bmv2] [D] [thread 7695] Resetting simple_switch target-specific state
[15:00:56.102] [bmv2] [D] [thread 7695] resetting PRE state
[15:00:56.158] [bmv2] [T] [thread 7695] bm_register_write
[15:00:56.159] [bmv2] [T] [thread 7695] bm_register_write
[15:00:56.160] [bmv2] [T] [thread 7695] bm_register_write
[15:00:56.161] [bmv2] [T] [thread 7695] bm_table_add_entry
[15:00:56.161] [bmv2] [D] [thread 7695] Entry 0 added to table 'MyIngress.len_primary_path'
[15:00:56.161] [bmv2] [D] [thread 7695] Dumping entry 0
Match key:
* hdr.pathHops.path_id: EXACT     00000000
Action entry: MyIngress.read_len_primary_path - 0,

[15:00:56.167] [bmv2] [T] [thread 7695] bm_register_write
[15:00:56.167] [bmv2] [T] [thread 7695] bm_register_write
[15:00:56.168] [bmv2] [T] [thread 7695] bm_register_write
[15:10:05.305] [bmv2] [T] [thread 7896] bm_get_config
[15:10:05.306] [bmv2] [T] [thread 7896] bm_mt_get_entries
[15:10:05.306] [bmv2] [T] [thread 7896] bm_mt_get_entries
[15:10:05.319] [bmv2] [T] [thread 7896] bm_reset_state
[15:10:05.324] [bmv2] [D] [thread 7896] Resetting simple_switch target-specific state
[15:10:05.324] [bmv2] [D] [thread 7896] resetting PRE state
[15:10:05.366] [bmv2] [T] [thread 7896] bm_register_write
[15:10:05.366] [bmv2] [T] [thread 7896] bm_register_write
[15:10:05.367] [bmv2] [T] [thread 7896] bm_register_write
[15:10:05.367] [bmv2] [T] [thread 7896] bm_table_add_entry
[15:10:05.367] [bmv2] [D] [thread 7896] Entry 0 added to table 'MyIngress.len_primary_path'
[15:10:05.367] [bmv2] [D] [thread 7896] Dumping entry 0
Match key:
* hdr.pathHops.path_id: EXACT     00000000
Action entry: MyIngress.read_len_primary_path - 0,

[15:10:05.370] [bmv2] [T] [thread 7896] bm_register_write
[15:10:05.371] [bmv2] [T] [thread 7896] bm_register_write
[15:10:05.371] [bmv2] [T] [thread 7896] bm_register_write
[15:11:36.798] [bmv2] [T] [thread 8079] bm_get_config
[15:11:36.799] [bmv2] [T] [thread 8079] bm_mt_get_entries
[15:11:36.799] [bmv2] [T] [thread 8079] bm_mt_get_entries
[15:11:36.812] [bmv2] [T] [thread 8079] bm_reset_state
[15:11:36.818] [bmv2] [D] [thread 8079] Resetting simple_switch target-specific state
[15:11:36.818] [bmv2] [D] [thread 8079] resetting PRE state
[15:11:36.869] [bmv2] [T] [thread 8079] bm_register_write
[15:11:36.869] [bmv2] [T] [thread 8079] bm_register_write
[15:11:36.870] [bmv2] [T] [thread 8079] bm_register_write
[15:11:36.871] [bmv2] [T] [thread 8079] bm_table_add_entry
[15:11:36.871] [bmv2] [D] [thread 8079] Entry 0 added to table 'MyIngress.len_primary_path'
[15:11:36.871] [bmv2] [D] [thread 8079] Dumping entry 0
Match key:
* hdr.pathHops.path_id: EXACT     00000000
Action entry: MyIngress.read_len_primary_path - 0,

[15:11:36.874] [bmv2] [T] [thread 8079] bm_register_write
[15:11:36.874] [bmv2] [T] [thread 8079] bm_register_write
[15:11:36.874] [bmv2] [T] [thread 8079] bm_register_write
[15:12:17.345] [bmv2] [T] [thread 8172] bm_get_config
[15:12:17.346] [bmv2] [T] [thread 8172] bm_mt_get_entries
[15:12:17.346] [bmv2] [T] [thread 8172] bm_mt_get_entries
[15:12:17.359] [bmv2] [T] [thread 8172] bm_reset_state
[15:12:17.365] [bmv2] [D] [thread 8172] Resetting simple_switch target-specific state
[15:12:17.365] [bmv2] [D] [thread 8172] resetting PRE state
[15:12:17.407] [bmv2] [T] [thread 8172] bm_register_write
[15:12:17.408] [bmv2] [T] [thread 8172] bm_register_write
[15:12:17.409] [bmv2] [T] [thread 8172] bm_register_write
[15:12:17.410] [bmv2] [T] [thread 8172] bm_table_add_entry
[15:12:17.410] [bmv2] [D] [thread 8172] Entry 0 added to table 'MyIngress.len_primary_path'
[15:12:17.410] [bmv2] [D] [thread 8172] Dumping entry 0
Match key:
* hdr.pathHops.path_id: EXACT     00000000
Action entry: MyIngress.read_len_primary_path - 0,

[15:12:17.416] [bmv2] [T] [thread 8172] bm_register_write
[15:12:17.417] [bmv2] [T] [thread 8172] bm_register_write
[15:12:17.417] [bmv2] [T] [thread 8172] bm_register_write
[15:13:15.236] [bmv2] [T] [thread 8264] bm_get_config
[15:13:15.237] [bmv2] [T] [thread 8264] bm_mt_get_entries
[15:13:15.238] [bmv2] [T] [thread 8264] bm_mt_get_entries
[15:13:15.250] [bmv2] [T] [thread 8264] bm_reset_state
[15:13:15.255] [bmv2] [D] [thread 8264] Resetting simple_switch target-specific state
[15:13:15.255] [bmv2] [D] [thread 8264] resetting PRE state
[15:13:15.299] [bmv2] [T] [thread 8264] bm_register_write
[15:13:15.299] [bmv2] [T] [thread 8264] bm_register_write
[15:13:15.301] [bmv2] [T] [thread 8264] bm_register_write
[15:13:15.302] [bmv2] [T] [thread 8264] bm_table_add_entry
[15:13:15.302] [bmv2] [D] [thread 8264] Entry 0 added to table 'MyIngress.len_primary_path'
[15:13:15.302] [bmv2] [D] [thread 8264] Dumping entry 0
Match key:
* hdr.pathHops.path_id: EXACT     00000000
Action entry: MyIngress.read_len_primary_path - 0,

[15:13:15.315] [bmv2] [T] [thread 8264] bm_register_write
[15:13:15.316] [bmv2] [T] [thread 8264] bm_register_write
[15:13:15.316] [bmv2] [T] [thread 8264] bm_register_write
[15:15:06.233] [bmv2] [T] [thread 8371] bm_get_config
[15:15:06.235] [bmv2] [T] [thread 8371] bm_mt_get_entries
[15:15:06.236] [bmv2] [T] [thread 8371] bm_mt_get_entries
[15:15:06.248] [bmv2] [T] [thread 8371] bm_reset_state
[15:15:06.253] [bmv2] [D] [thread 8371] Resetting simple_switch target-specific state
[15:15:06.253] [bmv2] [D] [thread 8371] resetting PRE state
[15:15:06.305] [bmv2] [T] [thread 8371] bm_register_write
[15:15:06.306] [bmv2] [T] [thread 8371] bm_register_write
[15:15:06.307] [bmv2] [T] [thread 8371] bm_register_write
[15:15:06.309] [bmv2] [T] [thread 8371] bm_table_add_entry
[15:15:06.309] [bmv2] [D] [thread 8371] Entry 0 added to table 'MyIngress.len_primary_path'
[15:15:06.309] [bmv2] [D] [thread 8371] Dumping entry 0
Match key:
* hdr.pathHops.path_id: EXACT     00000000
Action entry: MyIngress.read_len_primary_path - 0,

[15:15:06.323] [bmv2] [T] [thread 8371] bm_register_write
[15:15:06.325] [bmv2] [T] [thread 8371] bm_register_write
[15:15:06.325] [bmv2] [T] [thread 8371] bm_register_write
[15:15:38.951] [bmv2] [T] [thread 8462] bm_get_config
[15:15:38.952] [bmv2] [T] [thread 8462] bm_mt_get_entries
[15:15:38.952] [bmv2] [T] [thread 8462] bm_mt_get_entries
[15:15:38.965] [bmv2] [T] [thread 8462] bm_reset_state
[15:15:38.971] [bmv2] [D] [thread 8462] Resetting simple_switch target-specific state
[15:15:38.971] [bmv2] [D] [thread 8462] resetting PRE state
[15:15:39.023] [bmv2] [T] [thread 8462] bm_register_write
[15:15:39.024] [bmv2] [T] [thread 8462] bm_register_write
[15:15:39.025] [bmv2] [T] [thread 8462] bm_register_write
[15:15:39.026] [bmv2] [T] [thread 8462] bm_table_add_entry
[15:15:39.026] [bmv2] [D] [thread 8462] Entry 0 added to table 'MyIngress.len_primary_path'
[15:15:39.027] [bmv2] [D] [thread 8462] Dumping entry 0
Match key:
* hdr.pathHops.path_id: EXACT     00000000
Action entry: MyIngress.read_len_primary_path - 0,

[15:15:39.033] [bmv2] [T] [thread 8462] bm_register_write
[15:15:39.035] [bmv2] [T] [thread 8462] bm_register_write
[15:15:39.035] [bmv2] [T] [thread 8462] bm_register_write
[15:20:28.069] [bmv2] [T] [thread 8559] bm_get_config
[15:20:28.070] [bmv2] [T] [thread 8559] bm_mt_get_entries
[15:20:28.070] [bmv2] [T] [thread 8559] bm_mt_get_entries
[15:20:28.085] [bmv2] [T] [thread 8559] bm_reset_state
[15:20:28.091] [bmv2] [D] [thread 8559] Resetting simple_switch target-specific state
[15:20:28.091] [bmv2] [D] [thread 8559] resetting PRE state
[15:20:28.149] [bmv2] [T] [thread 8559] bm_register_write
[15:20:28.149] [bmv2] [T] [thread 8559] bm_register_write
[15:20:28.151] [bmv2] [T] [thread 8559] bm_register_write
[15:20:28.151] [bmv2] [T] [thread 8559] bm_table_add_entry
[15:20:28.151] [bmv2] [D] [thread 8559] Entry 0 added to table 'MyIngress.len_primary_path'
[15:20:28.151] [bmv2] [D] [thread 8559] Dumping entry 0
Match key:
* hdr.pathHops.path_id: EXACT     00000000
Action entry: MyIngress.read_len_primary_path - 0,

[15:20:28.155] [bmv2] [T] [thread 8559] bm_register_write
[15:20:28.156] [bmv2] [T] [thread 8559] bm_register_write
[15:20:28.156] [bmv2] [T] [thread 8559] bm_register_write
[15:21:13.473] [bmv2] [T] [thread 8654] bm_get_config
[15:21:13.474] [bmv2] [T] [thread 8654] bm_mt_get_entries
[15:21:13.475] [bmv2] [T] [thread 8654] bm_mt_get_entries
[15:21:13.490] [bmv2] [T] [thread 8654] bm_reset_state
[15:21:13.496] [bmv2] [D] [thread 8654] Resetting simple_switch target-specific state
[15:21:13.496] [bmv2] [D] [thread 8654] resetting PRE state
[15:21:13.550] [bmv2] [T] [thread 8654] bm_register_write
[15:21:13.550] [bmv2] [T] [thread 8654] bm_register_write
[15:21:13.551] [bmv2] [T] [thread 8654] bm_register_write
[15:21:13.552] [bmv2] [T] [thread 8654] bm_table_add_entry
[15:21:13.552] [bmv2] [D] [thread 8654] Entry 0 added to table 'MyIngress.len_primary_path'
[15:21:13.553] [bmv2] [D] [thread 8654] Dumping entry 0
Match key:
* hdr.pathHops.path_id: EXACT     00000000
Action entry: MyIngress.read_len_primary_path - 0,

[15:21:13.563] [bmv2] [T] [thread 8654] bm_register_write
[15:21:13.565] [bmv2] [T] [thread 8654] bm_register_write
[15:21:13.565] [bmv2] [T] [thread 8654] bm_register_write
