Warning: you requested the nanomsg event logger, but bmv2 was compiled without -DBMELOG, and the event logger cannot be activated
Calling target program-options parser
[14:15:20.227] [bmv2] [D] [thread 2933] Set default default entry for table 'tbl_update_curr_path_size': MyIngress.update_curr_path_size - 
[14:15:20.234] [bmv2] [D] [thread 2933] Set default default entry for table 'MyIngress.len_primary_path': NoAction - 
[14:15:20.234] [bmv2] [D] [thread 2933] Set default default entry for table 'MyIngress.len_alternative_path': NoAction - 
[14:15:20.234] [bmv2] [D] [thread 2933] Set default default entry for table 'tbl_fast_reroute121': fast_reroute121 - 
[14:15:20.234] [bmv2] [D] [thread 2933] Set default default entry for table 'tbl_read_depot_port': MyIngress.read_depot_port - 
[14:15:20.234] [bmv2] [D] [thread 2933] Set default default entry for table 'tbl_fast_reroute148': fast_reroute148 - 
[14:15:20.235] [bmv2] [D] [thread 2933] Set default default entry for table 'tbl_reset_curr_path_size': MyIngress.reset_curr_path_size - 
Adding interface s23-eth1 as port 1
[14:15:20.239] [bmv2] [D] [thread 2933] Adding interface s23-eth1 as port 1
Adding interface s23-eth2 as port 2
[14:15:20.271] [bmv2] [D] [thread 2933] Adding interface s23-eth2 as port 2
[14:15:20.303] [bmv2] [I] [thread 2933] Starting Thrift server on port 9096
[14:15:20.303] [bmv2] [I] [thread 2933] Thrift server was started
[14:15:20.350] [bmv2] [D] [thread 2941] [0.0] [cxt 0] Processing packet received on port 2
[14:15:20.350] [bmv2] [D] [thread 2941] [0.0] [cxt 0] Parser 'parser': start
[14:15:20.350] [bmv2] [D] [thread 2941] [0.0] [cxt 0] Parser 'parser' entering state 'start'
[14:15:20.350] [bmv2] [D] [thread 2941] [0.0] [cxt 0] Extracting header 'ethernet'
[14:15:20.350] [bmv2] [D] [thread 2941] [0.0] [cxt 0] Parser state 'start': key is 86dd
[14:15:20.350] [bmv2] [T] [thread 2941] [0.0] [cxt 0] Bytes parsed: 14
[14:15:20.350] [bmv2] [D] [thread 2941] [0.0] [cxt 0] Parser 'parser': end
[14:15:20.350] [bmv2] [D] [thread 2941] [0.0] [cxt 0] Pipeline 'ingress': start
[14:15:20.350] [bmv2] [T] [thread 2941] [0.0] [cxt 0] /home/p4/git/master_degree_p4_unipampa/Patcher_v0/p4src/fast_reroute.p4(110) Condition "hdr.ipv4.isValid()" (node_2) is false
[14:15:20.350] [bmv2] [D] [thread 2941] [0.0] [cxt 0] Pipeline 'ingress': end
[14:15:20.350] [bmv2] [D] [thread 2941] [0.0] [cxt 0] Egress port is 0
[14:15:20.350] [bmv2] [D] [thread 2941] [1.0] [cxt 0] Processing packet received on port 2
[14:15:20.350] [bmv2] [D] [thread 2941] [1.0] [cxt 0] Parser 'parser': start
[14:15:20.350] [bmv2] [D] [thread 2941] [1.0] [cxt 0] Parser 'parser' entering state 'start'
[14:15:20.350] [bmv2] [D] [thread 2941] [1.0] [cxt 0] Extracting header 'ethernet'
[14:15:20.350] [bmv2] [D] [thread 2941] [1.0] [cxt 0] Parser state 'start': key is 86dd
[14:15:20.350] [bmv2] [T] [thread 2941] [1.0] [cxt 0] Bytes parsed: 14
[14:15:20.350] [bmv2] [D] [thread 2941] [1.0] [cxt 0] Parser 'parser': end
[14:15:20.350] [bmv2] [D] [thread 2941] [1.0] [cxt 0] Pipeline 'ingress': start
[14:15:20.350] [bmv2] [T] [thread 2941] [1.0] [cxt 0] /home/p4/git/master_degree_p4_unipampa/Patcher_v0/p4src/fast_reroute.p4(110) Condition "hdr.ipv4.isValid()" (node_2) is false
[14:15:20.350] [bmv2] [D] [thread 2941] [1.0] [cxt 0] Pipeline 'ingress': end
[14:15:20.350] [bmv2] [D] [thread 2941] [1.0] [cxt 0] Egress port is 0
[14:15:20.350] [bmv2] [D] [thread 2942] [0.0] [cxt 0] Pipeline 'egress': start
[14:15:20.350] [bmv2] [D] [thread 2942] [0.0] [cxt 0] Pipeline 'egress': end
[14:15:20.350] [bmv2] [D] [thread 2942] [0.0] [cxt 0] Deparser 'deparser': start
[14:15:20.350] [bmv2] [T] [thread 2942] [0.0] [cxt 0] Skipping checksum 'cksum' update because condition not met
[14:15:20.350] [bmv2] [D] [thread 2942] [0.0] [cxt 0] Deparsing header 'ethernet'
[14:15:20.350] [bmv2] [D] [thread 2942] [0.0] [cxt 0] Deparser 'deparser': end
[14:15:20.350] [bmv2] [D] [thread 2942] [1.0] [cxt 0] Pipeline 'egress': start
[14:15:20.350] [bmv2] [D] [thread 2942] [1.0] [cxt 0] Pipeline 'egress': end
[14:15:20.350] [bmv2] [D] [thread 2942] [1.0] [cxt 0] Deparser 'deparser': start
[14:15:20.350] [bmv2] [T] [thread 2942] [1.0] [cxt 0] Skipping checksum 'cksum' update because condition not met
[14:15:20.350] [bmv2] [D] [thread 2942] [1.0] [cxt 0] Deparsing header 'ethernet'
[14:15:20.350] [bmv2] [D] [thread 2942] [1.0] [cxt 0] Deparser 'deparser': end
[14:15:20.350] [bmv2] [D] [thread 2946] [0.0] [cxt 0] Transmitting packet of size 90 out of port 0
[14:15:20.350] [bmv2] [D] [thread 2946] [1.0] [cxt 0] Transmitting packet of size 70 out of port 0
[14:15:20.360] [bmv2] [D] [thread 2941] [2.0] [cxt 0] Processing packet received on port 2
[14:15:20.360] [bmv2] [D] [thread 2941] [2.0] [cxt 0] Parser 'parser': start
[14:15:20.360] [bmv2] [D] [thread 2941] [2.0] [cxt 0] Parser 'parser' entering state 'start'
[14:15:20.360] [bmv2] [D] [thread 2941] [2.0] [cxt 0] Extracting header 'ethernet'
[14:15:20.360] [bmv2] [D] [thread 2941] [2.0] [cxt 0] Parser state 'start': key is 86dd
[14:15:20.360] [bmv2] [T] [thread 2941] [2.0] [cxt 0] Bytes parsed: 14
[14:15:20.360] [bmv2] [D] [thread 2941] [2.0] [cxt 0] Parser 'parser': end
[14:15:20.360] [bmv2] [D] [thread 2941] [2.0] [cxt 0] Pipeline 'ingress': start
[14:15:20.360] [bmv2] [T] [thread 2941] [2.0] [cxt 0] /home/p4/git/master_degree_p4_unipampa/Patcher_v0/p4src/fast_reroute.p4(110) Condition "hdr.ipv4.isValid()" (node_2) is false
[14:15:20.360] [bmv2] [D] [thread 2941] [2.0] [cxt 0] Pipeline 'ingress': end
[14:15:20.360] [bmv2] [D] [thread 2941] [2.0] [cxt 0] Egress port is 0
[14:15:20.360] [bmv2] [D] [thread 2942] [2.0] [cxt 0] Pipeline 'egress': start
[14:15:20.360] [bmv2] [D] [thread 2942] [2.0] [cxt 0] Pipeline 'egress': end
[14:15:20.360] [bmv2] [D] [thread 2942] [2.0] [cxt 0] Deparser 'deparser': start
[14:15:20.360] [bmv2] [T] [thread 2942] [2.0] [cxt 0] Skipping checksum 'cksum' update because condition not met
[14:15:20.360] [bmv2] [D] [thread 2942] [2.0] [cxt 0] Deparsing header 'ethernet'
[14:15:20.360] [bmv2] [D] [thread 2942] [2.0] [cxt 0] Deparser 'deparser': end
[14:15:20.360] [bmv2] [D] [thread 2946] [2.0] [cxt 0] Transmitting packet of size 90 out of port 0
[14:15:20.436] [bmv2] [D] [thread 2941] [3.0] [cxt 0] Processing packet received on port 2
[14:15:20.436] [bmv2] [D] [thread 2941] [3.0] [cxt 0] Parser 'parser': start
[14:15:20.436] [bmv2] [D] [thread 2941] [3.0] [cxt 0] Parser 'parser' entering state 'start'
[14:15:20.436] [bmv2] [D] [thread 2941] [3.0] [cxt 0] Extracting header 'ethernet'
[14:15:20.436] [bmv2] [D] [thread 2941] [3.0] [cxt 0] Parser state 'start': key is 86dd
[14:15:20.436] [bmv2] [T] [thread 2941] [3.0] [cxt 0] Bytes parsed: 14
[14:15:20.436] [bmv2] [D] [thread 2941] [3.0] [cxt 0] Parser 'parser': end
[14:15:20.436] [bmv2] [D] [thread 2941] [3.0] [cxt 0] Pipeline 'ingress': start
[14:15:20.436] [bmv2] [T] [thread 2941] [3.0] [cxt 0] /home/p4/git/master_degree_p4_unipampa/Patcher_v0/p4src/fast_reroute.p4(110) Condition "hdr.ipv4.isValid()" (node_2) is false
[14:15:20.436] [bmv2] [D] [thread 2941] [3.0] [cxt 0] Pipeline 'ingress': end
[14:15:20.436] [bmv2] [D] [thread 2941] [3.0] [cxt 0] Egress port is 0
[14:15:20.436] [bmv2] [D] [thread 2942] [3.0] [cxt 0] Pipeline 'egress': start
[14:15:20.436] [bmv2] [D] [thread 2942] [3.0] [cxt 0] Pipeline 'egress': end
[14:15:20.436] [bmv2] [D] [thread 2942] [3.0] [cxt 0] Deparser 'deparser': start
[14:15:20.436] [bmv2] [T] [thread 2942] [3.0] [cxt 0] Skipping checksum 'cksum' update because condition not met
[14:15:20.436] [bmv2] [D] [thread 2942] [3.0] [cxt 0] Deparsing header 'ethernet'
[14:15:20.436] [bmv2] [D] [thread 2942] [3.0] [cxt 0] Deparser 'deparser': end
[14:15:20.436] [bmv2] [D] [thread 2946] [3.0] [cxt 0] Transmitting packet of size 90 out of port 0
[14:15:20.448] [bmv2] [D] [thread 2941] [4.0] [cxt 0] Processing packet received on port 2
[14:15:20.448] [bmv2] [D] [thread 2941] [4.0] [cxt 0] Parser 'parser': start
[14:15:20.448] [bmv2] [D] [thread 2941] [4.0] [cxt 0] Parser 'parser' entering state 'start'
[14:15:20.448] [bmv2] [D] [thread 2941] [4.0] [cxt 0] Extracting header 'ethernet'
[14:15:20.448] [bmv2] [D] [thread 2941] [4.0] [cxt 0] Parser state 'start': key is 86dd
[14:15:20.448] [bmv2] [T] [thread 2941] [4.0] [cxt 0] Bytes parsed: 14
[14:15:20.448] [bmv2] [D] [thread 2941] [4.0] [cxt 0] Parser 'parser': end
[14:15:20.448] [bmv2] [D] [thread 2941] [4.0] [cxt 0] Pipeline 'ingress': start
[14:15:20.448] [bmv2] [T] [thread 2941] [4.0] [cxt 0] /home/p4/git/master_degree_p4_unipampa/Patcher_v0/p4src/fast_reroute.p4(110) Condition "hdr.ipv4.isValid()" (node_2) is false
[14:15:20.448] [bmv2] [D] [thread 2941] [4.0] [cxt 0] Pipeline 'ingress': end
[14:15:20.448] [bmv2] [D] [thread 2941] [4.0] [cxt 0] Egress port is 0
[14:15:20.448] [bmv2] [D] [thread 2942] [4.0] [cxt 0] Pipeline 'egress': start
[14:15:20.448] [bmv2] [D] [thread 2942] [4.0] [cxt 0] Pipeline 'egress': end
[14:15:20.448] [bmv2] [D] [thread 2942] [4.0] [cxt 0] Deparser 'deparser': start
[14:15:20.448] [bmv2] [T] [thread 2942] [4.0] [cxt 0] Skipping checksum 'cksum' update because condition not met
[14:15:20.448] [bmv2] [D] [thread 2942] [4.0] [cxt 0] Deparsing header 'ethernet'
[14:15:20.448] [bmv2] [D] [thread 2942] [4.0] [cxt 0] Deparser 'deparser': end
[14:15:20.448] [bmv2] [D] [thread 2946] [4.0] [cxt 0] Transmitting packet of size 125 out of port 0
[14:15:20.503] [bmv2] [D] [thread 2941] [5.0] [cxt 0] Processing packet received on port 2
[14:15:20.503] [bmv2] [D] [thread 2941] [5.0] [cxt 0] Parser 'parser': start
[14:15:20.503] [bmv2] [D] [thread 2941] [5.0] [cxt 0] Parser 'parser' entering state 'start'
[14:15:20.503] [bmv2] [D] [thread 2941] [5.0] [cxt 0] Extracting header 'ethernet'
[14:15:20.503] [bmv2] [D] [thread 2941] [5.0] [cxt 0] Parser state 'start': key is 86dd
[14:15:20.503] [bmv2] [T] [thread 2941] [5.0] [cxt 0] Bytes parsed: 14
[14:15:20.503] [bmv2] [D] [thread 2941] [5.0] [cxt 0] Parser 'parser': end
[14:15:20.503] [bmv2] [D] [thread 2941] [5.0] [cxt 0] Pipeline 'ingress': start
[14:15:20.503] [bmv2] [T] [thread 2941] [5.0] [cxt 0] /home/p4/git/master_degree_p4_unipampa/Patcher_v0/p4src/fast_reroute.p4(110) Condition "hdr.ipv4.isValid()" (node_2) is false
[14:15:20.503] [bmv2] [D] [thread 2941] [5.0] [cxt 0] Pipeline 'ingress': end
[14:15:20.503] [bmv2] [D] [thread 2941] [5.0] [cxt 0] Egress port is 0
[14:15:20.503] [bmv2] [D] [thread 2942] [5.0] [cxt 0] Pipeline 'egress': start
[14:15:20.503] [bmv2] [D] [thread 2942] [5.0] [cxt 0] Pipeline 'egress': end
[14:15:20.503] [bmv2] [D] [thread 2942] [5.0] [cxt 0] Deparser 'deparser': start
[14:15:20.504] [bmv2] [T] [thread 2942] [5.0] [cxt 0] Skipping checksum 'cksum' update because condition not met
[14:15:20.504] [bmv2] [D] [thread 2942] [5.0] [cxt 0] Deparsing header 'ethernet'
[14:15:20.504] [bmv2] [D] [thread 2942] [5.0] [cxt 0] Deparser 'deparser': end
[14:15:20.504] [bmv2] [D] [thread 2946] [5.0] [cxt 0] Transmitting packet of size 110 out of port 0
[14:15:20.621] [bmv2] [D] [thread 2941] [6.0] [cxt 0] Processing packet received on port 2
[14:15:20.621] [bmv2] [D] [thread 2941] [6.0] [cxt 0] Parser 'parser': start
[14:15:20.621] [bmv2] [D] [thread 2941] [6.0] [cxt 0] Parser 'parser' entering state 'start'
[14:15:20.621] [bmv2] [D] [thread 2941] [6.0] [cxt 0] Extracting header 'ethernet'
[14:15:20.621] [bmv2] [D] [thread 2941] [6.0] [cxt 0] Parser state 'start': key is 86dd
[14:15:20.621] [bmv2] [T] [thread 2941] [6.0] [cxt 0] Bytes parsed: 14
[14:15:20.621] [bmv2] [D] [thread 2941] [6.0] [cxt 0] Parser 'parser': end
[14:15:20.621] [bmv2] [D] [thread 2941] [6.0] [cxt 0] Pipeline 'ingress': start
[14:15:20.621] [bmv2] [T] [thread 2941] [6.0] [cxt 0] /home/p4/git/master_degree_p4_unipampa/Patcher_v0/p4src/fast_reroute.p4(110) Condition "hdr.ipv4.isValid()" (node_2) is false
[14:15:20.621] [bmv2] [D] [thread 2941] [6.0] [cxt 0] Pipeline 'ingress': end
[14:15:20.621] [bmv2] [D] [thread 2941] [6.0] [cxt 0] Egress port is 0
[14:15:20.621] [bmv2] [D] [thread 2942] [6.0] [cxt 0] Pipeline 'egress': start
[14:15:20.621] [bmv2] [D] [thread 2942] [6.0] [cxt 0] Pipeline 'egress': end
[14:15:20.621] [bmv2] [D] [thread 2942] [6.0] [cxt 0] Deparser 'deparser': start
[14:15:20.621] [bmv2] [T] [thread 2942] [6.0] [cxt 0] Skipping checksum 'cksum' update because condition not met
[14:15:20.621] [bmv2] [D] [thread 2942] [6.0] [cxt 0] Deparsing header 'ethernet'
[14:15:20.621] [bmv2] [D] [thread 2942] [6.0] [cxt 0] Deparser 'deparser': end
[14:15:20.621] [bmv2] [D] [thread 2946] [6.0] [cxt 0] Transmitting packet of size 210 out of port 0
[14:15:24.392] [bmv2] [T] [thread 3153] bm_get_config
[14:15:24.393] [bmv2] [T] [thread 3153] bm_mt_get_entries
[14:15:24.393] [bmv2] [T] [thread 3153] bm_mt_get_entries
[14:15:24.434] [bmv2] [T] [thread 3153] bm_reset_state
[14:15:24.440] [bmv2] [D] [thread 3153] Resetting simple_switch target-specific state
[14:15:24.440] [bmv2] [D] [thread 3153] resetting PRE state
[14:15:42.291] [bmv2] [T] [thread 3240] bm_get_config
[14:15:42.292] [bmv2] [T] [thread 3240] bm_mt_get_entries
[14:15:42.292] [bmv2] [T] [thread 3240] bm_mt_get_entries
[14:15:42.329] [bmv2] [T] [thread 3240] bm_reset_state
[14:15:42.331] [bmv2] [D] [thread 3240] Resetting simple_switch target-specific state
[14:15:42.331] [bmv2] [D] [thread 3240] resetting PRE state
[14:17:51.408] [bmv2] [T] [thread 3285] bm_get_config
[14:17:51.408] [bmv2] [T] [thread 3285] bm_mt_get_entries
[14:17:51.408] [bmv2] [T] [thread 3285] bm_mt_get_entries
[14:17:51.449] [bmv2] [T] [thread 3285] bm_reset_state
[14:17:51.455] [bmv2] [D] [thread 3285] Resetting simple_switch target-specific state
[14:17:51.455] [bmv2] [D] [thread 3285] resetting PRE state
[14:46:35.806] [bmv2] [T] [thread 6703] bm_get_config
[14:46:35.807] [bmv2] [T] [thread 6703] bm_mt_get_entries
[14:46:35.807] [bmv2] [T] [thread 6703] bm_mt_get_entries
[14:46:35.842] [bmv2] [T] [thread 6703] bm_reset_state
[14:46:35.845] [bmv2] [D] [thread 6703] Resetting simple_switch target-specific state
[14:46:35.845] [bmv2] [D] [thread 6703] resetting PRE state
[14:47:19.013] [bmv2] [T] [thread 6795] bm_get_config
[14:47:19.014] [bmv2] [T] [thread 6795] bm_mt_get_entries
[14:47:19.014] [bmv2] [T] [thread 6795] bm_mt_get_entries
[14:47:19.054] [bmv2] [T] [thread 6795] bm_reset_state
[14:47:19.060] [bmv2] [D] [thread 6795] Resetting simple_switch target-specific state
[14:47:19.060] [bmv2] [D] [thread 6795] resetting PRE state
[14:57:03.088] [bmv2] [T] [thread 6883] bm_get_config
[14:57:03.089] [bmv2] [T] [thread 6883] bm_mt_get_entries
[14:57:03.089] [bmv2] [T] [thread 6883] bm_mt_get_entries
[14:57:03.124] [bmv2] [T] [thread 6883] bm_reset_state
[14:57:03.129] [bmv2] [D] [thread 6883] Resetting simple_switch target-specific state
[14:57:03.129] [bmv2] [D] [thread 6883] resetting PRE state
[14:57:24.356] [bmv2] [T] [thread 6909] bm_get_config
[14:57:24.357] [bmv2] [T] [thread 6909] bm_mt_get_entries
[14:57:24.357] [bmv2] [T] [thread 6909] bm_mt_get_entries
[14:57:24.395] [bmv2] [T] [thread 6909] bm_reset_state
[14:57:24.401] [bmv2] [D] [thread 6909] Resetting simple_switch target-specific state
[14:57:24.401] [bmv2] [D] [thread 6909] resetting PRE state
[14:57:33.849] [bmv2] [T] [thread 6995] bm_get_config
[14:57:33.849] [bmv2] [T] [thread 6995] bm_mt_get_entries
[14:57:33.849] [bmv2] [T] [thread 6995] bm_mt_get_entries
[14:57:33.885] [bmv2] [T] [thread 6995] bm_reset_state
[14:57:33.888] [bmv2] [D] [thread 6995] Resetting simple_switch target-specific state
[14:57:33.888] [bmv2] [D] [thread 6995] resetting PRE state
[14:57:53.628] [bmv2] [T] [thread 7079] bm_get_config
[14:57:53.629] [bmv2] [T] [thread 7079] bm_mt_get_entries
[14:57:53.629] [bmv2] [T] [thread 7079] bm_mt_get_entries
[14:57:53.666] [bmv2] [T] [thread 7079] bm_reset_state
[14:57:53.671] [bmv2] [D] [thread 7079] Resetting simple_switch target-specific state
[14:57:53.671] [bmv2] [D] [thread 7079] resetting PRE state
[14:58:25.898] [bmv2] [T] [thread 7164] bm_get_config
[14:58:25.899] [bmv2] [T] [thread 7164] bm_mt_get_entries
[14:58:25.899] [bmv2] [T] [thread 7164] bm_mt_get_entries
[14:58:25.939] [bmv2] [T] [thread 7164] bm_reset_state
[14:58:25.945] [bmv2] [D] [thread 7164] Resetting simple_switch target-specific state
[14:58:25.946] [bmv2] [D] [thread 7164] resetting PRE state
[14:59:46.619] [bmv2] [T] [thread 7249] bm_get_config
[14:59:46.620] [bmv2] [T] [thread 7249] bm_mt_get_entries
[14:59:46.620] [bmv2] [T] [thread 7249] bm_mt_get_entries
[14:59:46.656] [bmv2] [T] [thread 7249] bm_reset_state
[14:59:46.661] [bmv2] [D] [thread 7249] Resetting simple_switch target-specific state
[14:59:46.661] [bmv2] [D] [thread 7249] resetting PRE state
[15:00:19.014] [bmv2] [T] [thread 7339] bm_get_config
[15:00:19.015] [bmv2] [T] [thread 7339] bm_mt_get_entries
[15:00:19.015] [bmv2] [T] [thread 7339] bm_mt_get_entries
[15:00:19.049] [bmv2] [T] [thread 7339] bm_reset_state
[15:00:19.052] [bmv2] [D] [thread 7339] Resetting simple_switch target-specific state
[15:00:19.052] [bmv2] [D] [thread 7339] resetting PRE state
[15:00:33.762] [bmv2] [T] [thread 7458] bm_get_config
[15:00:33.762] [bmv2] [T] [thread 7458] bm_mt_get_entries
[15:00:33.762] [bmv2] [T] [thread 7458] bm_mt_get_entries
[15:00:33.793] [bmv2] [T] [thread 7458] bm_reset_state
[15:00:33.795] [bmv2] [D] [thread 7458] Resetting simple_switch target-specific state
[15:00:33.795] [bmv2] [D] [thread 7458] resetting PRE state
[15:00:46.020] [bmv2] [T] [thread 7580] bm_get_config
[15:00:46.021] [bmv2] [T] [thread 7580] bm_mt_get_entries
[15:00:46.021] [bmv2] [T] [thread 7580] bm_mt_get_entries
[15:00:46.062] [bmv2] [T] [thread 7580] bm_reset_state
[15:00:46.067] [bmv2] [D] [thread 7580] Resetting simple_switch target-specific state
[15:00:46.067] [bmv2] [D] [thread 7580] resetting PRE state
[15:00:56.092] [bmv2] [T] [thread 7701] bm_get_config
[15:00:56.092] [bmv2] [T] [thread 7701] bm_mt_get_entries
[15:00:56.093] [bmv2] [T] [thread 7701] bm_mt_get_entries
[15:00:56.134] [bmv2] [T] [thread 7701] bm_reset_state
[15:00:56.139] [bmv2] [D] [thread 7701] Resetting simple_switch target-specific state
[15:00:56.139] [bmv2] [D] [thread 7701] resetting PRE state
[15:10:05.314] [bmv2] [T] [thread 7902] bm_get_config
[15:10:05.314] [bmv2] [T] [thread 7902] bm_mt_get_entries
[15:10:05.314] [bmv2] [T] [thread 7902] bm_mt_get_entries
[15:10:05.348] [bmv2] [T] [thread 7902] bm_reset_state
[15:10:05.350] [bmv2] [D] [thread 7902] Resetting simple_switch target-specific state
[15:10:05.350] [bmv2] [D] [thread 7902] resetting PRE state
[15:11:36.807] [bmv2] [T] [thread 8085] bm_get_config
[15:11:36.808] [bmv2] [T] [thread 8085] bm_mt_get_entries
[15:11:36.808] [bmv2] [T] [thread 8085] bm_mt_get_entries
[15:11:36.846] [bmv2] [T] [thread 8085] bm_reset_state
[15:11:36.851] [bmv2] [D] [thread 8085] Resetting simple_switch target-specific state
[15:11:36.851] [bmv2] [D] [thread 8085] resetting PRE state
[15:12:17.354] [bmv2] [T] [thread 8178] bm_get_config
[15:12:17.354] [bmv2] [T] [thread 8178] bm_mt_get_entries
[15:12:17.355] [bmv2] [T] [thread 8178] bm_mt_get_entries
[15:12:17.388] [bmv2] [T] [thread 8178] bm_reset_state
[15:12:17.391] [bmv2] [D] [thread 8178] Resetting simple_switch target-specific state
[15:12:17.391] [bmv2] [D] [thread 8178] resetting PRE state
[15:13:15.245] [bmv2] [T] [thread 8270] bm_get_config
[15:13:15.246] [bmv2] [T] [thread 8270] bm_mt_get_entries
[15:13:15.246] [bmv2] [T] [thread 8270] bm_mt_get_entries
[15:13:15.280] [bmv2] [T] [thread 8270] bm_reset_state
[15:13:15.282] [bmv2] [D] [thread 8270] Resetting simple_switch target-specific state
[15:13:15.282] [bmv2] [D] [thread 8270] resetting PRE state
[15:15:06.243] [bmv2] [T] [thread 8377] bm_get_config
[15:15:06.244] [bmv2] [T] [thread 8377] bm_mt_get_entries
[15:15:06.244] [bmv2] [T] [thread 8377] bm_mt_get_entries
[15:15:06.281] [bmv2] [T] [thread 8377] bm_reset_state
[15:15:06.286] [bmv2] [D] [thread 8377] Resetting simple_switch target-specific state
[15:15:06.286] [bmv2] [D] [thread 8377] resetting PRE state
[15:15:38.961] [bmv2] [T] [thread 8468] bm_get_config
[15:15:38.961] [bmv2] [T] [thread 8468] bm_mt_get_entries
[15:15:38.962] [bmv2] [T] [thread 8468] bm_mt_get_entries
[15:15:38.999] [bmv2] [T] [thread 8468] bm_reset_state
[15:15:39.004] [bmv2] [D] [thread 8468] Resetting simple_switch target-specific state
[15:15:39.004] [bmv2] [D] [thread 8468] resetting PRE state
[15:20:28.079] [bmv2] [T] [thread 8565] bm_get_config
[15:20:28.080] [bmv2] [T] [thread 8565] bm_mt_get_entries
[15:20:28.080] [bmv2] [T] [thread 8565] bm_mt_get_entries
[15:20:28.121] [bmv2] [T] [thread 8565] bm_reset_state
[15:20:28.128] [bmv2] [D] [thread 8565] Resetting simple_switch target-specific state
[15:20:28.128] [bmv2] [D] [thread 8565] resetting PRE state
[15:21:13.484] [bmv2] [T] [thread 8660] bm_get_config
[15:21:13.485] [bmv2] [T] [thread 8660] bm_mt_get_entries
[15:21:13.485] [bmv2] [T] [thread 8660] bm_mt_get_entries
[15:21:13.525] [bmv2] [T] [thread 8660] bm_reset_state
[15:21:13.530] [bmv2] [D] [thread 8660] Resetting simple_switch target-specific state
[15:21:13.530] [bmv2] [D] [thread 8660] resetting PRE state
