Warning: you requested the nanomsg event logger, but bmv2 was compiled without -DBMELOG, and the event logger cannot be activated
Calling target program-options parser
[13:13:35.545] [bmv2] [D] [thread 10231] Set default default entry for table 'MyIngress.ipv4_lpm': MyIngress.drop - 
[13:13:35.545] [bmv2] [D] [thread 10231] Set default default entry for table 'tbl_update_curr_path_size': MyIngress.update_curr_path_size - 
[13:13:35.545] [bmv2] [D] [thread 10231] Set default default entry for table 'tbl_fast_reroute126': fast_reroute126 - 
[13:13:35.546] [bmv2] [D] [thread 10231] Set default default entry for table 'tbl_read_alternativePort': MyIngress.read_alternativePort - 
[13:13:35.546] [bmv2] [D] [thread 10231] Set default default entry for table 'MyIngress.max_path_size': NoAction - 
[13:13:35.546] [bmv2] [D] [thread 10231] Set default default entry for table 'tbl_read_depot_port': MyIngress.read_depot_port - 
[13:13:35.546] [bmv2] [D] [thread 10231] Set default default entry for table 'tbl_fast_reroute141': fast_reroute141 - 
[13:13:35.546] [bmv2] [D] [thread 10231] Set default default entry for table 'tbl_reset_curr_path_size': MyIngress.reset_curr_path_size - 
Adding interface s4-eth1 as port 1
[13:13:35.547] [bmv2] [D] [thread 10231] Adding interface s4-eth1 as port 1
Adding interface s4-eth2 as port 2
[13:13:35.573] [bmv2] [D] [thread 10231] Adding interface s4-eth2 as port 2
Adding interface s4-eth3 as port 3
[13:13:35.604] [bmv2] [D] [thread 10231] Adding interface s4-eth3 as port 3
[13:13:35.636] [bmv2] [I] [thread 10231] Starting Thrift server on port 9093
[13:13:35.637] [bmv2] [I] [thread 10231] Thrift server was started
[13:13:35.806] [bmv2] [D] [thread 10237] [0.0] [cxt 0] Processing packet received on port 3
[13:13:35.806] [bmv2] [D] [thread 10237] [0.0] [cxt 0] Parser 'parser': start
[13:13:35.806] [bmv2] [D] [thread 10237] [0.0] [cxt 0] Parser 'parser' entering state 'start'
[13:13:35.806] [bmv2] [D] [thread 10237] [0.0] [cxt 0] Extracting header 'ethernet'
[13:13:35.806] [bmv2] [D] [thread 10237] [0.0] [cxt 0] Parser state 'start': key is 86dd
[13:13:35.806] [bmv2] [T] [thread 10237] [0.0] [cxt 0] Bytes parsed: 14
[13:13:35.806] [bmv2] [D] [thread 10237] [0.0] [cxt 0] Parser 'parser': end
[13:13:35.806] [bmv2] [D] [thread 10237] [0.0] [cxt 0] Pipeline 'ingress': start
[13:13:35.806] [bmv2] [T] [thread 10237] [0.0] [cxt 0] /home/p4/git/master_degree_p4_unipampa/Patcher_v0/p4src/fast_reroute.p4(117) Condition "hdr.ipv4.isValid()" (node_2) is false
[13:13:35.806] [bmv2] [D] [thread 10237] [0.0] [cxt 0] Pipeline 'ingress': end
[13:13:35.806] [bmv2] [D] [thread 10237] [0.0] [cxt 0] Egress port is 0
[13:13:35.806] [bmv2] [D] [thread 10238] [0.0] [cxt 0] Pipeline 'egress': start
[13:13:35.806] [bmv2] [D] [thread 10238] [0.0] [cxt 0] Pipeline 'egress': end
[13:13:35.806] [bmv2] [D] [thread 10238] [0.0] [cxt 0] Deparser 'deparser': start
[13:13:35.806] [bmv2] [T] [thread 10238] [0.0] [cxt 0] Skipping checksum 'cksum' update because condition not met
[13:13:35.806] [bmv2] [D] [thread 10238] [0.0] [cxt 0] Deparsing header 'ethernet'
[13:13:35.806] [bmv2] [D] [thread 10238] [0.0] [cxt 0] Deparser 'deparser': end
[13:13:35.806] [bmv2] [D] [thread 10242] [0.0] [cxt 0] Transmitting packet of size 86 out of port 0
[13:13:35.865] [bmv2] [D] [thread 10237] [1.0] [cxt 0] Processing packet received on port 3
[13:13:35.865] [bmv2] [D] [thread 10237] [1.0] [cxt 0] Parser 'parser': start
[13:13:35.865] [bmv2] [D] [thread 10237] [1.0] [cxt 0] Parser 'parser' entering state 'start'
[13:13:35.865] [bmv2] [D] [thread 10237] [1.0] [cxt 0] Extracting header 'ethernet'
[13:13:35.865] [bmv2] [D] [thread 10237] [1.0] [cxt 0] Parser state 'start': key is 86dd
[13:13:35.865] [bmv2] [T] [thread 10237] [1.0] [cxt 0] Bytes parsed: 14
[13:13:35.865] [bmv2] [D] [thread 10237] [1.0] [cxt 0] Parser 'parser': end
[13:13:35.865] [bmv2] [D] [thread 10237] [1.0] [cxt 0] Pipeline 'ingress': start
[13:13:35.865] [bmv2] [T] [thread 10237] [1.0] [cxt 0] /home/p4/git/master_degree_p4_unipampa/Patcher_v0/p4src/fast_reroute.p4(117) Condition "hdr.ipv4.isValid()" (node_2) is false
[13:13:35.865] [bmv2] [D] [thread 10237] [1.0] [cxt 0] Pipeline 'ingress': end
[13:13:35.865] [bmv2] [D] [thread 10237] [1.0] [cxt 0] Egress port is 0
[13:13:35.868] [bmv2] [D] [thread 10238] [1.0] [cxt 0] Pipeline 'egress': start
[13:13:35.868] [bmv2] [D] [thread 10238] [1.0] [cxt 0] Pipeline 'egress': end
[13:13:35.868] [bmv2] [D] [thread 10238] [1.0] [cxt 0] Deparser 'deparser': start
[13:13:35.868] [bmv2] [T] [thread 10238] [1.0] [cxt 0] Skipping checksum 'cksum' update because condition not met
[13:13:35.868] [bmv2] [D] [thread 10238] [1.0] [cxt 0] Deparsing header 'ethernet'
[13:13:35.868] [bmv2] [D] [thread 10238] [1.0] [cxt 0] Deparser 'deparser': end
[13:13:35.877] [bmv2] [D] [thread 10242] [1.0] [cxt 0] Transmitting packet of size 90 out of port 0
[13:13:35.964] [bmv2] [D] [thread 10237] [2.0] [cxt 0] Processing packet received on port 2
[13:13:35.964] [bmv2] [D] [thread 10237] [2.0] [cxt 0] Parser 'parser': start
[13:13:35.964] [bmv2] [D] [thread 10237] [2.0] [cxt 0] Parser 'parser' entering state 'start'
[13:13:35.964] [bmv2] [D] [thread 10237] [2.0] [cxt 0] Extracting header 'ethernet'
[13:13:35.964] [bmv2] [D] [thread 10237] [2.0] [cxt 0] Parser state 'start': key is 86dd
[13:13:35.964] [bmv2] [T] [thread 10237] [2.0] [cxt 0] Bytes parsed: 14
[13:13:35.964] [bmv2] [D] [thread 10237] [2.0] [cxt 0] Parser 'parser': end
[13:13:35.964] [bmv2] [D] [thread 10237] [2.0] [cxt 0] Pipeline 'ingress': start
[13:13:35.964] [bmv2] [T] [thread 10237] [2.0] [cxt 0] /home/p4/git/master_degree_p4_unipampa/Patcher_v0/p4src/fast_reroute.p4(117) Condition "hdr.ipv4.isValid()" (node_2) is false
[13:13:35.964] [bmv2] [D] [thread 10237] [2.0] [cxt 0] Pipeline 'ingress': end
[13:13:35.964] [bmv2] [D] [thread 10237] [2.0] [cxt 0] Egress port is 0
[13:13:35.964] [bmv2] [D] [thread 10238] [2.0] [cxt 0] Pipeline 'egress': start
[13:13:35.964] [bmv2] [D] [thread 10238] [2.0] [cxt 0] Pipeline 'egress': end
[13:13:35.964] [bmv2] [D] [thread 10238] [2.0] [cxt 0] Deparser 'deparser': start
[13:13:35.964] [bmv2] [T] [thread 10238] [2.0] [cxt 0] Skipping checksum 'cksum' update because condition not met
[13:13:35.964] [bmv2] [D] [thread 10238] [2.0] [cxt 0] Deparsing header 'ethernet'
[13:13:35.964] [bmv2] [D] [thread 10238] [2.0] [cxt 0] Deparser 'deparser': end
[13:13:35.964] [bmv2] [D] [thread 10242] [2.0] [cxt 0] Transmitting packet of size 86 out of port 0
[14:14:07.530] [bmv2] [T] [thread 10534] bm_get_config
[14:14:07.531] [bmv2] [T] [thread 10534] bm_mt_get_entries
[14:14:07.531] [bmv2] [T] [thread 10534] bm_mt_get_entries
[14:14:07.546] [bmv2] [T] [thread 10534] bm_reset_state
[14:14:07.549] [bmv2] [D] [thread 10534] Resetting simple_switch target-specific state
[14:14:07.549] [bmv2] [D] [thread 10534] resetting PRE state
[14:14:07.563] [bmv2] [T] [thread 10534] bm_register_write
[14:14:07.564] [bmv2] [T] [thread 10534] bm_table_add_entry
[14:14:07.564] [bmv2] [D] [thread 10534] Entry 0 added to table 'MyIngress.max_path_size'
[14:14:07.564] [bmv2] [D] [thread 10534] Dumping entry 0
Match key:
* hdr.ipv4.dstAddr    : LPM       0a000102/24
Action entry: MyIngress.read_max_curr_path_size - 0,

[14:14:07.570] [bmv2] [T] [thread 10534] bm_register_write
[14:14:07.571] [bmv2] [T] [thread 10534] bm_table_add_entry
[14:14:07.571] [bmv2] [D] [thread 10534] Entry 0 added to table 'MyIngress.ipv4_lpm'
[14:14:07.571] [bmv2] [D] [thread 10534] Dumping entry 0
Match key:
* hdr.ipv4.dstAddr    : LPM       0a000102/24
Action entry: MyIngress.read_port - 0,

[14:14:10.180] [bmv2] [D] [thread 10237] [3.0] [cxt 0] Processing packet received on port 2
[14:14:10.180] [bmv2] [D] [thread 10237] [3.0] [cxt 0] Parser 'parser': start
[14:14:10.180] [bmv2] [D] [thread 10237] [3.0] [cxt 0] Parser 'parser' entering state 'start'
[14:14:10.180] [bmv2] [D] [thread 10237] [3.0] [cxt 0] Extracting header 'ethernet'
[14:14:10.180] [bmv2] [D] [thread 10237] [3.0] [cxt 0] Parser state 'start': key is 0800
[14:14:10.180] [bmv2] [T] [thread 10237] [3.0] [cxt 0] Bytes parsed: 14
[14:14:10.180] [bmv2] [D] [thread 10237] [3.0] [cxt 0] Parser 'parser' entering state 'parse_ipv4'
[14:14:10.180] [bmv2] [D] [thread 10237] [3.0] [cxt 0] Extracting header 'ipv4'
[14:14:10.180] [bmv2] [D] [thread 10237] [3.0] [cxt 0] Extracting header 'pathHops'
[14:14:10.180] [bmv2] [D] [thread 10237] [3.0] [cxt 0] Parser state 'parse_ipv4' has no switch, going to default next state
[14:14:10.180] [bmv2] [T] [thread 10237] [3.0] [cxt 0] Bytes parsed: 38
[14:14:10.180] [bmv2] [D] [thread 10237] [3.0] [cxt 0] Parser 'parser': end
[14:14:10.180] [bmv2] [D] [thread 10237] [3.0] [cxt 0] Pipeline 'ingress': start
[14:14:10.180] [bmv2] [T] [thread 10237] [3.0] [cxt 0] /home/p4/git/master_degree_p4_unipampa/Patcher_v0/p4src/fast_reroute.p4(117) Condition "hdr.ipv4.isValid()" (node_2) is true
[14:14:10.180] [bmv2] [T] [thread 10237] [3.0] [cxt 0] Applying table 'MyIngress.ipv4_lpm'
[14:14:10.180] [bmv2] [D] [thread 10237] [3.0] [cxt 0] Looking up key:
* hdr.ipv4.dstAddr    : 0a000102

[14:14:10.180] [bmv2] [D] [thread 10237] [3.0] [cxt 0] Table 'MyIngress.ipv4_lpm': hit with handle 0
[14:14:10.180] [bmv2] [D] [thread 10237] [3.0] [cxt 0] Dumping entry 0
Match key:
* hdr.ipv4.dstAddr    : LPM       0a000102/24
Action entry: MyIngress.read_port - 0,

[14:14:10.180] [bmv2] [D] [thread 10237] [3.0] [cxt 0] Action entry is MyIngress.read_port - 0,
[14:14:10.180] [bmv2] [T] [thread 10237] [3.0] [cxt 0] Action MyIngress.read_port
[14:14:10.180] [bmv2] [T] [thread 10237] [3.0] [cxt 0] /home/p4/git/master_degree_p4_unipampa/Patcher_v0/p4src/fast_reroute.p4(54) Primitive meta.indexPath = indexPath
[14:14:10.180] [bmv2] [T] [thread 10237] [3.0] [cxt 0] /home/p4/git/master_degree_p4_unipampa/Patcher_v0/p4src/fast_reroute.p4(56) Primitive primaryNH.read(meta.nextHop, meta.indexPath)
[14:14:10.180] [bmv2] [T] [thread 10237] [3.0] [cxt 0] Read register 'MyIngress.primaryNH' at index 0 read value 3
[14:14:10.180] [bmv2] [T] [thread 10237] [3.0] [cxt 0] /home/p4/git/master_degree_p4_unipampa/Patcher_v0/p4src/fast_reroute.p4(59) Primitive linkState.read(meta.linkState, meta.nextHop)
[14:14:10.180] [bmv2] [T] [thread 10237] [3.0] [cxt 0] Read register 'MyIngress.linkState' at index 3 read value 0
[14:14:10.180] [bmv2] [T] [thread 10237] [3.0] [cxt 0] Applying table 'tbl_update_curr_path_size'
[14:14:10.180] [bmv2] [D] [thread 10237] [3.0] [cxt 0] Looking up key:

[14:14:10.180] [bmv2] [D] [thread 10237] [3.0] [cxt 0] Table 'tbl_update_curr_path_size': miss
[14:14:10.180] [bmv2] [D] [thread 10237] [3.0] [cxt 0] Action entry is MyIngress.update_curr_path_size - 
[14:14:10.180] [bmv2] [T] [thread 10237] [3.0] [cxt 0] Action MyIngress.update_curr_path_size
[14:14:10.180] [bmv2] [T] [thread 10237] [3.0] [cxt 0] /home/p4/git/master_degree_p4_unipampa/Patcher_v0/p4src/fast_reroute.p4(73) Primitive currPathSize.read(meta.currPathSize, meta.indexPath)
[14:14:10.180] [bmv2] [T] [thread 10237] [3.0] [cxt 0] Read register 'MyIngress.currPathSize' at index 0 read value 0
[14:14:10.180] [bmv2] [T] [thread 10237] [3.0] [cxt 0] /home/p4/git/master_degree_p4_unipampa/Patcher_v0/p4src/fast_reroute.p4(74) Primitive meta.currPathSize + 1
[14:14:10.180] [bmv2] [T] [thread 10237] [3.0] [cxt 0] /home/p4/git/master_degree_p4_unipampa/Patcher_v0/p4src/fast_reroute.p4(74) Primitive currPathSize.write(meta.indexPath, meta.currPathSize + 1)
[14:14:10.180] [bmv2] [T] [thread 10237] [3.0] [cxt 0] Wrote register 'MyIngress.currPathSize' at index 0 with value 1
[14:14:10.180] [bmv2] [T] [thread 10237] [3.0] [cxt 0] /home/p4/git/master_degree_p4_unipampa/Patcher_v0/p4src/fast_reroute.p4(75) Primitive currPathSize.read(meta.currPathSize, meta.indexPath)
[14:14:10.180] [bmv2] [T] [thread 10237] [3.0] [cxt 0] Read register 'MyIngress.currPathSize' at index 0 read value 1
[14:14:10.180] [bmv2] [T] [thread 10237] [3.0] [cxt 0] /home/p4/git/master_degree_p4_unipampa/Patcher_v0/p4src/fast_reroute.p4(76) Primitive hdr.pathHops.currHop = hdr.pathHops.currHop + 1
[14:14:10.180] [bmv2] [T] [thread 10237] [3.0] [cxt 0] Applying table 'tbl_fast_reroute126'
[14:14:10.180] [bmv2] [D] [thread 10237] [3.0] [cxt 0] Looking up key:

[14:14:10.180] [bmv2] [D] [thread 10237] [3.0] [cxt 0] Table 'tbl_fast_reroute126': miss
[14:14:10.180] [bmv2] [D] [thread 10237] [3.0] [cxt 0] Action entry is fast_reroute126 - 
[14:14:10.180] [bmv2] [T] [thread 10237] [3.0] [cxt 0] Action fast_reroute126
[14:14:10.180] [bmv2] [T] [thread 10237] [3.0] [cxt 0] /home/p4/git/master_degree_p4_unipampa/Patcher_v0/p4src/fast_reroute.p4(126) Primitive standard_metadata.egress_spec = (bit<9>) meta.nextHop
[14:14:10.180] [bmv2] [T] [thread 10237] [3.0] [cxt 0] /home/p4/git/master_degree_p4_unipampa/Patcher_v0/p4src/fast_reroute.p4(129) Condition "meta.linkState > 0" (node_6) is false
[14:14:10.180] [bmv2] [T] [thread 10237] [3.0] [cxt 0] Applying table 'MyIngress.max_path_size'
[14:14:10.180] [bmv2] [D] [thread 10237] [3.0] [cxt 0] Looking up key:
* hdr.ipv4.dstAddr    : 0a000102

[14:14:10.180] [bmv2] [D] [thread 10237] [3.0] [cxt 0] Table 'MyIngress.max_path_size': hit with handle 0
[14:14:10.180] [bmv2] [D] [thread 10237] [3.0] [cxt 0] Dumping entry 0
Match key:
* hdr.ipv4.dstAddr    : LPM       0a000102/24
Action entry: MyIngress.read_max_curr_path_size - 0,

[14:14:10.180] [bmv2] [D] [thread 10237] [3.0] [cxt 0] Action entry is MyIngress.read_max_curr_path_size - 0,
[14:14:10.180] [bmv2] [T] [thread 10237] [3.0] [cxt 0] Action MyIngress.read_max_curr_path_size
[14:14:10.180] [bmv2] [T] [thread 10237] [3.0] [cxt 0] /home/p4/git/master_degree_p4_unipampa/Patcher_v0/p4src/fast_reroute.p4(68) Primitive meta.indexPath = indexPath
[14:14:10.180] [bmv2] [T] [thread 10237] [3.0] [cxt 0] /home/p4/git/master_degree_p4_unipampa/Patcher_v0/p4src/fast_reroute.p4(69) Primitive maxPathSize.read(meta.maxPathSize, meta.indexPath)
[14:14:10.180] [bmv2] [T] [thread 10237] [3.0] [cxt 0] Read register 'MyIngress.maxPathSize' at index 0 read value 7
[14:14:10.180] [bmv2] [T] [thread 10237] [3.0] [cxt 0] /home/p4/git/master_degree_p4_unipampa/Patcher_v0/p4src/fast_reroute.p4(139) Condition "hdr.pathHops.currHop == meta.maxPathSize" (node_9) is false
[14:14:10.180] [bmv2] [D] [thread 10237] [3.0] [cxt 0] Pipeline 'ingress': end
[14:14:10.180] [bmv2] [D] [thread 10237] [3.0] [cxt 0] Egress port is 3
[14:14:10.180] [bmv2] [D] [thread 10241] [3.0] [cxt 0] Pipeline 'egress': start
[14:14:10.180] [bmv2] [D] [thread 10241] [3.0] [cxt 0] Pipeline 'egress': end
[14:14:10.181] [bmv2] [D] [thread 10241] [3.0] [cxt 0] Deparser 'deparser': start
[14:14:10.181] [bmv2] [D] [thread 10241] [3.0] [cxt 0] Updating checksum 'cksum'
[14:14:10.181] [bmv2] [D] [thread 10241] [3.0] [cxt 0] Deparsing header 'ethernet'
[14:14:10.181] [bmv2] [D] [thread 10241] [3.0] [cxt 0] Deparsing header 'ipv4'
[14:14:10.181] [bmv2] [D] [thread 10241] [3.0] [cxt 0] Deparsing header 'pathHops'
[14:14:10.181] [bmv2] [D] [thread 10241] [3.0] [cxt 0] Deparser 'deparser': end
[14:14:10.181] [bmv2] [D] [thread 10242] [3.0] [cxt 0] Transmitting packet of size 38 out of port 3
[14:25:00.481] [bmv2] [T] [thread 10679] bm_get_config
[14:25:00.482] [bmv2] [T] [thread 10679] bm_mt_get_entries
[14:25:00.482] [bmv2] [T] [thread 10679] bm_mt_get_entries
[14:25:00.505] [bmv2] [T] [thread 10679] bm_reset_state
[14:25:00.512] [bmv2] [D] [thread 10679] Resetting simple_switch target-specific state
[14:25:00.512] [bmv2] [D] [thread 10679] resetting PRE state
[14:25:00.530] [bmv2] [T] [thread 10679] bm_register_write
[14:25:00.531] [bmv2] [T] [thread 10679] bm_table_add_entry
[14:25:00.531] [bmv2] [D] [thread 10679] Entry 0 added to table 'MyIngress.max_path_size'
[14:25:00.531] [bmv2] [D] [thread 10679] Dumping entry 0
Match key:
* hdr.ipv4.dstAddr    : LPM       0a000102/24
Action entry: MyIngress.read_max_curr_path_size - 0,

[14:25:00.541] [bmv2] [T] [thread 10679] bm_register_write
[14:25:00.541] [bmv2] [T] [thread 10679] bm_table_add_entry
[14:25:00.541] [bmv2] [D] [thread 10679] Entry 0 added to table 'MyIngress.ipv4_lpm'
[14:25:00.541] [bmv2] [D] [thread 10679] Dumping entry 0
Match key:
* hdr.ipv4.dstAddr    : LPM       0a000102/24
Action entry: MyIngress.read_port - 0,

[14:25:13.351] [bmv2] [T] [thread 10718] bm_get_config
[14:25:13.352] [bmv2] [T] [thread 10718] bm_mt_get_entries
[14:25:13.352] [bmv2] [T] [thread 10718] bm_mt_get_entries
[14:25:13.367] [bmv2] [T] [thread 10718] bm_reset_state
[14:25:13.369] [bmv2] [D] [thread 10718] Resetting simple_switch target-specific state
[14:25:13.369] [bmv2] [D] [thread 10718] resetting PRE state
[14:25:13.383] [bmv2] [T] [thread 10718] bm_register_write
[14:25:13.384] [bmv2] [T] [thread 10718] bm_table_add_entry
[14:25:13.384] [bmv2] [D] [thread 10718] Entry 0 added to table 'MyIngress.max_path_size'
[14:25:13.384] [bmv2] [D] [thread 10718] Dumping entry 0
Match key:
* hdr.ipv4.dstAddr    : LPM       0a000102/24
Action entry: MyIngress.read_max_curr_path_size - 0,

[14:25:13.424] [bmv2] [T] [thread 10718] bm_register_write
[14:25:13.424] [bmv2] [T] [thread 10718] bm_table_add_entry
[14:25:13.424] [bmv2] [D] [thread 10718] Entry 0 added to table 'MyIngress.ipv4_lpm'
[14:25:13.424] [bmv2] [D] [thread 10718] Dumping entry 0
Match key:
* hdr.ipv4.dstAddr    : LPM       0a000102/24
Action entry: MyIngress.read_port - 0,

[14:25:50.824] [bmv2] [T] [thread 10784] bm_get_config
[14:25:50.824] [bmv2] [T] [thread 10784] bm_mt_get_entries
[14:25:50.825] [bmv2] [T] [thread 10784] bm_mt_get_entries
[14:25:50.837] [bmv2] [T] [thread 10784] bm_reset_state
[14:25:50.840] [bmv2] [D] [thread 10784] Resetting simple_switch target-specific state
[14:25:50.840] [bmv2] [D] [thread 10784] resetting PRE state
[14:25:50.851] [bmv2] [T] [thread 10784] bm_register_write
[14:25:50.851] [bmv2] [T] [thread 10784] bm_table_add_entry
[14:25:50.851] [bmv2] [D] [thread 10784] Entry 0 added to table 'MyIngress.max_path_size'
[14:25:50.851] [bmv2] [D] [thread 10784] Dumping entry 0
Match key:
* hdr.ipv4.dstAddr    : LPM       0a000102/24
Action entry: MyIngress.read_max_curr_path_size - 0,

[14:25:50.856] [bmv2] [T] [thread 10784] bm_register_write
[14:25:50.856] [bmv2] [T] [thread 10784] bm_table_add_entry
[14:25:50.856] [bmv2] [D] [thread 10784] Entry 0 added to table 'MyIngress.ipv4_lpm'
[14:25:50.856] [bmv2] [D] [thread 10784] Dumping entry 0
Match key:
* hdr.ipv4.dstAddr    : LPM       0a000102/24
Action entry: MyIngress.read_port - 0,

[14:27:45.892] [bmv2] [T] [thread 11013] bm_get_config
[14:27:45.893] [bmv2] [T] [thread 11013] bm_mt_get_entries
[14:27:45.893] [bmv2] [T] [thread 11013] bm_mt_get_entries
[14:27:45.907] [bmv2] [T] [thread 11013] bm_reset_state
[14:27:45.909] [bmv2] [D] [thread 11013] Resetting simple_switch target-specific state
[14:27:45.909] [bmv2] [D] [thread 11013] resetting PRE state
[14:27:45.921] [bmv2] [T] [thread 11013] bm_register_write
[14:27:45.921] [bmv2] [T] [thread 11013] bm_table_add_entry
[14:27:45.921] [bmv2] [D] [thread 11013] Entry 0 added to table 'MyIngress.max_path_size'
[14:27:45.922] [bmv2] [D] [thread 11013] Dumping entry 0
Match key:
* hdr.ipv4.dstAddr    : LPM       0a000102/24
Action entry: MyIngress.read_max_curr_path_size - 0,

[14:27:45.927] [bmv2] [T] [thread 11013] bm_register_write
[14:27:45.928] [bmv2] [T] [thread 11013] bm_table_add_entry
[14:27:45.928] [bmv2] [D] [thread 11013] Entry 0 added to table 'MyIngress.ipv4_lpm'
[14:27:45.928] [bmv2] [D] [thread 11013] Dumping entry 0
Match key:
* hdr.ipv4.dstAddr    : LPM       0a000102/24
Action entry: MyIngress.read_port - 0,

[14:27:51.415] [bmv2] [D] [thread 10237] [4.0] [cxt 0] Processing packet received on port 2
[14:27:51.415] [bmv2] [D] [thread 10237] [4.0] [cxt 0] Parser 'parser': start
[14:27:51.415] [bmv2] [D] [thread 10237] [4.0] [cxt 0] Parser 'parser' entering state 'start'
[14:27:51.415] [bmv2] [D] [thread 10237] [4.0] [cxt 0] Extracting header 'ethernet'
[14:27:51.415] [bmv2] [D] [thread 10237] [4.0] [cxt 0] Parser state 'start': key is 0800
[14:27:51.415] [bmv2] [T] [thread 10237] [4.0] [cxt 0] Bytes parsed: 14
[14:27:51.415] [bmv2] [D] [thread 10237] [4.0] [cxt 0] Parser 'parser' entering state 'parse_ipv4'
[14:27:51.415] [bmv2] [D] [thread 10237] [4.0] [cxt 0] Extracting header 'ipv4'
[14:27:51.415] [bmv2] [D] [thread 10237] [4.0] [cxt 0] Extracting header 'pathHops'
[14:27:51.415] [bmv2] [D] [thread 10237] [4.0] [cxt 0] Parser state 'parse_ipv4' has no switch, going to default next state
[14:27:51.415] [bmv2] [T] [thread 10237] [4.0] [cxt 0] Bytes parsed: 38
[14:27:51.415] [bmv2] [D] [thread 10237] [4.0] [cxt 0] Parser 'parser': end
[14:27:51.415] [bmv2] [D] [thread 10237] [4.0] [cxt 0] Pipeline 'ingress': start
[14:27:51.415] [bmv2] [T] [thread 10237] [4.0] [cxt 0] /home/p4/git/master_degree_p4_unipampa/Patcher_v0/p4src/fast_reroute.p4(117) Condition "hdr.ipv4.isValid()" (node_2) is true
[14:27:51.415] [bmv2] [T] [thread 10237] [4.0] [cxt 0] Applying table 'MyIngress.ipv4_lpm'
[14:27:51.415] [bmv2] [D] [thread 10237] [4.0] [cxt 0] Looking up key:
* hdr.ipv4.dstAddr    : 0a000102

[14:27:51.415] [bmv2] [D] [thread 10237] [4.0] [cxt 0] Table 'MyIngress.ipv4_lpm': hit with handle 0
[14:27:51.415] [bmv2] [D] [thread 10237] [4.0] [cxt 0] Dumping entry 0
Match key:
* hdr.ipv4.dstAddr    : LPM       0a000102/24
Action entry: MyIngress.read_port - 0,

[14:27:51.415] [bmv2] [D] [thread 10237] [4.0] [cxt 0] Action entry is MyIngress.read_port - 0,
[14:27:51.415] [bmv2] [T] [thread 10237] [4.0] [cxt 0] Action MyIngress.read_port
[14:27:51.415] [bmv2] [T] [thread 10237] [4.0] [cxt 0] /home/p4/git/master_degree_p4_unipampa/Patcher_v0/p4src/fast_reroute.p4(54) Primitive meta.indexPath = indexPath
[14:27:51.415] [bmv2] [T] [thread 10237] [4.0] [cxt 0] /home/p4/git/master_degree_p4_unipampa/Patcher_v0/p4src/fast_reroute.p4(56) Primitive primaryNH.read(meta.nextHop, meta.indexPath)
[14:27:51.415] [bmv2] [T] [thread 10237] [4.0] [cxt 0] Read register 'MyIngress.primaryNH' at index 0 read value 3
[14:27:51.415] [bmv2] [T] [thread 10237] [4.0] [cxt 0] /home/p4/git/master_degree_p4_unipampa/Patcher_v0/p4src/fast_reroute.p4(59) Primitive linkState.read(meta.linkState, meta.nextHop)
[14:27:51.415] [bmv2] [T] [thread 10237] [4.0] [cxt 0] Read register 'MyIngress.linkState' at index 3 read value 0
[14:27:51.415] [bmv2] [T] [thread 10237] [4.0] [cxt 0] Applying table 'tbl_update_curr_path_size'
[14:27:51.415] [bmv2] [D] [thread 10237] [4.0] [cxt 0] Looking up key:

[14:27:51.415] [bmv2] [D] [thread 10237] [4.0] [cxt 0] Table 'tbl_update_curr_path_size': miss
[14:27:51.415] [bmv2] [D] [thread 10237] [4.0] [cxt 0] Action entry is MyIngress.update_curr_path_size - 
[14:27:51.415] [bmv2] [T] [thread 10237] [4.0] [cxt 0] Action MyIngress.update_curr_path_size
[14:27:51.415] [bmv2] [T] [thread 10237] [4.0] [cxt 0] /home/p4/git/master_degree_p4_unipampa/Patcher_v0/p4src/fast_reroute.p4(73) Primitive currPathSize.read(meta.currPathSize, meta.indexPath)
[14:27:51.415] [bmv2] [T] [thread 10237] [4.0] [cxt 0] Read register 'MyIngress.currPathSize' at index 0 read value 0
[14:27:51.415] [bmv2] [T] [thread 10237] [4.0] [cxt 0] /home/p4/git/master_degree_p4_unipampa/Patcher_v0/p4src/fast_reroute.p4(74) Primitive meta.currPathSize + 1
[14:27:51.415] [bmv2] [T] [thread 10237] [4.0] [cxt 0] /home/p4/git/master_degree_p4_unipampa/Patcher_v0/p4src/fast_reroute.p4(74) Primitive currPathSize.write(meta.indexPath, meta.currPathSize + 1)
[14:27:51.415] [bmv2] [T] [thread 10237] [4.0] [cxt 0] Wrote register 'MyIngress.currPathSize' at index 0 with value 1
[14:27:51.415] [bmv2] [T] [thread 10237] [4.0] [cxt 0] /home/p4/git/master_degree_p4_unipampa/Patcher_v0/p4src/fast_reroute.p4(75) Primitive currPathSize.read(meta.currPathSize, meta.indexPath)
[14:27:51.415] [bmv2] [T] [thread 10237] [4.0] [cxt 0] Read register 'MyIngress.currPathSize' at index 0 read value 1
[14:27:51.415] [bmv2] [T] [thread 10237] [4.0] [cxt 0] /home/p4/git/master_degree_p4_unipampa/Patcher_v0/p4src/fast_reroute.p4(76) Primitive hdr.pathHops.currHop = hdr.pathHops.currHop + 1
[14:27:51.415] [bmv2] [T] [thread 10237] [4.0] [cxt 0] Applying table 'tbl_fast_reroute126'
[14:27:51.415] [bmv2] [D] [thread 10237] [4.0] [cxt 0] Looking up key:

[14:27:51.415] [bmv2] [D] [thread 10237] [4.0] [cxt 0] Table 'tbl_fast_reroute126': miss
[14:27:51.415] [bmv2] [D] [thread 10237] [4.0] [cxt 0] Action entry is fast_reroute126 - 
[14:27:51.415] [bmv2] [T] [thread 10237] [4.0] [cxt 0] Action fast_reroute126
[14:27:51.415] [bmv2] [T] [thread 10237] [4.0] [cxt 0] /home/p4/git/master_degree_p4_unipampa/Patcher_v0/p4src/fast_reroute.p4(126) Primitive standard_metadata.egress_spec = (bit<9>) meta.nextHop
[14:27:51.415] [bmv2] [T] [thread 10237] [4.0] [cxt 0] /home/p4/git/master_degree_p4_unipampa/Patcher_v0/p4src/fast_reroute.p4(129) Condition "meta.linkState > 0" (node_6) is false
[14:27:51.415] [bmv2] [T] [thread 10237] [4.0] [cxt 0] Applying table 'MyIngress.max_path_size'
[14:27:51.415] [bmv2] [D] [thread 10237] [4.0] [cxt 0] Looking up key:
* hdr.ipv4.dstAddr    : 0a000102

[14:27:51.415] [bmv2] [D] [thread 10237] [4.0] [cxt 0] Table 'MyIngress.max_path_size': hit with handle 0
[14:27:51.416] [bmv2] [D] [thread 10237] [4.0] [cxt 0] Dumping entry 0
Match key:
* hdr.ipv4.dstAddr    : LPM       0a000102/24
Action entry: MyIngress.read_max_curr_path_size - 0,

[14:27:51.416] [bmv2] [D] [thread 10237] [4.0] [cxt 0] Action entry is MyIngress.read_max_curr_path_size - 0,
[14:27:51.416] [bmv2] [T] [thread 10237] [4.0] [cxt 0] Action MyIngress.read_max_curr_path_size
[14:27:51.416] [bmv2] [T] [thread 10237] [4.0] [cxt 0] /home/p4/git/master_degree_p4_unipampa/Patcher_v0/p4src/fast_reroute.p4(68) Primitive meta.indexPath = indexPath
[14:27:51.416] [bmv2] [T] [thread 10237] [4.0] [cxt 0] /home/p4/git/master_degree_p4_unipampa/Patcher_v0/p4src/fast_reroute.p4(69) Primitive maxPathSize.read(meta.maxPathSize, meta.indexPath)
[14:27:51.416] [bmv2] [T] [thread 10237] [4.0] [cxt 0] Read register 'MyIngress.maxPathSize' at index 0 read value 7
[14:27:51.416] [bmv2] [T] [thread 10237] [4.0] [cxt 0] /home/p4/git/master_degree_p4_unipampa/Patcher_v0/p4src/fast_reroute.p4(139) Condition "hdr.pathHops.currHop == meta.maxPathSize" (node_9) is false
[14:27:51.416] [bmv2] [D] [thread 10237] [4.0] [cxt 0] Pipeline 'ingress': end
[14:27:51.416] [bmv2] [D] [thread 10237] [4.0] [cxt 0] Egress port is 3
[14:27:51.416] [bmv2] [D] [thread 10241] [4.0] [cxt 0] Pipeline 'egress': start
[14:27:51.416] [bmv2] [D] [thread 10241] [4.0] [cxt 0] Pipeline 'egress': end
[14:27:51.416] [bmv2] [D] [thread 10241] [4.0] [cxt 0] Deparser 'deparser': start
[14:27:51.416] [bmv2] [D] [thread 10241] [4.0] [cxt 0] Updating checksum 'cksum'
[14:27:51.416] [bmv2] [D] [thread 10241] [4.0] [cxt 0] Deparsing header 'ethernet'
[14:27:51.416] [bmv2] [D] [thread 10241] [4.0] [cxt 0] Deparsing header 'ipv4'
[14:27:51.416] [bmv2] [D] [thread 10241] [4.0] [cxt 0] Deparsing header 'pathHops'
[14:27:51.416] [bmv2] [D] [thread 10241] [4.0] [cxt 0] Deparser 'deparser': end
[14:27:51.416] [bmv2] [D] [thread 10242] [4.0] [cxt 0] Transmitting packet of size 38 out of port 3
