Warning: you requested the nanomsg event logger, but bmv2 was compiled without -DBMELOG, and the event logger cannot be activated
Calling target program-options parser
[13:13:35.961] [bmv2] [D] [thread 10270] Set default default entry for table 'MyIngress.ipv4_lpm': MyIngress.drop - 
[13:13:35.961] [bmv2] [D] [thread 10270] Set default default entry for table 'tbl_update_curr_path_size': MyIngress.update_curr_path_size - 
[13:13:35.961] [bmv2] [D] [thread 10270] Set default default entry for table 'tbl_fast_reroute126': fast_reroute126 - 
[13:13:35.961] [bmv2] [D] [thread 10270] Set default default entry for table 'tbl_read_alternativePort': MyIngress.read_alternativePort - 
[13:13:35.961] [bmv2] [D] [thread 10270] Set default default entry for table 'MyIngress.max_path_size': NoAction - 
[13:13:35.961] [bmv2] [D] [thread 10270] Set default default entry for table 'tbl_read_depot_port': MyIngress.read_depot_port - 
[13:13:35.961] [bmv2] [D] [thread 10270] Set default default entry for table 'tbl_fast_reroute141': fast_reroute141 - 
[13:13:35.961] [bmv2] [D] [thread 10270] Set default default entry for table 'tbl_reset_curr_path_size': MyIngress.reset_curr_path_size - 
Adding interface s7-eth1 as port 1
[13:13:35.963] [bmv2] [D] [thread 10270] Adding interface s7-eth1 as port 1
Adding interface s7-eth2 as port 2
[13:13:35.988] [bmv2] [D] [thread 10270] Adding interface s7-eth2 as port 2
[13:13:36.020] [bmv2] [I] [thread 10270] Starting Thrift server on port 9096
[13:13:36.021] [bmv2] [I] [thread 10270] Thrift server was started
[13:13:36.029] [bmv2] [D] [thread 10276] [0.0] [cxt 0] Processing packet received on port 2
[13:13:36.029] [bmv2] [D] [thread 10276] [0.0] [cxt 0] Parser 'parser': start
[13:13:36.029] [bmv2] [D] [thread 10276] [0.0] [cxt 0] Parser 'parser' entering state 'start'
[13:13:36.029] [bmv2] [D] [thread 10276] [0.0] [cxt 0] Extracting header 'ethernet'
[13:13:36.029] [bmv2] [D] [thread 10276] [0.0] [cxt 0] Parser state 'start': key is 86dd
[13:13:36.029] [bmv2] [T] [thread 10276] [0.0] [cxt 0] Bytes parsed: 14
[13:13:36.029] [bmv2] [D] [thread 10276] [0.0] [cxt 0] Parser 'parser': end
[13:13:36.029] [bmv2] [D] [thread 10276] [0.0] [cxt 0] Pipeline 'ingress': start
[13:13:36.029] [bmv2] [T] [thread 10276] [0.0] [cxt 0] /home/p4/git/master_degree_p4_unipampa/Patcher_v0/p4src/fast_reroute.p4(117) Condition "hdr.ipv4.isValid()" (node_2) is false
[13:13:36.029] [bmv2] [D] [thread 10276] [0.0] [cxt 0] Pipeline 'ingress': end
[13:13:36.029] [bmv2] [D] [thread 10276] [0.0] [cxt 0] Egress port is 0
[13:13:36.029] [bmv2] [D] [thread 10277] [0.0] [cxt 0] Pipeline 'egress': start
[13:13:36.029] [bmv2] [D] [thread 10277] [0.0] [cxt 0] Pipeline 'egress': end
[13:13:36.029] [bmv2] [D] [thread 10277] [0.0] [cxt 0] Deparser 'deparser': start
[13:13:36.029] [bmv2] [T] [thread 10277] [0.0] [cxt 0] Skipping checksum 'cksum' update because condition not met
[13:13:36.029] [bmv2] [D] [thread 10277] [0.0] [cxt 0] Deparsing header 'ethernet'
[13:13:36.029] [bmv2] [D] [thread 10277] [0.0] [cxt 0] Deparser 'deparser': end
[13:13:36.029] [bmv2] [D] [thread 10281] [0.0] [cxt 0] Transmitting packet of size 86 out of port 0
[14:14:07.535] [bmv2] [T] [thread 10537] bm_get_config
[14:14:07.535] [bmv2] [T] [thread 10537] bm_mt_get_entries
[14:14:07.536] [bmv2] [T] [thread 10537] bm_mt_get_entries
[14:14:07.557] [bmv2] [T] [thread 10537] bm_reset_state
[14:14:07.560] [bmv2] [D] [thread 10537] Resetting simple_switch target-specific state
[14:14:07.560] [bmv2] [D] [thread 10537] resetting PRE state
[14:25:00.487] [bmv2] [T] [thread 10682] bm_get_config
[14:25:00.488] [bmv2] [T] [thread 10682] bm_mt_get_entries
[14:25:00.488] [bmv2] [T] [thread 10682] bm_mt_get_entries
[14:25:00.523] [bmv2] [T] [thread 10682] bm_reset_state
[14:25:00.525] [bmv2] [D] [thread 10682] Resetting simple_switch target-specific state
[14:25:00.525] [bmv2] [D] [thread 10682] resetting PRE state
[14:25:13.356] [bmv2] [T] [thread 10721] bm_get_config
[14:25:13.357] [bmv2] [T] [thread 10721] bm_mt_get_entries
[14:25:13.357] [bmv2] [T] [thread 10721] bm_mt_get_entries
[14:25:13.378] [bmv2] [T] [thread 10721] bm_reset_state
[14:25:13.380] [bmv2] [D] [thread 10721] Resetting simple_switch target-specific state
[14:25:13.380] [bmv2] [D] [thread 10721] resetting PRE state
[14:25:50.829] [bmv2] [T] [thread 10787] bm_get_config
[14:25:50.829] [bmv2] [T] [thread 10787] bm_mt_get_entries
[14:25:50.830] [bmv2] [T] [thread 10787] bm_mt_get_entries
[14:25:50.845] [bmv2] [T] [thread 10787] bm_reset_state
[14:25:50.848] [bmv2] [D] [thread 10787] Resetting simple_switch target-specific state
[14:25:50.848] [bmv2] [D] [thread 10787] resetting PRE state
[14:27:45.898] [bmv2] [T] [thread 11016] bm_get_config
[14:27:45.899] [bmv2] [T] [thread 11016] bm_mt_get_entries
[14:27:45.899] [bmv2] [T] [thread 11016] bm_mt_get_entries
[14:27:45.915] [bmv2] [T] [thread 11016] bm_reset_state
[14:27:45.918] [bmv2] [D] [thread 11016] Resetting simple_switch target-specific state
[14:27:45.918] [bmv2] [D] [thread 11016] resetting PRE state
open: No such file or directory
