Warning: you requested the nanomsg event logger, but bmv2 was compiled without -DBMELOG, and the event logger cannot be activated
Calling target program-options parser
[13:13:35.369] [bmv2] [D] [thread 10149] Set default default entry for table 'MyIngress.ipv4_lpm': MyIngress.drop - 
[13:13:35.369] [bmv2] [D] [thread 10149] Set default default entry for table 'tbl_update_curr_path_size': MyIngress.update_curr_path_size - 
[13:13:35.369] [bmv2] [D] [thread 10149] Set default default entry for table 'tbl_fast_reroute126': fast_reroute126 - 
[13:13:35.369] [bmv2] [D] [thread 10149] Set default default entry for table 'tbl_read_alternativePort': MyIngress.read_alternativePort - 
[13:13:35.369] [bmv2] [D] [thread 10149] Set default default entry for table 'MyIngress.max_path_size': NoAction - 
[13:13:35.369] [bmv2] [D] [thread 10149] Set default default entry for table 'tbl_read_depot_port': MyIngress.read_depot_port - 
[13:13:35.369] [bmv2] [D] [thread 10149] Set default default entry for table 'tbl_fast_reroute141': fast_reroute141 - 
[13:13:35.369] [bmv2] [D] [thread 10149] Set default default entry for table 'tbl_reset_curr_path_size': MyIngress.reset_curr_path_size - 
Adding interface s2-eth1 as port 1
[13:13:35.371] [bmv2] [D] [thread 10149] Adding interface s2-eth1 as port 1
Adding interface s2-eth2 as port 2
[13:13:35.400] [bmv2] [D] [thread 10149] Adding interface s2-eth2 as port 2
Adding interface s2-eth3 as port 3
[13:13:35.421] [bmv2] [D] [thread 10149] Adding interface s2-eth3 as port 3
[13:13:35.440] [bmv2] [I] [thread 10149] Starting Thrift server on port 9091
[13:13:35.440] [bmv2] [I] [thread 10149] Thrift server was started
[13:13:35.485] [bmv2] [D] [thread 10210] [0.0] [cxt 0] Processing packet received on port 1
[13:13:35.485] [bmv2] [D] [thread 10210] [0.0] [cxt 0] Parser 'parser': start
[13:13:35.485] [bmv2] [D] [thread 10210] [0.0] [cxt 0] Parser 'parser' entering state 'start'
[13:13:35.485] [bmv2] [D] [thread 10210] [0.0] [cxt 0] Extracting header 'ethernet'
[13:13:35.485] [bmv2] [D] [thread 10210] [0.0] [cxt 0] Parser state 'start': key is 86dd
[13:13:35.485] [bmv2] [T] [thread 10210] [0.0] [cxt 0] Bytes parsed: 14
[13:13:35.485] [bmv2] [D] [thread 10210] [0.0] [cxt 0] Parser 'parser': end
[13:13:35.485] [bmv2] [D] [thread 10210] [0.0] [cxt 0] Pipeline 'ingress': start
[13:13:35.485] [bmv2] [T] [thread 10210] [0.0] [cxt 0] /home/p4/git/master_degree_p4_unipampa/Patcher_v0/p4src/fast_reroute.p4(117) Condition "hdr.ipv4.isValid()" (node_2) is false
[13:13:35.485] [bmv2] [D] [thread 10210] [0.0] [cxt 0] Pipeline 'ingress': end
[13:13:35.485] [bmv2] [D] [thread 10210] [0.0] [cxt 0] Egress port is 0
[13:13:35.485] [bmv2] [D] [thread 10210] [1.0] [cxt 0] Processing packet received on port 2
[13:13:35.485] [bmv2] [D] [thread 10210] [1.0] [cxt 0] Parser 'parser': start
[13:13:35.485] [bmv2] [D] [thread 10210] [1.0] [cxt 0] Parser 'parser' entering state 'start'
[13:13:35.485] [bmv2] [D] [thread 10210] [1.0] [cxt 0] Extracting header 'ethernet'
[13:13:35.485] [bmv2] [D] [thread 10210] [1.0] [cxt 0] Parser state 'start': key is 86dd
[13:13:35.485] [bmv2] [T] [thread 10210] [1.0] [cxt 0] Bytes parsed: 14
[13:13:35.485] [bmv2] [D] [thread 10210] [1.0] [cxt 0] Parser 'parser': end
[13:13:35.485] [bmv2] [D] [thread 10210] [1.0] [cxt 0] Pipeline 'ingress': start
[13:13:35.485] [bmv2] [T] [thread 10210] [1.0] [cxt 0] /home/p4/git/master_degree_p4_unipampa/Patcher_v0/p4src/fast_reroute.p4(117) Condition "hdr.ipv4.isValid()" (node_2) is false
[13:13:35.485] [bmv2] [D] [thread 10210] [1.0] [cxt 0] Pipeline 'ingress': end
[13:13:35.485] [bmv2] [D] [thread 10210] [1.0] [cxt 0] Egress port is 0
[13:13:35.485] [bmv2] [D] [thread 10211] [0.0] [cxt 0] Pipeline 'egress': start
[13:13:35.485] [bmv2] [D] [thread 10211] [0.0] [cxt 0] Pipeline 'egress': end
[13:13:35.485] [bmv2] [D] [thread 10211] [0.0] [cxt 0] Deparser 'deparser': start
[13:13:35.485] [bmv2] [T] [thread 10211] [0.0] [cxt 0] Skipping checksum 'cksum' update because condition not met
[13:13:35.485] [bmv2] [D] [thread 10211] [0.0] [cxt 0] Deparsing header 'ethernet'
[13:13:35.485] [bmv2] [D] [thread 10211] [0.0] [cxt 0] Deparser 'deparser': end
[13:13:35.485] [bmv2] [D] [thread 10211] [1.0] [cxt 0] Pipeline 'egress': start
[13:13:35.485] [bmv2] [D] [thread 10211] [1.0] [cxt 0] Pipeline 'egress': end
[13:13:35.485] [bmv2] [D] [thread 10211] [1.0] [cxt 0] Deparser 'deparser': start
[13:13:35.485] [bmv2] [T] [thread 10211] [1.0] [cxt 0] Skipping checksum 'cksum' update because condition not met
[13:13:35.485] [bmv2] [D] [thread 10211] [1.0] [cxt 0] Deparsing header 'ethernet'
[13:13:35.485] [bmv2] [D] [thread 10211] [1.0] [cxt 0] Deparser 'deparser': end
[13:13:35.485] [bmv2] [D] [thread 10215] [0.0] [cxt 0] Transmitting packet of size 86 out of port 0
[13:13:35.485] [bmv2] [D] [thread 10215] [1.0] [cxt 0] Transmitting packet of size 86 out of port 0
[13:13:35.520] [bmv2] [D] [thread 10210] [2.0] [cxt 0] Processing packet received on port 3
[13:13:35.520] [bmv2] [D] [thread 10210] [2.0] [cxt 0] Parser 'parser': start
[13:13:35.520] [bmv2] [D] [thread 10210] [2.0] [cxt 0] Parser 'parser' entering state 'start'
[13:13:35.521] [bmv2] [D] [thread 10210] [2.0] [cxt 0] Extracting header 'ethernet'
[13:13:35.521] [bmv2] [D] [thread 10210] [2.0] [cxt 0] Parser state 'start': key is 86dd
[13:13:35.521] [bmv2] [T] [thread 10210] [2.0] [cxt 0] Bytes parsed: 14
[13:13:35.521] [bmv2] [D] [thread 10210] [2.0] [cxt 0] Parser 'parser': end
[13:13:35.521] [bmv2] [D] [thread 10210] [2.0] [cxt 0] Pipeline 'ingress': start
[13:13:35.521] [bmv2] [T] [thread 10210] [2.0] [cxt 0] /home/p4/git/master_degree_p4_unipampa/Patcher_v0/p4src/fast_reroute.p4(117) Condition "hdr.ipv4.isValid()" (node_2) is false
[13:13:35.521] [bmv2] [D] [thread 10210] [2.0] [cxt 0] Pipeline 'ingress': end
[13:13:35.521] [bmv2] [D] [thread 10210] [2.0] [cxt 0] Egress port is 0
[13:13:35.521] [bmv2] [D] [thread 10211] [2.0] [cxt 0] Pipeline 'egress': start
[13:13:35.521] [bmv2] [D] [thread 10211] [2.0] [cxt 0] Pipeline 'egress': end
[13:13:35.521] [bmv2] [D] [thread 10211] [2.0] [cxt 0] Deparser 'deparser': start
[13:13:35.521] [bmv2] [T] [thread 10211] [2.0] [cxt 0] Skipping checksum 'cksum' update because condition not met
[13:13:35.521] [bmv2] [D] [thread 10211] [2.0] [cxt 0] Deparsing header 'ethernet'
[13:13:35.521] [bmv2] [D] [thread 10211] [2.0] [cxt 0] Deparser 'deparser': end
[13:13:35.522] [bmv2] [D] [thread 10215] [2.0] [cxt 0] Transmitting packet of size 86 out of port 0
[13:13:35.616] [bmv2] [D] [thread 10210] [3.0] [cxt 0] Processing packet received on port 2
[13:13:35.616] [bmv2] [D] [thread 10210] [3.0] [cxt 0] Parser 'parser': start
[13:13:35.616] [bmv2] [D] [thread 10210] [3.0] [cxt 0] Parser 'parser' entering state 'start'
[13:13:35.616] [bmv2] [D] [thread 10210] [3.0] [cxt 0] Extracting header 'ethernet'
[13:13:35.616] [bmv2] [D] [thread 10210] [3.0] [cxt 0] Parser state 'start': key is 86dd
[13:13:35.616] [bmv2] [T] [thread 10210] [3.0] [cxt 0] Bytes parsed: 14
[13:13:35.616] [bmv2] [D] [thread 10210] [3.0] [cxt 0] Parser 'parser': end
[13:13:35.616] [bmv2] [D] [thread 10210] [3.0] [cxt 0] Pipeline 'ingress': start
[13:13:35.616] [bmv2] [T] [thread 10210] [3.0] [cxt 0] /home/p4/git/master_degree_p4_unipampa/Patcher_v0/p4src/fast_reroute.p4(117) Condition "hdr.ipv4.isValid()" (node_2) is false
[13:13:35.616] [bmv2] [D] [thread 10210] [3.0] [cxt 0] Pipeline 'ingress': end
[13:13:35.616] [bmv2] [D] [thread 10210] [3.0] [cxt 0] Egress port is 0
[13:13:35.617] [bmv2] [D] [thread 10211] [3.0] [cxt 0] Pipeline 'egress': start
[13:13:35.617] [bmv2] [D] [thread 10211] [3.0] [cxt 0] Pipeline 'egress': end
[13:13:35.617] [bmv2] [D] [thread 10211] [3.0] [cxt 0] Deparser 'deparser': start
[13:13:35.617] [bmv2] [T] [thread 10211] [3.0] [cxt 0] Skipping checksum 'cksum' update because condition not met
[13:13:35.617] [bmv2] [D] [thread 10211] [3.0] [cxt 0] Deparsing header 'ethernet'
[13:13:35.617] [bmv2] [D] [thread 10211] [3.0] [cxt 0] Deparser 'deparser': end
[13:13:35.617] [bmv2] [D] [thread 10215] [3.0] [cxt 0] Transmitting packet of size 90 out of port 0
[13:13:35.713] [bmv2] [D] [thread 10210] [4.0] [cxt 0] Processing packet received on port 1
[13:13:35.713] [bmv2] [D] [thread 10210] [4.0] [cxt 0] Parser 'parser': start
[13:13:35.713] [bmv2] [D] [thread 10210] [4.0] [cxt 0] Parser 'parser' entering state 'start'
[13:13:35.713] [bmv2] [D] [thread 10210] [4.0] [cxt 0] Extracting header 'ethernet'
[13:13:35.713] [bmv2] [D] [thread 10210] [4.0] [cxt 0] Parser state 'start': key is 86dd
[13:13:35.713] [bmv2] [T] [thread 10210] [4.0] [cxt 0] Bytes parsed: 14
[13:13:35.713] [bmv2] [D] [thread 10210] [4.0] [cxt 0] Parser 'parser': end
[13:13:35.713] [bmv2] [D] [thread 10210] [4.0] [cxt 0] Pipeline 'ingress': start
[13:13:35.713] [bmv2] [T] [thread 10210] [4.0] [cxt 0] /home/p4/git/master_degree_p4_unipampa/Patcher_v0/p4src/fast_reroute.p4(117) Condition "hdr.ipv4.isValid()" (node_2) is false
[13:13:35.713] [bmv2] [D] [thread 10210] [4.0] [cxt 0] Pipeline 'ingress': end
[13:13:35.713] [bmv2] [D] [thread 10210] [4.0] [cxt 0] Egress port is 0
[13:13:35.713] [bmv2] [D] [thread 10210] [5.0] [cxt 0] Processing packet received on port 3
[13:13:35.713] [bmv2] [D] [thread 10210] [5.0] [cxt 0] Parser 'parser': start
[13:13:35.713] [bmv2] [D] [thread 10210] [5.0] [cxt 0] Parser 'parser' entering state 'start'
[13:13:35.713] [bmv2] [D] [thread 10210] [5.0] [cxt 0] Extracting header 'ethernet'
[13:13:35.713] [bmv2] [D] [thread 10210] [5.0] [cxt 0] Parser state 'start': key is 86dd
[13:13:35.713] [bmv2] [T] [thread 10210] [5.0] [cxt 0] Bytes parsed: 14
[13:13:35.713] [bmv2] [D] [thread 10210] [5.0] [cxt 0] Parser 'parser': end
[13:13:35.713] [bmv2] [D] [thread 10210] [5.0] [cxt 0] Pipeline 'ingress': start
[13:13:35.713] [bmv2] [T] [thread 10210] [5.0] [cxt 0] /home/p4/git/master_degree_p4_unipampa/Patcher_v0/p4src/fast_reroute.p4(117) Condition "hdr.ipv4.isValid()" (node_2) is false
[13:13:35.713] [bmv2] [D] [thread 10210] [5.0] [cxt 0] Pipeline 'ingress': end
[13:13:35.713] [bmv2] [D] [thread 10210] [5.0] [cxt 0] Egress port is 0
[13:13:35.713] [bmv2] [D] [thread 10211] [4.0] [cxt 0] Pipeline 'egress': start
[13:13:35.713] [bmv2] [D] [thread 10211] [4.0] [cxt 0] Pipeline 'egress': end
[13:13:35.713] [bmv2] [D] [thread 10211] [4.0] [cxt 0] Deparser 'deparser': start
[13:13:35.713] [bmv2] [T] [thread 10211] [4.0] [cxt 0] Skipping checksum 'cksum' update because condition not met
[13:13:35.713] [bmv2] [D] [thread 10211] [4.0] [cxt 0] Deparsing header 'ethernet'
[13:13:35.713] [bmv2] [D] [thread 10211] [4.0] [cxt 0] Deparser 'deparser': end
[13:13:35.713] [bmv2] [D] [thread 10211] [5.0] [cxt 0] Pipeline 'egress': start
[13:13:35.713] [bmv2] [D] [thread 10211] [5.0] [cxt 0] Pipeline 'egress': end
[13:13:35.713] [bmv2] [D] [thread 10211] [5.0] [cxt 0] Deparser 'deparser': start
[13:13:35.713] [bmv2] [T] [thread 10211] [5.0] [cxt 0] Skipping checksum 'cksum' update because condition not met
[13:13:35.713] [bmv2] [D] [thread 10211] [5.0] [cxt 0] Deparsing header 'ethernet'
[13:13:35.713] [bmv2] [D] [thread 10211] [5.0] [cxt 0] Deparser 'deparser': end
[13:13:35.716] [bmv2] [D] [thread 10215] [4.0] [cxt 0] Transmitting packet of size 90 out of port 0
[13:13:35.716] [bmv2] [D] [thread 10215] [5.0] [cxt 0] Transmitting packet of size 90 out of port 0
[13:13:35.865] [bmv2] [D] [thread 10210] [6.0] [cxt 0] Processing packet received on port 2
[13:13:35.865] [bmv2] [D] [thread 10210] [6.0] [cxt 0] Parser 'parser': start
[13:13:35.865] [bmv2] [D] [thread 10210] [6.0] [cxt 0] Parser 'parser' entering state 'start'
[13:13:35.865] [bmv2] [D] [thread 10210] [6.0] [cxt 0] Extracting header 'ethernet'
[13:13:35.865] [bmv2] [D] [thread 10210] [6.0] [cxt 0] Parser state 'start': key is 86dd
[13:13:35.865] [bmv2] [T] [thread 10210] [6.0] [cxt 0] Bytes parsed: 14
[13:13:35.865] [bmv2] [D] [thread 10210] [6.0] [cxt 0] Parser 'parser': end
[13:13:35.865] [bmv2] [D] [thread 10210] [6.0] [cxt 0] Pipeline 'ingress': start
[13:13:35.865] [bmv2] [T] [thread 10210] [6.0] [cxt 0] /home/p4/git/master_degree_p4_unipampa/Patcher_v0/p4src/fast_reroute.p4(117) Condition "hdr.ipv4.isValid()" (node_2) is false
[13:13:35.865] [bmv2] [D] [thread 10210] [6.0] [cxt 0] Pipeline 'ingress': end
[13:13:35.865] [bmv2] [D] [thread 10210] [6.0] [cxt 0] Egress port is 0
[13:13:35.865] [bmv2] [D] [thread 10211] [6.0] [cxt 0] Pipeline 'egress': start
[13:13:35.865] [bmv2] [D] [thread 10211] [6.0] [cxt 0] Pipeline 'egress': end
[13:13:35.865] [bmv2] [D] [thread 10211] [6.0] [cxt 0] Deparser 'deparser': start
[13:13:35.865] [bmv2] [T] [thread 10211] [6.0] [cxt 0] Skipping checksum 'cksum' update because condition not met
[13:13:35.865] [bmv2] [D] [thread 10211] [6.0] [cxt 0] Deparsing header 'ethernet'
[13:13:35.865] [bmv2] [D] [thread 10211] [6.0] [cxt 0] Deparser 'deparser': end
[13:13:35.865] [bmv2] [D] [thread 10215] [6.0] [cxt 0] Transmitting packet of size 90 out of port 0
[13:13:36.029] [bmv2] [D] [thread 10210] [7.0] [cxt 0] Processing packet received on port 2
[13:13:36.029] [bmv2] [D] [thread 10210] [7.0] [cxt 0] Parser 'parser': start
[13:13:36.029] [bmv2] [D] [thread 10210] [7.0] [cxt 0] Parser 'parser' entering state 'start'
[13:13:36.029] [bmv2] [D] [thread 10210] [7.0] [cxt 0] Extracting header 'ethernet'
[13:13:36.029] [bmv2] [D] [thread 10210] [7.0] [cxt 0] Parser state 'start': key is 86dd
[13:13:36.029] [bmv2] [T] [thread 10210] [7.0] [cxt 0] Bytes parsed: 14
[13:13:36.029] [bmv2] [D] [thread 10210] [7.0] [cxt 0] Parser 'parser': end
[13:13:36.029] [bmv2] [D] [thread 10210] [7.0] [cxt 0] Pipeline 'ingress': start
[13:13:36.029] [bmv2] [T] [thread 10210] [7.0] [cxt 0] /home/p4/git/master_degree_p4_unipampa/Patcher_v0/p4src/fast_reroute.p4(117) Condition "hdr.ipv4.isValid()" (node_2) is false
[13:13:36.029] [bmv2] [D] [thread 10210] [7.0] [cxt 0] Pipeline 'ingress': end
[13:13:36.029] [bmv2] [D] [thread 10210] [7.0] [cxt 0] Egress port is 0
[13:13:36.029] [bmv2] [D] [thread 10211] [7.0] [cxt 0] Pipeline 'egress': start
[13:13:36.029] [bmv2] [D] [thread 10211] [7.0] [cxt 0] Pipeline 'egress': end
[13:13:36.029] [bmv2] [D] [thread 10211] [7.0] [cxt 0] Deparser 'deparser': start
[13:13:36.029] [bmv2] [T] [thread 10211] [7.0] [cxt 0] Skipping checksum 'cksum' update because condition not met
[13:13:36.029] [bmv2] [D] [thread 10211] [7.0] [cxt 0] Deparsing header 'ethernet'
[13:13:36.029] [bmv2] [D] [thread 10211] [7.0] [cxt 0] Deparser 'deparser': end
[13:13:36.029] [bmv2] [D] [thread 10215] [7.0] [cxt 0] Transmitting packet of size 86 out of port 0
[14:14:07.527] [bmv2] [T] [thread 10532] bm_get_config
[14:14:07.527] [bmv2] [T] [thread 10532] bm_mt_get_entries
[14:14:07.527] [bmv2] [T] [thread 10532] bm_mt_get_entries
[14:14:07.539] [bmv2] [T] [thread 10532] bm_reset_state
[14:14:07.542] [bmv2] [D] [thread 10532] Resetting simple_switch target-specific state
[14:14:07.542] [bmv2] [D] [thread 10532] resetting PRE state
[14:14:07.562] [bmv2] [T] [thread 10532] bm_register_write
[14:14:07.562] [bmv2] [T] [thread 10532] bm_table_add_entry
[14:14:07.562] [bmv2] [D] [thread 10532] Entry 0 added to table 'MyIngress.max_path_size'
[14:14:07.562] [bmv2] [D] [thread 10532] Dumping entry 0
Match key:
* hdr.ipv4.dstAddr    : LPM       0a000102/24
Action entry: MyIngress.read_max_curr_path_size - 0,

[14:14:07.568] [bmv2] [T] [thread 10532] bm_register_write
[14:14:07.569] [bmv2] [T] [thread 10532] bm_table_add_entry
[14:14:07.569] [bmv2] [D] [thread 10532] Entry 0 added to table 'MyIngress.ipv4_lpm'
[14:14:07.569] [bmv2] [D] [thread 10532] Dumping entry 0
Match key:
* hdr.ipv4.dstAddr    : LPM       0a000102/24
Action entry: MyIngress.read_port - 0,

[14:14:10.178] [bmv2] [D] [thread 10210] [8.0] [cxt 0] Processing packet received on port 1
[14:14:10.178] [bmv2] [D] [thread 10210] [8.0] [cxt 0] Parser 'parser': start
[14:14:10.179] [bmv2] [D] [thread 10210] [8.0] [cxt 0] Parser 'parser' entering state 'start'
[14:14:10.179] [bmv2] [D] [thread 10210] [8.0] [cxt 0] Extracting header 'ethernet'
[14:14:10.179] [bmv2] [D] [thread 10210] [8.0] [cxt 0] Parser state 'start': key is 0800
[14:14:10.179] [bmv2] [T] [thread 10210] [8.0] [cxt 0] Bytes parsed: 14
[14:14:10.179] [bmv2] [D] [thread 10210] [8.0] [cxt 0] Parser 'parser' entering state 'parse_ipv4'
[14:14:10.179] [bmv2] [D] [thread 10210] [8.0] [cxt 0] Extracting header 'ipv4'
[14:14:10.179] [bmv2] [D] [thread 10210] [8.0] [cxt 0] Extracting header 'pathHops'
[14:14:10.179] [bmv2] [D] [thread 10210] [8.0] [cxt 0] Parser state 'parse_ipv4' has no switch, going to default next state
[14:14:10.179] [bmv2] [T] [thread 10210] [8.0] [cxt 0] Bytes parsed: 38
[14:14:10.179] [bmv2] [D] [thread 10210] [8.0] [cxt 0] Parser 'parser': end
[14:14:10.179] [bmv2] [D] [thread 10210] [8.0] [cxt 0] Pipeline 'ingress': start
[14:14:10.179] [bmv2] [T] [thread 10210] [8.0] [cxt 0] /home/p4/git/master_degree_p4_unipampa/Patcher_v0/p4src/fast_reroute.p4(117) Condition "hdr.ipv4.isValid()" (node_2) is true
[14:14:10.179] [bmv2] [T] [thread 10210] [8.0] [cxt 0] Applying table 'MyIngress.ipv4_lpm'
[14:14:10.179] [bmv2] [D] [thread 10210] [8.0] [cxt 0] Looking up key:
* hdr.ipv4.dstAddr    : 0a000102

[14:14:10.179] [bmv2] [D] [thread 10210] [8.0] [cxt 0] Table 'MyIngress.ipv4_lpm': hit with handle 0
[14:14:10.179] [bmv2] [D] [thread 10210] [8.0] [cxt 0] Dumping entry 0
Match key:
* hdr.ipv4.dstAddr    : LPM       0a000102/24
Action entry: MyIngress.read_port - 0,

[14:14:10.179] [bmv2] [D] [thread 10210] [8.0] [cxt 0] Action entry is MyIngress.read_port - 0,
[14:14:10.179] [bmv2] [T] [thread 10210] [8.0] [cxt 0] Action MyIngress.read_port
[14:14:10.179] [bmv2] [T] [thread 10210] [8.0] [cxt 0] /home/p4/git/master_degree_p4_unipampa/Patcher_v0/p4src/fast_reroute.p4(54) Primitive meta.indexPath = indexPath
[14:14:10.179] [bmv2] [T] [thread 10210] [8.0] [cxt 0] /home/p4/git/master_degree_p4_unipampa/Patcher_v0/p4src/fast_reroute.p4(56) Primitive primaryNH.read(meta.nextHop, meta.indexPath)
[14:14:10.179] [bmv2] [T] [thread 10210] [8.0] [cxt 0] Read register 'MyIngress.primaryNH' at index 0 read value 2
[14:14:10.179] [bmv2] [T] [thread 10210] [8.0] [cxt 0] /home/p4/git/master_degree_p4_unipampa/Patcher_v0/p4src/fast_reroute.p4(59) Primitive linkState.read(meta.linkState, meta.nextHop)
[14:14:10.179] [bmv2] [T] [thread 10210] [8.0] [cxt 0] Read register 'MyIngress.linkState' at index 2 read value 0
[14:14:10.179] [bmv2] [T] [thread 10210] [8.0] [cxt 0] Applying table 'tbl_update_curr_path_size'
[14:14:10.179] [bmv2] [D] [thread 10210] [8.0] [cxt 0] Looking up key:

[14:14:10.179] [bmv2] [D] [thread 10210] [8.0] [cxt 0] Table 'tbl_update_curr_path_size': miss
[14:14:10.179] [bmv2] [D] [thread 10210] [8.0] [cxt 0] Action entry is MyIngress.update_curr_path_size - 
[14:14:10.179] [bmv2] [T] [thread 10210] [8.0] [cxt 0] Action MyIngress.update_curr_path_size
[14:14:10.179] [bmv2] [T] [thread 10210] [8.0] [cxt 0] /home/p4/git/master_degree_p4_unipampa/Patcher_v0/p4src/fast_reroute.p4(73) Primitive currPathSize.read(meta.currPathSize, meta.indexPath)
[14:14:10.179] [bmv2] [T] [thread 10210] [8.0] [cxt 0] Read register 'MyIngress.currPathSize' at index 0 read value 0
[14:14:10.179] [bmv2] [T] [thread 10210] [8.0] [cxt 0] /home/p4/git/master_degree_p4_unipampa/Patcher_v0/p4src/fast_reroute.p4(74) Primitive meta.currPathSize + 1
[14:14:10.179] [bmv2] [T] [thread 10210] [8.0] [cxt 0] /home/p4/git/master_degree_p4_unipampa/Patcher_v0/p4src/fast_reroute.p4(74) Primitive currPathSize.write(meta.indexPath, meta.currPathSize + 1)
[14:14:10.179] [bmv2] [T] [thread 10210] [8.0] [cxt 0] Wrote register 'MyIngress.currPathSize' at index 0 with value 1
[14:14:10.179] [bmv2] [T] [thread 10210] [8.0] [cxt 0] /home/p4/git/master_degree_p4_unipampa/Patcher_v0/p4src/fast_reroute.p4(75) Primitive currPathSize.read(meta.currPathSize, meta.indexPath)
[14:14:10.179] [bmv2] [T] [thread 10210] [8.0] [cxt 0] Read register 'MyIngress.currPathSize' at index 0 read value 1
[14:14:10.179] [bmv2] [T] [thread 10210] [8.0] [cxt 0] /home/p4/git/master_degree_p4_unipampa/Patcher_v0/p4src/fast_reroute.p4(76) Primitive hdr.pathHops.currHop = hdr.pathHops.currHop + 1
[14:14:10.179] [bmv2] [T] [thread 10210] [8.0] [cxt 0] Applying table 'tbl_fast_reroute126'
[14:14:10.179] [bmv2] [D] [thread 10210] [8.0] [cxt 0] Looking up key:

[14:14:10.179] [bmv2] [D] [thread 10210] [8.0] [cxt 0] Table 'tbl_fast_reroute126': miss
[14:14:10.179] [bmv2] [D] [thread 10210] [8.0] [cxt 0] Action entry is fast_reroute126 - 
[14:14:10.179] [bmv2] [T] [thread 10210] [8.0] [cxt 0] Action fast_reroute126
[14:14:10.179] [bmv2] [T] [thread 10210] [8.0] [cxt 0] /home/p4/git/master_degree_p4_unipampa/Patcher_v0/p4src/fast_reroute.p4(126) Primitive standard_metadata.egress_spec = (bit<9>) meta.nextHop
[14:14:10.179] [bmv2] [T] [thread 10210] [8.0] [cxt 0] /home/p4/git/master_degree_p4_unipampa/Patcher_v0/p4src/fast_reroute.p4(129) Condition "meta.linkState > 0" (node_6) is false
[14:14:10.179] [bmv2] [T] [thread 10210] [8.0] [cxt 0] Applying table 'MyIngress.max_path_size'
[14:14:10.179] [bmv2] [D] [thread 10210] [8.0] [cxt 0] Looking up key:
* hdr.ipv4.dstAddr    : 0a000102

[14:14:10.179] [bmv2] [D] [thread 10210] [8.0] [cxt 0] Table 'MyIngress.max_path_size': hit with handle 0
[14:14:10.179] [bmv2] [D] [thread 10210] [8.0] [cxt 0] Dumping entry 0
Match key:
* hdr.ipv4.dstAddr    : LPM       0a000102/24
Action entry: MyIngress.read_max_curr_path_size - 0,

[14:14:10.179] [bmv2] [D] [thread 10210] [8.0] [cxt 0] Action entry is MyIngress.read_max_curr_path_size - 0,
[14:14:10.179] [bmv2] [T] [thread 10210] [8.0] [cxt 0] Action MyIngress.read_max_curr_path_size
[14:14:10.179] [bmv2] [T] [thread 10210] [8.0] [cxt 0] /home/p4/git/master_degree_p4_unipampa/Patcher_v0/p4src/fast_reroute.p4(68) Primitive meta.indexPath = indexPath
[14:14:10.179] [bmv2] [T] [thread 10210] [8.0] [cxt 0] /home/p4/git/master_degree_p4_unipampa/Patcher_v0/p4src/fast_reroute.p4(69) Primitive maxPathSize.read(meta.maxPathSize, meta.indexPath)
[14:14:10.179] [bmv2] [T] [thread 10210] [8.0] [cxt 0] Read register 'MyIngress.maxPathSize' at index 0 read value 7
[14:14:10.179] [bmv2] [T] [thread 10210] [8.0] [cxt 0] /home/p4/git/master_degree_p4_unipampa/Patcher_v0/p4src/fast_reroute.p4(139) Condition "hdr.pathHops.currHop == meta.maxPathSize" (node_9) is false
[14:14:10.179] [bmv2] [D] [thread 10210] [8.0] [cxt 0] Pipeline 'ingress': end
[14:14:10.179] [bmv2] [D] [thread 10210] [8.0] [cxt 0] Egress port is 2
[14:14:10.179] [bmv2] [D] [thread 10213] [8.0] [cxt 0] Pipeline 'egress': start
[14:14:10.179] [bmv2] [D] [thread 10213] [8.0] [cxt 0] Pipeline 'egress': end
[14:14:10.179] [bmv2] [D] [thread 10213] [8.0] [cxt 0] Deparser 'deparser': start
[14:14:10.179] [bmv2] [D] [thread 10213] [8.0] [cxt 0] Updating checksum 'cksum'
[14:14:10.179] [bmv2] [D] [thread 10213] [8.0] [cxt 0] Deparsing header 'ethernet'
[14:14:10.179] [bmv2] [D] [thread 10213] [8.0] [cxt 0] Deparsing header 'ipv4'
[14:14:10.179] [bmv2] [D] [thread 10213] [8.0] [cxt 0] Deparsing header 'pathHops'
[14:14:10.179] [bmv2] [D] [thread 10213] [8.0] [cxt 0] Deparser 'deparser': end
[14:14:10.179] [bmv2] [D] [thread 10215] [8.0] [cxt 0] Transmitting packet of size 38 out of port 2
[14:25:00.477] [bmv2] [T] [thread 10677] bm_get_config
[14:25:00.478] [bmv2] [T] [thread 10677] bm_mt_get_entries
[14:25:00.478] [bmv2] [T] [thread 10677] bm_mt_get_entries
[14:25:00.495] [bmv2] [T] [thread 10677] bm_reset_state
[14:25:00.501] [bmv2] [D] [thread 10677] Resetting simple_switch target-specific state
[14:25:00.501] [bmv2] [D] [thread 10677] resetting PRE state
[14:25:00.528] [bmv2] [T] [thread 10677] bm_register_write
[14:25:00.529] [bmv2] [T] [thread 10677] bm_table_add_entry
[14:25:00.529] [bmv2] [D] [thread 10677] Entry 0 added to table 'MyIngress.max_path_size'
[14:25:00.529] [bmv2] [D] [thread 10677] Dumping entry 0
Match key:
* hdr.ipv4.dstAddr    : LPM       0a000102/24
Action entry: MyIngress.read_max_curr_path_size - 0,

[14:25:00.536] [bmv2] [T] [thread 10677] bm_register_write
[14:25:00.537] [bmv2] [T] [thread 10677] bm_table_add_entry
[14:25:00.537] [bmv2] [D] [thread 10677] Entry 0 added to table 'MyIngress.ipv4_lpm'
[14:25:00.537] [bmv2] [D] [thread 10677] Dumping entry 0
Match key:
* hdr.ipv4.dstAddr    : LPM       0a000102/24
Action entry: MyIngress.read_port - 0,

[14:25:13.348] [bmv2] [T] [thread 10716] bm_get_config
[14:25:13.349] [bmv2] [T] [thread 10716] bm_mt_get_entries
[14:25:13.349] [bmv2] [T] [thread 10716] bm_mt_get_entries
[14:25:13.360] [bmv2] [T] [thread 10716] bm_reset_state
[14:25:13.363] [bmv2] [D] [thread 10716] Resetting simple_switch target-specific state
[14:25:13.363] [bmv2] [D] [thread 10716] resetting PRE state
[14:25:13.382] [bmv2] [T] [thread 10716] bm_register_write
[14:25:13.382] [bmv2] [T] [thread 10716] bm_table_add_entry
[14:25:13.382] [bmv2] [D] [thread 10716] Entry 0 added to table 'MyIngress.max_path_size'
[14:25:13.382] [bmv2] [D] [thread 10716] Dumping entry 0
Match key:
* hdr.ipv4.dstAddr    : LPM       0a000102/24
Action entry: MyIngress.read_max_curr_path_size - 0,

[14:25:13.422] [bmv2] [T] [thread 10716] bm_register_write
[14:25:13.423] [bmv2] [T] [thread 10716] bm_table_add_entry
[14:25:13.423] [bmv2] [D] [thread 10716] Entry 0 added to table 'MyIngress.ipv4_lpm'
[14:25:13.423] [bmv2] [D] [thread 10716] Dumping entry 0
Match key:
* hdr.ipv4.dstAddr    : LPM       0a000102/24
Action entry: MyIngress.read_port - 0,

[14:25:50.820] [bmv2] [T] [thread 10782] bm_get_config
[14:25:50.821] [bmv2] [T] [thread 10782] bm_mt_get_entries
[14:25:50.821] [bmv2] [T] [thread 10782] bm_mt_get_entries
[14:25:50.832] [bmv2] [T] [thread 10782] bm_reset_state
[14:25:50.835] [bmv2] [D] [thread 10782] Resetting simple_switch target-specific state
[14:25:50.835] [bmv2] [D] [thread 10782] resetting PRE state
[14:25:50.849] [bmv2] [T] [thread 10782] bm_register_write
[14:25:50.850] [bmv2] [T] [thread 10782] bm_table_add_entry
[14:25:50.850] [bmv2] [D] [thread 10782] Entry 0 added to table 'MyIngress.max_path_size'
[14:25:50.850] [bmv2] [D] [thread 10782] Dumping entry 0
Match key:
* hdr.ipv4.dstAddr    : LPM       0a000102/24
Action entry: MyIngress.read_max_curr_path_size - 0,

[14:25:50.854] [bmv2] [T] [thread 10782] bm_register_write
[14:25:50.855] [bmv2] [T] [thread 10782] bm_table_add_entry
[14:25:50.855] [bmv2] [D] [thread 10782] Entry 0 added to table 'MyIngress.ipv4_lpm'
[14:25:50.855] [bmv2] [D] [thread 10782] Dumping entry 0
Match key:
* hdr.ipv4.dstAddr    : LPM       0a000102/24
Action entry: MyIngress.read_port - 0,

[14:27:45.889] [bmv2] [T] [thread 11011] bm_get_config
[14:27:45.889] [bmv2] [T] [thread 11011] bm_mt_get_entries
[14:27:45.890] [bmv2] [T] [thread 11011] bm_mt_get_entries
[14:27:45.902] [bmv2] [T] [thread 11011] bm_reset_state
[14:27:45.904] [bmv2] [D] [thread 11011] Resetting simple_switch target-specific state
[14:27:45.904] [bmv2] [D] [thread 11011] resetting PRE state
[14:27:45.920] [bmv2] [T] [thread 11011] bm_register_write
[14:27:45.920] [bmv2] [T] [thread 11011] bm_table_add_entry
[14:27:45.920] [bmv2] [D] [thread 11011] Entry 0 added to table 'MyIngress.max_path_size'
[14:27:45.920] [bmv2] [D] [thread 11011] Dumping entry 0
Match key:
* hdr.ipv4.dstAddr    : LPM       0a000102/24
Action entry: MyIngress.read_max_curr_path_size - 0,

[14:27:45.926] [bmv2] [T] [thread 11011] bm_register_write
[14:27:45.926] [bmv2] [T] [thread 11011] bm_table_add_entry
[14:27:45.926] [bmv2] [D] [thread 11011] Entry 0 added to table 'MyIngress.ipv4_lpm'
[14:27:45.926] [bmv2] [D] [thread 11011] Dumping entry 0
Match key:
* hdr.ipv4.dstAddr    : LPM       0a000102/24
Action entry: MyIngress.read_port - 0,

[14:27:51.414] [bmv2] [D] [thread 10210] [9.0] [cxt 0] Processing packet received on port 1
[14:27:51.414] [bmv2] [D] [thread 10210] [9.0] [cxt 0] Parser 'parser': start
[14:27:51.414] [bmv2] [D] [thread 10210] [9.0] [cxt 0] Parser 'parser' entering state 'start'
[14:27:51.414] [bmv2] [D] [thread 10210] [9.0] [cxt 0] Extracting header 'ethernet'
[14:27:51.414] [bmv2] [D] [thread 10210] [9.0] [cxt 0] Parser state 'start': key is 0800
[14:27:51.414] [bmv2] [T] [thread 10210] [9.0] [cxt 0] Bytes parsed: 14
[14:27:51.414] [bmv2] [D] [thread 10210] [9.0] [cxt 0] Parser 'parser' entering state 'parse_ipv4'
[14:27:51.414] [bmv2] [D] [thread 10210] [9.0] [cxt 0] Extracting header 'ipv4'
[14:27:51.414] [bmv2] [D] [thread 10210] [9.0] [cxt 0] Extracting header 'pathHops'
[14:27:51.414] [bmv2] [D] [thread 10210] [9.0] [cxt 0] Parser state 'parse_ipv4' has no switch, going to default next state
[14:27:51.414] [bmv2] [T] [thread 10210] [9.0] [cxt 0] Bytes parsed: 38
[14:27:51.414] [bmv2] [D] [thread 10210] [9.0] [cxt 0] Parser 'parser': end
[14:27:51.414] [bmv2] [D] [thread 10210] [9.0] [cxt 0] Pipeline 'ingress': start
[14:27:51.414] [bmv2] [T] [thread 10210] [9.0] [cxt 0] /home/p4/git/master_degree_p4_unipampa/Patcher_v0/p4src/fast_reroute.p4(117) Condition "hdr.ipv4.isValid()" (node_2) is true
[14:27:51.414] [bmv2] [T] [thread 10210] [9.0] [cxt 0] Applying table 'MyIngress.ipv4_lpm'
[14:27:51.414] [bmv2] [D] [thread 10210] [9.0] [cxt 0] Looking up key:
* hdr.ipv4.dstAddr    : 0a000102

[14:27:51.414] [bmv2] [D] [thread 10210] [9.0] [cxt 0] Table 'MyIngress.ipv4_lpm': hit with handle 0
[14:27:51.414] [bmv2] [D] [thread 10210] [9.0] [cxt 0] Dumping entry 0
Match key:
* hdr.ipv4.dstAddr    : LPM       0a000102/24
Action entry: MyIngress.read_port - 0,

[14:27:51.414] [bmv2] [D] [thread 10210] [9.0] [cxt 0] Action entry is MyIngress.read_port - 0,
[14:27:51.414] [bmv2] [T] [thread 10210] [9.0] [cxt 0] Action MyIngress.read_port
[14:27:51.414] [bmv2] [T] [thread 10210] [9.0] [cxt 0] /home/p4/git/master_degree_p4_unipampa/Patcher_v0/p4src/fast_reroute.p4(54) Primitive meta.indexPath = indexPath
[14:27:51.414] [bmv2] [T] [thread 10210] [9.0] [cxt 0] /home/p4/git/master_degree_p4_unipampa/Patcher_v0/p4src/fast_reroute.p4(56) Primitive primaryNH.read(meta.nextHop, meta.indexPath)
[14:27:51.414] [bmv2] [T] [thread 10210] [9.0] [cxt 0] Read register 'MyIngress.primaryNH' at index 0 read value 2
[14:27:51.414] [bmv2] [T] [thread 10210] [9.0] [cxt 0] /home/p4/git/master_degree_p4_unipampa/Patcher_v0/p4src/fast_reroute.p4(59) Primitive linkState.read(meta.linkState, meta.nextHop)
[14:27:51.414] [bmv2] [T] [thread 10210] [9.0] [cxt 0] Read register 'MyIngress.linkState' at index 2 read value 0
[14:27:51.414] [bmv2] [T] [thread 10210] [9.0] [cxt 0] Applying table 'tbl_update_curr_path_size'
[14:27:51.414] [bmv2] [D] [thread 10210] [9.0] [cxt 0] Looking up key:

[14:27:51.414] [bmv2] [D] [thread 10210] [9.0] [cxt 0] Table 'tbl_update_curr_path_size': miss
[14:27:51.414] [bmv2] [D] [thread 10210] [9.0] [cxt 0] Action entry is MyIngress.update_curr_path_size - 
[14:27:51.414] [bmv2] [T] [thread 10210] [9.0] [cxt 0] Action MyIngress.update_curr_path_size
[14:27:51.414] [bmv2] [T] [thread 10210] [9.0] [cxt 0] /home/p4/git/master_degree_p4_unipampa/Patcher_v0/p4src/fast_reroute.p4(73) Primitive currPathSize.read(meta.currPathSize, meta.indexPath)
[14:27:51.414] [bmv2] [T] [thread 10210] [9.0] [cxt 0] Read register 'MyIngress.currPathSize' at index 0 read value 0
[14:27:51.414] [bmv2] [T] [thread 10210] [9.0] [cxt 0] /home/p4/git/master_degree_p4_unipampa/Patcher_v0/p4src/fast_reroute.p4(74) Primitive meta.currPathSize + 1
[14:27:51.414] [bmv2] [T] [thread 10210] [9.0] [cxt 0] /home/p4/git/master_degree_p4_unipampa/Patcher_v0/p4src/fast_reroute.p4(74) Primitive currPathSize.write(meta.indexPath, meta.currPathSize + 1)
[14:27:51.414] [bmv2] [T] [thread 10210] [9.0] [cxt 0] Wrote register 'MyIngress.currPathSize' at index 0 with value 1
[14:27:51.414] [bmv2] [T] [thread 10210] [9.0] [cxt 0] /home/p4/git/master_degree_p4_unipampa/Patcher_v0/p4src/fast_reroute.p4(75) Primitive currPathSize.read(meta.currPathSize, meta.indexPath)
[14:27:51.414] [bmv2] [T] [thread 10210] [9.0] [cxt 0] Read register 'MyIngress.currPathSize' at index 0 read value 1
[14:27:51.414] [bmv2] [T] [thread 10210] [9.0] [cxt 0] /home/p4/git/master_degree_p4_unipampa/Patcher_v0/p4src/fast_reroute.p4(76) Primitive hdr.pathHops.currHop = hdr.pathHops.currHop + 1
[14:27:51.414] [bmv2] [T] [thread 10210] [9.0] [cxt 0] Applying table 'tbl_fast_reroute126'
[14:27:51.414] [bmv2] [D] [thread 10210] [9.0] [cxt 0] Looking up key:

[14:27:51.414] [bmv2] [D] [thread 10210] [9.0] [cxt 0] Table 'tbl_fast_reroute126': miss
[14:27:51.414] [bmv2] [D] [thread 10210] [9.0] [cxt 0] Action entry is fast_reroute126 - 
[14:27:51.414] [bmv2] [T] [thread 10210] [9.0] [cxt 0] Action fast_reroute126
[14:27:51.414] [bmv2] [T] [thread 10210] [9.0] [cxt 0] /home/p4/git/master_degree_p4_unipampa/Patcher_v0/p4src/fast_reroute.p4(126) Primitive standard_metadata.egress_spec = (bit<9>) meta.nextHop
[14:27:51.414] [bmv2] [T] [thread 10210] [9.0] [cxt 0] /home/p4/git/master_degree_p4_unipampa/Patcher_v0/p4src/fast_reroute.p4(129) Condition "meta.linkState > 0" (node_6) is false
[14:27:51.414] [bmv2] [T] [thread 10210] [9.0] [cxt 0] Applying table 'MyIngress.max_path_size'
[14:27:51.414] [bmv2] [D] [thread 10210] [9.0] [cxt 0] Looking up key:
* hdr.ipv4.dstAddr    : 0a000102

[14:27:51.414] [bmv2] [D] [thread 10210] [9.0] [cxt 0] Table 'MyIngress.max_path_size': hit with handle 0
[14:27:51.414] [bmv2] [D] [thread 10210] [9.0] [cxt 0] Dumping entry 0
Match key:
* hdr.ipv4.dstAddr    : LPM       0a000102/24
Action entry: MyIngress.read_max_curr_path_size - 0,

[14:27:51.414] [bmv2] [D] [thread 10210] [9.0] [cxt 0] Action entry is MyIngress.read_max_curr_path_size - 0,
[14:27:51.414] [bmv2] [T] [thread 10210] [9.0] [cxt 0] Action MyIngress.read_max_curr_path_size
[14:27:51.414] [bmv2] [T] [thread 10210] [9.0] [cxt 0] /home/p4/git/master_degree_p4_unipampa/Patcher_v0/p4src/fast_reroute.p4(68) Primitive meta.indexPath = indexPath
[14:27:51.414] [bmv2] [T] [thread 10210] [9.0] [cxt 0] /home/p4/git/master_degree_p4_unipampa/Patcher_v0/p4src/fast_reroute.p4(69) Primitive maxPathSize.read(meta.maxPathSize, meta.indexPath)
[14:27:51.414] [bmv2] [T] [thread 10210] [9.0] [cxt 0] Read register 'MyIngress.maxPathSize' at index 0 read value 7
[14:27:51.414] [bmv2] [T] [thread 10210] [9.0] [cxt 0] /home/p4/git/master_degree_p4_unipampa/Patcher_v0/p4src/fast_reroute.p4(139) Condition "hdr.pathHops.currHop == meta.maxPathSize" (node_9) is false
[14:27:51.414] [bmv2] [D] [thread 10210] [9.0] [cxt 0] Pipeline 'ingress': end
[14:27:51.414] [bmv2] [D] [thread 10210] [9.0] [cxt 0] Egress port is 2
[14:27:51.414] [bmv2] [D] [thread 10213] [9.0] [cxt 0] Pipeline 'egress': start
[14:27:51.414] [bmv2] [D] [thread 10213] [9.0] [cxt 0] Pipeline 'egress': end
[14:27:51.414] [bmv2] [D] [thread 10213] [9.0] [cxt 0] Deparser 'deparser': start
[14:27:51.414] [bmv2] [D] [thread 10213] [9.0] [cxt 0] Updating checksum 'cksum'
[14:27:51.414] [bmv2] [D] [thread 10213] [9.0] [cxt 0] Deparsing header 'ethernet'
[14:27:51.414] [bmv2] [D] [thread 10213] [9.0] [cxt 0] Deparsing header 'ipv4'
[14:27:51.414] [bmv2] [D] [thread 10213] [9.0] [cxt 0] Deparsing header 'pathHops'
[14:27:51.414] [bmv2] [D] [thread 10213] [9.0] [cxt 0] Deparser 'deparser': end
[14:27:51.414] [bmv2] [D] [thread 10215] [9.0] [cxt 0] Transmitting packet of size 38 out of port 2
open: No such file or directory
